[ 50%] [32mBuilding CXX object CMakeFiles/move_target.dir/src/pidcontrol.cpp.o[0m
[100%] [32m[1mLinking CXX executable move_target[0m
[100%] Built target move_target
-- Install configuration: ""
-- Installing: /home/farelfebryan/finalproject_ws/install/pid/lib/pid/move_target
-- Set runtime path of "/home/farelfebryan/finalproject_ws/install/pid/lib/pid/move_target" to ""
-- Up-to-date: /home/farelfebryan/finalproject_ws/install/pid/share/ament_index/resource_index/package_run_dependencies/pid
-- Up-to-date: /home/farelfebryan/finalproject_ws/install/pid/share/ament_index/resource_index/parent_prefix_path/pid
-- Up-to-date: /home/farelfebryan/finalproject_ws/install/pid/share/pid/environment/ament_prefix_path.sh
-- Up-to-date: /home/farelfebryan/finalproject_ws/install/pid/share/pid/environment/ament_prefix_path.dsv
-- Up-to-date: /home/farelfebryan/finalproject_ws/install/pid/share/pid/environment/path.sh
-- Up-to-date: /home/farelfebryan/finalproject_ws/install/pid/share/pid/environment/path.dsv
-- Up-to-date: /home/farelfebryan/finalproject_ws/install/pid/share/pid/local_setup.bash
-- Up-to-date: /home/farelfebryan/finalproject_ws/install/pid/share/pid/local_setup.sh
-- Up-to-date: /home/farelfebryan/finalproject_ws/install/pid/share/pid/local_setup.zsh
-- Up-to-date: /home/farelfebryan/finalproject_ws/install/pid/share/pid/local_setup.dsv
-- Installing: /home/farelfebryan/finalproject_ws/install/pid/share/pid/package.dsv
-- Up-to-date: /home/farelfebryan/finalproject_ws/install/pid/share/ament_index/resource_index/packages/pid
-- Up-to-date: /home/farelfebryan/finalproject_ws/install/pid/share/pid/cmake/pidConfig.cmake
-- Up-to-date: /home/farelfebryan/finalproject_ws/install/pid/share/pid/cmake/pidConfig-version.cmake
-- Up-to-date: /home/farelfebryan/finalproject_ws/install/pid/share/pid/package.xml
