[35m[1mConsolidate compiler generated dependencies of target kell_lapangan[0m
[ 50%] [32mBuilding CXX object CMakeFiles/kell_lapangan.dir/src/kellLapangan.cpp.o[0m
[01m[K/home/farelfebryan/finalproject_ws/src/keliling/src/kellLapangan.cpp:[m[K In constructor ‘[01m[KkellLapangan::kellLapangan()[m[K’:
[01m[K/home/farelfebryan/finalproject_ws/src/keliling/src/kellLapangan.cpp:18:9:[m[K [01;31m[Kerror: [m[K‘[01m[Ktarget_x_1[m[K’ was not declared in this scope; did you mean ‘[01m[Ktarget_x_2[m[K’?
   18 |         [01;31m[Ktarget_x_1[m[K = -7.0;
      |         [01;31m[K^~~~~~~~~~[m[K
      |         [32m[Ktarget_x_2[m[K
[01m[K/home/farelfebryan/finalproject_ws/src/keliling/src/kellLapangan.cpp:19:9:[m[K [01;31m[Kerror: [m[K‘[01m[Ktarget_y_1[m[K’ was not declared in this scope; did you mean ‘[01m[Ktarget_y_2[m[K’?
   19 |         [01;31m[Ktarget_y_1[m[K = 3.0;
      |         [01;31m[K^~~~~~~~~~[m[K
      |         [32m[Ktarget_y_2[m[K
[01m[K/home/farelfebryan/finalproject_ws/src/keliling/src/kellLapangan.cpp:[m[K In member function ‘[01m[Kvoid kellLapangan::pergerakanRobot(nav_msgs::msg::Odometry_<std::allocator<void> >::SharedPtr)[m[K’:
[01m[K/home/farelfebryan/finalproject_ws/src/keliling/src/kellLapangan.cpp:49:48:[m[K [01;31m[Kerror: [m[K‘[01m[Ktarget_x_1[m[K’ was not declared in this scope; did you mean ‘[01m[Ktarget_x_2[m[K’?
   49 |         double distance_1 = std::sqrt(std::pow([01;31m[Ktarget_x_1[m[K - posisi_robot_x_1, 2) + std::pow(target_y_1 - posisi_robot_y_1, 2));
      |                                                [01;31m[K^~~~~~~~~~[m[K
      |                                                [32m[Ktarget_x_2[m[K
[01m[K/home/farelfebryan/finalproject_ws/src/keliling/src/kellLapangan.cpp:49:93:[m[K [01;31m[Kerror: [m[K‘[01m[Ktarget_y_1[m[K’ was not declared in this scope; did you mean ‘[01m[Ktarget_y_2[m[K’?
   49 | qrt(std::pow(target_x_1 - posisi_robot_x_1, 2) + std::pow([01;31m[Ktarget_y_1[m[K - posisi_robot_y_1, 2));
      |                                                           [01;31m[K^~~~~~~~~~[m[K
      |                                                           [32m[Ktarget_y_2[m[K
gmake[2]: *** [CMakeFiles/kell_lapangan.dir/build.make:76: CMakeFiles/kell_lapangan.dir/src/kellLapangan.cpp.o] Error 1
gmake[1]: *** [CMakeFiles/Makefile2:137: CMakeFiles/kell_lapangan.dir/all] Error 2
gmake: *** [Makefile:146: all] Error 2
