[0.107s] DEBUG:colcon:Command line arguments: ['/usr/bin/colcon', 'build']
[0.107s] DEBUG:colcon:Parsed command line arguments: Namespace(log_base=None, log_level=None, verb_name='build', build_base='build', install_base='install', merge_install=False, symlink_install=False, test_result_base=None, continue_on_error=False, executor='parallel', parallel_workers=8, event_handlers=None, ignore_user_meta=False, metas=['./colcon.meta'], base_paths=['.'], packages_ignore=None, packages_ignore_regex=None, paths=None, packages_up_to=None, packages_up_to_regex=None, packages_above=None, packages_above_and_dependencies=None, packages_above_depth=None, packages_select_by_dep=None, packages_skip_by_dep=None, packages_skip_up_to=None, packages_select_build_failed=False, packages_skip_build_finished=False, packages_select_test_failures=False, packages_skip_test_passed=False, packages_select=None, packages_skip=None, packages_select_regex=None, packages_skip_regex=None, packages_start=None, packages_end=None, allow_overriding=[], cmake_args=None, cmake_target=None, cmake_target_skip_unavailable=False, cmake_clean_cache=False, cmake_clean_first=False, cmake_force_configure=False, ament_cmake_args=None, catkin_cmake_args=None, catkin_skip_building_tests=False, verb_parser=<colcon_defaults.argument_parser.defaults.DefaultArgumentsDecorator object at 0x7a067df48340>, verb_extension=<colcon_core.verb.build.BuildVerb object at 0x7a067e054f10>, main=<bound method BuildVerb.main of <colcon_core.verb.build.BuildVerb object at 0x7a067e054f10>>)
[0.274s] Level 1:colcon.colcon_core.package_discovery:discover_packages(colcon_meta) check parameters
[0.274s] Level 1:colcon.colcon_core.package_discovery:discover_packages(recursive) check parameters
[0.274s] Level 1:colcon.colcon_core.package_discovery:discover_packages(ignore) check parameters
[0.274s] Level 1:colcon.colcon_core.package_discovery:discover_packages(path) check parameters
[0.274s] Level 1:colcon.colcon_core.package_discovery:discover_packages(colcon_meta) discover
[0.275s] Level 1:colcon.colcon_core.package_discovery:discover_packages(recursive) discover
[0.275s] INFO:colcon.colcon_core.package_discovery:Crawling recursively for packages in '/home/farelfebryan/finalproject_ws'
[0.275s] Level 1:colcon.colcon_core.package_identification:_identify(.) by extensions ['ignore', 'ignore_ament_install']
[0.275s] Level 1:colcon.colcon_core.package_identification:_identify(.) by extension 'ignore'
[0.275s] Level 1:colcon.colcon_core.package_identification:_identify(.) by extension 'ignore_ament_install'
[0.275s] Level 1:colcon.colcon_core.package_identification:_identify(.) by extensions ['colcon_pkg']
[0.275s] Level 1:colcon.colcon_core.package_identification:_identify(.) by extension 'colcon_pkg'
[0.275s] Level 1:colcon.colcon_core.package_identification:_identify(.) by extensions ['colcon_meta']
[0.275s] Level 1:colcon.colcon_core.package_identification:_identify(.) by extension 'colcon_meta'
[0.275s] Level 1:colcon.colcon_core.package_identification:_identify(.) by extensions ['ros']
[0.275s] Level 1:colcon.colcon_core.package_identification:_identify(.) by extension 'ros'
[0.287s] Level 1:colcon.colcon_core.package_identification:_identify(.) by extensions ['cmake', 'python']
[0.287s] Level 1:colcon.colcon_core.package_identification:_identify(.) by extension 'cmake'
[0.287s] Level 1:colcon.colcon_core.package_identification:_identify(.) by extension 'python'
[0.287s] Level 1:colcon.colcon_core.package_identification:_identify(.) by extensions ['python_setup_py']
[0.287s] Level 1:colcon.colcon_core.package_identification:_identify(.) by extension 'python_setup_py'
[0.287s] Level 1:colcon.colcon_core.package_identification:_identify(build) by extensions ['ignore', 'ignore_ament_install']
[0.287s] Level 1:colcon.colcon_core.package_identification:_identify(build) by extension 'ignore'
[0.287s] Level 1:colcon.colcon_core.package_identification:_identify(build) ignored
[0.287s] Level 1:colcon.colcon_core.package_identification:_identify(install) by extensions ['ignore', 'ignore_ament_install']
[0.287s] Level 1:colcon.colcon_core.package_identification:_identify(install) by extension 'ignore'
[0.288s] Level 1:colcon.colcon_core.package_identification:_identify(install) ignored
[0.288s] Level 1:colcon.colcon_core.package_identification:_identify(log) by extensions ['ignore', 'ignore_ament_install']
[0.288s] Level 1:colcon.colcon_core.package_identification:_identify(log) by extension 'ignore'
[0.288s] Level 1:colcon.colcon_core.package_identification:_identify(log) ignored
[0.288s] Level 1:colcon.colcon_core.package_identification:_identify(src) by extensions ['ignore', 'ignore_ament_install']
[0.288s] Level 1:colcon.colcon_core.package_identification:_identify(src) by extension 'ignore'
[0.288s] Level 1:colcon.colcon_core.package_identification:_identify(src) by extension 'ignore_ament_install'
[0.288s] Level 1:colcon.colcon_core.package_identification:_identify(src) by extensions ['colcon_pkg']
[0.288s] Level 1:colcon.colcon_core.package_identification:_identify(src) by extension 'colcon_pkg'
[0.288s] Level 1:colcon.colcon_core.package_identification:_identify(src) by extensions ['colcon_meta']
[0.288s] Level 1:colcon.colcon_core.package_identification:_identify(src) by extension 'colcon_meta'
[0.288s] Level 1:colcon.colcon_core.package_identification:_identify(src) by extensions ['ros']
[0.288s] Level 1:colcon.colcon_core.package_identification:_identify(src) by extension 'ros'
[0.288s] Level 1:colcon.colcon_core.package_identification:_identify(src) by extensions ['cmake', 'python']
[0.288s] Level 1:colcon.colcon_core.package_identification:_identify(src) by extension 'cmake'
[0.288s] Level 1:colcon.colcon_core.package_identification:_identify(src) by extension 'python'
[0.288s] Level 1:colcon.colcon_core.package_identification:_identify(src) by extensions ['python_setup_py']
[0.288s] Level 1:colcon.colcon_core.package_identification:_identify(src) by extension 'python_setup_py'
[0.289s] Level 1:colcon.colcon_core.package_identification:_identify(src/bola) by extensions ['ignore', 'ignore_ament_install']
[0.289s] Level 1:colcon.colcon_core.package_identification:_identify(src/bola) by extension 'ignore'
[0.289s] Level 1:colcon.colcon_core.package_identification:_identify(src/bola) by extension 'ignore_ament_install'
[0.289s] Level 1:colcon.colcon_core.package_identification:_identify(src/bola) by extensions ['colcon_pkg']
[0.289s] Level 1:colcon.colcon_core.package_identification:_identify(src/bola) by extension 'colcon_pkg'
[0.289s] Level 1:colcon.colcon_core.package_identification:_identify(src/bola) by extensions ['colcon_meta']
[0.289s] Level 1:colcon.colcon_core.package_identification:_identify(src/bola) by extension 'colcon_meta'
[0.289s] Level 1:colcon.colcon_core.package_identification:_identify(src/bola) by extensions ['ros']
[0.289s] Level 1:colcon.colcon_core.package_identification:_identify(src/bola) by extension 'ros'
[0.291s] DEBUG:colcon.colcon_core.package_identification:Package 'src/bola' with type 'ros.ament_cmake' and name 'bola'
[0.292s] Level 1:colcon.colcon_core.package_identification:_identify(src/finalproject) by extensions ['ignore', 'ignore_ament_install']
[0.292s] Level 1:colcon.colcon_core.package_identification:_identify(src/finalproject) by extension 'ignore'
[0.292s] Level 1:colcon.colcon_core.package_identification:_identify(src/finalproject) by extension 'ignore_ament_install'
[0.292s] Level 1:colcon.colcon_core.package_identification:_identify(src/finalproject) by extensions ['colcon_pkg']
[0.292s] Level 1:colcon.colcon_core.package_identification:_identify(src/finalproject) by extension 'colcon_pkg'
[0.292s] Level 1:colcon.colcon_core.package_identification:_identify(src/finalproject) by extensions ['colcon_meta']
[0.292s] Level 1:colcon.colcon_core.package_identification:_identify(src/finalproject) by extension 'colcon_meta'
[0.292s] Level 1:colcon.colcon_core.package_identification:_identify(src/finalproject) by extensions ['ros']
[0.292s] Level 1:colcon.colcon_core.package_identification:_identify(src/finalproject) by extension 'ros'
[0.293s] DEBUG:colcon.colcon_core.package_identification:Package 'src/finalproject' with type 'ros.ament_cmake' and name 'finalproject'
[0.293s] Level 1:colcon.colcon_core.package_identification:_identify(src/keliling) by extensions ['ignore', 'ignore_ament_install']
[0.293s] Level 1:colcon.colcon_core.package_identification:_identify(src/keliling) by extension 'ignore'
[0.293s] Level 1:colcon.colcon_core.package_identification:_identify(src/keliling) by extension 'ignore_ament_install'
[0.293s] Level 1:colcon.colcon_core.package_identification:_identify(src/keliling) by extensions ['colcon_pkg']
[0.293s] Level 1:colcon.colcon_core.package_identification:_identify(src/keliling) by extension 'colcon_pkg'
[0.293s] Level 1:colcon.colcon_core.package_identification:_identify(src/keliling) by extensions ['colcon_meta']
[0.293s] Level 1:colcon.colcon_core.package_identification:_identify(src/keliling) by extension 'colcon_meta'
[0.293s] Level 1:colcon.colcon_core.package_identification:_identify(src/keliling) by extensions ['ros']
[0.293s] Level 1:colcon.colcon_core.package_identification:_identify(src/keliling) by extension 'ros'
[0.294s] DEBUG:colcon.colcon_core.package_identification:Package 'src/keliling' with type 'ros.ament_cmake' and name 'keliling'
[0.294s] Level 1:colcon.colcon_core.package_identification:_identify(src/keyboard) by extensions ['ignore', 'ignore_ament_install']
[0.294s] Level 1:colcon.colcon_core.package_identification:_identify(src/keyboard) by extension 'ignore'
[0.294s] Level 1:colcon.colcon_core.package_identification:_identify(src/keyboard) by extension 'ignore_ament_install'
[0.294s] Level 1:colcon.colcon_core.package_identification:_identify(src/keyboard) by extensions ['colcon_pkg']
[0.294s] Level 1:colcon.colcon_core.package_identification:_identify(src/keyboard) by extension 'colcon_pkg'
[0.294s] Level 1:colcon.colcon_core.package_identification:_identify(src/keyboard) by extensions ['colcon_meta']
[0.294s] Level 1:colcon.colcon_core.package_identification:_identify(src/keyboard) by extension 'colcon_meta'
[0.294s] Level 1:colcon.colcon_core.package_identification:_identify(src/keyboard) by extensions ['ros']
[0.294s] Level 1:colcon.colcon_core.package_identification:_identify(src/keyboard) by extension 'ros'
[0.295s] DEBUG:colcon.colcon_core.package_identification:Package 'src/keyboard' with type 'ros.ament_cmake' and name 'keyboard'
[0.295s] Level 1:colcon.colcon_core.package_identification:_identify(src/pid) by extensions ['ignore', 'ignore_ament_install']
[0.295s] Level 1:colcon.colcon_core.package_identification:_identify(src/pid) by extension 'ignore'
[0.295s] Level 1:colcon.colcon_core.package_identification:_identify(src/pid) by extension 'ignore_ament_install'
[0.295s] Level 1:colcon.colcon_core.package_identification:_identify(src/pid) by extensions ['colcon_pkg']
[0.295s] Level 1:colcon.colcon_core.package_identification:_identify(src/pid) by extension 'colcon_pkg'
[0.295s] Level 1:colcon.colcon_core.package_identification:_identify(src/pid) by extensions ['colcon_meta']
[0.295s] Level 1:colcon.colcon_core.package_identification:_identify(src/pid) by extension 'colcon_meta'
[0.295s] Level 1:colcon.colcon_core.package_identification:_identify(src/pid) by extensions ['ros']
[0.295s] Level 1:colcon.colcon_core.package_identification:_identify(src/pid) by extension 'ros'
[0.296s] DEBUG:colcon.colcon_core.package_identification:Package 'src/pid' with type 'ros.ament_cmake' and name 'pid'
[0.296s] Level 1:colcon.colcon_core.package_discovery:discover_packages(recursive) using defaults
[0.296s] Level 1:colcon.colcon_core.package_discovery:discover_packages(ignore) discover
[0.296s] Level 1:colcon.colcon_core.package_discovery:discover_packages(ignore) using defaults
[0.296s] Level 1:colcon.colcon_core.package_discovery:discover_packages(path) discover
[0.296s] Level 1:colcon.colcon_core.package_discovery:discover_packages(path) using defaults
[0.317s] Level 1:colcon.colcon_core.package_discovery:discover_packages(prefix_path) check parameters
[0.317s] Level 1:colcon.colcon_core.package_discovery:discover_packages(prefix_path) discover
[0.319s] DEBUG:colcon.colcon_installed_package_information.package_discovery:Found 5 installed packages in /home/farelfebryan/finalproject_ws/install
[0.320s] DEBUG:colcon.colcon_installed_package_information.package_discovery:Found 1 installed packages in /home/farelfebryan/workspace/install
[0.321s] DEBUG:colcon.colcon_installed_package_information.package_discovery:Found 326 installed packages in /opt/ros/humble
[0.332s] Level 1:colcon.colcon_core.package_discovery:discover_packages(prefix_path) using defaults
[0.376s] Level 5:colcon.colcon_core.verb:set package 'bola' build argument 'cmake_args' from command line to 'None'
[0.376s] Level 5:colcon.colcon_core.verb:set package 'bola' build argument 'cmake_target' from command line to 'None'
[0.376s] Level 5:colcon.colcon_core.verb:set package 'bola' build argument 'cmake_target_skip_unavailable' from command line to 'False'
[0.376s] Level 5:colcon.colcon_core.verb:set package 'bola' build argument 'cmake_clean_cache' from command line to 'False'
[0.376s] Level 5:colcon.colcon_core.verb:set package 'bola' build argument 'cmake_clean_first' from command line to 'False'
[0.377s] Level 5:colcon.colcon_core.verb:set package 'bola' build argument 'cmake_force_configure' from command line to 'False'
[0.377s] Level 5:colcon.colcon_core.verb:set package 'bola' build argument 'ament_cmake_args' from command line to 'None'
[0.377s] Level 5:colcon.colcon_core.verb:set package 'bola' build argument 'catkin_cmake_args' from command line to 'None'
[0.377s] Level 5:colcon.colcon_core.verb:set package 'bola' build argument 'catkin_skip_building_tests' from command line to 'False'
[0.377s] DEBUG:colcon.colcon_core.verb:Building package 'bola' with the following arguments: {'ament_cmake_args': None, 'build_base': '/home/farelfebryan/finalproject_ws/build/bola', 'catkin_cmake_args': None, 'catkin_skip_building_tests': False, 'cmake_args': None, 'cmake_clean_cache': False, 'cmake_clean_first': False, 'cmake_force_configure': False, 'cmake_target': None, 'cmake_target_skip_unavailable': False, 'install_base': '/home/farelfebryan/finalproject_ws/install/bola', 'merge_install': False, 'path': '/home/farelfebryan/finalproject_ws/src/bola', 'symlink_install': False, 'test_result_base': None}
[0.377s] Level 5:colcon.colcon_core.verb:set package 'finalproject' build argument 'cmake_args' from command line to 'None'
[0.377s] Level 5:colcon.colcon_core.verb:set package 'finalproject' build argument 'cmake_target' from command line to 'None'
[0.377s] Level 5:colcon.colcon_core.verb:set package 'finalproject' build argument 'cmake_target_skip_unavailable' from command line to 'False'
[0.377s] Level 5:colcon.colcon_core.verb:set package 'finalproject' build argument 'cmake_clean_cache' from command line to 'False'
[0.377s] Level 5:colcon.colcon_core.verb:set package 'finalproject' build argument 'cmake_clean_first' from command line to 'False'
[0.377s] Level 5:colcon.colcon_core.verb:set package 'finalproject' build argument 'cmake_force_configure' from command line to 'False'
[0.377s] Level 5:colcon.colcon_core.verb:set package 'finalproject' build argument 'ament_cmake_args' from command line to 'None'
[0.377s] Level 5:colcon.colcon_core.verb:set package 'finalproject' build argument 'catkin_cmake_args' from command line to 'None'
[0.377s] Level 5:colcon.colcon_core.verb:set package 'finalproject' build argument 'catkin_skip_building_tests' from command line to 'False'
[0.377s] DEBUG:colcon.colcon_core.verb:Building package 'finalproject' with the following arguments: {'ament_cmake_args': None, 'build_base': '/home/farelfebryan/finalproject_ws/build/finalproject', 'catkin_cmake_args': None, 'catkin_skip_building_tests': False, 'cmake_args': None, 'cmake_clean_cache': False, 'cmake_clean_first': False, 'cmake_force_configure': False, 'cmake_target': None, 'cmake_target_skip_unavailable': False, 'install_base': '/home/farelfebryan/finalproject_ws/install/finalproject', 'merge_install': False, 'path': '/home/farelfebryan/finalproject_ws/src/finalproject', 'symlink_install': False, 'test_result_base': None}
[0.378s] Level 5:colcon.colcon_core.verb:set package 'keliling' build argument 'cmake_args' from command line to 'None'
[0.378s] Level 5:colcon.colcon_core.verb:set package 'keliling' build argument 'cmake_target' from command line to 'None'
[0.378s] Level 5:colcon.colcon_core.verb:set package 'keliling' build argument 'cmake_target_skip_unavailable' from command line to 'False'
[0.378s] Level 5:colcon.colcon_core.verb:set package 'keliling' build argument 'cmake_clean_cache' from command line to 'False'
[0.378s] Level 5:colcon.colcon_core.verb:set package 'keliling' build argument 'cmake_clean_first' from command line to 'False'
[0.378s] Level 5:colcon.colcon_core.verb:set package 'keliling' build argument 'cmake_force_configure' from command line to 'False'
[0.378s] Level 5:colcon.colcon_core.verb:set package 'keliling' build argument 'ament_cmake_args' from command line to 'None'
[0.378s] Level 5:colcon.colcon_core.verb:set package 'keliling' build argument 'catkin_cmake_args' from command line to 'None'
[0.378s] Level 5:colcon.colcon_core.verb:set package 'keliling' build argument 'catkin_skip_building_tests' from command line to 'False'
[0.378s] DEBUG:colcon.colcon_core.verb:Building package 'keliling' with the following arguments: {'ament_cmake_args': None, 'build_base': '/home/farelfebryan/finalproject_ws/build/keliling', 'catkin_cmake_args': None, 'catkin_skip_building_tests': False, 'cmake_args': None, 'cmake_clean_cache': False, 'cmake_clean_first': False, 'cmake_force_configure': False, 'cmake_target': None, 'cmake_target_skip_unavailable': False, 'install_base': '/home/farelfebryan/finalproject_ws/install/keliling', 'merge_install': False, 'path': '/home/farelfebryan/finalproject_ws/src/keliling', 'symlink_install': False, 'test_result_base': None}
[0.378s] Level 5:colcon.colcon_core.verb:set package 'keyboard' build argument 'cmake_args' from command line to 'None'
[0.378s] Level 5:colcon.colcon_core.verb:set package 'keyboard' build argument 'cmake_target' from command line to 'None'
[0.378s] Level 5:colcon.colcon_core.verb:set package 'keyboard' build argument 'cmake_target_skip_unavailable' from command line to 'False'
[0.378s] Level 5:colcon.colcon_core.verb:set package 'keyboard' build argument 'cmake_clean_cache' from command line to 'False'
[0.378s] Level 5:colcon.colcon_core.verb:set package 'keyboard' build argument 'cmake_clean_first' from command line to 'False'
[0.378s] Level 5:colcon.colcon_core.verb:set package 'keyboard' build argument 'cmake_force_configure' from command line to 'False'
[0.378s] Level 5:colcon.colcon_core.verb:set package 'keyboard' build argument 'ament_cmake_args' from command line to 'None'
[0.378s] Level 5:colcon.colcon_core.verb:set package 'keyboard' build argument 'catkin_cmake_args' from command line to 'None'
[0.378s] Level 5:colcon.colcon_core.verb:set package 'keyboard' build argument 'catkin_skip_building_tests' from command line to 'False'
[0.378s] DEBUG:colcon.colcon_core.verb:Building package 'keyboard' with the following arguments: {'ament_cmake_args': None, 'build_base': '/home/farelfebryan/finalproject_ws/build/keyboard', 'catkin_cmake_args': None, 'catkin_skip_building_tests': False, 'cmake_args': None, 'cmake_clean_cache': False, 'cmake_clean_first': False, 'cmake_force_configure': False, 'cmake_target': None, 'cmake_target_skip_unavailable': False, 'install_base': '/home/farelfebryan/finalproject_ws/install/keyboard', 'merge_install': False, 'path': '/home/farelfebryan/finalproject_ws/src/keyboard', 'symlink_install': False, 'test_result_base': None}
[0.379s] Level 5:colcon.colcon_core.verb:set package 'pid' build argument 'cmake_args' from command line to 'None'
[0.379s] Level 5:colcon.colcon_core.verb:set package 'pid' build argument 'cmake_target' from command line to 'None'
[0.379s] Level 5:colcon.colcon_core.verb:set package 'pid' build argument 'cmake_target_skip_unavailable' from command line to 'False'
[0.379s] Level 5:colcon.colcon_core.verb:set package 'pid' build argument 'cmake_clean_cache' from command line to 'False'
[0.379s] Level 5:colcon.colcon_core.verb:set package 'pid' build argument 'cmake_clean_first' from command line to 'False'
[0.379s] Level 5:colcon.colcon_core.verb:set package 'pid' build argument 'cmake_force_configure' from command line to 'False'
[0.379s] Level 5:colcon.colcon_core.verb:set package 'pid' build argument 'ament_cmake_args' from command line to 'None'
[0.379s] Level 5:colcon.colcon_core.verb:set package 'pid' build argument 'catkin_cmake_args' from command line to 'None'
[0.379s] Level 5:colcon.colcon_core.verb:set package 'pid' build argument 'catkin_skip_building_tests' from command line to 'False'
[0.379s] DEBUG:colcon.colcon_core.verb:Building package 'pid' with the following arguments: {'ament_cmake_args': None, 'build_base': '/home/farelfebryan/finalproject_ws/build/pid', 'catkin_cmake_args': None, 'catkin_skip_building_tests': False, 'cmake_args': None, 'cmake_clean_cache': False, 'cmake_clean_first': False, 'cmake_force_configure': False, 'cmake_target': None, 'cmake_target_skip_unavailable': False, 'install_base': '/home/farelfebryan/finalproject_ws/install/pid', 'merge_install': False, 'path': '/home/farelfebryan/finalproject_ws/src/pid', 'symlink_install': False, 'test_result_base': None}
[0.379s] INFO:colcon.colcon_core.executor:Executing jobs using 'parallel' executor
[0.380s] DEBUG:colcon.colcon_parallel_executor.executor.parallel:run_until_complete
[0.380s] INFO:colcon.colcon_ros.task.ament_cmake.build:Building ROS package in '/home/farelfebryan/finalproject_ws/src/bola' with build type 'ament_cmake'
[0.380s] INFO:colcon.colcon_cmake.task.cmake.build:Building CMake package in '/home/farelfebryan/finalproject_ws/src/bola'
[0.383s] INFO:colcon.colcon_core.plugin_system:Skipping extension 'colcon_core.shell.bat': Not used on non-Windows systems
[0.383s] INFO:colcon.colcon_core.shell:Skip shell extension 'powershell' for command environment: Not usable outside of PowerShell
[0.383s] DEBUG:colcon.colcon_core.shell:Skip shell extension 'dsv' for command environment
[0.386s] INFO:colcon.colcon_ros.task.ament_cmake.build:Building ROS package in '/home/farelfebryan/finalproject_ws/src/finalproject' with build type 'ament_cmake'
[0.387s] INFO:colcon.colcon_cmake.task.cmake.build:Building CMake package in '/home/farelfebryan/finalproject_ws/src/finalproject'
[0.387s] INFO:colcon.colcon_core.shell:Skip shell extension 'powershell' for command environment: Not usable outside of PowerShell
[0.387s] DEBUG:colcon.colcon_core.shell:Skip shell extension 'dsv' for command environment
[0.390s] INFO:colcon.colcon_ros.task.ament_cmake.build:Building ROS package in '/home/farelfebryan/finalproject_ws/src/keliling' with build type 'ament_cmake'
[0.390s] INFO:colcon.colcon_cmake.task.cmake.build:Building CMake package in '/home/farelfebryan/finalproject_ws/src/keliling'
[0.391s] INFO:colcon.colcon_core.shell:Skip shell extension 'powershell' for command environment: Not usable outside of PowerShell
[0.391s] DEBUG:colcon.colcon_core.shell:Skip shell extension 'dsv' for command environment
[0.394s] INFO:colcon.colcon_ros.task.ament_cmake.build:Building ROS package in '/home/farelfebryan/finalproject_ws/src/keyboard' with build type 'ament_cmake'
[0.394s] INFO:colcon.colcon_cmake.task.cmake.build:Building CMake package in '/home/farelfebryan/finalproject_ws/src/keyboard'
[0.395s] INFO:colcon.colcon_core.shell:Skip shell extension 'powershell' for command environment: Not usable outside of PowerShell
[0.395s] DEBUG:colcon.colcon_core.shell:Skip shell extension 'dsv' for command environment
[0.398s] INFO:colcon.colcon_ros.task.ament_cmake.build:Building ROS package in '/home/farelfebryan/finalproject_ws/src/pid' with build type 'ament_cmake'
[0.399s] INFO:colcon.colcon_cmake.task.cmake.build:Building CMake package in '/home/farelfebryan/finalproject_ws/src/pid'
[0.399s] INFO:colcon.colcon_core.shell:Skip shell extension 'powershell' for command environment: Not usable outside of PowerShell
[0.399s] DEBUG:colcon.colcon_core.shell:Skip shell extension 'dsv' for command environment
[0.408s] DEBUG:colcon.colcon_core.event_handler.log_command:Invoking command in '/home/farelfebryan/finalproject_ws/build/bola': CMAKE_PREFIX_PATH=${CMAKE_PREFIX_PATH}:/opt/ros/humble /usr/bin/cmake --build /home/farelfebryan/finalproject_ws/build/bola -- -j8 -l8
[0.413s] DEBUG:colcon.colcon_core.event_handler.log_command:Invoking command in '/home/farelfebryan/finalproject_ws/build/finalproject': CMAKE_PREFIX_PATH=${CMAKE_PREFIX_PATH}:/opt/ros/humble /usr/bin/cmake --build /home/farelfebryan/finalproject_ws/build/finalproject -- -j8 -l8
[0.416s] DEBUG:colcon.colcon_core.event_handler.log_command:Invoking command in '/home/farelfebryan/finalproject_ws/build/keliling': CMAKE_PREFIX_PATH=${CMAKE_PREFIX_PATH}:/opt/ros/humble /usr/bin/cmake --build /home/farelfebryan/finalproject_ws/build/keliling -- -j8 -l8
[0.424s] DEBUG:colcon.colcon_core.event_handler.log_command:Invoking command in '/home/farelfebryan/finalproject_ws/build/keyboard': CMAKE_PREFIX_PATH=${CMAKE_PREFIX_PATH}:/opt/ros/humble /usr/bin/cmake --build /home/farelfebryan/finalproject_ws/build/keyboard -- -j8 -l8
[0.428s] DEBUG:colcon.colcon_core.event_handler.log_command:Invoking command in '/home/farelfebryan/finalproject_ws/build/pid': CMAKE_PREFIX_PATH=${CMAKE_PREFIX_PATH}:/opt/ros/humble /usr/bin/cmake --build /home/farelfebryan/finalproject_ws/build/pid -- -j8 -l8
[0.460s] DEBUG:colcon.colcon_core.event_handler.log_command:Invoked command in '/home/farelfebryan/finalproject_ws/build/finalproject' returned '0': CMAKE_PREFIX_PATH=${CMAKE_PREFIX_PATH}:/opt/ros/humble /usr/bin/cmake --build /home/farelfebryan/finalproject_ws/build/finalproject -- -j8 -l8
[0.493s] DEBUG:colcon.colcon_core.event_handler.log_command:Invoking command in '/home/farelfebryan/finalproject_ws/build/finalproject': CMAKE_PREFIX_PATH=${CMAKE_PREFIX_PATH}:/opt/ros/humble /usr/bin/cmake --install /home/farelfebryan/finalproject_ws/build/finalproject
[0.495s] DEBUG:colcon.colcon_core.event_handler.log_command:Invoked command in '/home/farelfebryan/finalproject_ws/build/bola' returned '0': CMAKE_PREFIX_PATH=${CMAKE_PREFIX_PATH}:/opt/ros/humble /usr/bin/cmake --build /home/farelfebryan/finalproject_ws/build/bola -- -j8 -l8
[0.500s] DEBUG:colcon.colcon_core.event_handler.log_command:Invoked command in '/home/farelfebryan/finalproject_ws/build/keyboard' returned '0': CMAKE_PREFIX_PATH=${CMAKE_PREFIX_PATH}:/opt/ros/humble /usr/bin/cmake --build /home/farelfebryan/finalproject_ws/build/keyboard -- -j8 -l8
[0.506s] Level 1:colcon.colcon_core.environment:create_environment_scripts_only(finalproject)
[0.509s] DEBUG:colcon.colcon_core.event_handler.log_command:Invoked command in '/home/farelfebryan/finalproject_ws/build/finalproject' returned '0': CMAKE_PREFIX_PATH=${CMAKE_PREFIX_PATH}:/opt/ros/humble /usr/bin/cmake --install /home/farelfebryan/finalproject_ws/build/finalproject
[0.512s] Level 1:colcon.colcon_core.environment:checking '/home/farelfebryan/finalproject_ws/install/finalproject' for CMake module files
[0.513s] Level 1:colcon.colcon_core.environment:checking '/home/farelfebryan/finalproject_ws/install/finalproject' for CMake config files
[0.513s] Level 1:colcon.colcon_core.shell:create_environment_hook('finalproject', 'cmake_prefix_path')
[0.514s] INFO:colcon.colcon_core.shell:Creating environment hook '/home/farelfebryan/finalproject_ws/install/finalproject/share/finalproject/hook/cmake_prefix_path.ps1'
[0.515s] INFO:colcon.colcon_core.shell:Creating environment descriptor '/home/farelfebryan/finalproject_ws/install/finalproject/share/finalproject/hook/cmake_prefix_path.dsv'
[0.515s] INFO:colcon.colcon_core.shell:Creating environment hook '/home/farelfebryan/finalproject_ws/install/finalproject/share/finalproject/hook/cmake_prefix_path.sh'
[0.516s] Level 1:colcon.colcon_core.environment:checking '/home/farelfebryan/finalproject_ws/install/finalproject/bin'
[0.516s] Level 1:colcon.colcon_core.environment:checking '/home/farelfebryan/finalproject_ws/install/finalproject/lib/pkgconfig/finalproject.pc'
[0.516s] Level 1:colcon.colcon_core.environment:checking '/home/farelfebryan/finalproject_ws/install/finalproject/lib/python3.10/site-packages'
[0.517s] Level 1:colcon.colcon_core.environment:checking '/home/farelfebryan/finalproject_ws/install/finalproject/bin'
[0.517s] INFO:colcon.colcon_core.shell:Creating package script '/home/farelfebryan/finalproject_ws/install/finalproject/share/finalproject/package.ps1'
[0.518s] INFO:colcon.colcon_core.shell:Creating package descriptor '/home/farelfebryan/finalproject_ws/install/finalproject/share/finalproject/package.dsv'
[0.519s] INFO:colcon.colcon_core.shell:Creating package script '/home/farelfebryan/finalproject_ws/install/finalproject/share/finalproject/package.sh'
[0.520s] INFO:colcon.colcon_core.shell:Creating package script '/home/farelfebryan/finalproject_ws/install/finalproject/share/finalproject/package.bash'
[0.520s] INFO:colcon.colcon_core.shell:Creating package script '/home/farelfebryan/finalproject_ws/install/finalproject/share/finalproject/package.zsh'
[0.521s] Level 1:colcon.colcon_core.environment:create_file_with_runtime_dependencies(/home/farelfebryan/finalproject_ws/install/finalproject/share/colcon-core/packages/finalproject)
[0.525s] DEBUG:colcon.colcon_core.event_handler.log_command:Invoking command in '/home/farelfebryan/finalproject_ws/build/keyboard': CMAKE_PREFIX_PATH=${CMAKE_PREFIX_PATH}:/opt/ros/humble /usr/bin/cmake --install /home/farelfebryan/finalproject_ws/build/keyboard
[0.527s] DEBUG:colcon.colcon_core.event_handler.log_command:Invoking command in '/home/farelfebryan/finalproject_ws/build/bola': CMAKE_PREFIX_PATH=${CMAKE_PREFIX_PATH}:/opt/ros/humble /usr/bin/cmake --install /home/farelfebryan/finalproject_ws/build/bola
[0.528s] DEBUG:colcon.colcon_core.event_handler.log_command:Invoked command in '/home/farelfebryan/finalproject_ws/build/pid' returned '0': CMAKE_PREFIX_PATH=${CMAKE_PREFIX_PATH}:/opt/ros/humble /usr/bin/cmake --build /home/farelfebryan/finalproject_ws/build/pid -- -j8 -l8
[0.538s] Level 1:colcon.colcon_core.environment:create_environment_scripts_only(keyboard)
[0.538s] Level 1:colcon.colcon_core.environment:checking '/home/farelfebryan/finalproject_ws/install/keyboard' for CMake module files
[0.541s] DEBUG:colcon.colcon_core.event_handler.log_command:Invoked command in '/home/farelfebryan/finalproject_ws/build/keyboard' returned '0': CMAKE_PREFIX_PATH=${CMAKE_PREFIX_PATH}:/opt/ros/humble /usr/bin/cmake --install /home/farelfebryan/finalproject_ws/build/keyboard
[0.541s] Level 1:colcon.colcon_core.environment:checking '/home/farelfebryan/finalproject_ws/install/keyboard' for CMake config files
[0.541s] Level 1:colcon.colcon_core.shell:create_environment_hook('keyboard', 'cmake_prefix_path')
[0.541s] INFO:colcon.colcon_core.shell:Creating environment hook '/home/farelfebryan/finalproject_ws/install/keyboard/share/keyboard/hook/cmake_prefix_path.ps1'
[0.542s] INFO:colcon.colcon_core.shell:Creating environment descriptor '/home/farelfebryan/finalproject_ws/install/keyboard/share/keyboard/hook/cmake_prefix_path.dsv'
[0.542s] INFO:colcon.colcon_core.shell:Creating environment hook '/home/farelfebryan/finalproject_ws/install/keyboard/share/keyboard/hook/cmake_prefix_path.sh'
[0.543s] Level 1:colcon.colcon_core.environment:checking '/home/farelfebryan/finalproject_ws/install/keyboard/lib'
[0.543s] Level 1:colcon.colcon_core.environment:checking '/home/farelfebryan/finalproject_ws/install/keyboard/bin'
[0.543s] Level 1:colcon.colcon_core.environment:checking '/home/farelfebryan/finalproject_ws/install/keyboard/lib/pkgconfig/keyboard.pc'
[0.544s] Level 1:colcon.colcon_core.environment:checking '/home/farelfebryan/finalproject_ws/install/keyboard/lib/python3.10/site-packages'
[0.544s] Level 1:colcon.colcon_core.environment:checking '/home/farelfebryan/finalproject_ws/install/keyboard/bin'
[0.544s] INFO:colcon.colcon_core.shell:Creating package script '/home/farelfebryan/finalproject_ws/install/keyboard/share/keyboard/package.ps1'
[0.545s] INFO:colcon.colcon_core.shell:Creating package descriptor '/home/farelfebryan/finalproject_ws/install/keyboard/share/keyboard/package.dsv'
[0.545s] INFO:colcon.colcon_core.shell:Creating package script '/home/farelfebryan/finalproject_ws/install/keyboard/share/keyboard/package.sh'
[0.546s] INFO:colcon.colcon_core.shell:Creating package script '/home/farelfebryan/finalproject_ws/install/keyboard/share/keyboard/package.bash'
[0.546s] INFO:colcon.colcon_core.shell:Creating package script '/home/farelfebryan/finalproject_ws/install/keyboard/share/keyboard/package.zsh'
[0.546s] Level 1:colcon.colcon_core.environment:create_file_with_runtime_dependencies(/home/farelfebryan/finalproject_ws/install/keyboard/share/colcon-core/packages/keyboard)
[0.549s] Level 1:colcon.colcon_core.environment:create_environment_scripts_only(finalproject)
[0.549s] Level 1:colcon.colcon_core.environment:checking '/home/farelfebryan/finalproject_ws/install/finalproject' for CMake module files
[0.550s] Level 1:colcon.colcon_core.environment:checking '/home/farelfebryan/finalproject_ws/install/finalproject' for CMake config files
[0.551s] Level 1:colcon.colcon_core.shell:create_environment_hook('finalproject', 'cmake_prefix_path')
[0.551s] INFO:colcon.colcon_core.shell:Creating environment hook '/home/farelfebryan/finalproject_ws/install/finalproject/share/finalproject/hook/cmake_prefix_path.ps1'
[0.552s] INFO:colcon.colcon_core.shell:Creating environment descriptor '/home/farelfebryan/finalproject_ws/install/finalproject/share/finalproject/hook/cmake_prefix_path.dsv'
[0.552s] INFO:colcon.colcon_core.shell:Creating environment hook '/home/farelfebryan/finalproject_ws/install/finalproject/share/finalproject/hook/cmake_prefix_path.sh'
[0.553s] Level 1:colcon.colcon_core.environment:checking '/home/farelfebryan/finalproject_ws/install/finalproject/bin'
[0.553s] Level 1:colcon.colcon_core.environment:checking '/home/farelfebryan/finalproject_ws/install/finalproject/lib/pkgconfig/finalproject.pc'
[0.553s] Level 1:colcon.colcon_core.environment:checking '/home/farelfebryan/finalproject_ws/install/finalproject/lib/python3.10/site-packages'
[0.554s] Level 1:colcon.colcon_core.environment:checking '/home/farelfebryan/finalproject_ws/install/finalproject/bin'
[0.554s] INFO:colcon.colcon_core.shell:Creating package script '/home/farelfebryan/finalproject_ws/install/finalproject/share/finalproject/package.ps1'
[0.555s] INFO:colcon.colcon_core.shell:Creating package descriptor '/home/farelfebryan/finalproject_ws/install/finalproject/share/finalproject/package.dsv'
[0.556s] INFO:colcon.colcon_core.shell:Creating package script '/home/farelfebryan/finalproject_ws/install/finalproject/share/finalproject/package.sh'
[0.556s] INFO:colcon.colcon_core.shell:Creating package script '/home/farelfebryan/finalproject_ws/install/finalproject/share/finalproject/package.bash'
[0.557s] INFO:colcon.colcon_core.shell:Creating package script '/home/farelfebryan/finalproject_ws/install/finalproject/share/finalproject/package.zsh'
[0.557s] Level 1:colcon.colcon_core.environment:create_file_with_runtime_dependencies(/home/farelfebryan/finalproject_ws/install/finalproject/share/colcon-core/packages/finalproject)
[0.558s] Level 1:colcon.colcon_core.environment:create_environment_scripts_only(bola)
[0.558s] Level 1:colcon.colcon_core.environment:checking '/home/farelfebryan/finalproject_ws/install/bola' for CMake module files
[0.559s] DEBUG:colcon.colcon_core.event_handler.log_command:Invoked command in '/home/farelfebryan/finalproject_ws/build/bola' returned '0': CMAKE_PREFIX_PATH=${CMAKE_PREFIX_PATH}:/opt/ros/humble /usr/bin/cmake --install /home/farelfebryan/finalproject_ws/build/bola
[0.560s] Level 1:colcon.colcon_core.environment:checking '/home/farelfebryan/finalproject_ws/install/bola' for CMake config files
[0.560s] Level 1:colcon.colcon_core.shell:create_environment_hook('bola', 'cmake_prefix_path')
[0.560s] INFO:colcon.colcon_core.shell:Creating environment hook '/home/farelfebryan/finalproject_ws/install/bola/share/bola/hook/cmake_prefix_path.ps1'
[0.561s] INFO:colcon.colcon_core.shell:Creating environment descriptor '/home/farelfebryan/finalproject_ws/install/bola/share/bola/hook/cmake_prefix_path.dsv'
[0.561s] INFO:colcon.colcon_core.shell:Creating environment hook '/home/farelfebryan/finalproject_ws/install/bola/share/bola/hook/cmake_prefix_path.sh'
[0.562s] Level 1:colcon.colcon_core.environment:checking '/home/farelfebryan/finalproject_ws/install/bola/lib'
[0.562s] Level 1:colcon.colcon_core.environment:checking '/home/farelfebryan/finalproject_ws/install/bola/bin'
[0.562s] Level 1:colcon.colcon_core.environment:checking '/home/farelfebryan/finalproject_ws/install/bola/lib/pkgconfig/bola.pc'
[0.562s] Level 1:colcon.colcon_core.environment:checking '/home/farelfebryan/finalproject_ws/install/bola/lib/python3.10/site-packages'
[0.563s] Level 1:colcon.colcon_core.environment:checking '/home/farelfebryan/finalproject_ws/install/bola/bin'
[0.563s] INFO:colcon.colcon_core.shell:Creating package script '/home/farelfebryan/finalproject_ws/install/bola/share/bola/package.ps1'
[0.563s] INFO:colcon.colcon_core.shell:Creating package descriptor '/home/farelfebryan/finalproject_ws/install/bola/share/bola/package.dsv'
[0.564s] INFO:colcon.colcon_core.shell:Creating package script '/home/farelfebryan/finalproject_ws/install/bola/share/bola/package.sh'
[0.564s] INFO:colcon.colcon_core.shell:Creating package script '/home/farelfebryan/finalproject_ws/install/bola/share/bola/package.bash'
[0.565s] INFO:colcon.colcon_core.shell:Creating package script '/home/farelfebryan/finalproject_ws/install/bola/share/bola/package.zsh'
[0.565s] Level 1:colcon.colcon_core.environment:create_file_with_runtime_dependencies(/home/farelfebryan/finalproject_ws/install/bola/share/colcon-core/packages/bola)
[0.568s] DEBUG:colcon.colcon_core.event_handler.log_command:Invoking command in '/home/farelfebryan/finalproject_ws/build/pid': CMAKE_PREFIX_PATH=${CMAKE_PREFIX_PATH}:/opt/ros/humble /usr/bin/cmake --install /home/farelfebryan/finalproject_ws/build/pid
[0.572s] Level 1:colcon.colcon_core.environment:create_environment_scripts_only(keyboard)
[0.572s] Level 1:colcon.colcon_core.environment:checking '/home/farelfebryan/finalproject_ws/install/keyboard' for CMake module files
[0.572s] Level 1:colcon.colcon_core.environment:checking '/home/farelfebryan/finalproject_ws/install/keyboard' for CMake config files
[0.573s] Level 1:colcon.colcon_core.shell:create_environment_hook('keyboard', 'cmake_prefix_path')
[0.573s] INFO:colcon.colcon_core.shell:Creating environment hook '/home/farelfebryan/finalproject_ws/install/keyboard/share/keyboard/hook/cmake_prefix_path.ps1'
[0.573s] INFO:colcon.colcon_core.shell:Creating environment descriptor '/home/farelfebryan/finalproject_ws/install/keyboard/share/keyboard/hook/cmake_prefix_path.dsv'
[0.574s] INFO:colcon.colcon_core.shell:Creating environment hook '/home/farelfebryan/finalproject_ws/install/keyboard/share/keyboard/hook/cmake_prefix_path.sh'
[0.574s] Level 1:colcon.colcon_core.environment:checking '/home/farelfebryan/finalproject_ws/install/keyboard/lib'
[0.574s] Level 1:colcon.colcon_core.environment:checking '/home/farelfebryan/finalproject_ws/install/keyboard/bin'
[0.574s] Level 1:colcon.colcon_core.environment:checking '/home/farelfebryan/finalproject_ws/install/keyboard/lib/pkgconfig/keyboard.pc'
[0.575s] Level 1:colcon.colcon_core.environment:checking '/home/farelfebryan/finalproject_ws/install/keyboard/lib/python3.10/site-packages'
[0.575s] Level 1:colcon.colcon_core.environment:checking '/home/farelfebryan/finalproject_ws/install/keyboard/bin'
[0.575s] INFO:colcon.colcon_core.shell:Creating package script '/home/farelfebryan/finalproject_ws/install/keyboard/share/keyboard/package.ps1'
[0.576s] INFO:colcon.colcon_core.shell:Creating package descriptor '/home/farelfebryan/finalproject_ws/install/keyboard/share/keyboard/package.dsv'
[0.576s] INFO:colcon.colcon_core.shell:Creating package script '/home/farelfebryan/finalproject_ws/install/keyboard/share/keyboard/package.sh'
[0.577s] INFO:colcon.colcon_core.shell:Creating package script '/home/farelfebryan/finalproject_ws/install/keyboard/share/keyboard/package.bash'
[0.578s] INFO:colcon.colcon_core.shell:Creating package script '/home/farelfebryan/finalproject_ws/install/keyboard/share/keyboard/package.zsh'
[0.580s] Level 1:colcon.colcon_core.environment:create_file_with_runtime_dependencies(/home/farelfebryan/finalproject_ws/install/keyboard/share/colcon-core/packages/keyboard)
[0.581s] Level 1:colcon.colcon_core.environment:create_environment_scripts_only(pid)
[0.582s] Level 1:colcon.colcon_core.environment:checking '/home/farelfebryan/finalproject_ws/install/pid' for CMake module files
[0.583s] DEBUG:colcon.colcon_core.event_handler.log_command:Invoked command in '/home/farelfebryan/finalproject_ws/build/pid' returned '0': CMAKE_PREFIX_PATH=${CMAKE_PREFIX_PATH}:/opt/ros/humble /usr/bin/cmake --install /home/farelfebryan/finalproject_ws/build/pid
[0.583s] Level 1:colcon.colcon_core.environment:checking '/home/farelfebryan/finalproject_ws/install/pid' for CMake config files
[0.583s] Level 1:colcon.colcon_core.shell:create_environment_hook('pid', 'cmake_prefix_path')
[0.583s] INFO:colcon.colcon_core.shell:Creating environment hook '/home/farelfebryan/finalproject_ws/install/pid/share/pid/hook/cmake_prefix_path.ps1'
[0.584s] INFO:colcon.colcon_core.shell:Creating environment descriptor '/home/farelfebryan/finalproject_ws/install/pid/share/pid/hook/cmake_prefix_path.dsv'
[0.584s] INFO:colcon.colcon_core.shell:Creating environment hook '/home/farelfebryan/finalproject_ws/install/pid/share/pid/hook/cmake_prefix_path.sh'
[0.585s] Level 1:colcon.colcon_core.environment:checking '/home/farelfebryan/finalproject_ws/install/pid/lib'
[0.585s] Level 1:colcon.colcon_core.environment:checking '/home/farelfebryan/finalproject_ws/install/pid/bin'
[0.585s] Level 1:colcon.colcon_core.environment:checking '/home/farelfebryan/finalproject_ws/install/pid/lib/pkgconfig/pid.pc'
[0.585s] Level 1:colcon.colcon_core.environment:checking '/home/farelfebryan/finalproject_ws/install/pid/lib/python3.10/site-packages'
[0.586s] Level 1:colcon.colcon_core.environment:checking '/home/farelfebryan/finalproject_ws/install/pid/bin'
[0.586s] INFO:colcon.colcon_core.shell:Creating package script '/home/farelfebryan/finalproject_ws/install/pid/share/pid/package.ps1'
[0.586s] INFO:colcon.colcon_core.shell:Creating package descriptor '/home/farelfebryan/finalproject_ws/install/pid/share/pid/package.dsv'
[0.587s] INFO:colcon.colcon_core.shell:Creating package script '/home/farelfebryan/finalproject_ws/install/pid/share/pid/package.sh'
[0.587s] INFO:colcon.colcon_core.shell:Creating package script '/home/farelfebryan/finalproject_ws/install/pid/share/pid/package.bash'
[0.588s] INFO:colcon.colcon_core.shell:Creating package script '/home/farelfebryan/finalproject_ws/install/pid/share/pid/package.zsh'
[0.588s] Level 1:colcon.colcon_core.environment:create_file_with_runtime_dependencies(/home/farelfebryan/finalproject_ws/install/pid/share/colcon-core/packages/pid)
[0.592s] Level 1:colcon.colcon_core.environment:create_environment_scripts_only(bola)
[0.592s] Level 1:colcon.colcon_core.environment:checking '/home/farelfebryan/finalproject_ws/install/bola' for CMake module files
[0.593s] Level 1:colcon.colcon_core.environment:checking '/home/farelfebryan/finalproject_ws/install/bola' for CMake config files
[0.593s] Level 1:colcon.colcon_core.shell:create_environment_hook('bola', 'cmake_prefix_path')
[0.593s] INFO:colcon.colcon_core.shell:Creating environment hook '/home/farelfebryan/finalproject_ws/install/bola/share/bola/hook/cmake_prefix_path.ps1'
[0.594s] INFO:colcon.colcon_core.shell:Creating environment descriptor '/home/farelfebryan/finalproject_ws/install/bola/share/bola/hook/cmake_prefix_path.dsv'
[0.594s] INFO:colcon.colcon_core.shell:Creating environment hook '/home/farelfebryan/finalproject_ws/install/bola/share/bola/hook/cmake_prefix_path.sh'
[0.595s] Level 1:colcon.colcon_core.environment:checking '/home/farelfebryan/finalproject_ws/install/bola/lib'
[0.595s] Level 1:colcon.colcon_core.environment:checking '/home/farelfebryan/finalproject_ws/install/bola/bin'
[0.595s] Level 1:colcon.colcon_core.environment:checking '/home/farelfebryan/finalproject_ws/install/bola/lib/pkgconfig/bola.pc'
[0.595s] Level 1:colcon.colcon_core.environment:checking '/home/farelfebryan/finalproject_ws/install/bola/lib/python3.10/site-packages'
[0.595s] Level 1:colcon.colcon_core.environment:checking '/home/farelfebryan/finalproject_ws/install/bola/bin'
[0.596s] INFO:colcon.colcon_core.shell:Creating package script '/home/farelfebryan/finalproject_ws/install/bola/share/bola/package.ps1'
[0.596s] INFO:colcon.colcon_core.shell:Creating package descriptor '/home/farelfebryan/finalproject_ws/install/bola/share/bola/package.dsv'
[0.597s] INFO:colcon.colcon_core.shell:Creating package script '/home/farelfebryan/finalproject_ws/install/bola/share/bola/package.sh'
[0.597s] INFO:colcon.colcon_core.shell:Creating package script '/home/farelfebryan/finalproject_ws/install/bola/share/bola/package.bash'
[0.598s] INFO:colcon.colcon_core.shell:Creating package script '/home/farelfebryan/finalproject_ws/install/bola/share/bola/package.zsh'
[0.598s] Level 1:colcon.colcon_core.environment:create_file_with_runtime_dependencies(/home/farelfebryan/finalproject_ws/install/bola/share/colcon-core/packages/bola)
[0.611s] Level 1:colcon.colcon_core.environment:create_environment_scripts_only(pid)
[0.611s] Level 1:colcon.colcon_core.environment:checking '/home/farelfebryan/finalproject_ws/install/pid' for CMake module files
[0.611s] Level 1:colcon.colcon_core.environment:checking '/home/farelfebryan/finalproject_ws/install/pid' for CMake config files
[0.612s] Level 1:colcon.colcon_core.shell:create_environment_hook('pid', 'cmake_prefix_path')
[0.612s] INFO:colcon.colcon_core.shell:Creating environment hook '/home/farelfebryan/finalproject_ws/install/pid/share/pid/hook/cmake_prefix_path.ps1'
[0.612s] INFO:colcon.colcon_core.shell:Creating environment descriptor '/home/farelfebryan/finalproject_ws/install/pid/share/pid/hook/cmake_prefix_path.dsv'
[0.613s] INFO:colcon.colcon_core.shell:Creating environment hook '/home/farelfebryan/finalproject_ws/install/pid/share/pid/hook/cmake_prefix_path.sh'
[0.613s] Level 1:colcon.colcon_core.environment:checking '/home/farelfebryan/finalproject_ws/install/pid/lib'
[0.613s] Level 1:colcon.colcon_core.environment:checking '/home/farelfebryan/finalproject_ws/install/pid/bin'
[0.613s] Level 1:colcon.colcon_core.environment:checking '/home/farelfebryan/finalproject_ws/install/pid/lib/pkgconfig/pid.pc'
[0.614s] Level 1:colcon.colcon_core.environment:checking '/home/farelfebryan/finalproject_ws/install/pid/lib/python3.10/site-packages'
[0.614s] Level 1:colcon.colcon_core.environment:checking '/home/farelfebryan/finalproject_ws/install/pid/bin'
[0.614s] INFO:colcon.colcon_core.shell:Creating package script '/home/farelfebryan/finalproject_ws/install/pid/share/pid/package.ps1'
[0.615s] INFO:colcon.colcon_core.shell:Creating package descriptor '/home/farelfebryan/finalproject_ws/install/pid/share/pid/package.dsv'
[0.615s] INFO:colcon.colcon_core.shell:Creating package script '/home/farelfebryan/finalproject_ws/install/pid/share/pid/package.sh'
[0.616s] INFO:colcon.colcon_core.shell:Creating package script '/home/farelfebryan/finalproject_ws/install/pid/share/pid/package.bash'
[0.616s] INFO:colcon.colcon_core.shell:Creating package script '/home/farelfebryan/finalproject_ws/install/pid/share/pid/package.zsh'
[0.616s] Level 1:colcon.colcon_core.environment:create_file_with_runtime_dependencies(/home/farelfebryan/finalproject_ws/install/pid/share/colcon-core/packages/pid)
[4.941s] DEBUG:colcon.colcon_core.event_handler.log_command:Invoked command in '/home/farelfebryan/finalproject_ws/build/keliling' returned '0': CMAKE_PREFIX_PATH=${CMAKE_PREFIX_PATH}:/opt/ros/humble /usr/bin/cmake --build /home/farelfebryan/finalproject_ws/build/keliling -- -j8 -l8
[4.965s] DEBUG:colcon.colcon_core.event_handler.log_command:Invoking command in '/home/farelfebryan/finalproject_ws/build/keliling': CMAKE_PREFIX_PATH=${CMAKE_PREFIX_PATH}:/opt/ros/humble /usr/bin/cmake --install /home/farelfebryan/finalproject_ws/build/keliling
[4.975s] Level 1:colcon.colcon_core.environment:create_environment_scripts_only(keliling)
[4.976s] DEBUG:colcon.colcon_core.event_handler.log_command:Invoked command in '/home/farelfebryan/finalproject_ws/build/keliling' returned '0': CMAKE_PREFIX_PATH=${CMAKE_PREFIX_PATH}:/opt/ros/humble /usr/bin/cmake --install /home/farelfebryan/finalproject_ws/build/keliling
[4.976s] Level 1:colcon.colcon_core.environment:checking '/home/farelfebryan/finalproject_ws/install/keliling' for CMake module files
[4.977s] Level 1:colcon.colcon_core.environment:checking '/home/farelfebryan/finalproject_ws/install/keliling' for CMake config files
[4.977s] Level 1:colcon.colcon_core.shell:create_environment_hook('keliling', 'cmake_prefix_path')
[4.977s] INFO:colcon.colcon_core.shell:Creating environment hook '/home/farelfebryan/finalproject_ws/install/keliling/share/keliling/hook/cmake_prefix_path.ps1'
[4.978s] INFO:colcon.colcon_core.shell:Creating environment descriptor '/home/farelfebryan/finalproject_ws/install/keliling/share/keliling/hook/cmake_prefix_path.dsv'
[4.978s] INFO:colcon.colcon_core.shell:Creating environment hook '/home/farelfebryan/finalproject_ws/install/keliling/share/keliling/hook/cmake_prefix_path.sh'
[4.979s] Level 1:colcon.colcon_core.environment:checking '/home/farelfebryan/finalproject_ws/install/keliling/lib'
[4.979s] Level 1:colcon.colcon_core.environment:checking '/home/farelfebryan/finalproject_ws/install/keliling/bin'
[4.979s] Level 1:colcon.colcon_core.environment:checking '/home/farelfebryan/finalproject_ws/install/keliling/lib/pkgconfig/keliling.pc'
[4.979s] Level 1:colcon.colcon_core.environment:checking '/home/farelfebryan/finalproject_ws/install/keliling/lib/python3.10/site-packages'
[4.980s] Level 1:colcon.colcon_core.environment:checking '/home/farelfebryan/finalproject_ws/install/keliling/bin'
[4.980s] INFO:colcon.colcon_core.shell:Creating package script '/home/farelfebryan/finalproject_ws/install/keliling/share/keliling/package.ps1'
[4.980s] INFO:colcon.colcon_core.shell:Creating package descriptor '/home/farelfebryan/finalproject_ws/install/keliling/share/keliling/package.dsv'
[4.981s] INFO:colcon.colcon_core.shell:Creating package script '/home/farelfebryan/finalproject_ws/install/keliling/share/keliling/package.sh'
[4.981s] INFO:colcon.colcon_core.shell:Creating package script '/home/farelfebryan/finalproject_ws/install/keliling/share/keliling/package.bash'
[4.982s] INFO:colcon.colcon_core.shell:Creating package script '/home/farelfebryan/finalproject_ws/install/keliling/share/keliling/package.zsh'
[4.982s] Level 1:colcon.colcon_core.environment:create_file_with_runtime_dependencies(/home/farelfebryan/finalproject_ws/install/keliling/share/colcon-core/packages/keliling)
[5.004s] Level 1:colcon.colcon_core.environment:create_environment_scripts_only(keliling)
[5.004s] Level 1:colcon.colcon_core.environment:checking '/home/farelfebryan/finalproject_ws/install/keliling' for CMake module files
[5.005s] Level 1:colcon.colcon_core.environment:checking '/home/farelfebryan/finalproject_ws/install/keliling' for CMake config files
[5.005s] Level 1:colcon.colcon_core.shell:create_environment_hook('keliling', 'cmake_prefix_path')
[5.005s] INFO:colcon.colcon_core.shell:Creating environment hook '/home/farelfebryan/finalproject_ws/install/keliling/share/keliling/hook/cmake_prefix_path.ps1'
[5.005s] INFO:colcon.colcon_core.shell:Creating environment descriptor '/home/farelfebryan/finalproject_ws/install/keliling/share/keliling/hook/cmake_prefix_path.dsv'
[5.006s] INFO:colcon.colcon_core.shell:Creating environment hook '/home/farelfebryan/finalproject_ws/install/keliling/share/keliling/hook/cmake_prefix_path.sh'
[5.006s] Level 1:colcon.colcon_core.environment:checking '/home/farelfebryan/finalproject_ws/install/keliling/lib'
[5.006s] Level 1:colcon.colcon_core.environment:checking '/home/farelfebryan/finalproject_ws/install/keliling/bin'
[5.006s] Level 1:colcon.colcon_core.environment:checking '/home/farelfebryan/finalproject_ws/install/keliling/lib/pkgconfig/keliling.pc'
[5.007s] Level 1:colcon.colcon_core.environment:checking '/home/farelfebryan/finalproject_ws/install/keliling/lib/python3.10/site-packages'
[5.007s] Level 1:colcon.colcon_core.environment:checking '/home/farelfebryan/finalproject_ws/install/keliling/bin'
[5.007s] INFO:colcon.colcon_core.shell:Creating package script '/home/farelfebryan/finalproject_ws/install/keliling/share/keliling/package.ps1'
[5.008s] INFO:colcon.colcon_core.shell:Creating package descriptor '/home/farelfebryan/finalproject_ws/install/keliling/share/keliling/package.dsv'
[5.008s] INFO:colcon.colcon_core.shell:Creating package script '/home/farelfebryan/finalproject_ws/install/keliling/share/keliling/package.sh'
[5.009s] INFO:colcon.colcon_core.shell:Creating package script '/home/farelfebryan/finalproject_ws/install/keliling/share/keliling/package.bash'
[5.009s] INFO:colcon.colcon_core.shell:Creating package script '/home/farelfebryan/finalproject_ws/install/keliling/share/keliling/package.zsh'
[5.009s] Level 1:colcon.colcon_core.environment:create_file_with_runtime_dependencies(/home/farelfebryan/finalproject_ws/install/keliling/share/colcon-core/packages/keliling)
[5.010s] DEBUG:colcon.colcon_parallel_executor.executor.parallel:closing loop
[5.010s] DEBUG:colcon.colcon_parallel_executor.executor.parallel:loop closed
[5.010s] DEBUG:colcon.colcon_parallel_executor.executor.parallel:run_until_complete finished with '0'
[5.010s] DEBUG:colcon.colcon_core.event_reactor:joining thread
[5.015s] INFO:colcon.colcon_core.plugin_system:Skipping extension 'colcon_notification.desktop_notification.terminal_notifier': Not used on non-Darwin systems
[5.015s] INFO:colcon.colcon_core.plugin_system:Skipping extension 'colcon_notification.desktop_notification.win32': Not used on non-Windows systems
[5.015s] INFO:colcon.colcon_notification.desktop_notification:Sending desktop notification using 'notify2'
[5.027s] DEBUG:colcon.colcon_core.event_reactor:joined thread
[5.027s] INFO:colcon.colcon_core.shell:Creating prefix script '/home/farelfebryan/finalproject_ws/install/local_setup.ps1'
[5.028s] INFO:colcon.colcon_core.shell:Creating prefix util module '/home/farelfebryan/finalproject_ws/install/_local_setup_util_ps1.py'
[5.030s] INFO:colcon.colcon_core.shell:Creating prefix chain script '/home/farelfebryan/finalproject_ws/install/setup.ps1'
[5.031s] INFO:colcon.colcon_core.shell:Creating prefix script '/home/farelfebryan/finalproject_ws/install/local_setup.sh'
[5.032s] INFO:colcon.colcon_core.shell:Creating prefix util module '/home/farelfebryan/finalproject_ws/install/_local_setup_util_sh.py'
[5.032s] INFO:colcon.colcon_core.shell:Creating prefix chain script '/home/farelfebryan/finalproject_ws/install/setup.sh'
[5.034s] INFO:colcon.colcon_core.shell:Creating prefix script '/home/farelfebryan/finalproject_ws/install/local_setup.bash'
[5.034s] INFO:colcon.colcon_core.shell:Creating prefix chain script '/home/farelfebryan/finalproject_ws/install/setup.bash'
[5.036s] INFO:colcon.colcon_core.shell:Creating prefix script '/home/farelfebryan/finalproject_ws/install/local_setup.zsh'
[5.036s] INFO:colcon.colcon_core.shell:Creating prefix chain script '/home/farelfebryan/finalproject_ws/install/setup.zsh'
