[0.029s] Invoking command in '/home/farelfebryan/finalproject_ws/build/keliling': CMAKE_PREFIX_PATH=${CMAKE_PREFIX_PATH}:/opt/ros/humble /usr/bin/cmake --build /home/farelfebryan/finalproject_ws/build/keliling -- -j8 -l8
[0.074s] [35m[1mConsolidate compiler generated dependencies of target kell_lapangan[0m
[0.099s] [ 50%] [32mBuilding CXX object CMakeFiles/kell_lapangan.dir/src/kellLapangan.cpp.o[0m
[8.777s] [100%] [32m[1mLinking CXX executable kell_lapangan[0m
[9.202s] [100%] Built target kell_lapangan
[9.213s] Invoked command in '/home/farelfebryan/finalproject_ws/build/keliling' returned '0': CMAKE_PREFIX_PATH=${CMAKE_PREFIX_PATH}:/opt/ros/humble /usr/bin/cmake --build /home/farelfebryan/finalproject_ws/build/keliling -- -j8 -l8
[9.236s] Invoking command in '/home/farelfebryan/finalproject_ws/build/keliling': CMAKE_PREFIX_PATH=${CMAKE_PREFIX_PATH}:/opt/ros/humble /usr/bin/cmake --install /home/farelfebryan/finalproject_ws/build/keliling
[9.243s] -- Install configuration: ""
[9.244s] -- Installing: /home/farelfebryan/finalproject_ws/install/keliling/lib/keliling/kell_lapangan
[9.248s] -- Set runtime path of "/home/farelfebryan/finalproject_ws/install/keliling/lib/keliling/kell_lapangan" to ""
[9.248s] -- Up-to-date: /home/farelfebryan/finalproject_ws/install/keliling/share/ament_index/resource_index/package_run_dependencies/keliling
[9.248s] -- Up-to-date: /home/farelfebryan/finalproject_ws/install/keliling/share/ament_index/resource_index/parent_prefix_path/keliling
[9.248s] -- Up-to-date: /home/farelfebryan/finalproject_ws/install/keliling/share/keliling/environment/ament_prefix_path.sh
[9.249s] -- Up-to-date: /home/farelfebryan/finalproject_ws/install/keliling/share/keliling/environment/ament_prefix_path.dsv
[9.249s] -- Up-to-date: /home/farelfebryan/finalproject_ws/install/keliling/share/keliling/environment/path.sh
[9.249s] -- Up-to-date: /home/farelfebryan/finalproject_ws/install/keliling/share/keliling/environment/path.dsv
[9.249s] -- Up-to-date: /home/farelfebryan/finalproject_ws/install/keliling/share/keliling/local_setup.bash
[9.249s] -- Up-to-date: /home/farelfebryan/finalproject_ws/install/keliling/share/keliling/local_setup.sh
[9.249s] -- Up-to-date: /home/farelfebryan/finalproject_ws/install/keliling/share/keliling/local_setup.zsh
[9.249s] -- Up-to-date: /home/farelfebryan/finalproject_ws/install/keliling/share/keliling/local_setup.dsv
[9.249s] -- Installing: /home/farelfebryan/finalproject_ws/install/keliling/share/keliling/package.dsv
[9.249s] -- Up-to-date: /home/farelfebryan/finalproject_ws/install/keliling/share/ament_index/resource_index/packages/keliling
[9.250s] -- Up-to-date: /home/farelfebryan/finalproject_ws/install/keliling/share/keliling/cmake/kelilingConfig.cmake
[9.250s] -- Up-to-date: /home/farelfebryan/finalproject_ws/install/keliling/share/keliling/cmake/kelilingConfig-version.cmake
[9.250s] -- Up-to-date: /home/farelfebryan/finalproject_ws/install/keliling/share/keliling/package.xml
[9.251s] Invoked command in '/home/farelfebryan/finalproject_ws/build/keliling' returned '0': CMAKE_PREFIX_PATH=${CMAKE_PREFIX_PATH}:/opt/ros/humble /usr/bin/cmake --install /home/farelfebryan/finalproject_ws/build/keliling
