[0.023s] Invoking command in '/home/farelfebryan/finalproject_ws/build/pid': CMAKE_PREFIX_PATH=${CMAKE_PREFIX_PATH}:/opt/ros/humble /usr/bin/cmake /home/farelfebryan/finalproject_ws/src/pid -DCMAKE_INSTALL_PREFIX=/home/farelfebryan/finalproject_ws/install/pid
[0.083s] -- The C compiler identification is GNU 11.4.0
[0.142s] -- The CXX compiler identification is GNU 11.4.0
[0.149s] -- Detecting C compiler ABI info
[0.224s] -- Detecting C compiler ABI info - done
[0.237s] -- Check for working C compiler: /usr/bin/cc - skipped
[0.237s] -- Detecting C compile features
[0.238s] -- Detecting C compile features - done
[0.242s] -- Detecting CXX compiler ABI info
[0.343s] -- Detecting CXX compiler ABI info - done
[0.358s] -- Check for working CXX compiler: /usr/bin/c++ - skipped
[0.359s] -- Detecting CXX compile features
[0.359s] -- Detecting CXX compile features - done
[0.363s] -- Found ament_cmake: 1.3.10 (/opt/ros/humble/share/ament_cmake/cmake)
[0.568s] -- Found Python3: /usr/bin/python3 (found version "3.10.12") found components: Interpreter 
[0.697s] -- Found rclcpp: 16.0.10 (/opt/ros/humble/share/rclcpp/cmake)
[0.753s] -- Found rosidl_generator_c: 3.1.5 (/opt/ros/humble/share/rosidl_generator_c/cmake)
[0.761s] -- Found rosidl_adapter: 3.1.5 (/opt/ros/humble/share/rosidl_adapter/cmake)
[0.773s] -- Found rosidl_generator_cpp: 3.1.5 (/opt/ros/humble/share/rosidl_generator_cpp/cmake)
[0.792s] -- Using all available rosidl_typesupport_c: rosidl_typesupport_fastrtps_c;rosidl_typesupport_introspection_c
[0.816s] -- Using all available rosidl_typesupport_cpp: rosidl_typesupport_fastrtps_cpp;rosidl_typesupport_introspection_cpp
[0.882s] -- Found rmw_implementation_cmake: 6.1.2 (/opt/ros/humble/share/rmw_implementation_cmake/cmake)
[0.885s] -- Found rmw_fastrtps_cpp: 6.2.7 (/opt/ros/humble/share/rmw_fastrtps_cpp/cmake)
[0.997s] -- Found OpenSSL: /usr/lib/x86_64-linux-gnu/libcrypto.so (found version "3.0.2")  
[1.034s] -- Found FastRTPS: /opt/ros/humble/include  
[1.089s] -- Using RMW implementation 'rmw_fastrtps_cpp' as default
[1.098s] -- Looking for pthread.h
[1.190s] -- Looking for pthread.h - found
[1.190s] -- Performing Test CMAKE_HAVE_LIBC_PTHREAD
[1.292s] -- Performing Test CMAKE_HAVE_LIBC_PTHREAD - Success
[1.292s] -- Found Threads: TRUE  
[1.384s] -- Found geometry_msgs: 4.2.4 (/opt/ros/humble/share/geometry_msgs/cmake)
[1.441s] -- Found nav_msgs: 4.2.4 (/opt/ros/humble/share/nav_msgs/cmake)
[1.473s] -- Found tf2_geometry_msgs: 0.25.8 (/opt/ros/humble/share/tf2_geometry_msgs/cmake)
[1.496s] -- Found eigen3_cmake_module: 0.1.1 (/opt/ros/humble/share/eigen3_cmake_module/cmake)
[1.499s] -- Found Eigen3: TRUE (found version "3.4.0") 
[1.499s] -- Ensuring Eigen3 include directory is part of orocos-kdl CMake target
[1.698s] -- Found ament_lint_auto: 0.12.11 (/opt/ros/humble/share/ament_lint_auto/cmake)
[1.812s] -- Added test 'cppcheck' to perform static code analysis on C / C++ code
[1.812s] -- Configured cppcheck include dirs: 
[1.812s] -- Configured cppcheck exclude dirs and/or files: 
[1.814s] -- Added test 'lint_cmake' to check CMake code style
[1.815s] -- Added test 'uncrustify' to check C / C++ code style
[1.815s] -- Configured uncrustify additional arguments: 
[1.815s] -- Added test 'xmllint' to check XML markup files
[1.817s] -- Configuring done
[1.836s] -- Generating done
[1.838s] -- Build files have been written to: /home/farelfebryan/finalproject_ws/build/pid
[1.853s] Invoked command in '/home/farelfebryan/finalproject_ws/build/pid' returned '0': CMAKE_PREFIX_PATH=${CMAKE_PREFIX_PATH}:/opt/ros/humble /usr/bin/cmake /home/farelfebryan/finalproject_ws/src/pid -DCMAKE_INSTALL_PREFIX=/home/farelfebryan/finalproject_ws/install/pid
[1.856s] Invoking command in '/home/farelfebryan/finalproject_ws/build/pid': CMAKE_PREFIX_PATH=${CMAKE_PREFIX_PATH}:/opt/ros/humble /usr/bin/cmake --build /home/farelfebryan/finalproject_ws/build/pid -- -j8 -l8
[1.922s] [ 50%] [32mBuilding CXX object CMakeFiles/move_target.dir/src/pidcontrol.cpp.o[0m
[13.919s] [100%] [32m[1mLinking CXX executable move_target[0m
[14.364s] [100%] Built target move_target
[14.375s] Invoked command in '/home/farelfebryan/finalproject_ws/build/pid' returned '0': CMAKE_PREFIX_PATH=${CMAKE_PREFIX_PATH}:/opt/ros/humble /usr/bin/cmake --build /home/farelfebryan/finalproject_ws/build/pid -- -j8 -l8
[14.399s] Invoking command in '/home/farelfebryan/finalproject_ws/build/pid': CMAKE_PREFIX_PATH=${CMAKE_PREFIX_PATH}:/opt/ros/humble /usr/bin/cmake --install /home/farelfebryan/finalproject_ws/build/pid
[14.406s] -- Install configuration: ""
[14.406s] -- Installing: /home/farelfebryan/finalproject_ws/install/pid/lib/pid/move_target
[14.409s] -- Set runtime path of "/home/farelfebryan/finalproject_ws/install/pid/lib/pid/move_target" to ""
[14.409s] -- Installing: /home/farelfebryan/finalproject_ws/install/pid/share/ament_index/resource_index/package_run_dependencies/pid
[14.409s] -- Installing: /home/farelfebryan/finalproject_ws/install/pid/share/ament_index/resource_index/parent_prefix_path/pid
[14.409s] -- Installing: /home/farelfebryan/finalproject_ws/install/pid/share/pid/environment/ament_prefix_path.sh
[14.409s] -- Installing: /home/farelfebryan/finalproject_ws/install/pid/share/pid/environment/ament_prefix_path.dsv
[14.410s] -- Installing: /home/farelfebryan/finalproject_ws/install/pid/share/pid/environment/path.sh
[14.410s] -- Installing: /home/farelfebryan/finalproject_ws/install/pid/share/pid/environment/path.dsv
[14.410s] -- Installing: /home/farelfebryan/finalproject_ws/install/pid/share/pid/local_setup.bash
[14.410s] -- Installing: /home/farelfebryan/finalproject_ws/install/pid/share/pid/local_setup.sh
[14.410s] -- Installing: /home/farelfebryan/finalproject_ws/install/pid/share/pid/local_setup.zsh
[14.410s] -- Installing: /home/farelfebryan/finalproject_ws/install/pid/share/pid/local_setup.dsv
[14.410s] -- Installing: /home/farelfebryan/finalproject_ws/install/pid/share/pid/package.dsv
[14.410s] -- Installing: /home/farelfebryan/finalproject_ws/install/pid/share/ament_index/resource_index/packages/pid
[14.411s] -- Installing: /home/farelfebryan/finalproject_ws/install/pid/share/pid/cmake/pidConfig.cmake
[14.411s] -- Installing: /home/farelfebryan/finalproject_ws/install/pid/share/pid/cmake/pidConfig-version.cmake
[14.411s] -- Installing: /home/farelfebryan/finalproject_ws/install/pid/share/pid/package.xml
[14.413s] Invoked command in '/home/farelfebryan/finalproject_ws/build/pid' returned '0': CMAKE_PREFIX_PATH=${CMAKE_PREFIX_PATH}:/opt/ros/humble /usr/bin/cmake --install /home/farelfebryan/finalproject_ws/build/pid
