[0.028s] Invoking command in '/home/farelfebryan/finalproject_ws/build/keyboard': CMAKE_PREFIX_PATH=${CMAKE_PREFIX_PATH}:/opt/ros/humble /usr/bin/cmake --build /home/farelfebryan/finalproject_ws/build/keyboard -- -j8 -l8
[0.097s] [100%] Built target keyboard
[0.119s] Invoked command in '/home/farelfebryan/finalproject_ws/build/keyboard' returned '0': CMAKE_PREFIX_PATH=${CMAKE_PREFIX_PATH}:/opt/ros/humble /usr/bin/cmake --build /home/farelfebryan/finalproject_ws/build/keyboard -- -j8 -l8
[0.149s] Invoking command in '/home/farelfebryan/finalproject_ws/build/keyboard': CMAKE_PREFIX_PATH=${CMAKE_PREFIX_PATH}:/opt/ros/humble /usr/bin/cmake --install /home/farelfebryan/finalproject_ws/build/keyboard
[0.162s] -- Install configuration: ""
[0.162s] -- Up-to-date: /home/farelfebryan/finalproject_ws/install/keyboard/lib/keyboard/keyboard
[0.162s] -- Up-to-date: /home/farelfebryan/finalproject_ws/install/keyboard/share/ament_index/resource_index/package_run_dependencies/keyboard
[0.162s] -- Up-to-date: /home/farelfebryan/finalproject_ws/install/keyboard/share/ament_index/resource_index/parent_prefix_path/keyboard
[0.162s] -- Up-to-date: /home/farelfebryan/finalproject_ws/install/keyboard/share/keyboard/environment/ament_prefix_path.sh
[0.163s] -- Up-to-date: /home/farelfebryan/finalproject_ws/install/keyboard/share/keyboard/environment/ament_prefix_path.dsv
[0.163s] -- Up-to-date: /home/farelfebryan/finalproject_ws/install/keyboard/share/keyboard/environment/path.sh
[0.163s] -- Up-to-date: /home/farelfebryan/finalproject_ws/install/keyboard/share/keyboard/environment/path.dsv
[0.163s] -- Up-to-date: /home/farelfebryan/finalproject_ws/install/keyboard/share/keyboard/local_setup.bash
[0.163s] -- Up-to-date: /home/farelfebryan/finalproject_ws/install/keyboard/share/keyboard/local_setup.sh
[0.163s] -- Up-to-date: /home/farelfebryan/finalproject_ws/install/keyboard/share/keyboard/local_setup.zsh
[0.163s] -- Up-to-date: /home/farelfebryan/finalproject_ws/install/keyboard/share/keyboard/local_setup.dsv
[0.163s] -- Installing: /home/farelfebryan/finalproject_ws/install/keyboard/share/keyboard/package.dsv
[0.163s] -- Up-to-date: /home/farelfebryan/finalproject_ws/install/keyboard/share/ament_index/resource_index/packages/keyboard
[0.164s] -- Up-to-date: /home/farelfebryan/finalproject_ws/install/keyboard/share/keyboard/cmake/keyboardConfig.cmake
[0.164s] -- Up-to-date: /home/farelfebryan/finalproject_ws/install/keyboard/share/keyboard/cmake/keyboardConfig-version.cmake
[0.164s] -- Up-to-date: /home/farelfebryan/finalproject_ws/install/keyboard/share/keyboard/package.xml
[0.193s] Invoked command in '/home/farelfebryan/finalproject_ws/build/keyboard' returned '0': CMAKE_PREFIX_PATH=${CMAKE_PREFIX_PATH}:/opt/ros/humble /usr/bin/cmake --install /home/farelfebryan/finalproject_ws/build/keyboard
