[0.034s] Invoking command in '/home/farelfebryan/finalproject_ws/build/pid': CMAKE_PREFIX_PATH=${CMAKE_PREFIX_PATH}:/opt/ros/humble /usr/bin/cmake --build /home/farelfebryan/finalproject_ws/build/pid -- -j8 -l8
[0.119s] [100%] Built target move_target
[0.160s] Invoked command in '/home/farelfebryan/finalproject_ws/build/pid' returned '0': CMAKE_PREFIX_PATH=${CMAKE_PREFIX_PATH}:/opt/ros/humble /usr/bin/cmake --build /home/farelfebryan/finalproject_ws/build/pid -- -j8 -l8
[0.203s] Invoking command in '/home/farelfebryan/finalproject_ws/build/pid': CMAKE_PREFIX_PATH=${CMAKE_PREFIX_PATH}:/opt/ros/humble /usr/bin/cmake --install /home/farelfebryan/finalproject_ws/build/pid
[0.217s] -- Install configuration: ""
[0.222s] -- Up-to-date: /home/farelfebryan/finalproject_ws/install/pid/lib/pid/move_target
[0.224s] -- Up-to-date: /home/farelfebryan/finalproject_ws/install/pid/share/ament_index/resource_index/package_run_dependencies/pid
[0.224s] -- Up-to-date: /home/farelfebryan/finalproject_ws/install/pid/share/ament_index/resource_index/parent_prefix_path/pid
[0.225s] -- Up-to-date: /home/farelfebryan/finalproject_ws/install/pid/share/pid/environment/ament_prefix_path.sh
[0.225s] -- Up-to-date: /home/farelfebryan/finalproject_ws/install/pid/share/pid/environment/ament_prefix_path.dsv
[0.225s] -- Up-to-date: /home/farelfebryan/finalproject_ws/install/pid/share/pid/environment/path.sh
[0.226s] -- Up-to-date: /home/farelfebryan/finalproject_ws/install/pid/share/pid/environment/path.dsv
[0.226s] -- Up-to-date: /home/farelfebryan/finalproject_ws/install/pid/share/pid/local_setup.bash
[0.227s] -- Up-to-date: /home/farelfebryan/finalproject_ws/install/pid/share/pid/local_setup.sh
[0.228s] -- Up-to-date: /home/farelfebryan/finalproject_ws/install/pid/share/pid/local_setup.zsh
[0.228s] -- Up-to-date: /home/farelfebryan/finalproject_ws/install/pid/share/pid/local_setup.dsv
[0.228s] -- Installing: /home/farelfebryan/finalproject_ws/install/pid/share/pid/package.dsv
[0.228s] -- Up-to-date: /home/farelfebryan/finalproject_ws/install/pid/share/ament_index/resource_index/packages/pid
[0.228s] -- Up-to-date: /home/farelfebryan/finalproject_ws/install/pid/share/pid/cmake/pidConfig.cmake
[0.228s] -- Up-to-date: /home/farelfebryan/finalproject_ws/install/pid/share/pid/cmake/pidConfig-version.cmake
[0.229s] -- Up-to-date: /home/farelfebryan/finalproject_ws/install/pid/share/pid/package.xml
[0.237s] Invoked command in '/home/farelfebryan/finalproject_ws/build/pid' returned '0': CMAKE_PREFIX_PATH=${CMAKE_PREFIX_PATH}:/opt/ros/humble /usr/bin/cmake --install /home/farelfebryan/finalproject_ws/build/pid
