[0.027s] Invoking command in '/home/farelfebryan/finalproject_ws/build/bola': CMAKE_PREFIX_PATH=${CMAKE_PREFIX_PATH}:/opt/ros/humble /usr/bin/cmake --build /home/farelfebryan/finalproject_ws/build/bola -- -j8 -l8
[0.075s] [35m[1mConsolidate compiler generated dependencies of target robot_follower[0m
[0.077s] [35m[1mConsolidate compiler generated dependencies of target ball_detector[0m
[0.101s] [ 50%] Built target robot_follower
[0.104s] [100%] Built target ball_detector
[0.123s] Invoked command in '/home/farelfebryan/finalproject_ws/build/bola' returned '0': CMAKE_PREFIX_PATH=${CMAKE_PREFIX_PATH}:/opt/ros/humble /usr/bin/cmake --build /home/farelfebryan/finalproject_ws/build/bola -- -j8 -l8
[0.163s] Invoking command in '/home/farelfebryan/finalproject_ws/build/bola': CMAKE_PREFIX_PATH=${CMAKE_PREFIX_PATH}:/opt/ros/humble /usr/bin/cmake --install /home/farelfebryan/finalproject_ws/build/bola
[0.172s] -- Install configuration: ""
[0.172s] -- Installing: /home/farelfebryan/finalproject_ws/install/bola/lib/bola/ball_detector
[0.177s] -- Set runtime path of "/home/farelfebryan/finalproject_ws/install/bola/lib/bola/ball_detector" to ""
[0.178s] -- Installing: /home/farelfebryan/finalproject_ws/install/bola/lib/bola/robot_follower
[0.182s] -- Set runtime path of "/home/farelfebryan/finalproject_ws/install/bola/lib/bola/robot_follower" to ""
[0.183s] -- Up-to-date: /home/farelfebryan/finalproject_ws/install/bola/share/ament_index/resource_index/package_run_dependencies/bola
[0.183s] -- Up-to-date: /home/farelfebryan/finalproject_ws/install/bola/share/ament_index/resource_index/parent_prefix_path/bola
[0.183s] -- Up-to-date: /home/farelfebryan/finalproject_ws/install/bola/share/bola/environment/ament_prefix_path.sh
[0.183s] -- Up-to-date: /home/farelfebryan/finalproject_ws/install/bola/share/bola/environment/ament_prefix_path.dsv
[0.183s] -- Up-to-date: /home/farelfebryan/finalproject_ws/install/bola/share/bola/environment/path.sh
[0.183s] -- Up-to-date: /home/farelfebryan/finalproject_ws/install/bola/share/bola/environment/path.dsv
[0.183s] -- Up-to-date: /home/farelfebryan/finalproject_ws/install/bola/share/bola/local_setup.bash
[0.183s] -- Up-to-date: /home/farelfebryan/finalproject_ws/install/bola/share/bola/local_setup.sh
[0.183s] -- Up-to-date: /home/farelfebryan/finalproject_ws/install/bola/share/bola/local_setup.zsh
[0.183s] -- Up-to-date: /home/farelfebryan/finalproject_ws/install/bola/share/bola/local_setup.dsv
[0.183s] -- Installing: /home/farelfebryan/finalproject_ws/install/bola/share/bola/package.dsv
[0.184s] -- Up-to-date: /home/farelfebryan/finalproject_ws/install/bola/share/ament_index/resource_index/packages/bola
[0.184s] -- Up-to-date: /home/farelfebryan/finalproject_ws/install/bola/share/bola/cmake/bolaConfig.cmake
[0.184s] -- Up-to-date: /home/farelfebryan/finalproject_ws/install/bola/share/bola/cmake/bolaConfig-version.cmake
[0.184s] -- Up-to-date: /home/farelfebryan/finalproject_ws/install/bola/share/bola/package.xml
[0.198s] Invoked command in '/home/farelfebryan/finalproject_ws/build/bola' returned '0': CMAKE_PREFIX_PATH=${CMAKE_PREFIX_PATH}:/opt/ros/humble /usr/bin/cmake --install /home/farelfebryan/finalproject_ws/build/bola
