[0.026s] Invoking command in '/home/farelfebryan/finalproject_ws/build/bola': CMAKE_PREFIX_PATH=${CMAKE_PREFIX_PATH}:/opt/ros/humble /usr/bin/cmake --build /home/farelfebryan/finalproject_ws/build/bola -- -j8 -l8
[0.050s] -- Found ament_cmake: 1.3.10 (/opt/ros/humble/share/ament_cmake/cmake)
[0.211s] -- Found rclcpp: 16.0.10 (/opt/ros/humble/share/rclcpp/cmake)
[0.243s] -- Found rosidl_generator_c: 3.1.5 (/opt/ros/humble/share/rosidl_generator_c/cmake)
[0.245s] -- Found rosidl_adapter: 3.1.5 (/opt/ros/humble/share/rosidl_adapter/cmake)
[0.252s] -- Found rosidl_generator_cpp: 3.1.5 (/opt/ros/humble/share/rosidl_generator_cpp/cmake)
[0.262s] -- Using all available rosidl_typesupport_c: rosidl_typesupport_fastrtps_c;rosidl_typesupport_introspection_c
[0.276s] -- Using all available rosidl_typesupport_cpp: rosidl_typesupport_fastrtps_cpp;rosidl_typesupport_introspection_cpp
[0.309s] -- Found rmw_implementation_cmake: 6.1.2 (/opt/ros/humble/share/rmw_implementation_cmake/cmake)
[0.311s] -- Found rmw_fastrtps_cpp: 6.2.7 (/opt/ros/humble/share/rmw_fastrtps_cpp/cmake)
[0.411s] -- Using RMW implementation 'rmw_fastrtps_cpp' as default
[0.465s] -- Found sensor_msgs: 4.2.4 (/opt/ros/humble/share/sensor_msgs/cmake)
[0.495s] -- Found cv_bridge: 3.2.1 (/opt/ros/humble/share/cv_bridge/cmake)
[0.509s] -- Found ament_lint_auto: 0.12.11 (/opt/ros/humble/share/ament_lint_auto/cmake)
[0.574s] -- Added test 'cppcheck' to perform static code analysis on C / C++ code
[0.575s] -- Configured cppcheck include dirs: 
[0.575s] -- Configured cppcheck exclude dirs and/or files: 
[0.575s] -- Added test 'lint_cmake' to check CMake code style
[0.576s] -- Added test 'uncrustify' to check C / C++ code style
[0.576s] -- Configured uncrustify additional arguments: 
[0.576s] -- Added test 'xmllint' to check XML markup files
[0.577s] -- Configuring done
[0.590s] -- Generating done
[0.591s] -- Build files have been written to: /home/farelfebryan/finalproject_ws/build/bola
[0.624s] [ 50%] [32mBuilding CXX object CMakeFiles/ball_follower.dir/src/deteksibola.cpp.o[0m
[10.391s] [100%] [32m[1mLinking CXX executable ball_follower[0m
[11.083s] [100%] Built target ball_follower
[11.093s] Invoked command in '/home/farelfebryan/finalproject_ws/build/bola' returned '0': CMAKE_PREFIX_PATH=${CMAKE_PREFIX_PATH}:/opt/ros/humble /usr/bin/cmake --build /home/farelfebryan/finalproject_ws/build/bola -- -j8 -l8
[11.117s] Invoking command in '/home/farelfebryan/finalproject_ws/build/bola': CMAKE_PREFIX_PATH=${CMAKE_PREFIX_PATH}:/opt/ros/humble /usr/bin/cmake --install /home/farelfebryan/finalproject_ws/build/bola
[11.124s] -- Install configuration: ""
[11.125s] -- Installing: /home/farelfebryan/finalproject_ws/install/bola/lib/bola/ball_follower
[11.128s] -- Set runtime path of "/home/farelfebryan/finalproject_ws/install/bola/lib/bola/ball_follower" to ""
[11.129s] -- Up-to-date: /home/farelfebryan/finalproject_ws/install/bola/share/ament_index/resource_index/package_run_dependencies/bola
[11.129s] -- Installing: /home/farelfebryan/finalproject_ws/install/bola/share/ament_index/resource_index/parent_prefix_path/bola
[11.129s] -- Up-to-date: /home/farelfebryan/finalproject_ws/install/bola/share/bola/environment/ament_prefix_path.sh
[11.129s] -- Installing: /home/farelfebryan/finalproject_ws/install/bola/share/bola/environment/ament_prefix_path.dsv
[11.129s] -- Up-to-date: /home/farelfebryan/finalproject_ws/install/bola/share/bola/environment/path.sh
[11.129s] -- Installing: /home/farelfebryan/finalproject_ws/install/bola/share/bola/environment/path.dsv
[11.129s] -- Up-to-date: /home/farelfebryan/finalproject_ws/install/bola/share/bola/local_setup.bash
[11.130s] -- Up-to-date: /home/farelfebryan/finalproject_ws/install/bola/share/bola/local_setup.sh
[11.130s] -- Up-to-date: /home/farelfebryan/finalproject_ws/install/bola/share/bola/local_setup.zsh
[11.130s] -- Installing: /home/farelfebryan/finalproject_ws/install/bola/share/bola/local_setup.dsv
[11.130s] -- Installing: /home/farelfebryan/finalproject_ws/install/bola/share/bola/package.dsv
[11.130s] -- Up-to-date: /home/farelfebryan/finalproject_ws/install/bola/share/ament_index/resource_index/packages/bola
[11.130s] -- Up-to-date: /home/farelfebryan/finalproject_ws/install/bola/share/bola/cmake/bolaConfig.cmake
[11.130s] -- Up-to-date: /home/farelfebryan/finalproject_ws/install/bola/share/bola/cmake/bolaConfig-version.cmake
[11.130s] -- Up-to-date: /home/farelfebryan/finalproject_ws/install/bola/share/bola/package.xml
[11.132s] Invoked command in '/home/farelfebryan/finalproject_ws/build/bola' returned '0': CMAKE_PREFIX_PATH=${CMAKE_PREFIX_PATH}:/opt/ros/humble /usr/bin/cmake --install /home/farelfebryan/finalproject_ws/build/bola
