-- Found ament_cmake: 1.3.10 (/opt/ros/humble/share/ament_cmake/cmake)
-- Found rclcpp: 16.0.10 (/opt/ros/humble/share/rclcpp/cmake)
-- Found rosidl_generator_c: 3.1.5 (/opt/ros/humble/share/rosidl_generator_c/cmake)
-- Found rosidl_adapter: 3.1.5 (/opt/ros/humble/share/rosidl_adapter/cmake)
-- Found rosidl_generator_cpp: 3.1.5 (/opt/ros/humble/share/rosidl_generator_cpp/cmake)
-- Using all available rosidl_typesupport_c: rosidl_typesupport_fastrtps_c;rosidl_typesupport_introspection_c
-- Using all available rosidl_typesupport_cpp: rosidl_typesupport_fastrtps_cpp;rosidl_typesupport_introspection_cpp
-- Found rmw_implementation_cmake: 6.1.2 (/opt/ros/humble/share/rmw_implementation_cmake/cmake)
-- Found rmw_fastrtps_cpp: 6.2.7 (/opt/ros/humble/share/rmw_fastrtps_cpp/cmake)
-- Using RMW implementation 'rmw_fastrtps_cpp' as default
-- Found sensor_msgs: 4.2.4 (/opt/ros/humble/share/sensor_msgs/cmake)
-- Found cv_bridge: 3.2.1 (/opt/ros/humble/share/cv_bridge/cmake)
-- Found ament_lint_auto: 0.12.11 (/opt/ros/humble/share/ament_lint_auto/cmake)
-- Added test 'cppcheck' to perform static code analysis on C / C++ code
-- Configured cppcheck include dirs: 
-- Configured cppcheck exclude dirs and/or files: 
-- Added test 'lint_cmake' to check CMake code style
-- Added test 'uncrustify' to check C / C++ code style
-- Configured uncrustify additional arguments: 
-- Added test 'xmllint' to check XML markup files
-- Configuring done
-- Generating done
-- Build files have been written to: /home/farelfebryan/finalproject_ws/build/bola
[ 25%] [32mBuilding CXX object CMakeFiles/ball_detector.dir/src/deteksibola.cpp.o[0m
[ 50%] [32mBuilding CXX object CMakeFiles/robot_follower.dir/src/kejarbola.cpp.o[0m
[ 75%] [32m[1mLinking CXX executable robot_follower[0m
[ 75%] Built target robot_follower
[100%] [32m[1mLinking CXX executable ball_detector[0m
[100%] Built target ball_detector
-- Install configuration: ""
-- Installing: /home/farelfebryan/finalproject_ws/install/bola/lib/bola/ball_detector
-- Set runtime path of "/home/farelfebryan/finalproject_ws/install/bola/lib/bola/ball_detector" to ""
-- Installing: /home/farelfebryan/finalproject_ws/install/bola/lib/bola/robot_follower
-- Set runtime path of "/home/farelfebryan/finalproject_ws/install/bola/lib/bola/robot_follower" to ""
-- Installing: /home/farelfebryan/finalproject_ws/install/bola/share/ament_index/resource_index/package_run_dependencies/bola
-- Installing: /home/farelfebryan/finalproject_ws/install/bola/share/ament_index/resource_index/parent_prefix_path/bola
-- Installing: /home/farelfebryan/finalproject_ws/install/bola/share/bola/environment/ament_prefix_path.sh
-- Installing: /home/farelfebryan/finalproject_ws/install/bola/share/bola/environment/ament_prefix_path.dsv
-- Installing: /home/farelfebryan/finalproject_ws/install/bola/share/bola/environment/path.sh
-- Installing: /home/farelfebryan/finalproject_ws/install/bola/share/bola/environment/path.dsv
-- Installing: /home/farelfebryan/finalproject_ws/install/bola/share/bola/local_setup.bash
-- Installing: /home/farelfebryan/finalproject_ws/install/bola/share/bola/local_setup.sh
-- Installing: /home/farelfebryan/finalproject_ws/install/bola/share/bola/local_setup.zsh
-- Installing: /home/farelfebryan/finalproject_ws/install/bola/share/bola/local_setup.dsv
-- Installing: /home/farelfebryan/finalproject_ws/install/bola/share/bola/package.dsv
-- Installing: /home/farelfebryan/finalproject_ws/install/bola/share/ament_index/resource_index/packages/bola
-- Installing: /home/farelfebryan/finalproject_ws/install/bola/share/bola/cmake/bolaConfig.cmake
-- Installing: /home/farelfebryan/finalproject_ws/install/bola/share/bola/cmake/bolaConfig-version.cmake
-- Installing: /home/farelfebryan/finalproject_ws/install/bola/share/bola/package.xml
