[0.029s] Invoking command in '/home/farelfebryan/finalproject_ws/build/bola': CMAKE_PREFIX_PATH=${CMAKE_PREFIX_PATH}:/opt/ros/humble /usr/bin/cmake --build /home/farelfebryan/finalproject_ws/build/bola -- -j8 -l8
[0.059s] -- Found ament_cmake: 1.3.10 (/opt/ros/humble/share/ament_cmake/cmake)
[0.233s] -- Found rclcpp: 16.0.10 (/opt/ros/humble/share/rclcpp/cmake)
[0.276s] -- Found rosidl_generator_c: 3.1.5 (/opt/ros/humble/share/rosidl_generator_c/cmake)
[0.281s] -- Found rosidl_adapter: 3.1.5 (/opt/ros/humble/share/rosidl_adapter/cmake)
[0.291s] -- Found rosidl_generator_cpp: 3.1.5 (/opt/ros/humble/share/rosidl_generator_cpp/cmake)
[0.307s] -- Using all available rosidl_typesupport_c: rosidl_typesupport_fastrtps_c;rosidl_typesupport_introspection_c
[0.322s] -- Using all available rosidl_typesupport_cpp: rosidl_typesupport_fastrtps_cpp;rosidl_typesupport_introspection_cpp
[0.363s] -- Found rmw_implementation_cmake: 6.1.2 (/opt/ros/humble/share/rmw_implementation_cmake/cmake)
[0.365s] -- Found rmw_fastrtps_cpp: 6.2.7 (/opt/ros/humble/share/rmw_fastrtps_cpp/cmake)
[0.496s] -- Using RMW implementation 'rmw_fastrtps_cpp' as default
[0.582s] -- Found sensor_msgs: 4.2.4 (/opt/ros/humble/share/sensor_msgs/cmake)
[0.616s] -- Found cv_bridge: 3.2.1 (/opt/ros/humble/share/cv_bridge/cmake)
[0.635s] -- Found ament_lint_auto: 0.12.11 (/opt/ros/humble/share/ament_lint_auto/cmake)
[0.716s] -- Added test 'cppcheck' to perform static code analysis on C / C++ code
[0.717s] -- Configured cppcheck include dirs: 
[0.717s] -- Configured cppcheck exclude dirs and/or files: 
[0.718s] -- Added test 'lint_cmake' to check CMake code style
[0.719s] -- Added test 'uncrustify' to check C / C++ code style
[0.719s] -- Configured uncrustify additional arguments: 
[0.719s] -- Added test 'xmllint' to check XML markup files
[0.720s] -- Configuring done
[0.744s] -- Generating done
[0.747s] -- Build files have been written to: /home/farelfebryan/finalproject_ws/build/bola
[0.785s] [ 25%] [32mBuilding CXX object CMakeFiles/ball_detector.dir/src/deteksibola.cpp.o[0m
[0.790s] [ 50%] [32mBuilding CXX object CMakeFiles/robot_follower.dir/src/kejarbola.cpp.o[0m
[8.768s] [ 75%] [32m[1mLinking CXX executable robot_follower[0m
[9.025s] [ 75%] Built target robot_follower
[14.288s] [100%] [32m[1mLinking CXX executable ball_detector[0m
[15.065s] [100%] Built target ball_detector
[15.075s] Invoked command in '/home/farelfebryan/finalproject_ws/build/bola' returned '0': CMAKE_PREFIX_PATH=${CMAKE_PREFIX_PATH}:/opt/ros/humble /usr/bin/cmake --build /home/farelfebryan/finalproject_ws/build/bola -- -j8 -l8
[15.101s] Invoking command in '/home/farelfebryan/finalproject_ws/build/bola': CMAKE_PREFIX_PATH=${CMAKE_PREFIX_PATH}:/opt/ros/humble /usr/bin/cmake --install /home/farelfebryan/finalproject_ws/build/bola
[15.107s] -- Install configuration: ""
[15.107s] -- Installing: /home/farelfebryan/finalproject_ws/install/bola/lib/bola/ball_detector
[15.109s] -- Set runtime path of "/home/farelfebryan/finalproject_ws/install/bola/lib/bola/ball_detector" to ""
[15.109s] -- Installing: /home/farelfebryan/finalproject_ws/install/bola/lib/bola/robot_follower
[15.110s] -- Set runtime path of "/home/farelfebryan/finalproject_ws/install/bola/lib/bola/robot_follower" to ""
[15.110s] -- Installing: /home/farelfebryan/finalproject_ws/install/bola/share/ament_index/resource_index/package_run_dependencies/bola
[15.110s] -- Installing: /home/farelfebryan/finalproject_ws/install/bola/share/ament_index/resource_index/parent_prefix_path/bola
[15.110s] -- Installing: /home/farelfebryan/finalproject_ws/install/bola/share/bola/environment/ament_prefix_path.sh
[15.111s] -- Installing: /home/farelfebryan/finalproject_ws/install/bola/share/bola/environment/ament_prefix_path.dsv
[15.111s] -- Installing: /home/farelfebryan/finalproject_ws/install/bola/share/bola/environment/path.sh
[15.111s] -- Installing: /home/farelfebryan/finalproject_ws/install/bola/share/bola/environment/path.dsv
[15.111s] -- Installing: /home/farelfebryan/finalproject_ws/install/bola/share/bola/local_setup.bash
[15.111s] -- Installing: /home/farelfebryan/finalproject_ws/install/bola/share/bola/local_setup.sh
[15.111s] -- Installing: /home/farelfebryan/finalproject_ws/install/bola/share/bola/local_setup.zsh
[15.111s] -- Installing: /home/farelfebryan/finalproject_ws/install/bola/share/bola/local_setup.dsv
[15.111s] -- Installing: /home/farelfebryan/finalproject_ws/install/bola/share/bola/package.dsv
[15.111s] -- Installing: /home/farelfebryan/finalproject_ws/install/bola/share/ament_index/resource_index/packages/bola
[15.111s] -- Installing: /home/farelfebryan/finalproject_ws/install/bola/share/bola/cmake/bolaConfig.cmake
[15.112s] -- Installing: /home/farelfebryan/finalproject_ws/install/bola/share/bola/cmake/bolaConfig-version.cmake
[15.112s] -- Installing: /home/farelfebryan/finalproject_ws/install/bola/share/bola/package.xml
[15.113s] Invoked command in '/home/farelfebryan/finalproject_ws/build/bola' returned '0': CMAKE_PREFIX_PATH=${CMAKE_PREFIX_PATH}:/opt/ros/humble /usr/bin/cmake --install /home/farelfebryan/finalproject_ws/build/bola
