[0.040s] Invoking command in '/home/farelfebryan/finalproject_ws/build/keliling': CMAKE_PREFIX_PATH=${CMAKE_PREFIX_PATH}:/opt/ros/humble /usr/bin/cmake --build /home/farelfebryan/finalproject_ws/build/keliling -- -j8 -l8
[0.095s] [35m[1mConsolidate compiler generated dependencies of target kell_lapangan[0m
[0.137s] [ 50%] [32mBuilding CXX object CMakeFiles/kell_lapangan.dir/src/kellLapangan.cpp.o[0m
[10.692s] [100%] [32m[1mLinking CXX executable kell_lapangan[0m
[11.168s] [100%] Built target kell_lapangan
[11.179s] Invoked command in '/home/farelfebryan/finalproject_ws/build/keliling' returned '0': CMAKE_PREFIX_PATH=${CMAKE_PREFIX_PATH}:/opt/ros/humble /usr/bin/cmake --build /home/farelfebryan/finalproject_ws/build/keliling -- -j8 -l8
[11.202s] Invoking command in '/home/farelfebryan/finalproject_ws/build/keliling': CMAKE_PREFIX_PATH=${CMAKE_PREFIX_PATH}:/opt/ros/humble /usr/bin/cmake --install /home/farelfebryan/finalproject_ws/build/keliling
[11.210s] -- Install configuration: ""
[11.210s] -- Installing: /home/farelfebryan/finalproject_ws/install/keliling/lib/keliling/kell_lapangan
[11.215s] -- Set runtime path of "/home/farelfebryan/finalproject_ws/install/keliling/lib/keliling/kell_lapangan" to ""
[11.215s] -- Up-to-date: /home/farelfebryan/finalproject_ws/install/keliling/share/ament_index/resource_index/package_run_dependencies/keliling
[11.215s] -- Up-to-date: /home/farelfebryan/finalproject_ws/install/keliling/share/ament_index/resource_index/parent_prefix_path/keliling
[11.215s] -- Up-to-date: /home/farelfebryan/finalproject_ws/install/keliling/share/keliling/environment/ament_prefix_path.sh
[11.215s] -- Up-to-date: /home/farelfebryan/finalproject_ws/install/keliling/share/keliling/environment/ament_prefix_path.dsv
[11.216s] -- Up-to-date: /home/farelfebryan/finalproject_ws/install/keliling/share/keliling/environment/path.sh
[11.216s] -- Up-to-date: /home/farelfebryan/finalproject_ws/install/keliling/share/keliling/environment/path.dsv
[11.216s] -- Up-to-date: /home/farelfebryan/finalproject_ws/install/keliling/share/keliling/local_setup.bash
[11.216s] -- Up-to-date: /home/farelfebryan/finalproject_ws/install/keliling/share/keliling/local_setup.sh
[11.216s] -- Up-to-date: /home/farelfebryan/finalproject_ws/install/keliling/share/keliling/local_setup.zsh
[11.216s] -- Up-to-date: /home/farelfebryan/finalproject_ws/install/keliling/share/keliling/local_setup.dsv
[11.216s] -- Installing: /home/farelfebryan/finalproject_ws/install/keliling/share/keliling/package.dsv
[11.216s] -- Up-to-date: /home/farelfebryan/finalproject_ws/install/keliling/share/ament_index/resource_index/packages/keliling
[11.216s] -- Up-to-date: /home/farelfebryan/finalproject_ws/install/keliling/share/keliling/cmake/kelilingConfig.cmake
[11.217s] -- Up-to-date: /home/farelfebryan/finalproject_ws/install/keliling/share/keliling/cmake/kelilingConfig-version.cmake
[11.217s] -- Up-to-date: /home/farelfebryan/finalproject_ws/install/keliling/share/keliling/package.xml
[11.218s] Invoked command in '/home/farelfebryan/finalproject_ws/build/keliling' returned '0': CMAKE_PREFIX_PATH=${CMAKE_PREFIX_PATH}:/opt/ros/humble /usr/bin/cmake --install /home/farelfebryan/finalproject_ws/build/keliling
