[0.028s] Invoking command in '/home/farelfebryan/finalproject_ws/build/keliling': CMAKE_PREFIX_PATH=${CMAKE_PREFIX_PATH}:/opt/ros/humble /usr/bin/cmake --build /home/farelfebryan/finalproject_ws/build/keliling -- -j8 -l8
[0.083s] [35m[1mConsolidate compiler generated dependencies of target kell_lapangan[0m
[0.109s] [ 50%] [32mBuilding CXX object CMakeFiles/kell_lapangan.dir/src/kellLapangan.cpp.o[0m
[2.737s] In file included from [01m[K/opt/ros/humble/include/rclcpp/rclcpp/logging.hpp:24[m[K,
[2.738s]                  from [01m[K/opt/ros/humble/include/rclcpp/rclcpp/client.hpp:40[m[K,
[2.738s]                  from [01m[K/opt/ros/humble/include/rclcpp/rclcpp/callback_group.hpp:24[m[K,
[2.738s]                  from [01m[K/opt/ros/humble/include/rclcpp/rclcpp/any_executable.hpp:20[m[K,
[2.738s]                  from [01m[K/opt/ros/humble/include/rclcpp/rclcpp/memory_strategy.hpp:25[m[K,
[2.738s]                  from [01m[K/opt/ros/humble/include/rclcpp/rclcpp/memory_strategies.hpp:18[m[K,
[2.738s]                  from [01m[K/opt/ros/humble/include/rclcpp/rclcpp/executor_options.hpp:20[m[K,
[2.738s]                  from [01m[K/opt/ros/humble/include/rclcpp/rclcpp/executor.hpp:37[m[K,
[2.738s]                  from [01m[K/opt/ros/humble/include/rclcpp/rclcpp/executors/multi_threaded_executor.hpp:25[m[K,
[2.738s]                  from [01m[K/opt/ros/humble/include/rclcpp/rclcpp/executors.hpp:21[m[K,
[2.738s]                  from [01m[K/opt/ros/humble/include/rclcpp/rclcpp/rclcpp.hpp:155[m[K,
[2.738s]                  from [01m[K/home/farelfebryan/finalproject_ws/src/keliling/src/kellLapangan.cpp:1[m[K:
[2.738s] [01m[K/home/farelfebryan/finalproject_ws/src/keliling/src/kellLapangan.cpp:[m[K In member function ‘[01m[Kvoid kellLapangan::pergerakanRobot(nav_msgs::msg::Odometry_<std::allocator<void> >::SharedPtr)[m[K’:
[2.738s] [01m[K/home/farelfebryan/finalproject_ws/src/keliling/src/kellLapangan.cpp:70:45:[m[K [01;35m[Kwarning: [m[Kformat ‘[01m[K%d[m[K’ expects argument of type ‘[01m[Kint[m[K’, but argument 5 has type ‘[01m[Ksize_t[m[K’ {aka ‘[01m[Klong unsigned int[m[K’} [[01;35m[K]8;;https://gcc.gnu.org/onlinedocs/gcc/Warning-Options.html#index-Wformat=-Wformat=]8;;[m[K]
[2.738s]    70 |             RCLCPP_INFO(this->get_logger(), [01;35m[K"Reached target %d"[m[K, [32m[Kcurrent_target_ + 1[m[K);
[2.738s]       |                                             [01;35m[K^~~~~~~~~~~~~~~~~~~[m[K  [32m[K~~~~~~~~~~~~~~~~~~~[m[K
[2.738s]       |                                                                                  [32m[K|[m[K
[2.739s]       |                                                                                  [32m[Ksize_t {aka long unsigned int}[m[K
[2.739s] [01m[K/home/farelfebryan/finalproject_ws/src/keliling/src/kellLapangan.cpp:70:62:[m[K [01;36m[Knote: [m[Kformat string is defined here
[2.739s]    70 |          RCLCPP_INFO(this->get_logger(), "Reached target [01;36m[K%d[m[K", current_target_ + 1);
[2.739s]       |                                                          [01;36m[K~^[m[K
[2.739s]       |                                                           [01;36m[K|[m[K
[2.739s]       |                                                           [01;36m[Kint[m[K
[2.739s]       |                                                          [32m[K%ld[m[K
[9.045s] [100%] [32m[1mLinking CXX executable kell_lapangan[0m
[9.470s] [100%] Built target kell_lapangan
[9.482s] Invoked command in '/home/farelfebryan/finalproject_ws/build/keliling' returned '0': CMAKE_PREFIX_PATH=${CMAKE_PREFIX_PATH}:/opt/ros/humble /usr/bin/cmake --build /home/farelfebryan/finalproject_ws/build/keliling -- -j8 -l8
[9.511s] Invoking command in '/home/farelfebryan/finalproject_ws/build/keliling': CMAKE_PREFIX_PATH=${CMAKE_PREFIX_PATH}:/opt/ros/humble /usr/bin/cmake --install /home/farelfebryan/finalproject_ws/build/keliling
[9.518s] -- Install configuration: ""
[9.518s] -- Installing: /home/farelfebryan/finalproject_ws/install/keliling/lib/keliling/kell_lapangan
[9.523s] -- Set runtime path of "/home/farelfebryan/finalproject_ws/install/keliling/lib/keliling/kell_lapangan" to ""
[9.523s] -- Up-to-date: /home/farelfebryan/finalproject_ws/install/keliling/share/ament_index/resource_index/package_run_dependencies/keliling
[9.523s] -- Up-to-date: /home/farelfebryan/finalproject_ws/install/keliling/share/ament_index/resource_index/parent_prefix_path/keliling
[9.523s] -- Up-to-date: /home/farelfebryan/finalproject_ws/install/keliling/share/keliling/environment/ament_prefix_path.sh
[9.523s] -- Up-to-date: /home/farelfebryan/finalproject_ws/install/keliling/share/keliling/environment/ament_prefix_path.dsv
[9.523s] -- Up-to-date: /home/farelfebryan/finalproject_ws/install/keliling/share/keliling/environment/path.sh
[9.524s] -- Up-to-date: /home/farelfebryan/finalproject_ws/install/keliling/share/keliling/environment/path.dsv
[9.524s] -- Up-to-date: /home/farelfebryan/finalproject_ws/install/keliling/share/keliling/local_setup.bash
[9.524s] -- Up-to-date: /home/farelfebryan/finalproject_ws/install/keliling/share/keliling/local_setup.sh
[9.524s] -- Up-to-date: /home/farelfebryan/finalproject_ws/install/keliling/share/keliling/local_setup.zsh
[9.524s] -- Up-to-date: /home/farelfebryan/finalproject_ws/install/keliling/share/keliling/local_setup.dsv
[9.524s] -- Installing: /home/farelfebryan/finalproject_ws/install/keliling/share/keliling/package.dsv
[9.524s] -- Up-to-date: /home/farelfebryan/finalproject_ws/install/keliling/share/ament_index/resource_index/packages/keliling
[9.524s] -- Up-to-date: /home/farelfebryan/finalproject_ws/install/keliling/share/keliling/cmake/kelilingConfig.cmake
[9.524s] -- Up-to-date: /home/farelfebryan/finalproject_ws/install/keliling/share/keliling/cmake/kelilingConfig-version.cmake
[9.524s] -- Up-to-date: /home/farelfebryan/finalproject_ws/install/keliling/share/keliling/package.xml
[9.526s] Invoked command in '/home/farelfebryan/finalproject_ws/build/keliling' returned '0': CMAKE_PREFIX_PATH=${CMAKE_PREFIX_PATH}:/opt/ros/humble /usr/bin/cmake --install /home/farelfebryan/finalproject_ws/build/keliling
