[0.024s] Invoking command in '/home/farelfebryan/finalproject_ws/build/keyboard': CMAKE_PREFIX_PATH=${CMAKE_PREFIX_PATH}:/opt/ros/humble /usr/bin/cmake --build /home/farelfebryan/finalproject_ws/build/keyboard -- -j8 -l8
[0.087s] [100%] Built target keyboard
[0.101s] Invoked command in '/home/farelfebryan/finalproject_ws/build/keyboard' returned '0': CMAKE_PREFIX_PATH=${CMAKE_PREFIX_PATH}:/opt/ros/humble /usr/bin/cmake --build /home/farelfebryan/finalproject_ws/build/keyboard -- -j8 -l8
[0.133s] Invoking command in '/home/farelfebryan/finalproject_ws/build/keyboard': CMAKE_PREFIX_PATH=${CMAKE_PREFIX_PATH}:/opt/ros/humble /usr/bin/cmake --install /home/farelfebryan/finalproject_ws/build/keyboard
[0.143s] -- Install configuration: ""
[0.144s] -- Up-to-date: /home/farelfebryan/finalproject_ws/install/keyboard/lib/keyboard/keyboard
[0.146s] -- Up-to-date: /home/farelfebryan/finalproject_ws/install/keyboard/share/ament_index/resource_index/package_run_dependencies/keyboard
[0.146s] -- Up-to-date: /home/farelfebryan/finalproject_ws/install/keyboard/share/ament_index/resource_index/parent_prefix_path/keyboard
[0.147s] -- Up-to-date: /home/farelfebryan/finalproject_ws/install/keyboard/share/keyboard/environment/ament_prefix_path.sh
[0.147s] -- Up-to-date: /home/farelfebryan/finalproject_ws/install/keyboard/share/keyboard/environment/ament_prefix_path.dsv
[0.147s] -- Up-to-date: /home/farelfebryan/finalproject_ws/install/keyboard/share/keyboard/environment/path.sh
[0.147s] -- Up-to-date: /home/farelfebryan/finalproject_ws/install/keyboard/share/keyboard/environment/path.dsv
[0.147s] -- Up-to-date: /home/farelfebryan/finalproject_ws/install/keyboard/share/keyboard/local_setup.bash
[0.147s] -- Up-to-date: /home/farelfebryan/finalproject_ws/install/keyboard/share/keyboard/local_setup.sh
[0.147s] -- Up-to-date: /home/farelfebryan/finalproject_ws/install/keyboard/share/keyboard/local_setup.zsh
[0.147s] -- Up-to-date: /home/farelfebryan/finalproject_ws/install/keyboard/share/keyboard/local_setup.dsv
[0.147s] -- Installing: /home/farelfebryan/finalproject_ws/install/keyboard/share/keyboard/package.dsv
[0.147s] -- Up-to-date: /home/farelfebryan/finalproject_ws/install/keyboard/share/ament_index/resource_index/packages/keyboard
[0.147s] -- Up-to-date: /home/farelfebryan/finalproject_ws/install/keyboard/share/keyboard/cmake/keyboardConfig.cmake
[0.147s] -- Up-to-date: /home/farelfebryan/finalproject_ws/install/keyboard/share/keyboard/cmake/keyboardConfig-version.cmake
[0.147s] -- Up-to-date: /home/farelfebryan/finalproject_ws/install/keyboard/share/keyboard/package.xml
[0.163s] Invoked command in '/home/farelfebryan/finalproject_ws/build/keyboard' returned '0': CMAKE_PREFIX_PATH=${CMAKE_PREFIX_PATH}:/opt/ros/humble /usr/bin/cmake --install /home/farelfebryan/finalproject_ws/build/keyboard
