[0.035s] Invoking command in '/home/farelfebryan/finalproject_ws/build/bola': CMAKE_PREFIX_PATH=${CMAKE_PREFIX_PATH}:/opt/ros/humble /usr/bin/cmake --build /home/farelfebryan/finalproject_ws/build/bola -- -j8 -l8
[0.107s] [100%] Built target ball_follower
[0.136s] Invoked command in '/home/farelfebryan/finalproject_ws/build/bola' returned '0': CMAKE_PREFIX_PATH=${CMAKE_PREFIX_PATH}:/opt/ros/humble /usr/bin/cmake --build /home/farelfebryan/finalproject_ws/build/bola -- -j8 -l8
[0.182s] Invoking command in '/home/farelfebryan/finalproject_ws/build/bola': CMAKE_PREFIX_PATH=${CMAKE_PREFIX_PATH}:/opt/ros/humble /usr/bin/cmake --install /home/farelfebryan/finalproject_ws/build/bola
[0.195s] -- Install configuration: ""
[0.196s] -- Up-to-date: /home/farelfebryan/finalproject_ws/install/bola/lib/bola/ball_follower
[0.196s] -- Up-to-date: /home/farelfebryan/finalproject_ws/install/bola/share/ament_index/resource_index/package_run_dependencies/bola
[0.196s] -- Up-to-date: /home/farelfebryan/finalproject_ws/install/bola/share/ament_index/resource_index/parent_prefix_path/bola
[0.197s] -- Up-to-date: /home/farelfebryan/finalproject_ws/install/bola/share/bola/environment/ament_prefix_path.sh
[0.197s] -- Up-to-date: /home/farelfebryan/finalproject_ws/install/bola/share/bola/environment/ament_prefix_path.dsv
[0.197s] -- Up-to-date: /home/farelfebryan/finalproject_ws/install/bola/share/bola/environment/path.sh
[0.197s] -- Up-to-date: /home/farelfebryan/finalproject_ws/install/bola/share/bola/environment/path.dsv
[0.197s] -- Up-to-date: /home/farelfebryan/finalproject_ws/install/bola/share/bola/local_setup.bash
[0.198s] -- Up-to-date: /home/farelfebryan/finalproject_ws/install/bola/share/bola/local_setup.sh
[0.198s] -- Up-to-date: /home/farelfebryan/finalproject_ws/install/bola/share/bola/local_setup.zsh
[0.198s] -- Up-to-date: /home/farelfebryan/finalproject_ws/install/bola/share/bola/local_setup.dsv
[0.199s] -- Installing: /home/farelfebryan/finalproject_ws/install/bola/share/bola/package.dsv
[0.200s] -- Up-to-date: /home/farelfebryan/finalproject_ws/install/bola/share/ament_index/resource_index/packages/bola
[0.201s] -- Up-to-date: /home/farelfebryan/finalproject_ws/install/bola/share/bola/cmake/bolaConfig.cmake
[0.201s] -- Up-to-date: /home/farelfebryan/finalproject_ws/install/bola/share/bola/cmake/bolaConfig-version.cmake
[0.201s] -- Up-to-date: /home/farelfebryan/finalproject_ws/install/bola/share/bola/package.xml
[0.228s] Invoked command in '/home/farelfebryan/finalproject_ws/build/bola' returned '0': CMAKE_PREFIX_PATH=${CMAKE_PREFIX_PATH}:/opt/ros/humble /usr/bin/cmake --install /home/farelfebryan/finalproject_ws/build/bola
