[ 50%] Built target robot_follower
[ 75%] [32mBuilding CXX object CMakeFiles/ball_detector.dir/src/deteksibola.cpp.o[0m
[01m[K/home/farelfebryan/finalproject_ws/src/bola/src/deteksibola.cpp:[m[K In member function ‘[01m[Kvoid BallFollower::imageCallback(sensor_msgs::msg::Image_<std::allocator<void> >::SharedPtr)[m[K’:
[01m[K/home/farelfebryan/finalproject_ws/src/bola/src/deteksibola.cpp:51:20:[m[K [01;35m[Kwarning: [m[Kunused variable ‘[01m[Kball_y[m[K’ [[01;35m[K]8;;https://gcc.gnu.org/onlinedocs/gcc/Warning-Options.html#index-Wunused-variable-Wunused-variable]8;;[m[K]
   51 |             double [01;35m[Kball_y[m[K = moments.m01 / moments.m00;
      |                    [01;35m[K^~~~~~[m[K
[100%] [32m[1mLinking CXX executable ball_detector[0m
[100%] Built target ball_detector
-- Install configuration: ""
-- Installing: /home/farelfebryan/finalproject_ws/install/bola/lib/bola/ball_detector
-- Set runtime path of "/home/farelfebryan/finalproject_ws/install/bola/lib/bola/ball_detector" to ""
-- Up-to-date: /home/farelfebryan/finalproject_ws/install/bola/lib/bola/robot_follower
-- Up-to-date: /home/farelfebryan/finalproject_ws/install/bola/share/ament_index/resource_index/package_run_dependencies/bola
-- Up-to-date: /home/farelfebryan/finalproject_ws/install/bola/share/ament_index/resource_index/parent_prefix_path/bola
-- Up-to-date: /home/farelfebryan/finalproject_ws/install/bola/share/bola/environment/ament_prefix_path.sh
-- Up-to-date: /home/farelfebryan/finalproject_ws/install/bola/share/bola/environment/ament_prefix_path.dsv
-- Up-to-date: /home/farelfebryan/finalproject_ws/install/bola/share/bola/environment/path.sh
-- Up-to-date: /home/farelfebryan/finalproject_ws/install/bola/share/bola/environment/path.dsv
-- Up-to-date: /home/farelfebryan/finalproject_ws/install/bola/share/bola/local_setup.bash
-- Up-to-date: /home/farelfebryan/finalproject_ws/install/bola/share/bola/local_setup.sh
-- Up-to-date: /home/farelfebryan/finalproject_ws/install/bola/share/bola/local_setup.zsh
-- Up-to-date: /home/farelfebryan/finalproject_ws/install/bola/share/bola/local_setup.dsv
-- Installing: /home/farelfebryan/finalproject_ws/install/bola/share/bola/package.dsv
-- Up-to-date: /home/farelfebryan/finalproject_ws/install/bola/share/ament_index/resource_index/packages/bola
-- Up-to-date: /home/farelfebryan/finalproject_ws/install/bola/share/bola/cmake/bolaConfig.cmake
-- Up-to-date: /home/farelfebryan/finalproject_ws/install/bola/share/bola/cmake/bolaConfig-version.cmake
-- Up-to-date: /home/farelfebryan/finalproject_ws/install/bola/share/bola/package.xml
