[35m[1mConsolidate compiler generated dependencies of target joystick[0m
[ 50%] [32mBuilding CXX object CMakeFiles/joystick.dir/src/joystick.cpp.o[0m
[100%] [32m[1mLinking CXX executable joystick[0m
[100%] Built target joystick
-- Install configuration: ""
-- Installing: /home/farelfebryan/finalproject_ws/install/joystick/lib/joystick/joystick
-- Set runtime path of "/home/farelfebryan/finalproject_ws/install/joystick/lib/joystick/joystick" to ""
-- Up-to-date: /home/farelfebryan/finalproject_ws/install/joystick/share/ament_index/resource_index/package_run_dependencies/joystick
-- Up-to-date: /home/farelfebryan/finalproject_ws/install/joystick/share/ament_index/resource_index/parent_prefix_path/joystick
-- Up-to-date: /home/farelfebryan/finalproject_ws/install/joystick/share/joystick/environment/ament_prefix_path.sh
-- Up-to-date: /home/farelfebryan/finalproject_ws/install/joystick/share/joystick/environment/ament_prefix_path.dsv
-- Up-to-date: /home/farelfebryan/finalproject_ws/install/joystick/share/joystick/environment/path.sh
-- Up-to-date: /home/farelfebryan/finalproject_ws/install/joystick/share/joystick/environment/path.dsv
-- Up-to-date: /home/farelfebryan/finalproject_ws/install/joystick/share/joystick/local_setup.bash
-- Up-to-date: /home/farelfebryan/finalproject_ws/install/joystick/share/joystick/local_setup.sh
-- Up-to-date: /home/farelfebryan/finalproject_ws/install/joystick/share/joystick/local_setup.zsh
-- Up-to-date: /home/farelfebryan/finalproject_ws/install/joystick/share/joystick/local_setup.dsv
-- Installing: /home/farelfebryan/finalproject_ws/install/joystick/share/joystick/package.dsv
-- Up-to-date: /home/farelfebryan/finalproject_ws/install/joystick/share/ament_index/resource_index/packages/joystick
-- Up-to-date: /home/farelfebryan/finalproject_ws/install/joystick/share/joystick/cmake/joystickConfig.cmake
-- Up-to-date: /home/farelfebryan/finalproject_ws/install/joystick/share/joystick/cmake/joystickConfig-version.cmake
-- Up-to-date: /home/farelfebryan/finalproject_ws/install/joystick/share/joystick/package.xml
