[0.039s] Invoking command in '/home/farelfebryan/finalproject_ws/build/pid': CMAKE_PREFIX_PATH=${CMAKE_PREFIX_PATH}:/opt/ros/humble /usr/bin/cmake --build /home/farelfebryan/finalproject_ws/build/pid -- -j8 -l8
[0.123s] [100%] Built target move_target
[0.186s] Invoked command in '/home/farelfebryan/finalproject_ws/build/pid' returned '0': CMAKE_PREFIX_PATH=${CMAKE_PREFIX_PATH}:/opt/ros/humble /usr/bin/cmake --build /home/farelfebryan/finalproject_ws/build/pid -- -j8 -l8
[0.246s] Invoking command in '/home/farelfebryan/finalproject_ws/build/pid': CMAKE_PREFIX_PATH=${CMAKE_PREFIX_PATH}:/opt/ros/humble /usr/bin/cmake --install /home/farelfebryan/finalproject_ws/build/pid
[0.272s] -- Install configuration: ""
[0.273s] -- Up-to-date: /home/farelfebryan/finalproject_ws/install/pid/lib/pid/move_target
[0.275s] -- Up-to-date: /home/farelfebryan/finalproject_ws/install/pid/share/ament_index/resource_index/package_run_dependencies/pid
[0.275s] -- Up-to-date: /home/farelfebryan/finalproject_ws/install/pid/share/ament_index/resource_index/parent_prefix_path/pid
[0.275s] -- Up-to-date: /home/farelfebryan/finalproject_ws/install/pid/share/pid/environment/ament_prefix_path.sh
[0.275s] -- Up-to-date: /home/farelfebryan/finalproject_ws/install/pid/share/pid/environment/ament_prefix_path.dsv
[0.275s] -- Up-to-date: /home/farelfebryan/finalproject_ws/install/pid/share/pid/environment/path.sh
[0.276s] -- Up-to-date: /home/farelfebryan/finalproject_ws/install/pid/share/pid/environment/path.dsv
[0.276s] -- Up-to-date: /home/farelfebryan/finalproject_ws/install/pid/share/pid/local_setup.bash
[0.276s] -- Up-to-date: /home/farelfebryan/finalproject_ws/install/pid/share/pid/local_setup.sh
[0.276s] -- Up-to-date: /home/farelfebryan/finalproject_ws/install/pid/share/pid/local_setup.zsh
[0.276s] -- Up-to-date: /home/farelfebryan/finalproject_ws/install/pid/share/pid/local_setup.dsv
[0.280s] -- Installing: /home/farelfebryan/finalproject_ws/install/pid/share/pid/package.dsv
[0.281s] -- Up-to-date: /home/farelfebryan/finalproject_ws/install/pid/share/ament_index/resource_index/packages/pid
[0.282s] -- Up-to-date: /home/farelfebryan/finalproject_ws/install/pid/share/pid/cmake/pidConfig.cmake
[0.283s] -- Up-to-date: /home/farelfebryan/finalproject_ws/install/pid/share/pid/cmake/pidConfig-version.cmake
[0.284s] -- Up-to-date: /home/farelfebryan/finalproject_ws/install/pid/share/pid/package.xml
[0.351s] Invoked command in '/home/farelfebryan/finalproject_ws/build/pid' returned '0': CMAKE_PREFIX_PATH=${CMAKE_PREFIX_PATH}:/opt/ros/humble /usr/bin/cmake --install /home/farelfebryan/finalproject_ws/build/pid
