[0.118s] DEBUG:colcon:Command line arguments: ['/usr/bin/colcon', 'build']
[0.118s] DEBUG:colcon:Parsed command line arguments: Namespace(log_base=None, log_level=None, verb_name='build', build_base='build', install_base='install', merge_install=False, symlink_install=False, test_result_base=None, continue_on_error=False, executor='parallel', parallel_workers=8, event_handlers=None, ignore_user_meta=False, metas=['./colcon.meta'], base_paths=['.'], packages_ignore=None, packages_ignore_regex=None, paths=None, packages_up_to=None, packages_up_to_regex=None, packages_above=None, packages_above_and_dependencies=None, packages_above_depth=None, packages_select_by_dep=None, packages_skip_by_dep=None, packages_skip_up_to=None, packages_select_build_failed=False, packages_skip_build_finished=False, packages_select_test_failures=False, packages_skip_test_passed=False, packages_select=None, packages_skip=None, packages_select_regex=None, packages_skip_regex=None, packages_start=None, packages_end=None, allow_overriding=[], cmake_args=None, cmake_target=None, cmake_target_skip_unavailable=False, cmake_clean_cache=False, cmake_clean_first=False, cmake_force_configure=False, ament_cmake_args=None, catkin_cmake_args=None, catkin_skip_building_tests=False, verb_parser=<colcon_defaults.argument_parser.defaults.DefaultArgumentsDecorator object at 0x7159f1544700>, verb_extension=<colcon_core.verb.build.BuildVerb object at 0x7159f16492d0>, main=<bound method BuildVerb.main of <colcon_core.verb.build.BuildVerb object at 0x7159f16492d0>>)
[0.320s] Level 1:colcon.colcon_core.package_discovery:discover_packages(colcon_meta) check parameters
[0.321s] Level 1:colcon.colcon_core.package_discovery:discover_packages(recursive) check parameters
[0.321s] Level 1:colcon.colcon_core.package_discovery:discover_packages(ignore) check parameters
[0.321s] Level 1:colcon.colcon_core.package_discovery:discover_packages(path) check parameters
[0.321s] Level 1:colcon.colcon_core.package_discovery:discover_packages(colcon_meta) discover
[0.321s] Level 1:colcon.colcon_core.package_discovery:discover_packages(recursive) discover
[0.321s] INFO:colcon.colcon_core.package_discovery:Crawling recursively for packages in '/home/farelfebryan/finalproject_ws'
[0.321s] Level 1:colcon.colcon_core.package_identification:_identify(.) by extensions ['ignore', 'ignore_ament_install']
[0.321s] Level 1:colcon.colcon_core.package_identification:_identify(.) by extension 'ignore'
[0.321s] Level 1:colcon.colcon_core.package_identification:_identify(.) by extension 'ignore_ament_install'
[0.321s] Level 1:colcon.colcon_core.package_identification:_identify(.) by extensions ['colcon_pkg']
[0.321s] Level 1:colcon.colcon_core.package_identification:_identify(.) by extension 'colcon_pkg'
[0.321s] Level 1:colcon.colcon_core.package_identification:_identify(.) by extensions ['colcon_meta']
[0.321s] Level 1:colcon.colcon_core.package_identification:_identify(.) by extension 'colcon_meta'
[0.321s] Level 1:colcon.colcon_core.package_identification:_identify(.) by extensions ['ros']
[0.321s] Level 1:colcon.colcon_core.package_identification:_identify(.) by extension 'ros'
[0.335s] Level 1:colcon.colcon_core.package_identification:_identify(.) by extensions ['cmake', 'python']
[0.335s] Level 1:colcon.colcon_core.package_identification:_identify(.) by extension 'cmake'
[0.335s] Level 1:colcon.colcon_core.package_identification:_identify(.) by extension 'python'
[0.335s] Level 1:colcon.colcon_core.package_identification:_identify(.) by extensions ['python_setup_py']
[0.335s] Level 1:colcon.colcon_core.package_identification:_identify(.) by extension 'python_setup_py'
[0.335s] Level 1:colcon.colcon_core.package_identification:_identify(build) by extensions ['ignore', 'ignore_ament_install']
[0.335s] Level 1:colcon.colcon_core.package_identification:_identify(build) by extension 'ignore'
[0.335s] Level 1:colcon.colcon_core.package_identification:_identify(build) ignored
[0.335s] Level 1:colcon.colcon_core.package_identification:_identify(install) by extensions ['ignore', 'ignore_ament_install']
[0.335s] Level 1:colcon.colcon_core.package_identification:_identify(install) by extension 'ignore'
[0.335s] Level 1:colcon.colcon_core.package_identification:_identify(install) ignored
[0.335s] Level 1:colcon.colcon_core.package_identification:_identify(joystick) by extensions ['ignore', 'ignore_ament_install']
[0.336s] Level 1:colcon.colcon_core.package_identification:_identify(joystick) by extension 'ignore'
[0.336s] Level 1:colcon.colcon_core.package_identification:_identify(joystick) by extension 'ignore_ament_install'
[0.336s] Level 1:colcon.colcon_core.package_identification:_identify(joystick) by extensions ['colcon_pkg']
[0.336s] Level 1:colcon.colcon_core.package_identification:_identify(joystick) by extension 'colcon_pkg'
[0.336s] Level 1:colcon.colcon_core.package_identification:_identify(joystick) by extensions ['colcon_meta']
[0.336s] Level 1:colcon.colcon_core.package_identification:_identify(joystick) by extension 'colcon_meta'
[0.336s] Level 1:colcon.colcon_core.package_identification:_identify(joystick) by extensions ['ros']
[0.336s] Level 1:colcon.colcon_core.package_identification:_identify(joystick) by extension 'ros'
[0.338s] DEBUG:colcon.colcon_core.package_identification:Package 'joystick' with type 'ros.ament_cmake' and name 'joystick'
[0.339s] Level 1:colcon.colcon_core.package_identification:_identify(log) by extensions ['ignore', 'ignore_ament_install']
[0.339s] Level 1:colcon.colcon_core.package_identification:_identify(log) by extension 'ignore'
[0.339s] Level 1:colcon.colcon_core.package_identification:_identify(log) ignored
[0.339s] Level 1:colcon.colcon_core.package_identification:_identify(src) by extensions ['ignore', 'ignore_ament_install']
[0.339s] Level 1:colcon.colcon_core.package_identification:_identify(src) by extension 'ignore'
[0.339s] Level 1:colcon.colcon_core.package_identification:_identify(src) by extension 'ignore_ament_install'
[0.339s] Level 1:colcon.colcon_core.package_identification:_identify(src) by extensions ['colcon_pkg']
[0.339s] Level 1:colcon.colcon_core.package_identification:_identify(src) by extension 'colcon_pkg'
[0.339s] Level 1:colcon.colcon_core.package_identification:_identify(src) by extensions ['colcon_meta']
[0.339s] Level 1:colcon.colcon_core.package_identification:_identify(src) by extension 'colcon_meta'
[0.339s] Level 1:colcon.colcon_core.package_identification:_identify(src) by extensions ['ros']
[0.339s] Level 1:colcon.colcon_core.package_identification:_identify(src) by extension 'ros'
[0.339s] Level 1:colcon.colcon_core.package_identification:_identify(src) by extensions ['cmake', 'python']
[0.339s] Level 1:colcon.colcon_core.package_identification:_identify(src) by extension 'cmake'
[0.339s] Level 1:colcon.colcon_core.package_identification:_identify(src) by extension 'python'
[0.340s] Level 1:colcon.colcon_core.package_identification:_identify(src) by extensions ['python_setup_py']
[0.340s] Level 1:colcon.colcon_core.package_identification:_identify(src) by extension 'python_setup_py'
[0.340s] Level 1:colcon.colcon_core.package_identification:_identify(src/bola) by extensions ['ignore', 'ignore_ament_install']
[0.340s] Level 1:colcon.colcon_core.package_identification:_identify(src/bola) by extension 'ignore'
[0.340s] Level 1:colcon.colcon_core.package_identification:_identify(src/bola) by extension 'ignore_ament_install'
[0.340s] Level 1:colcon.colcon_core.package_identification:_identify(src/bola) by extensions ['colcon_pkg']
[0.340s] Level 1:colcon.colcon_core.package_identification:_identify(src/bola) by extension 'colcon_pkg'
[0.340s] Level 1:colcon.colcon_core.package_identification:_identify(src/bola) by extensions ['colcon_meta']
[0.340s] Level 1:colcon.colcon_core.package_identification:_identify(src/bola) by extension 'colcon_meta'
[0.340s] Level 1:colcon.colcon_core.package_identification:_identify(src/bola) by extensions ['ros']
[0.340s] Level 1:colcon.colcon_core.package_identification:_identify(src/bola) by extension 'ros'
[0.341s] DEBUG:colcon.colcon_core.package_identification:Package 'src/bola' with type 'ros.ament_cmake' and name 'bola'
[0.341s] Level 1:colcon.colcon_core.package_identification:_identify(src/finalproject) by extensions ['ignore', 'ignore_ament_install']
[0.341s] Level 1:colcon.colcon_core.package_identification:_identify(src/finalproject) by extension 'ignore'
[0.341s] Level 1:colcon.colcon_core.package_identification:_identify(src/finalproject) by extension 'ignore_ament_install'
[0.341s] Level 1:colcon.colcon_core.package_identification:_identify(src/finalproject) by extensions ['colcon_pkg']
[0.341s] Level 1:colcon.colcon_core.package_identification:_identify(src/finalproject) by extension 'colcon_pkg'
[0.341s] Level 1:colcon.colcon_core.package_identification:_identify(src/finalproject) by extensions ['colcon_meta']
[0.341s] Level 1:colcon.colcon_core.package_identification:_identify(src/finalproject) by extension 'colcon_meta'
[0.341s] Level 1:colcon.colcon_core.package_identification:_identify(src/finalproject) by extensions ['ros']
[0.341s] Level 1:colcon.colcon_core.package_identification:_identify(src/finalproject) by extension 'ros'
[0.342s] DEBUG:colcon.colcon_core.package_identification:Package 'src/finalproject' with type 'ros.ament_cmake' and name 'finalproject'
[0.342s] Level 1:colcon.colcon_core.package_identification:_identify(src/keliling) by extensions ['ignore', 'ignore_ament_install']
[0.342s] Level 1:colcon.colcon_core.package_identification:_identify(src/keliling) by extension 'ignore'
[0.342s] Level 1:colcon.colcon_core.package_identification:_identify(src/keliling) by extension 'ignore_ament_install'
[0.342s] Level 1:colcon.colcon_core.package_identification:_identify(src/keliling) by extensions ['colcon_pkg']
[0.342s] Level 1:colcon.colcon_core.package_identification:_identify(src/keliling) by extension 'colcon_pkg'
[0.342s] Level 1:colcon.colcon_core.package_identification:_identify(src/keliling) by extensions ['colcon_meta']
[0.342s] Level 1:colcon.colcon_core.package_identification:_identify(src/keliling) by extension 'colcon_meta'
[0.342s] Level 1:colcon.colcon_core.package_identification:_identify(src/keliling) by extensions ['ros']
[0.342s] Level 1:colcon.colcon_core.package_identification:_identify(src/keliling) by extension 'ros'
[0.343s] DEBUG:colcon.colcon_core.package_identification:Package 'src/keliling' with type 'ros.ament_cmake' and name 'keliling'
[0.343s] Level 1:colcon.colcon_core.package_identification:_identify(src/keyboard) by extensions ['ignore', 'ignore_ament_install']
[0.343s] Level 1:colcon.colcon_core.package_identification:_identify(src/keyboard) by extension 'ignore'
[0.343s] Level 1:colcon.colcon_core.package_identification:_identify(src/keyboard) by extension 'ignore_ament_install'
[0.343s] Level 1:colcon.colcon_core.package_identification:_identify(src/keyboard) by extensions ['colcon_pkg']
[0.343s] Level 1:colcon.colcon_core.package_identification:_identify(src/keyboard) by extension 'colcon_pkg'
[0.343s] Level 1:colcon.colcon_core.package_identification:_identify(src/keyboard) by extensions ['colcon_meta']
[0.343s] Level 1:colcon.colcon_core.package_identification:_identify(src/keyboard) by extension 'colcon_meta'
[0.343s] Level 1:colcon.colcon_core.package_identification:_identify(src/keyboard) by extensions ['ros']
[0.344s] Level 1:colcon.colcon_core.package_identification:_identify(src/keyboard) by extension 'ros'
[0.344s] DEBUG:colcon.colcon_core.package_identification:Package 'src/keyboard' with type 'ros.ament_cmake' and name 'keyboard'
[0.344s] Level 1:colcon.colcon_core.package_identification:_identify(src/pid) by extensions ['ignore', 'ignore_ament_install']
[0.344s] Level 1:colcon.colcon_core.package_identification:_identify(src/pid) by extension 'ignore'
[0.345s] Level 1:colcon.colcon_core.package_identification:_identify(src/pid) by extension 'ignore_ament_install'
[0.345s] Level 1:colcon.colcon_core.package_identification:_identify(src/pid) by extensions ['colcon_pkg']
[0.345s] Level 1:colcon.colcon_core.package_identification:_identify(src/pid) by extension 'colcon_pkg'
[0.345s] Level 1:colcon.colcon_core.package_identification:_identify(src/pid) by extensions ['colcon_meta']
[0.345s] Level 1:colcon.colcon_core.package_identification:_identify(src/pid) by extension 'colcon_meta'
[0.345s] Level 1:colcon.colcon_core.package_identification:_identify(src/pid) by extensions ['ros']
[0.345s] Level 1:colcon.colcon_core.package_identification:_identify(src/pid) by extension 'ros'
[0.346s] DEBUG:colcon.colcon_core.package_identification:Package 'src/pid' with type 'ros.ament_cmake' and name 'pid'
[0.346s] Level 1:colcon.colcon_core.package_discovery:discover_packages(recursive) using defaults
[0.346s] Level 1:colcon.colcon_core.package_discovery:discover_packages(ignore) discover
[0.346s] Level 1:colcon.colcon_core.package_discovery:discover_packages(ignore) using defaults
[0.346s] Level 1:colcon.colcon_core.package_discovery:discover_packages(path) discover
[0.346s] Level 1:colcon.colcon_core.package_discovery:discover_packages(path) using defaults
[0.382s] Level 1:colcon.colcon_core.package_discovery:discover_packages(prefix_path) check parameters
[0.382s] Level 1:colcon.colcon_core.package_discovery:discover_packages(prefix_path) discover
[0.384s] DEBUG:colcon.colcon_installed_package_information.package_discovery:Found 6 installed packages in /home/farelfebryan/finalproject_ws/install
[0.384s] DEBUG:colcon.colcon_installed_package_information.package_discovery:Found 1 installed packages in /home/farelfebryan/workspace/install
[0.386s] DEBUG:colcon.colcon_installed_package_information.package_discovery:Found 332 installed packages in /opt/ros/humble
[0.388s] Level 1:colcon.colcon_core.package_discovery:discover_packages(prefix_path) using defaults
[0.439s] Level 5:colcon.colcon_core.verb:set package 'bola' build argument 'cmake_args' from command line to 'None'
[0.439s] Level 5:colcon.colcon_core.verb:set package 'bola' build argument 'cmake_target' from command line to 'None'
[0.439s] Level 5:colcon.colcon_core.verb:set package 'bola' build argument 'cmake_target_skip_unavailable' from command line to 'False'
[0.439s] Level 5:colcon.colcon_core.verb:set package 'bola' build argument 'cmake_clean_cache' from command line to 'False'
[0.439s] Level 5:colcon.colcon_core.verb:set package 'bola' build argument 'cmake_clean_first' from command line to 'False'
[0.439s] Level 5:colcon.colcon_core.verb:set package 'bola' build argument 'cmake_force_configure' from command line to 'False'
[0.439s] Level 5:colcon.colcon_core.verb:set package 'bola' build argument 'ament_cmake_args' from command line to 'None'
[0.439s] Level 5:colcon.colcon_core.verb:set package 'bola' build argument 'catkin_cmake_args' from command line to 'None'
[0.439s] Level 5:colcon.colcon_core.verb:set package 'bola' build argument 'catkin_skip_building_tests' from command line to 'False'
[0.439s] DEBUG:colcon.colcon_core.verb:Building package 'bola' with the following arguments: {'ament_cmake_args': None, 'build_base': '/home/farelfebryan/finalproject_ws/build/bola', 'catkin_cmake_args': None, 'catkin_skip_building_tests': False, 'cmake_args': None, 'cmake_clean_cache': False, 'cmake_clean_first': False, 'cmake_force_configure': False, 'cmake_target': None, 'cmake_target_skip_unavailable': False, 'install_base': '/home/farelfebryan/finalproject_ws/install/bola', 'merge_install': False, 'path': '/home/farelfebryan/finalproject_ws/src/bola', 'symlink_install': False, 'test_result_base': None}
[0.439s] Level 5:colcon.colcon_core.verb:set package 'finalproject' build argument 'cmake_args' from command line to 'None'
[0.439s] Level 5:colcon.colcon_core.verb:set package 'finalproject' build argument 'cmake_target' from command line to 'None'
[0.440s] Level 5:colcon.colcon_core.verb:set package 'finalproject' build argument 'cmake_target_skip_unavailable' from command line to 'False'
[0.440s] Level 5:colcon.colcon_core.verb:set package 'finalproject' build argument 'cmake_clean_cache' from command line to 'False'
[0.440s] Level 5:colcon.colcon_core.verb:set package 'finalproject' build argument 'cmake_clean_first' from command line to 'False'
[0.440s] Level 5:colcon.colcon_core.verb:set package 'finalproject' build argument 'cmake_force_configure' from command line to 'False'
[0.440s] Level 5:colcon.colcon_core.verb:set package 'finalproject' build argument 'ament_cmake_args' from command line to 'None'
[0.440s] Level 5:colcon.colcon_core.verb:set package 'finalproject' build argument 'catkin_cmake_args' from command line to 'None'
[0.440s] Level 5:colcon.colcon_core.verb:set package 'finalproject' build argument 'catkin_skip_building_tests' from command line to 'False'
[0.440s] DEBUG:colcon.colcon_core.verb:Building package 'finalproject' with the following arguments: {'ament_cmake_args': None, 'build_base': '/home/farelfebryan/finalproject_ws/build/finalproject', 'catkin_cmake_args': None, 'catkin_skip_building_tests': False, 'cmake_args': None, 'cmake_clean_cache': False, 'cmake_clean_first': False, 'cmake_force_configure': False, 'cmake_target': None, 'cmake_target_skip_unavailable': False, 'install_base': '/home/farelfebryan/finalproject_ws/install/finalproject', 'merge_install': False, 'path': '/home/farelfebryan/finalproject_ws/src/finalproject', 'symlink_install': False, 'test_result_base': None}
[0.440s] Level 5:colcon.colcon_core.verb:set package 'joystick' build argument 'cmake_args' from command line to 'None'
[0.440s] Level 5:colcon.colcon_core.verb:set package 'joystick' build argument 'cmake_target' from command line to 'None'
[0.440s] Level 5:colcon.colcon_core.verb:set package 'joystick' build argument 'cmake_target_skip_unavailable' from command line to 'False'
[0.440s] Level 5:colcon.colcon_core.verb:set package 'joystick' build argument 'cmake_clean_cache' from command line to 'False'
[0.440s] Level 5:colcon.colcon_core.verb:set package 'joystick' build argument 'cmake_clean_first' from command line to 'False'
[0.440s] Level 5:colcon.colcon_core.verb:set package 'joystick' build argument 'cmake_force_configure' from command line to 'False'
[0.440s] Level 5:colcon.colcon_core.verb:set package 'joystick' build argument 'ament_cmake_args' from command line to 'None'
[0.440s] Level 5:colcon.colcon_core.verb:set package 'joystick' build argument 'catkin_cmake_args' from command line to 'None'
[0.440s] Level 5:colcon.colcon_core.verb:set package 'joystick' build argument 'catkin_skip_building_tests' from command line to 'False'
[0.440s] DEBUG:colcon.colcon_core.verb:Building package 'joystick' with the following arguments: {'ament_cmake_args': None, 'build_base': '/home/farelfebryan/finalproject_ws/build/joystick', 'catkin_cmake_args': None, 'catkin_skip_building_tests': False, 'cmake_args': None, 'cmake_clean_cache': False, 'cmake_clean_first': False, 'cmake_force_configure': False, 'cmake_target': None, 'cmake_target_skip_unavailable': False, 'install_base': '/home/farelfebryan/finalproject_ws/install/joystick', 'merge_install': False, 'path': '/home/farelfebryan/finalproject_ws/joystick', 'symlink_install': False, 'test_result_base': None}
[0.441s] Level 5:colcon.colcon_core.verb:set package 'keliling' build argument 'cmake_args' from command line to 'None'
[0.441s] Level 5:colcon.colcon_core.verb:set package 'keliling' build argument 'cmake_target' from command line to 'None'
[0.441s] Level 5:colcon.colcon_core.verb:set package 'keliling' build argument 'cmake_target_skip_unavailable' from command line to 'False'
[0.441s] Level 5:colcon.colcon_core.verb:set package 'keliling' build argument 'cmake_clean_cache' from command line to 'False'
[0.441s] Level 5:colcon.colcon_core.verb:set package 'keliling' build argument 'cmake_clean_first' from command line to 'False'
[0.441s] Level 5:colcon.colcon_core.verb:set package 'keliling' build argument 'cmake_force_configure' from command line to 'False'
[0.441s] Level 5:colcon.colcon_core.verb:set package 'keliling' build argument 'ament_cmake_args' from command line to 'None'
[0.441s] Level 5:colcon.colcon_core.verb:set package 'keliling' build argument 'catkin_cmake_args' from command line to 'None'
[0.441s] Level 5:colcon.colcon_core.verb:set package 'keliling' build argument 'catkin_skip_building_tests' from command line to 'False'
[0.441s] DEBUG:colcon.colcon_core.verb:Building package 'keliling' with the following arguments: {'ament_cmake_args': None, 'build_base': '/home/farelfebryan/finalproject_ws/build/keliling', 'catkin_cmake_args': None, 'catkin_skip_building_tests': False, 'cmake_args': None, 'cmake_clean_cache': False, 'cmake_clean_first': False, 'cmake_force_configure': False, 'cmake_target': None, 'cmake_target_skip_unavailable': False, 'install_base': '/home/farelfebryan/finalproject_ws/install/keliling', 'merge_install': False, 'path': '/home/farelfebryan/finalproject_ws/src/keliling', 'symlink_install': False, 'test_result_base': None}
[0.441s] Level 5:colcon.colcon_core.verb:set package 'keyboard' build argument 'cmake_args' from command line to 'None'
[0.441s] Level 5:colcon.colcon_core.verb:set package 'keyboard' build argument 'cmake_target' from command line to 'None'
[0.441s] Level 5:colcon.colcon_core.verb:set package 'keyboard' build argument 'cmake_target_skip_unavailable' from command line to 'False'
[0.441s] Level 5:colcon.colcon_core.verb:set package 'keyboard' build argument 'cmake_clean_cache' from command line to 'False'
[0.441s] Level 5:colcon.colcon_core.verb:set package 'keyboard' build argument 'cmake_clean_first' from command line to 'False'
[0.441s] Level 5:colcon.colcon_core.verb:set package 'keyboard' build argument 'cmake_force_configure' from command line to 'False'
[0.441s] Level 5:colcon.colcon_core.verb:set package 'keyboard' build argument 'ament_cmake_args' from command line to 'None'
[0.442s] Level 5:colcon.colcon_core.verb:set package 'keyboard' build argument 'catkin_cmake_args' from command line to 'None'
[0.442s] Level 5:colcon.colcon_core.verb:set package 'keyboard' build argument 'catkin_skip_building_tests' from command line to 'False'
[0.442s] DEBUG:colcon.colcon_core.verb:Building package 'keyboard' with the following arguments: {'ament_cmake_args': None, 'build_base': '/home/farelfebryan/finalproject_ws/build/keyboard', 'catkin_cmake_args': None, 'catkin_skip_building_tests': False, 'cmake_args': None, 'cmake_clean_cache': False, 'cmake_clean_first': False, 'cmake_force_configure': False, 'cmake_target': None, 'cmake_target_skip_unavailable': False, 'install_base': '/home/farelfebryan/finalproject_ws/install/keyboard', 'merge_install': False, 'path': '/home/farelfebryan/finalproject_ws/src/keyboard', 'symlink_install': False, 'test_result_base': None}
[0.442s] Level 5:colcon.colcon_core.verb:set package 'pid' build argument 'cmake_args' from command line to 'None'
[0.442s] Level 5:colcon.colcon_core.verb:set package 'pid' build argument 'cmake_target' from command line to 'None'
[0.442s] Level 5:colcon.colcon_core.verb:set package 'pid' build argument 'cmake_target_skip_unavailable' from command line to 'False'
[0.442s] Level 5:colcon.colcon_core.verb:set package 'pid' build argument 'cmake_clean_cache' from command line to 'False'
[0.442s] Level 5:colcon.colcon_core.verb:set package 'pid' build argument 'cmake_clean_first' from command line to 'False'
[0.442s] Level 5:colcon.colcon_core.verb:set package 'pid' build argument 'cmake_force_configure' from command line to 'False'
[0.442s] Level 5:colcon.colcon_core.verb:set package 'pid' build argument 'ament_cmake_args' from command line to 'None'
[0.442s] Level 5:colcon.colcon_core.verb:set package 'pid' build argument 'catkin_cmake_args' from command line to 'None'
[0.442s] Level 5:colcon.colcon_core.verb:set package 'pid' build argument 'catkin_skip_building_tests' from command line to 'False'
[0.442s] DEBUG:colcon.colcon_core.verb:Building package 'pid' with the following arguments: {'ament_cmake_args': None, 'build_base': '/home/farelfebryan/finalproject_ws/build/pid', 'catkin_cmake_args': None, 'catkin_skip_building_tests': False, 'cmake_args': None, 'cmake_clean_cache': False, 'cmake_clean_first': False, 'cmake_force_configure': False, 'cmake_target': None, 'cmake_target_skip_unavailable': False, 'install_base': '/home/farelfebryan/finalproject_ws/install/pid', 'merge_install': False, 'path': '/home/farelfebryan/finalproject_ws/src/pid', 'symlink_install': False, 'test_result_base': None}
[0.443s] INFO:colcon.colcon_core.executor:Executing jobs using 'parallel' executor
[0.444s] DEBUG:colcon.colcon_parallel_executor.executor.parallel:run_until_complete
[0.444s] INFO:colcon.colcon_ros.task.ament_cmake.build:Building ROS package in '/home/farelfebryan/finalproject_ws/src/bola' with build type 'ament_cmake'
[0.444s] INFO:colcon.colcon_cmake.task.cmake.build:Building CMake package in '/home/farelfebryan/finalproject_ws/src/bola'
[0.448s] INFO:colcon.colcon_core.plugin_system:Skipping extension 'colcon_core.shell.bat': Not used on non-Windows systems
[0.448s] INFO:colcon.colcon_core.shell:Skip shell extension 'powershell' for command environment: Not usable outside of PowerShell
[0.448s] DEBUG:colcon.colcon_core.shell:Skip shell extension 'dsv' for command environment
[0.454s] INFO:colcon.colcon_ros.task.ament_cmake.build:Building ROS package in '/home/farelfebryan/finalproject_ws/src/finalproject' with build type 'ament_cmake'
[0.454s] INFO:colcon.colcon_cmake.task.cmake.build:Building CMake package in '/home/farelfebryan/finalproject_ws/src/finalproject'
[0.454s] INFO:colcon.colcon_core.shell:Skip shell extension 'powershell' for command environment: Not usable outside of PowerShell
[0.454s] DEBUG:colcon.colcon_core.shell:Skip shell extension 'dsv' for command environment
[0.458s] INFO:colcon.colcon_ros.task.ament_cmake.build:Building ROS package in '/home/farelfebryan/finalproject_ws/joystick' with build type 'ament_cmake'
[0.459s] INFO:colcon.colcon_cmake.task.cmake.build:Building CMake package in '/home/farelfebryan/finalproject_ws/joystick'
[0.459s] INFO:colcon.colcon_core.shell:Skip shell extension 'powershell' for command environment: Not usable outside of PowerShell
[0.459s] DEBUG:colcon.colcon_core.shell:Skip shell extension 'dsv' for command environment
[0.465s] INFO:colcon.colcon_ros.task.ament_cmake.build:Building ROS package in '/home/farelfebryan/finalproject_ws/src/keliling' with build type 'ament_cmake'
[0.465s] INFO:colcon.colcon_cmake.task.cmake.build:Building CMake package in '/home/farelfebryan/finalproject_ws/src/keliling'
[0.465s] INFO:colcon.colcon_core.shell:Skip shell extension 'powershell' for command environment: Not usable outside of PowerShell
[0.466s] DEBUG:colcon.colcon_core.shell:Skip shell extension 'dsv' for command environment
[0.470s] INFO:colcon.colcon_ros.task.ament_cmake.build:Building ROS package in '/home/farelfebryan/finalproject_ws/src/keyboard' with build type 'ament_cmake'
[0.470s] INFO:colcon.colcon_cmake.task.cmake.build:Building CMake package in '/home/farelfebryan/finalproject_ws/src/keyboard'
[0.470s] INFO:colcon.colcon_core.shell:Skip shell extension 'powershell' for command environment: Not usable outside of PowerShell
[0.470s] DEBUG:colcon.colcon_core.shell:Skip shell extension 'dsv' for command environment
[0.474s] INFO:colcon.colcon_ros.task.ament_cmake.build:Building ROS package in '/home/farelfebryan/finalproject_ws/src/pid' with build type 'ament_cmake'
[0.474s] INFO:colcon.colcon_cmake.task.cmake.build:Building CMake package in '/home/farelfebryan/finalproject_ws/src/pid'
[0.474s] INFO:colcon.colcon_core.shell:Skip shell extension 'powershell' for command environment: Not usable outside of PowerShell
[0.475s] DEBUG:colcon.colcon_core.shell:Skip shell extension 'dsv' for command environment
[0.488s] DEBUG:colcon.colcon_core.event_handler.log_command:Invoking command in '/home/farelfebryan/finalproject_ws/build/bola': CMAKE_PREFIX_PATH=${CMAKE_PREFIX_PATH}:/opt/ros/humble /usr/bin/cmake --build /home/farelfebryan/finalproject_ws/build/bola -- -j8 -l8
[0.492s] DEBUG:colcon.colcon_core.event_handler.log_command:Invoking command in '/home/farelfebryan/finalproject_ws/build/finalproject': CMAKE_PREFIX_PATH=${CMAKE_PREFIX_PATH}:/opt/ros/humble /usr/bin/cmake --build /home/farelfebryan/finalproject_ws/build/finalproject -- -j8 -l8
[0.496s] DEBUG:colcon.colcon_core.event_handler.log_command:Invoking command in '/home/farelfebryan/finalproject_ws/build/joystick': CMAKE_PREFIX_PATH=${CMAKE_PREFIX_PATH}:/opt/ros/humble /usr/bin/cmake --build /home/farelfebryan/finalproject_ws/build/joystick -- -j8 -l8
[0.502s] DEBUG:colcon.colcon_core.event_handler.log_command:Invoking command in '/home/farelfebryan/finalproject_ws/build/keliling': CMAKE_PREFIX_PATH=${CMAKE_PREFIX_PATH}:/opt/ros/humble /usr/bin/cmake --build /home/farelfebryan/finalproject_ws/build/keliling -- -j8 -l8
[0.505s] DEBUG:colcon.colcon_core.event_handler.log_command:Invoking command in '/home/farelfebryan/finalproject_ws/build/keyboard': CMAKE_PREFIX_PATH=${CMAKE_PREFIX_PATH}:/opt/ros/humble /usr/bin/cmake --build /home/farelfebryan/finalproject_ws/build/keyboard -- -j8 -l8
[0.508s] DEBUG:colcon.colcon_core.event_handler.log_command:Invoking command in '/home/farelfebryan/finalproject_ws/build/pid': CMAKE_PREFIX_PATH=${CMAKE_PREFIX_PATH}:/opt/ros/humble /usr/bin/cmake --build /home/farelfebryan/finalproject_ws/build/pid -- -j8 -l8
[0.551s] DEBUG:colcon.colcon_core.event_handler.log_command:Invoked command in '/home/farelfebryan/finalproject_ws/build/finalproject' returned '0': CMAKE_PREFIX_PATH=${CMAKE_PREFIX_PATH}:/opt/ros/humble /usr/bin/cmake --build /home/farelfebryan/finalproject_ws/build/finalproject -- -j8 -l8
[0.600s] DEBUG:colcon.colcon_core.event_handler.log_command:Invoking command in '/home/farelfebryan/finalproject_ws/build/finalproject': CMAKE_PREFIX_PATH=${CMAKE_PREFIX_PATH}:/opt/ros/humble /usr/bin/cmake --install /home/farelfebryan/finalproject_ws/build/finalproject
[0.603s] DEBUG:colcon.colcon_core.event_handler.log_command:Invoked command in '/home/farelfebryan/finalproject_ws/build/bola' returned '0': CMAKE_PREFIX_PATH=${CMAKE_PREFIX_PATH}:/opt/ros/humble /usr/bin/cmake --build /home/farelfebryan/finalproject_ws/build/bola -- -j8 -l8
[0.606s] DEBUG:colcon.colcon_core.event_handler.log_command:Invoked command in '/home/farelfebryan/finalproject_ws/build/keyboard' returned '0': CMAKE_PREFIX_PATH=${CMAKE_PREFIX_PATH}:/opt/ros/humble /usr/bin/cmake --build /home/farelfebryan/finalproject_ws/build/keyboard -- -j8 -l8
[0.608s] DEBUG:colcon.colcon_core.event_handler.log_command:Invoked command in '/home/farelfebryan/finalproject_ws/build/joystick' returned '0': CMAKE_PREFIX_PATH=${CMAKE_PREFIX_PATH}:/opt/ros/humble /usr/bin/cmake --build /home/farelfebryan/finalproject_ws/build/joystick -- -j8 -l8
[0.615s] DEBUG:colcon.colcon_core.event_handler.log_command:Invoked command in '/home/farelfebryan/finalproject_ws/build/pid' returned '0': CMAKE_PREFIX_PATH=${CMAKE_PREFIX_PATH}:/opt/ros/humble /usr/bin/cmake --build /home/farelfebryan/finalproject_ws/build/pid -- -j8 -l8
[0.626s] Level 1:colcon.colcon_core.environment:create_environment_scripts_only(finalproject)
[0.633s] DEBUG:colcon.colcon_core.event_handler.log_command:Invoked command in '/home/farelfebryan/finalproject_ws/build/finalproject' returned '0': CMAKE_PREFIX_PATH=${CMAKE_PREFIX_PATH}:/opt/ros/humble /usr/bin/cmake --install /home/farelfebryan/finalproject_ws/build/finalproject
[0.634s] Level 1:colcon.colcon_core.environment:checking '/home/farelfebryan/finalproject_ws/install/finalproject' for CMake module files
[0.636s] Level 1:colcon.colcon_core.environment:checking '/home/farelfebryan/finalproject_ws/install/finalproject' for CMake config files
[0.637s] Level 1:colcon.colcon_core.shell:create_environment_hook('finalproject', 'cmake_prefix_path')
[0.637s] INFO:colcon.colcon_core.shell:Creating environment hook '/home/farelfebryan/finalproject_ws/install/finalproject/share/finalproject/hook/cmake_prefix_path.ps1'
[0.638s] INFO:colcon.colcon_core.shell:Creating environment descriptor '/home/farelfebryan/finalproject_ws/install/finalproject/share/finalproject/hook/cmake_prefix_path.dsv'
[0.640s] INFO:colcon.colcon_core.shell:Creating environment hook '/home/farelfebryan/finalproject_ws/install/finalproject/share/finalproject/hook/cmake_prefix_path.sh'
[0.641s] Level 1:colcon.colcon_core.environment:checking '/home/farelfebryan/finalproject_ws/install/finalproject/bin'
[0.642s] Level 1:colcon.colcon_core.environment:checking '/home/farelfebryan/finalproject_ws/install/finalproject/lib/pkgconfig/finalproject.pc'
[0.642s] Level 1:colcon.colcon_core.environment:checking '/home/farelfebryan/finalproject_ws/install/finalproject/lib/python3.10/site-packages'
[0.642s] Level 1:colcon.colcon_core.environment:checking '/home/farelfebryan/finalproject_ws/install/finalproject/bin'
[0.643s] INFO:colcon.colcon_core.shell:Creating package script '/home/farelfebryan/finalproject_ws/install/finalproject/share/finalproject/package.ps1'
[0.645s] INFO:colcon.colcon_core.shell:Creating package descriptor '/home/farelfebryan/finalproject_ws/install/finalproject/share/finalproject/package.dsv'
[0.646s] INFO:colcon.colcon_core.shell:Creating package script '/home/farelfebryan/finalproject_ws/install/finalproject/share/finalproject/package.sh'
[0.647s] INFO:colcon.colcon_core.shell:Creating package script '/home/farelfebryan/finalproject_ws/install/finalproject/share/finalproject/package.bash'
[0.649s] INFO:colcon.colcon_core.shell:Creating package script '/home/farelfebryan/finalproject_ws/install/finalproject/share/finalproject/package.zsh'
[0.650s] Level 1:colcon.colcon_core.environment:create_file_with_runtime_dependencies(/home/farelfebryan/finalproject_ws/install/finalproject/share/colcon-core/packages/finalproject)
[0.655s] DEBUG:colcon.colcon_core.event_handler.log_command:Invoking command in '/home/farelfebryan/finalproject_ws/build/keyboard': CMAKE_PREFIX_PATH=${CMAKE_PREFIX_PATH}:/opt/ros/humble /usr/bin/cmake --install /home/farelfebryan/finalproject_ws/build/keyboard
[0.663s] DEBUG:colcon.colcon_core.event_handler.log_command:Invoking command in '/home/farelfebryan/finalproject_ws/build/joystick': CMAKE_PREFIX_PATH=${CMAKE_PREFIX_PATH}:/opt/ros/humble /usr/bin/cmake --install /home/farelfebryan/finalproject_ws/build/joystick
[0.664s] DEBUG:colcon.colcon_core.event_handler.log_command:Invoking command in '/home/farelfebryan/finalproject_ws/build/bola': CMAKE_PREFIX_PATH=${CMAKE_PREFIX_PATH}:/opt/ros/humble /usr/bin/cmake --install /home/farelfebryan/finalproject_ws/build/bola
[0.673s] DEBUG:colcon.colcon_core.event_handler.log_command:Invoking command in '/home/farelfebryan/finalproject_ws/build/pid': CMAKE_PREFIX_PATH=${CMAKE_PREFIX_PATH}:/opt/ros/humble /usr/bin/cmake --install /home/farelfebryan/finalproject_ws/build/pid
[0.681s] Level 1:colcon.colcon_core.environment:create_environment_scripts_only(joystick)
[0.682s] Level 1:colcon.colcon_core.environment:checking '/home/farelfebryan/finalproject_ws/install/joystick' for CMake module files
[0.683s] Level 1:colcon.colcon_core.environment:checking '/home/farelfebryan/finalproject_ws/install/joystick' for CMake config files
[0.683s] Level 1:colcon.colcon_core.shell:create_environment_hook('joystick', 'cmake_prefix_path')
[0.684s] INFO:colcon.colcon_core.shell:Creating environment hook '/home/farelfebryan/finalproject_ws/install/joystick/share/joystick/hook/cmake_prefix_path.ps1'
[0.687s] INFO:colcon.colcon_core.shell:Creating environment descriptor '/home/farelfebryan/finalproject_ws/install/joystick/share/joystick/hook/cmake_prefix_path.dsv'
[0.690s] INFO:colcon.colcon_core.shell:Creating environment hook '/home/farelfebryan/finalproject_ws/install/joystick/share/joystick/hook/cmake_prefix_path.sh'
[0.691s] DEBUG:colcon.colcon_core.event_handler.log_command:Invoked command in '/home/farelfebryan/finalproject_ws/build/joystick' returned '0': CMAKE_PREFIX_PATH=${CMAKE_PREFIX_PATH}:/opt/ros/humble /usr/bin/cmake --install /home/farelfebryan/finalproject_ws/build/joystick
[0.694s] Level 1:colcon.colcon_core.environment:checking '/home/farelfebryan/finalproject_ws/install/joystick/lib'
[0.696s] Level 1:colcon.colcon_core.environment:checking '/home/farelfebryan/finalproject_ws/install/joystick/bin'
[0.697s] Level 1:colcon.colcon_core.environment:checking '/home/farelfebryan/finalproject_ws/install/joystick/lib/pkgconfig/joystick.pc'
[0.698s] Level 1:colcon.colcon_core.environment:checking '/home/farelfebryan/finalproject_ws/install/joystick/lib/python3.10/site-packages'
[0.698s] Level 1:colcon.colcon_core.environment:checking '/home/farelfebryan/finalproject_ws/install/joystick/bin'
[0.699s] INFO:colcon.colcon_core.shell:Creating package script '/home/farelfebryan/finalproject_ws/install/joystick/share/joystick/package.ps1'
[0.700s] INFO:colcon.colcon_core.shell:Creating package descriptor '/home/farelfebryan/finalproject_ws/install/joystick/share/joystick/package.dsv'
[0.701s] INFO:colcon.colcon_core.shell:Creating package script '/home/farelfebryan/finalproject_ws/install/joystick/share/joystick/package.sh'
[0.701s] INFO:colcon.colcon_core.shell:Creating package script '/home/farelfebryan/finalproject_ws/install/joystick/share/joystick/package.bash'
[0.702s] INFO:colcon.colcon_core.shell:Creating package script '/home/farelfebryan/finalproject_ws/install/joystick/share/joystick/package.zsh'
[0.703s] Level 1:colcon.colcon_core.environment:create_file_with_runtime_dependencies(/home/farelfebryan/finalproject_ws/install/joystick/share/colcon-core/packages/joystick)
[0.705s] Level 1:colcon.colcon_core.environment:create_environment_scripts_only(keyboard)
[0.705s] Level 1:colcon.colcon_core.environment:checking '/home/farelfebryan/finalproject_ws/install/keyboard' for CMake module files
[0.707s] DEBUG:colcon.colcon_core.event_handler.log_command:Invoked command in '/home/farelfebryan/finalproject_ws/build/keyboard' returned '0': CMAKE_PREFIX_PATH=${CMAKE_PREFIX_PATH}:/opt/ros/humble /usr/bin/cmake --install /home/farelfebryan/finalproject_ws/build/keyboard
[0.707s] Level 1:colcon.colcon_core.environment:checking '/home/farelfebryan/finalproject_ws/install/keyboard' for CMake config files
[0.707s] Level 1:colcon.colcon_core.shell:create_environment_hook('keyboard', 'cmake_prefix_path')
[0.708s] INFO:colcon.colcon_core.shell:Creating environment hook '/home/farelfebryan/finalproject_ws/install/keyboard/share/keyboard/hook/cmake_prefix_path.ps1'
[0.709s] INFO:colcon.colcon_core.shell:Creating environment descriptor '/home/farelfebryan/finalproject_ws/install/keyboard/share/keyboard/hook/cmake_prefix_path.dsv'
[0.709s] INFO:colcon.colcon_core.shell:Creating environment hook '/home/farelfebryan/finalproject_ws/install/keyboard/share/keyboard/hook/cmake_prefix_path.sh'
[0.710s] Level 1:colcon.colcon_core.environment:checking '/home/farelfebryan/finalproject_ws/install/keyboard/lib'
[0.711s] Level 1:colcon.colcon_core.environment:checking '/home/farelfebryan/finalproject_ws/install/keyboard/bin'
[0.711s] Level 1:colcon.colcon_core.environment:checking '/home/farelfebryan/finalproject_ws/install/keyboard/lib/pkgconfig/keyboard.pc'
[0.711s] Level 1:colcon.colcon_core.environment:checking '/home/farelfebryan/finalproject_ws/install/keyboard/lib/python3.10/site-packages'
[0.712s] Level 1:colcon.colcon_core.environment:checking '/home/farelfebryan/finalproject_ws/install/keyboard/bin'
[0.712s] INFO:colcon.colcon_core.shell:Creating package script '/home/farelfebryan/finalproject_ws/install/keyboard/share/keyboard/package.ps1'
[0.713s] INFO:colcon.colcon_core.shell:Creating package descriptor '/home/farelfebryan/finalproject_ws/install/keyboard/share/keyboard/package.dsv'
[0.714s] INFO:colcon.colcon_core.shell:Creating package script '/home/farelfebryan/finalproject_ws/install/keyboard/share/keyboard/package.sh'
[0.715s] INFO:colcon.colcon_core.shell:Creating package script '/home/farelfebryan/finalproject_ws/install/keyboard/share/keyboard/package.bash'
[0.716s] INFO:colcon.colcon_core.shell:Creating package script '/home/farelfebryan/finalproject_ws/install/keyboard/share/keyboard/package.zsh'
[0.717s] Level 1:colcon.colcon_core.environment:create_file_with_runtime_dependencies(/home/farelfebryan/finalproject_ws/install/keyboard/share/colcon-core/packages/keyboard)
[0.720s] Level 1:colcon.colcon_core.environment:create_environment_scripts_only(finalproject)
[0.720s] Level 1:colcon.colcon_core.environment:checking '/home/farelfebryan/finalproject_ws/install/finalproject' for CMake module files
[0.721s] Level 1:colcon.colcon_core.environment:checking '/home/farelfebryan/finalproject_ws/install/finalproject' for CMake config files
[0.722s] Level 1:colcon.colcon_core.shell:create_environment_hook('finalproject', 'cmake_prefix_path')
[0.723s] INFO:colcon.colcon_core.shell:Creating environment hook '/home/farelfebryan/finalproject_ws/install/finalproject/share/finalproject/hook/cmake_prefix_path.ps1'
[0.724s] INFO:colcon.colcon_core.shell:Creating environment descriptor '/home/farelfebryan/finalproject_ws/install/finalproject/share/finalproject/hook/cmake_prefix_path.dsv'
[0.724s] INFO:colcon.colcon_core.shell:Creating environment hook '/home/farelfebryan/finalproject_ws/install/finalproject/share/finalproject/hook/cmake_prefix_path.sh'
[0.725s] Level 1:colcon.colcon_core.environment:checking '/home/farelfebryan/finalproject_ws/install/finalproject/bin'
[0.726s] Level 1:colcon.colcon_core.environment:checking '/home/farelfebryan/finalproject_ws/install/finalproject/lib/pkgconfig/finalproject.pc'
[0.726s] Level 1:colcon.colcon_core.environment:checking '/home/farelfebryan/finalproject_ws/install/finalproject/lib/python3.10/site-packages'
[0.726s] Level 1:colcon.colcon_core.environment:checking '/home/farelfebryan/finalproject_ws/install/finalproject/bin'
[0.727s] INFO:colcon.colcon_core.shell:Creating package script '/home/farelfebryan/finalproject_ws/install/finalproject/share/finalproject/package.ps1'
[0.728s] INFO:colcon.colcon_core.shell:Creating package descriptor '/home/farelfebryan/finalproject_ws/install/finalproject/share/finalproject/package.dsv'
[0.729s] INFO:colcon.colcon_core.shell:Creating package script '/home/farelfebryan/finalproject_ws/install/finalproject/share/finalproject/package.sh'
[0.730s] INFO:colcon.colcon_core.shell:Creating package script '/home/farelfebryan/finalproject_ws/install/finalproject/share/finalproject/package.bash'
[0.731s] INFO:colcon.colcon_core.shell:Creating package script '/home/farelfebryan/finalproject_ws/install/finalproject/share/finalproject/package.zsh'
[0.733s] Level 1:colcon.colcon_core.environment:create_file_with_runtime_dependencies(/home/farelfebryan/finalproject_ws/install/finalproject/share/colcon-core/packages/finalproject)
[0.733s] Level 1:colcon.colcon_core.environment:create_environment_scripts_only(bola)
[0.734s] Level 1:colcon.colcon_core.environment:checking '/home/farelfebryan/finalproject_ws/install/bola' for CMake module files
[0.735s] DEBUG:colcon.colcon_core.event_handler.log_command:Invoked command in '/home/farelfebryan/finalproject_ws/build/bola' returned '0': CMAKE_PREFIX_PATH=${CMAKE_PREFIX_PATH}:/opt/ros/humble /usr/bin/cmake --install /home/farelfebryan/finalproject_ws/build/bola
[0.737s] Level 1:colcon.colcon_core.environment:checking '/home/farelfebryan/finalproject_ws/install/bola' for CMake config files
[0.737s] Level 1:colcon.colcon_core.shell:create_environment_hook('bola', 'cmake_prefix_path')
[0.738s] INFO:colcon.colcon_core.shell:Creating environment hook '/home/farelfebryan/finalproject_ws/install/bola/share/bola/hook/cmake_prefix_path.ps1'
[0.739s] INFO:colcon.colcon_core.shell:Creating environment descriptor '/home/farelfebryan/finalproject_ws/install/bola/share/bola/hook/cmake_prefix_path.dsv'
[0.740s] INFO:colcon.colcon_core.shell:Creating environment hook '/home/farelfebryan/finalproject_ws/install/bola/share/bola/hook/cmake_prefix_path.sh'
[0.741s] Level 1:colcon.colcon_core.environment:checking '/home/farelfebryan/finalproject_ws/install/bola/lib'
[0.741s] Level 1:colcon.colcon_core.environment:checking '/home/farelfebryan/finalproject_ws/install/bola/bin'
[0.741s] Level 1:colcon.colcon_core.environment:checking '/home/farelfebryan/finalproject_ws/install/bola/lib/pkgconfig/bola.pc'
[0.741s] Level 1:colcon.colcon_core.environment:checking '/home/farelfebryan/finalproject_ws/install/bola/lib/python3.10/site-packages'
[0.742s] Level 1:colcon.colcon_core.environment:checking '/home/farelfebryan/finalproject_ws/install/bola/bin'
[0.742s] INFO:colcon.colcon_core.shell:Creating package script '/home/farelfebryan/finalproject_ws/install/bola/share/bola/package.ps1'
[0.743s] INFO:colcon.colcon_core.shell:Creating package descriptor '/home/farelfebryan/finalproject_ws/install/bola/share/bola/package.dsv'
[0.745s] INFO:colcon.colcon_core.shell:Creating package script '/home/farelfebryan/finalproject_ws/install/bola/share/bola/package.sh'
[0.746s] INFO:colcon.colcon_core.shell:Creating package script '/home/farelfebryan/finalproject_ws/install/bola/share/bola/package.bash'
[0.746s] INFO:colcon.colcon_core.shell:Creating package script '/home/farelfebryan/finalproject_ws/install/bola/share/bola/package.zsh'
[0.747s] Level 1:colcon.colcon_core.environment:create_file_with_runtime_dependencies(/home/farelfebryan/finalproject_ws/install/bola/share/colcon-core/packages/bola)
[0.751s] Level 1:colcon.colcon_core.environment:create_environment_scripts_only(pid)
[0.752s] Level 1:colcon.colcon_core.environment:checking '/home/farelfebryan/finalproject_ws/install/pid' for CMake module files
[0.753s] Level 1:colcon.colcon_core.environment:checking '/home/farelfebryan/finalproject_ws/install/pid' for CMake config files
[0.754s] Level 1:colcon.colcon_core.shell:create_environment_hook('pid', 'cmake_prefix_path')
[0.754s] INFO:colcon.colcon_core.shell:Creating environment hook '/home/farelfebryan/finalproject_ws/install/pid/share/pid/hook/cmake_prefix_path.ps1'
[0.752s] DEBUG:colcon.colcon_core.event_handler.log_command:Invoked command in '/home/farelfebryan/finalproject_ws/build/pid' returned '0': CMAKE_PREFIX_PATH=${CMAKE_PREFIX_PATH}:/opt/ros/humble /usr/bin/cmake --install /home/farelfebryan/finalproject_ws/build/pid
[0.755s] INFO:colcon.colcon_core.shell:Creating environment descriptor '/home/farelfebryan/finalproject_ws/install/pid/share/pid/hook/cmake_prefix_path.dsv'
[0.756s] INFO:colcon.colcon_core.shell:Creating environment hook '/home/farelfebryan/finalproject_ws/install/pid/share/pid/hook/cmake_prefix_path.sh'
[0.757s] Level 1:colcon.colcon_core.environment:checking '/home/farelfebryan/finalproject_ws/install/pid/lib'
[0.757s] Level 1:colcon.colcon_core.environment:checking '/home/farelfebryan/finalproject_ws/install/pid/bin'
[0.757s] Level 1:colcon.colcon_core.environment:checking '/home/farelfebryan/finalproject_ws/install/pid/lib/pkgconfig/pid.pc'
[0.758s] Level 1:colcon.colcon_core.environment:checking '/home/farelfebryan/finalproject_ws/install/pid/lib/python3.10/site-packages'
[0.758s] Level 1:colcon.colcon_core.environment:checking '/home/farelfebryan/finalproject_ws/install/pid/bin'
[0.759s] INFO:colcon.colcon_core.shell:Creating package script '/home/farelfebryan/finalproject_ws/install/pid/share/pid/package.ps1'
[0.760s] INFO:colcon.colcon_core.shell:Creating package descriptor '/home/farelfebryan/finalproject_ws/install/pid/share/pid/package.dsv'
[0.761s] INFO:colcon.colcon_core.shell:Creating package script '/home/farelfebryan/finalproject_ws/install/pid/share/pid/package.sh'
[0.762s] INFO:colcon.colcon_core.shell:Creating package script '/home/farelfebryan/finalproject_ws/install/pid/share/pid/package.bash'
[0.763s] INFO:colcon.colcon_core.shell:Creating package script '/home/farelfebryan/finalproject_ws/install/pid/share/pid/package.zsh'
[0.763s] Level 1:colcon.colcon_core.environment:create_file_with_runtime_dependencies(/home/farelfebryan/finalproject_ws/install/pid/share/colcon-core/packages/pid)
[0.768s] Level 1:colcon.colcon_core.environment:create_environment_scripts_only(joystick)
[0.769s] Level 1:colcon.colcon_core.environment:checking '/home/farelfebryan/finalproject_ws/install/joystick' for CMake module files
[0.770s] Level 1:colcon.colcon_core.environment:checking '/home/farelfebryan/finalproject_ws/install/joystick' for CMake config files
[0.771s] Level 1:colcon.colcon_core.shell:create_environment_hook('joystick', 'cmake_prefix_path')
[0.772s] INFO:colcon.colcon_core.shell:Creating environment hook '/home/farelfebryan/finalproject_ws/install/joystick/share/joystick/hook/cmake_prefix_path.ps1'
[0.773s] INFO:colcon.colcon_core.shell:Creating environment descriptor '/home/farelfebryan/finalproject_ws/install/joystick/share/joystick/hook/cmake_prefix_path.dsv'
[0.774s] INFO:colcon.colcon_core.shell:Creating environment hook '/home/farelfebryan/finalproject_ws/install/joystick/share/joystick/hook/cmake_prefix_path.sh'
[0.775s] Level 1:colcon.colcon_core.environment:checking '/home/farelfebryan/finalproject_ws/install/joystick/lib'
[0.775s] Level 1:colcon.colcon_core.environment:checking '/home/farelfebryan/finalproject_ws/install/joystick/bin'
[0.775s] Level 1:colcon.colcon_core.environment:checking '/home/farelfebryan/finalproject_ws/install/joystick/lib/pkgconfig/joystick.pc'
[0.775s] Level 1:colcon.colcon_core.environment:checking '/home/farelfebryan/finalproject_ws/install/joystick/lib/python3.10/site-packages'
[0.776s] Level 1:colcon.colcon_core.environment:checking '/home/farelfebryan/finalproject_ws/install/joystick/bin'
[0.776s] INFO:colcon.colcon_core.shell:Creating package script '/home/farelfebryan/finalproject_ws/install/joystick/share/joystick/package.ps1'
[0.777s] INFO:colcon.colcon_core.shell:Creating package descriptor '/home/farelfebryan/finalproject_ws/install/joystick/share/joystick/package.dsv'
[0.778s] INFO:colcon.colcon_core.shell:Creating package script '/home/farelfebryan/finalproject_ws/install/joystick/share/joystick/package.sh'
[0.779s] INFO:colcon.colcon_core.shell:Creating package script '/home/farelfebryan/finalproject_ws/install/joystick/share/joystick/package.bash'
[0.780s] INFO:colcon.colcon_core.shell:Creating package script '/home/farelfebryan/finalproject_ws/install/joystick/share/joystick/package.zsh'
[0.781s] Level 1:colcon.colcon_core.environment:create_file_with_runtime_dependencies(/home/farelfebryan/finalproject_ws/install/joystick/share/colcon-core/packages/joystick)
[0.783s] Level 1:colcon.colcon_core.environment:create_environment_scripts_only(keyboard)
[0.783s] Level 1:colcon.colcon_core.environment:checking '/home/farelfebryan/finalproject_ws/install/keyboard' for CMake module files
[0.785s] Level 1:colcon.colcon_core.environment:checking '/home/farelfebryan/finalproject_ws/install/keyboard' for CMake config files
[0.785s] Level 1:colcon.colcon_core.shell:create_environment_hook('keyboard', 'cmake_prefix_path')
[0.786s] INFO:colcon.colcon_core.shell:Creating environment hook '/home/farelfebryan/finalproject_ws/install/keyboard/share/keyboard/hook/cmake_prefix_path.ps1'
[0.787s] INFO:colcon.colcon_core.shell:Creating environment descriptor '/home/farelfebryan/finalproject_ws/install/keyboard/share/keyboard/hook/cmake_prefix_path.dsv'
[0.788s] INFO:colcon.colcon_core.shell:Creating environment hook '/home/farelfebryan/finalproject_ws/install/keyboard/share/keyboard/hook/cmake_prefix_path.sh'
[0.789s] Level 1:colcon.colcon_core.environment:checking '/home/farelfebryan/finalproject_ws/install/keyboard/lib'
[0.789s] Level 1:colcon.colcon_core.environment:checking '/home/farelfebryan/finalproject_ws/install/keyboard/bin'
[0.789s] Level 1:colcon.colcon_core.environment:checking '/home/farelfebryan/finalproject_ws/install/keyboard/lib/pkgconfig/keyboard.pc'
[0.790s] Level 1:colcon.colcon_core.environment:checking '/home/farelfebryan/finalproject_ws/install/keyboard/lib/python3.10/site-packages'
[0.790s] Level 1:colcon.colcon_core.environment:checking '/home/farelfebryan/finalproject_ws/install/keyboard/bin'
[0.790s] INFO:colcon.colcon_core.shell:Creating package script '/home/farelfebryan/finalproject_ws/install/keyboard/share/keyboard/package.ps1'
[0.791s] INFO:colcon.colcon_core.shell:Creating package descriptor '/home/farelfebryan/finalproject_ws/install/keyboard/share/keyboard/package.dsv'
[0.792s] INFO:colcon.colcon_core.shell:Creating package script '/home/farelfebryan/finalproject_ws/install/keyboard/share/keyboard/package.sh'
[0.793s] INFO:colcon.colcon_core.shell:Creating package script '/home/farelfebryan/finalproject_ws/install/keyboard/share/keyboard/package.bash'
[0.794s] INFO:colcon.colcon_core.shell:Creating package script '/home/farelfebryan/finalproject_ws/install/keyboard/share/keyboard/package.zsh'
[0.795s] Level 1:colcon.colcon_core.environment:create_file_with_runtime_dependencies(/home/farelfebryan/finalproject_ws/install/keyboard/share/colcon-core/packages/keyboard)
[0.797s] Level 1:colcon.colcon_core.environment:create_environment_scripts_only(bola)
[0.798s] Level 1:colcon.colcon_core.environment:checking '/home/farelfebryan/finalproject_ws/install/bola' for CMake module files
[0.799s] Level 1:colcon.colcon_core.environment:checking '/home/farelfebryan/finalproject_ws/install/bola' for CMake config files
[0.800s] Level 1:colcon.colcon_core.shell:create_environment_hook('bola', 'cmake_prefix_path')
[0.801s] INFO:colcon.colcon_core.shell:Creating environment hook '/home/farelfebryan/finalproject_ws/install/bola/share/bola/hook/cmake_prefix_path.ps1'
[0.802s] INFO:colcon.colcon_core.shell:Creating environment descriptor '/home/farelfebryan/finalproject_ws/install/bola/share/bola/hook/cmake_prefix_path.dsv'
[0.803s] INFO:colcon.colcon_core.shell:Creating environment hook '/home/farelfebryan/finalproject_ws/install/bola/share/bola/hook/cmake_prefix_path.sh'
[0.804s] Level 1:colcon.colcon_core.environment:checking '/home/farelfebryan/finalproject_ws/install/bola/lib'
[0.804s] Level 1:colcon.colcon_core.environment:checking '/home/farelfebryan/finalproject_ws/install/bola/bin'
[0.804s] Level 1:colcon.colcon_core.environment:checking '/home/farelfebryan/finalproject_ws/install/bola/lib/pkgconfig/bola.pc'
[0.805s] Level 1:colcon.colcon_core.environment:checking '/home/farelfebryan/finalproject_ws/install/bola/lib/python3.10/site-packages'
[0.805s] Level 1:colcon.colcon_core.environment:checking '/home/farelfebryan/finalproject_ws/install/bola/bin'
[0.805s] INFO:colcon.colcon_core.shell:Creating package script '/home/farelfebryan/finalproject_ws/install/bola/share/bola/package.ps1'
[0.806s] INFO:colcon.colcon_core.shell:Creating package descriptor '/home/farelfebryan/finalproject_ws/install/bola/share/bola/package.dsv'
[0.807s] INFO:colcon.colcon_core.shell:Creating package script '/home/farelfebryan/finalproject_ws/install/bola/share/bola/package.sh'
[0.807s] INFO:colcon.colcon_core.shell:Creating package script '/home/farelfebryan/finalproject_ws/install/bola/share/bola/package.bash'
[0.808s] INFO:colcon.colcon_core.shell:Creating package script '/home/farelfebryan/finalproject_ws/install/bola/share/bola/package.zsh'
[0.809s] Level 1:colcon.colcon_core.environment:create_file_with_runtime_dependencies(/home/farelfebryan/finalproject_ws/install/bola/share/colcon-core/packages/bola)
[0.810s] Level 1:colcon.colcon_core.environment:create_environment_scripts_only(pid)
[0.811s] Level 1:colcon.colcon_core.environment:checking '/home/farelfebryan/finalproject_ws/install/pid' for CMake module files
[0.812s] Level 1:colcon.colcon_core.environment:checking '/home/farelfebryan/finalproject_ws/install/pid' for CMake config files
[0.813s] Level 1:colcon.colcon_core.shell:create_environment_hook('pid', 'cmake_prefix_path')
[0.813s] INFO:colcon.colcon_core.shell:Creating environment hook '/home/farelfebryan/finalproject_ws/install/pid/share/pid/hook/cmake_prefix_path.ps1'
[0.814s] INFO:colcon.colcon_core.shell:Creating environment descriptor '/home/farelfebryan/finalproject_ws/install/pid/share/pid/hook/cmake_prefix_path.dsv'
[0.815s] INFO:colcon.colcon_core.shell:Creating environment hook '/home/farelfebryan/finalproject_ws/install/pid/share/pid/hook/cmake_prefix_path.sh'
[0.816s] Level 1:colcon.colcon_core.environment:checking '/home/farelfebryan/finalproject_ws/install/pid/lib'
[0.816s] Level 1:colcon.colcon_core.environment:checking '/home/farelfebryan/finalproject_ws/install/pid/bin'
[0.816s] Level 1:colcon.colcon_core.environment:checking '/home/farelfebryan/finalproject_ws/install/pid/lib/pkgconfig/pid.pc'
[0.817s] Level 1:colcon.colcon_core.environment:checking '/home/farelfebryan/finalproject_ws/install/pid/lib/python3.10/site-packages'
[0.817s] Level 1:colcon.colcon_core.environment:checking '/home/farelfebryan/finalproject_ws/install/pid/bin'
[0.818s] INFO:colcon.colcon_core.shell:Creating package script '/home/farelfebryan/finalproject_ws/install/pid/share/pid/package.ps1'
[0.819s] INFO:colcon.colcon_core.shell:Creating package descriptor '/home/farelfebryan/finalproject_ws/install/pid/share/pid/package.dsv'
[0.820s] INFO:colcon.colcon_core.shell:Creating package script '/home/farelfebryan/finalproject_ws/install/pid/share/pid/package.sh'
[0.820s] INFO:colcon.colcon_core.shell:Creating package script '/home/farelfebryan/finalproject_ws/install/pid/share/pid/package.bash'
[0.821s] INFO:colcon.colcon_core.shell:Creating package script '/home/farelfebryan/finalproject_ws/install/pid/share/pid/package.zsh'
[0.821s] Level 1:colcon.colcon_core.environment:create_file_with_runtime_dependencies(/home/farelfebryan/finalproject_ws/install/pid/share/colcon-core/packages/pid)
[11.549s] DEBUG:colcon.colcon_core.event_handler.log_command:Invoked command in '/home/farelfebryan/finalproject_ws/build/keliling' returned '0': CMAKE_PREFIX_PATH=${CMAKE_PREFIX_PATH}:/opt/ros/humble /usr/bin/cmake --build /home/farelfebryan/finalproject_ws/build/keliling -- -j8 -l8
[11.575s] DEBUG:colcon.colcon_core.event_handler.log_command:Invoking command in '/home/farelfebryan/finalproject_ws/build/keliling': CMAKE_PREFIX_PATH=${CMAKE_PREFIX_PATH}:/opt/ros/humble /usr/bin/cmake --install /home/farelfebryan/finalproject_ws/build/keliling
[11.592s] Level 1:colcon.colcon_core.environment:create_environment_scripts_only(keliling)
[11.592s] Level 1:colcon.colcon_core.environment:checking '/home/farelfebryan/finalproject_ws/install/keliling' for CMake module files
[11.593s] DEBUG:colcon.colcon_core.event_handler.log_command:Invoked command in '/home/farelfebryan/finalproject_ws/build/keliling' returned '0': CMAKE_PREFIX_PATH=${CMAKE_PREFIX_PATH}:/opt/ros/humble /usr/bin/cmake --install /home/farelfebryan/finalproject_ws/build/keliling
[11.593s] Level 1:colcon.colcon_core.environment:checking '/home/farelfebryan/finalproject_ws/install/keliling' for CMake config files
[11.594s] Level 1:colcon.colcon_core.shell:create_environment_hook('keliling', 'cmake_prefix_path')
[11.594s] INFO:colcon.colcon_core.shell:Creating environment hook '/home/farelfebryan/finalproject_ws/install/keliling/share/keliling/hook/cmake_prefix_path.ps1'
[11.594s] INFO:colcon.colcon_core.shell:Creating environment descriptor '/home/farelfebryan/finalproject_ws/install/keliling/share/keliling/hook/cmake_prefix_path.dsv'
[11.595s] INFO:colcon.colcon_core.shell:Creating environment hook '/home/farelfebryan/finalproject_ws/install/keliling/share/keliling/hook/cmake_prefix_path.sh'
[11.596s] Level 1:colcon.colcon_core.environment:checking '/home/farelfebryan/finalproject_ws/install/keliling/lib'
[11.596s] Level 1:colcon.colcon_core.environment:checking '/home/farelfebryan/finalproject_ws/install/keliling/bin'
[11.596s] Level 1:colcon.colcon_core.environment:checking '/home/farelfebryan/finalproject_ws/install/keliling/lib/pkgconfig/keliling.pc'
[11.596s] Level 1:colcon.colcon_core.environment:checking '/home/farelfebryan/finalproject_ws/install/keliling/lib/python3.10/site-packages'
[11.596s] Level 1:colcon.colcon_core.environment:checking '/home/farelfebryan/finalproject_ws/install/keliling/bin'
[11.597s] INFO:colcon.colcon_core.shell:Creating package script '/home/farelfebryan/finalproject_ws/install/keliling/share/keliling/package.ps1'
[11.597s] INFO:colcon.colcon_core.shell:Creating package descriptor '/home/farelfebryan/finalproject_ws/install/keliling/share/keliling/package.dsv'
[11.598s] INFO:colcon.colcon_core.shell:Creating package script '/home/farelfebryan/finalproject_ws/install/keliling/share/keliling/package.sh'
[11.598s] INFO:colcon.colcon_core.shell:Creating package script '/home/farelfebryan/finalproject_ws/install/keliling/share/keliling/package.bash'
[11.599s] INFO:colcon.colcon_core.shell:Creating package script '/home/farelfebryan/finalproject_ws/install/keliling/share/keliling/package.zsh'
[11.599s] Level 1:colcon.colcon_core.environment:create_file_with_runtime_dependencies(/home/farelfebryan/finalproject_ws/install/keliling/share/colcon-core/packages/keliling)
[11.623s] Level 1:colcon.colcon_core.environment:create_environment_scripts_only(keliling)
[11.623s] Level 1:colcon.colcon_core.environment:checking '/home/farelfebryan/finalproject_ws/install/keliling' for CMake module files
[11.624s] Level 1:colcon.colcon_core.environment:checking '/home/farelfebryan/finalproject_ws/install/keliling' for CMake config files
[11.624s] Level 1:colcon.colcon_core.shell:create_environment_hook('keliling', 'cmake_prefix_path')
[11.624s] INFO:colcon.colcon_core.shell:Creating environment hook '/home/farelfebryan/finalproject_ws/install/keliling/share/keliling/hook/cmake_prefix_path.ps1'
[11.625s] INFO:colcon.colcon_core.shell:Creating environment descriptor '/home/farelfebryan/finalproject_ws/install/keliling/share/keliling/hook/cmake_prefix_path.dsv'
[11.625s] INFO:colcon.colcon_core.shell:Creating environment hook '/home/farelfebryan/finalproject_ws/install/keliling/share/keliling/hook/cmake_prefix_path.sh'
[11.626s] Level 1:colcon.colcon_core.environment:checking '/home/farelfebryan/finalproject_ws/install/keliling/lib'
[11.626s] Level 1:colcon.colcon_core.environment:checking '/home/farelfebryan/finalproject_ws/install/keliling/bin'
[11.626s] Level 1:colcon.colcon_core.environment:checking '/home/farelfebryan/finalproject_ws/install/keliling/lib/pkgconfig/keliling.pc'
[11.626s] Level 1:colcon.colcon_core.environment:checking '/home/farelfebryan/finalproject_ws/install/keliling/lib/python3.10/site-packages'
[11.626s] Level 1:colcon.colcon_core.environment:checking '/home/farelfebryan/finalproject_ws/install/keliling/bin'
[11.627s] INFO:colcon.colcon_core.shell:Creating package script '/home/farelfebryan/finalproject_ws/install/keliling/share/keliling/package.ps1'
[11.627s] INFO:colcon.colcon_core.shell:Creating package descriptor '/home/farelfebryan/finalproject_ws/install/keliling/share/keliling/package.dsv'
[11.628s] INFO:colcon.colcon_core.shell:Creating package script '/home/farelfebryan/finalproject_ws/install/keliling/share/keliling/package.sh'
[11.628s] INFO:colcon.colcon_core.shell:Creating package script '/home/farelfebryan/finalproject_ws/install/keliling/share/keliling/package.bash'
[11.629s] INFO:colcon.colcon_core.shell:Creating package script '/home/farelfebryan/finalproject_ws/install/keliling/share/keliling/package.zsh'
[11.629s] Level 1:colcon.colcon_core.environment:create_file_with_runtime_dependencies(/home/farelfebryan/finalproject_ws/install/keliling/share/colcon-core/packages/keliling)
[11.629s] DEBUG:colcon.colcon_parallel_executor.executor.parallel:closing loop
[11.630s] DEBUG:colcon.colcon_parallel_executor.executor.parallel:loop closed
[11.630s] DEBUG:colcon.colcon_parallel_executor.executor.parallel:run_until_complete finished with '0'
[11.630s] DEBUG:colcon.colcon_core.event_reactor:joining thread
[11.638s] INFO:colcon.colcon_core.plugin_system:Skipping extension 'colcon_notification.desktop_notification.terminal_notifier': Not used on non-Darwin systems
[11.638s] INFO:colcon.colcon_core.plugin_system:Skipping extension 'colcon_notification.desktop_notification.win32': Not used on non-Windows systems
[11.638s] INFO:colcon.colcon_notification.desktop_notification:Sending desktop notification using 'notify2'
[11.652s] DEBUG:colcon.colcon_core.event_reactor:joined thread
[11.652s] INFO:colcon.colcon_core.shell:Creating prefix script '/home/farelfebryan/finalproject_ws/install/local_setup.ps1'
[11.653s] INFO:colcon.colcon_core.shell:Creating prefix util module '/home/farelfebryan/finalproject_ws/install/_local_setup_util_ps1.py'
[11.656s] INFO:colcon.colcon_core.shell:Creating prefix chain script '/home/farelfebryan/finalproject_ws/install/setup.ps1'
[11.658s] INFO:colcon.colcon_core.shell:Creating prefix script '/home/farelfebryan/finalproject_ws/install/local_setup.sh'
[11.658s] INFO:colcon.colcon_core.shell:Creating prefix util module '/home/farelfebryan/finalproject_ws/install/_local_setup_util_sh.py'
[11.659s] INFO:colcon.colcon_core.shell:Creating prefix chain script '/home/farelfebryan/finalproject_ws/install/setup.sh'
[11.660s] INFO:colcon.colcon_core.shell:Creating prefix script '/home/farelfebryan/finalproject_ws/install/local_setup.bash'
[11.661s] INFO:colcon.colcon_core.shell:Creating prefix chain script '/home/farelfebryan/finalproject_ws/install/setup.bash'
[11.662s] INFO:colcon.colcon_core.shell:Creating prefix script '/home/farelfebryan/finalproject_ws/install/local_setup.zsh'
[11.663s] INFO:colcon.colcon_core.shell:Creating prefix chain script '/home/farelfebryan/finalproject_ws/install/setup.zsh'
