[0.027s] Invoking command in '/home/farelfebryan/finalproject_ws/build/pid': CMAKE_PREFIX_PATH=${CMAKE_PREFIX_PATH}:/opt/ros/humble /usr/bin/cmake --build /home/farelfebryan/finalproject_ws/build/pid -- -j8 -l8
[0.087s] [35m[1mConsolidate compiler generated dependencies of target move_target[0m
[0.113s] [ 50%] [32mBuilding CXX object CMakeFiles/move_target.dir/src/pidcontrol.cpp.o[0m
[8.798s] [100%] [32m[1mLinking CXX executable move_target[0m
[9.283s] [100%] Built target move_target
[9.293s] Invoked command in '/home/farelfebryan/finalproject_ws/build/pid' returned '0': CMAKE_PREFIX_PATH=${CMAKE_PREFIX_PATH}:/opt/ros/humble /usr/bin/cmake --build /home/farelfebryan/finalproject_ws/build/pid -- -j8 -l8
[9.315s] Invoking command in '/home/farelfebryan/finalproject_ws/build/pid': CMAKE_PREFIX_PATH=${CMAKE_PREFIX_PATH}:/opt/ros/humble /usr/bin/cmake --install /home/farelfebryan/finalproject_ws/build/pid
[9.323s] -- Install configuration: ""
[9.324s] -- Installing: /home/farelfebryan/finalproject_ws/install/pid/lib/pid/move_target
[9.327s] -- Set runtime path of "/home/farelfebryan/finalproject_ws/install/pid/lib/pid/move_target" to ""
[9.327s] -- Up-to-date: /home/farelfebryan/finalproject_ws/install/pid/share/ament_index/resource_index/package_run_dependencies/pid
[9.328s] -- Up-to-date: /home/farelfebryan/finalproject_ws/install/pid/share/ament_index/resource_index/parent_prefix_path/pid
[9.328s] -- Up-to-date: /home/farelfebryan/finalproject_ws/install/pid/share/pid/environment/ament_prefix_path.sh
[9.328s] -- Up-to-date: /home/farelfebryan/finalproject_ws/install/pid/share/pid/environment/ament_prefix_path.dsv
[9.328s] -- Up-to-date: /home/farelfebryan/finalproject_ws/install/pid/share/pid/environment/path.sh
[9.328s] -- Up-to-date: /home/farelfebryan/finalproject_ws/install/pid/share/pid/environment/path.dsv
[9.328s] -- Up-to-date: /home/farelfebryan/finalproject_ws/install/pid/share/pid/local_setup.bash
[9.328s] -- Up-to-date: /home/farelfebryan/finalproject_ws/install/pid/share/pid/local_setup.sh
[9.328s] -- Up-to-date: /home/farelfebryan/finalproject_ws/install/pid/share/pid/local_setup.zsh
[9.328s] -- Up-to-date: /home/farelfebryan/finalproject_ws/install/pid/share/pid/local_setup.dsv
[9.328s] -- Installing: /home/farelfebryan/finalproject_ws/install/pid/share/pid/package.dsv
[9.329s] -- Up-to-date: /home/farelfebryan/finalproject_ws/install/pid/share/ament_index/resource_index/packages/pid
[9.329s] -- Up-to-date: /home/farelfebryan/finalproject_ws/install/pid/share/pid/cmake/pidConfig.cmake
[9.329s] -- Up-to-date: /home/farelfebryan/finalproject_ws/install/pid/share/pid/cmake/pidConfig-version.cmake
[9.329s] -- Up-to-date: /home/farelfebryan/finalproject_ws/install/pid/share/pid/package.xml
[9.331s] Invoked command in '/home/farelfebryan/finalproject_ws/build/pid' returned '0': CMAKE_PREFIX_PATH=${CMAKE_PREFIX_PATH}:/opt/ros/humble /usr/bin/cmake --install /home/farelfebryan/finalproject_ws/build/pid
