[0.027s] Invoking command in '/home/farelfebryan/finalproject_ws/build/joystick': CMAKE_PREFIX_PATH=${CMAKE_PREFIX_PATH}:/opt/ros/humble /usr/bin/cmake --build /home/farelfebryan/finalproject_ws/build/joystick -- -j8 -l8
[0.089s] [100%] Built target joystick
[0.109s] Invoked command in '/home/farelfebryan/finalproject_ws/build/joystick' returned '0': CMAKE_PREFIX_PATH=${CMAKE_PREFIX_PATH}:/opt/ros/humble /usr/bin/cmake --build /home/farelfebryan/finalproject_ws/build/joystick -- -j8 -l8
[0.146s] Invoking command in '/home/farelfebryan/finalproject_ws/build/joystick': CMAKE_PREFIX_PATH=${CMAKE_PREFIX_PATH}:/opt/ros/humble /usr/bin/cmake --install /home/farelfebryan/finalproject_ws/build/joystick
[0.156s] -- Install configuration: ""
[0.156s] -- Up-to-date: /home/farelfebryan/finalproject_ws/install/joystick/lib/joystick/joystick
[0.156s] -- Up-to-date: /home/farelfebryan/finalproject_ws/install/joystick/share/ament_index/resource_index/package_run_dependencies/joystick
[0.159s] -- Up-to-date: /home/farelfebryan/finalproject_ws/install/joystick/share/ament_index/resource_index/parent_prefix_path/joystick
[0.159s] -- Up-to-date: /home/farelfebryan/finalproject_ws/install/joystick/share/joystick/environment/ament_prefix_path.sh
[0.159s] -- Up-to-date: /home/farelfebryan/finalproject_ws/install/joystick/share/joystick/environment/ament_prefix_path.dsv
[0.159s] -- Up-to-date: /home/farelfebryan/finalproject_ws/install/joystick/share/joystick/environment/path.sh
[0.159s] -- Up-to-date: /home/farelfebryan/finalproject_ws/install/joystick/share/joystick/environment/path.dsv
[0.160s] -- Up-to-date: /home/farelfebryan/finalproject_ws/install/joystick/share/joystick/local_setup.bash
[0.160s] -- Up-to-date: /home/farelfebryan/finalproject_ws/install/joystick/share/joystick/local_setup.sh
[0.160s] -- Up-to-date: /home/farelfebryan/finalproject_ws/install/joystick/share/joystick/local_setup.zsh
[0.160s] -- Up-to-date: /home/farelfebryan/finalproject_ws/install/joystick/share/joystick/local_setup.dsv
[0.160s] -- Installing: /home/farelfebryan/finalproject_ws/install/joystick/share/joystick/package.dsv
[0.160s] -- Up-to-date: /home/farelfebryan/finalproject_ws/install/joystick/share/ament_index/resource_index/packages/joystick
[0.162s] -- Up-to-date: /home/farelfebryan/finalproject_ws/install/joystick/share/joystick/cmake/joystickConfig.cmake
[0.162s] -- Up-to-date: /home/farelfebryan/finalproject_ws/install/joystick/share/joystick/cmake/joystickConfig-version.cmake
[0.162s] -- Up-to-date: /home/farelfebryan/finalproject_ws/install/joystick/share/joystick/package.xml
[0.173s] Invoked command in '/home/farelfebryan/finalproject_ws/build/joystick' returned '0': CMAKE_PREFIX_PATH=${CMAKE_PREFIX_PATH}:/opt/ros/humble /usr/bin/cmake --install /home/farelfebryan/finalproject_ws/build/joystick
