[0.034s] Invoking command in '/home/farelfebryan/finalproject_ws/build/pid': CMAKE_PREFIX_PATH=${CMAKE_PREFIX_PATH}:/opt/ros/humble /usr/bin/cmake --build /home/farelfebryan/finalproject_ws/build/pid -- -j8 -l8
[0.111s] [ 50%] [32mBuilding CXX object CMakeFiles/move_target.dir/src/pidcontrol.cpp.o[0m
[9.385s] [100%] [32m[1mLinking CXX executable move_target[0m
[10.293s] [100%] Built target move_target
[10.303s] Invoked command in '/home/farelfebryan/finalproject_ws/build/pid' returned '0': CMAKE_PREFIX_PATH=${CMAKE_PREFIX_PATH}:/opt/ros/humble /usr/bin/cmake --build /home/farelfebryan/finalproject_ws/build/pid -- -j8 -l8
[10.324s] Invoking command in '/home/farelfebryan/finalproject_ws/build/pid': CMAKE_PREFIX_PATH=${CMAKE_PREFIX_PATH}:/opt/ros/humble /usr/bin/cmake --install /home/farelfebryan/finalproject_ws/build/pid
[10.330s] -- Install configuration: ""
[10.331s] -- Installing: /home/farelfebryan/finalproject_ws/install/pid/lib/pid/move_target
[10.335s] -- Set runtime path of "/home/farelfebryan/finalproject_ws/install/pid/lib/pid/move_target" to ""
[10.335s] -- Up-to-date: /home/farelfebryan/finalproject_ws/install/pid/share/ament_index/resource_index/package_run_dependencies/pid
[10.335s] -- Up-to-date: /home/farelfebryan/finalproject_ws/install/pid/share/ament_index/resource_index/parent_prefix_path/pid
[10.335s] -- Up-to-date: /home/farelfebryan/finalproject_ws/install/pid/share/pid/environment/ament_prefix_path.sh
[10.335s] -- Up-to-date: /home/farelfebryan/finalproject_ws/install/pid/share/pid/environment/ament_prefix_path.dsv
[10.335s] -- Up-to-date: /home/farelfebryan/finalproject_ws/install/pid/share/pid/environment/path.sh
[10.335s] -- Up-to-date: /home/farelfebryan/finalproject_ws/install/pid/share/pid/environment/path.dsv
[10.335s] -- Up-to-date: /home/farelfebryan/finalproject_ws/install/pid/share/pid/local_setup.bash
[10.336s] -- Up-to-date: /home/farelfebryan/finalproject_ws/install/pid/share/pid/local_setup.sh
[10.336s] -- Up-to-date: /home/farelfebryan/finalproject_ws/install/pid/share/pid/local_setup.zsh
[10.336s] -- Up-to-date: /home/farelfebryan/finalproject_ws/install/pid/share/pid/local_setup.dsv
[10.336s] -- Installing: /home/farelfebryan/finalproject_ws/install/pid/share/pid/package.dsv
[10.336s] -- Up-to-date: /home/farelfebryan/finalproject_ws/install/pid/share/ament_index/resource_index/packages/pid
[10.336s] -- Up-to-date: /home/farelfebryan/finalproject_ws/install/pid/share/pid/cmake/pidConfig.cmake
[10.336s] -- Up-to-date: /home/farelfebryan/finalproject_ws/install/pid/share/pid/cmake/pidConfig-version.cmake
[10.337s] -- Up-to-date: /home/farelfebryan/finalproject_ws/install/pid/share/pid/package.xml
[10.338s] Invoked command in '/home/farelfebryan/finalproject_ws/build/pid' returned '0': CMAKE_PREFIX_PATH=${CMAKE_PREFIX_PATH}:/opt/ros/humble /usr/bin/cmake --install /home/farelfebryan/finalproject_ws/build/pid
