[0.111s] DEBUG:colcon:Command line arguments: ['/usr/bin/colcon', 'build']
[0.111s] DEBUG:colcon:Parsed command line arguments: Namespace(log_base=None, log_level=None, verb_name='build', build_base='build', install_base='install', merge_install=False, symlink_install=False, test_result_base=None, continue_on_error=False, executor='parallel', parallel_workers=8, event_handlers=None, ignore_user_meta=False, metas=['./colcon.meta'], base_paths=['.'], packages_ignore=None, packages_ignore_regex=None, paths=None, packages_up_to=None, packages_up_to_regex=None, packages_above=None, packages_above_and_dependencies=None, packages_above_depth=None, packages_select_by_dep=None, packages_skip_by_dep=None, packages_skip_up_to=None, packages_select_build_failed=False, packages_skip_build_finished=False, packages_select_test_failures=False, packages_skip_test_passed=False, packages_select=None, packages_skip=None, packages_select_regex=None, packages_skip_regex=None, packages_start=None, packages_end=None, allow_overriding=[], cmake_args=None, cmake_target=None, cmake_target_skip_unavailable=False, cmake_clean_cache=False, cmake_clean_first=False, cmake_force_configure=False, ament_cmake_args=None, catkin_cmake_args=None, catkin_skip_building_tests=False, verb_parser=<colcon_defaults.argument_parser.defaults.DefaultArgumentsDecorator object at 0x718d1ac38700>, verb_extension=<colcon_core.verb.build.BuildVerb object at 0x718d1ad412d0>, main=<bound method BuildVerb.main of <colcon_core.verb.build.BuildVerb object at 0x718d1ad412d0>>)
[0.301s] Level 1:colcon.colcon_core.package_discovery:discover_packages(colcon_meta) check parameters
[0.302s] Level 1:colcon.colcon_core.package_discovery:discover_packages(recursive) check parameters
[0.302s] Level 1:colcon.colcon_core.package_discovery:discover_packages(ignore) check parameters
[0.302s] Level 1:colcon.colcon_core.package_discovery:discover_packages(path) check parameters
[0.302s] Level 1:colcon.colcon_core.package_discovery:discover_packages(colcon_meta) discover
[0.302s] Level 1:colcon.colcon_core.package_discovery:discover_packages(recursive) discover
[0.302s] INFO:colcon.colcon_core.package_discovery:Crawling recursively for packages in '/home/farelfebryan/finalproject_ws'
[0.302s] Level 1:colcon.colcon_core.package_identification:_identify(.) by extensions ['ignore', 'ignore_ament_install']
[0.302s] Level 1:colcon.colcon_core.package_identification:_identify(.) by extension 'ignore'
[0.302s] Level 1:colcon.colcon_core.package_identification:_identify(.) by extension 'ignore_ament_install'
[0.302s] Level 1:colcon.colcon_core.package_identification:_identify(.) by extensions ['colcon_pkg']
[0.302s] Level 1:colcon.colcon_core.package_identification:_identify(.) by extension 'colcon_pkg'
[0.302s] Level 1:colcon.colcon_core.package_identification:_identify(.) by extensions ['colcon_meta']
[0.302s] Level 1:colcon.colcon_core.package_identification:_identify(.) by extension 'colcon_meta'
[0.302s] Level 1:colcon.colcon_core.package_identification:_identify(.) by extensions ['ros']
[0.302s] Level 1:colcon.colcon_core.package_identification:_identify(.) by extension 'ros'
[0.314s] Level 1:colcon.colcon_core.package_identification:_identify(.) by extensions ['cmake', 'python']
[0.314s] Level 1:colcon.colcon_core.package_identification:_identify(.) by extension 'cmake'
[0.314s] Level 1:colcon.colcon_core.package_identification:_identify(.) by extension 'python'
[0.314s] Level 1:colcon.colcon_core.package_identification:_identify(.) by extensions ['python_setup_py']
[0.314s] Level 1:colcon.colcon_core.package_identification:_identify(.) by extension 'python_setup_py'
[0.314s] Level 1:colcon.colcon_core.package_identification:_identify(build) by extensions ['ignore', 'ignore_ament_install']
[0.314s] Level 1:colcon.colcon_core.package_identification:_identify(build) by extension 'ignore'
[0.314s] Level 1:colcon.colcon_core.package_identification:_identify(build) ignored
[0.315s] Level 1:colcon.colcon_core.package_identification:_identify(install) by extensions ['ignore', 'ignore_ament_install']
[0.315s] Level 1:colcon.colcon_core.package_identification:_identify(install) by extension 'ignore'
[0.315s] Level 1:colcon.colcon_core.package_identification:_identify(install) ignored
[0.315s] Level 1:colcon.colcon_core.package_identification:_identify(joystick) by extensions ['ignore', 'ignore_ament_install']
[0.315s] Level 1:colcon.colcon_core.package_identification:_identify(joystick) by extension 'ignore'
[0.315s] Level 1:colcon.colcon_core.package_identification:_identify(joystick) by extension 'ignore_ament_install'
[0.315s] Level 1:colcon.colcon_core.package_identification:_identify(joystick) by extensions ['colcon_pkg']
[0.315s] Level 1:colcon.colcon_core.package_identification:_identify(joystick) by extension 'colcon_pkg'
[0.315s] Level 1:colcon.colcon_core.package_identification:_identify(joystick) by extensions ['colcon_meta']
[0.315s] Level 1:colcon.colcon_core.package_identification:_identify(joystick) by extension 'colcon_meta'
[0.315s] Level 1:colcon.colcon_core.package_identification:_identify(joystick) by extensions ['ros']
[0.315s] Level 1:colcon.colcon_core.package_identification:_identify(joystick) by extension 'ros'
[0.318s] DEBUG:colcon.colcon_core.package_identification:Package 'joystick' with type 'ros.ament_cmake' and name 'joystick'
[0.318s] Level 1:colcon.colcon_core.package_identification:_identify(log) by extensions ['ignore', 'ignore_ament_install']
[0.318s] Level 1:colcon.colcon_core.package_identification:_identify(log) by extension 'ignore'
[0.318s] Level 1:colcon.colcon_core.package_identification:_identify(log) ignored
[0.318s] Level 1:colcon.colcon_core.package_identification:_identify(src) by extensions ['ignore', 'ignore_ament_install']
[0.318s] Level 1:colcon.colcon_core.package_identification:_identify(src) by extension 'ignore'
[0.318s] Level 1:colcon.colcon_core.package_identification:_identify(src) by extension 'ignore_ament_install'
[0.318s] Level 1:colcon.colcon_core.package_identification:_identify(src) by extensions ['colcon_pkg']
[0.319s] Level 1:colcon.colcon_core.package_identification:_identify(src) by extension 'colcon_pkg'
[0.319s] Level 1:colcon.colcon_core.package_identification:_identify(src) by extensions ['colcon_meta']
[0.319s] Level 1:colcon.colcon_core.package_identification:_identify(src) by extension 'colcon_meta'
[0.319s] Level 1:colcon.colcon_core.package_identification:_identify(src) by extensions ['ros']
[0.319s] Level 1:colcon.colcon_core.package_identification:_identify(src) by extension 'ros'
[0.319s] Level 1:colcon.colcon_core.package_identification:_identify(src) by extensions ['cmake', 'python']
[0.319s] Level 1:colcon.colcon_core.package_identification:_identify(src) by extension 'cmake'
[0.319s] Level 1:colcon.colcon_core.package_identification:_identify(src) by extension 'python'
[0.319s] Level 1:colcon.colcon_core.package_identification:_identify(src) by extensions ['python_setup_py']
[0.319s] Level 1:colcon.colcon_core.package_identification:_identify(src) by extension 'python_setup_py'
[0.319s] Level 1:colcon.colcon_core.package_identification:_identify(src/bola) by extensions ['ignore', 'ignore_ament_install']
[0.319s] Level 1:colcon.colcon_core.package_identification:_identify(src/bola) by extension 'ignore'
[0.319s] Level 1:colcon.colcon_core.package_identification:_identify(src/bola) by extension 'ignore_ament_install'
[0.319s] Level 1:colcon.colcon_core.package_identification:_identify(src/bola) by extensions ['colcon_pkg']
[0.319s] Level 1:colcon.colcon_core.package_identification:_identify(src/bola) by extension 'colcon_pkg'
[0.319s] Level 1:colcon.colcon_core.package_identification:_identify(src/bola) by extensions ['colcon_meta']
[0.319s] Level 1:colcon.colcon_core.package_identification:_identify(src/bola) by extension 'colcon_meta'
[0.319s] Level 1:colcon.colcon_core.package_identification:_identify(src/bola) by extensions ['ros']
[0.319s] Level 1:colcon.colcon_core.package_identification:_identify(src/bola) by extension 'ros'
[0.320s] DEBUG:colcon.colcon_core.package_identification:Package 'src/bola' with type 'ros.ament_cmake' and name 'bola'
[0.320s] Level 1:colcon.colcon_core.package_identification:_identify(src/finalproject) by extensions ['ignore', 'ignore_ament_install']
[0.320s] Level 1:colcon.colcon_core.package_identification:_identify(src/finalproject) by extension 'ignore'
[0.320s] Level 1:colcon.colcon_core.package_identification:_identify(src/finalproject) by extension 'ignore_ament_install'
[0.320s] Level 1:colcon.colcon_core.package_identification:_identify(src/finalproject) by extensions ['colcon_pkg']
[0.320s] Level 1:colcon.colcon_core.package_identification:_identify(src/finalproject) by extension 'colcon_pkg'
[0.320s] Level 1:colcon.colcon_core.package_identification:_identify(src/finalproject) by extensions ['colcon_meta']
[0.320s] Level 1:colcon.colcon_core.package_identification:_identify(src/finalproject) by extension 'colcon_meta'
[0.320s] Level 1:colcon.colcon_core.package_identification:_identify(src/finalproject) by extensions ['ros']
[0.320s] Level 1:colcon.colcon_core.package_identification:_identify(src/finalproject) by extension 'ros'
[0.321s] DEBUG:colcon.colcon_core.package_identification:Package 'src/finalproject' with type 'ros.ament_cmake' and name 'finalproject'
[0.321s] Level 1:colcon.colcon_core.package_identification:_identify(src/keliling) by extensions ['ignore', 'ignore_ament_install']
[0.321s] Level 1:colcon.colcon_core.package_identification:_identify(src/keliling) by extension 'ignore'
[0.321s] Level 1:colcon.colcon_core.package_identification:_identify(src/keliling) by extension 'ignore_ament_install'
[0.321s] Level 1:colcon.colcon_core.package_identification:_identify(src/keliling) by extensions ['colcon_pkg']
[0.321s] Level 1:colcon.colcon_core.package_identification:_identify(src/keliling) by extension 'colcon_pkg'
[0.321s] Level 1:colcon.colcon_core.package_identification:_identify(src/keliling) by extensions ['colcon_meta']
[0.321s] Level 1:colcon.colcon_core.package_identification:_identify(src/keliling) by extension 'colcon_meta'
[0.322s] Level 1:colcon.colcon_core.package_identification:_identify(src/keliling) by extensions ['ros']
[0.322s] Level 1:colcon.colcon_core.package_identification:_identify(src/keliling) by extension 'ros'
[0.322s] DEBUG:colcon.colcon_core.package_identification:Package 'src/keliling' with type 'ros.ament_cmake' and name 'keliling'
[0.322s] Level 1:colcon.colcon_core.package_identification:_identify(src/keyboard) by extensions ['ignore', 'ignore_ament_install']
[0.322s] Level 1:colcon.colcon_core.package_identification:_identify(src/keyboard) by extension 'ignore'
[0.322s] Level 1:colcon.colcon_core.package_identification:_identify(src/keyboard) by extension 'ignore_ament_install'
[0.322s] Level 1:colcon.colcon_core.package_identification:_identify(src/keyboard) by extensions ['colcon_pkg']
[0.322s] Level 1:colcon.colcon_core.package_identification:_identify(src/keyboard) by extension 'colcon_pkg'
[0.322s] Level 1:colcon.colcon_core.package_identification:_identify(src/keyboard) by extensions ['colcon_meta']
[0.322s] Level 1:colcon.colcon_core.package_identification:_identify(src/keyboard) by extension 'colcon_meta'
[0.323s] Level 1:colcon.colcon_core.package_identification:_identify(src/keyboard) by extensions ['ros']
[0.323s] Level 1:colcon.colcon_core.package_identification:_identify(src/keyboard) by extension 'ros'
[0.323s] DEBUG:colcon.colcon_core.package_identification:Package 'src/keyboard' with type 'ros.ament_cmake' and name 'keyboard'
[0.323s] Level 1:colcon.colcon_core.package_identification:_identify(src/pid) by extensions ['ignore', 'ignore_ament_install']
[0.323s] Level 1:colcon.colcon_core.package_identification:_identify(src/pid) by extension 'ignore'
[0.323s] Level 1:colcon.colcon_core.package_identification:_identify(src/pid) by extension 'ignore_ament_install'
[0.323s] Level 1:colcon.colcon_core.package_identification:_identify(src/pid) by extensions ['colcon_pkg']
[0.324s] Level 1:colcon.colcon_core.package_identification:_identify(src/pid) by extension 'colcon_pkg'
[0.324s] Level 1:colcon.colcon_core.package_identification:_identify(src/pid) by extensions ['colcon_meta']
[0.324s] Level 1:colcon.colcon_core.package_identification:_identify(src/pid) by extension 'colcon_meta'
[0.324s] Level 1:colcon.colcon_core.package_identification:_identify(src/pid) by extensions ['ros']
[0.324s] Level 1:colcon.colcon_core.package_identification:_identify(src/pid) by extension 'ros'
[0.324s] DEBUG:colcon.colcon_core.package_identification:Package 'src/pid' with type 'ros.ament_cmake' and name 'pid'
[0.324s] Level 1:colcon.colcon_core.package_discovery:discover_packages(recursive) using defaults
[0.324s] Level 1:colcon.colcon_core.package_discovery:discover_packages(ignore) discover
[0.324s] Level 1:colcon.colcon_core.package_discovery:discover_packages(ignore) using defaults
[0.324s] Level 1:colcon.colcon_core.package_discovery:discover_packages(path) discover
[0.325s] Level 1:colcon.colcon_core.package_discovery:discover_packages(path) using defaults
[0.367s] Level 1:colcon.colcon_core.package_discovery:discover_packages(prefix_path) check parameters
[0.367s] Level 1:colcon.colcon_core.package_discovery:discover_packages(prefix_path) discover
[0.370s] DEBUG:colcon.colcon_installed_package_information.package_discovery:Found 6 installed packages in /home/farelfebryan/finalproject_ws/install
[0.370s] DEBUG:colcon.colcon_installed_package_information.package_discovery:Found 1 installed packages in /home/farelfebryan/workspace/install
[0.371s] DEBUG:colcon.colcon_installed_package_information.package_discovery:Found 332 installed packages in /opt/ros/humble
[0.373s] Level 1:colcon.colcon_core.package_discovery:discover_packages(prefix_path) using defaults
[0.420s] Level 5:colcon.colcon_core.verb:set package 'bola' build argument 'cmake_args' from command line to 'None'
[0.421s] Level 5:colcon.colcon_core.verb:set package 'bola' build argument 'cmake_target' from command line to 'None'
[0.421s] Level 5:colcon.colcon_core.verb:set package 'bola' build argument 'cmake_target_skip_unavailable' from command line to 'False'
[0.421s] Level 5:colcon.colcon_core.verb:set package 'bola' build argument 'cmake_clean_cache' from command line to 'False'
[0.421s] Level 5:colcon.colcon_core.verb:set package 'bola' build argument 'cmake_clean_first' from command line to 'False'
[0.421s] Level 5:colcon.colcon_core.verb:set package 'bola' build argument 'cmake_force_configure' from command line to 'False'
[0.421s] Level 5:colcon.colcon_core.verb:set package 'bola' build argument 'ament_cmake_args' from command line to 'None'
[0.421s] Level 5:colcon.colcon_core.verb:set package 'bola' build argument 'catkin_cmake_args' from command line to 'None'
[0.421s] Level 5:colcon.colcon_core.verb:set package 'bola' build argument 'catkin_skip_building_tests' from command line to 'False'
[0.421s] DEBUG:colcon.colcon_core.verb:Building package 'bola' with the following arguments: {'ament_cmake_args': None, 'build_base': '/home/farelfebryan/finalproject_ws/build/bola', 'catkin_cmake_args': None, 'catkin_skip_building_tests': False, 'cmake_args': None, 'cmake_clean_cache': False, 'cmake_clean_first': False, 'cmake_force_configure': False, 'cmake_target': None, 'cmake_target_skip_unavailable': False, 'install_base': '/home/farelfebryan/finalproject_ws/install/bola', 'merge_install': False, 'path': '/home/farelfebryan/finalproject_ws/src/bola', 'symlink_install': False, 'test_result_base': None}
[0.421s] Level 5:colcon.colcon_core.verb:set package 'finalproject' build argument 'cmake_args' from command line to 'None'
[0.421s] Level 5:colcon.colcon_core.verb:set package 'finalproject' build argument 'cmake_target' from command line to 'None'
[0.421s] Level 5:colcon.colcon_core.verb:set package 'finalproject' build argument 'cmake_target_skip_unavailable' from command line to 'False'
[0.421s] Level 5:colcon.colcon_core.verb:set package 'finalproject' build argument 'cmake_clean_cache' from command line to 'False'
[0.421s] Level 5:colcon.colcon_core.verb:set package 'finalproject' build argument 'cmake_clean_first' from command line to 'False'
[0.421s] Level 5:colcon.colcon_core.verb:set package 'finalproject' build argument 'cmake_force_configure' from command line to 'False'
[0.421s] Level 5:colcon.colcon_core.verb:set package 'finalproject' build argument 'ament_cmake_args' from command line to 'None'
[0.421s] Level 5:colcon.colcon_core.verb:set package 'finalproject' build argument 'catkin_cmake_args' from command line to 'None'
[0.421s] Level 5:colcon.colcon_core.verb:set package 'finalproject' build argument 'catkin_skip_building_tests' from command line to 'False'
[0.421s] DEBUG:colcon.colcon_core.verb:Building package 'finalproject' with the following arguments: {'ament_cmake_args': None, 'build_base': '/home/farelfebryan/finalproject_ws/build/finalproject', 'catkin_cmake_args': None, 'catkin_skip_building_tests': False, 'cmake_args': None, 'cmake_clean_cache': False, 'cmake_clean_first': False, 'cmake_force_configure': False, 'cmake_target': None, 'cmake_target_skip_unavailable': False, 'install_base': '/home/farelfebryan/finalproject_ws/install/finalproject', 'merge_install': False, 'path': '/home/farelfebryan/finalproject_ws/src/finalproject', 'symlink_install': False, 'test_result_base': None}
[0.422s] Level 5:colcon.colcon_core.verb:set package 'joystick' build argument 'cmake_args' from command line to 'None'
[0.422s] Level 5:colcon.colcon_core.verb:set package 'joystick' build argument 'cmake_target' from command line to 'None'
[0.422s] Level 5:colcon.colcon_core.verb:set package 'joystick' build argument 'cmake_target_skip_unavailable' from command line to 'False'
[0.422s] Level 5:colcon.colcon_core.verb:set package 'joystick' build argument 'cmake_clean_cache' from command line to 'False'
[0.422s] Level 5:colcon.colcon_core.verb:set package 'joystick' build argument 'cmake_clean_first' from command line to 'False'
[0.422s] Level 5:colcon.colcon_core.verb:set package 'joystick' build argument 'cmake_force_configure' from command line to 'False'
[0.422s] Level 5:colcon.colcon_core.verb:set package 'joystick' build argument 'ament_cmake_args' from command line to 'None'
[0.422s] Level 5:colcon.colcon_core.verb:set package 'joystick' build argument 'catkin_cmake_args' from command line to 'None'
[0.422s] Level 5:colcon.colcon_core.verb:set package 'joystick' build argument 'catkin_skip_building_tests' from command line to 'False'
[0.422s] DEBUG:colcon.colcon_core.verb:Building package 'joystick' with the following arguments: {'ament_cmake_args': None, 'build_base': '/home/farelfebryan/finalproject_ws/build/joystick', 'catkin_cmake_args': None, 'catkin_skip_building_tests': False, 'cmake_args': None, 'cmake_clean_cache': False, 'cmake_clean_first': False, 'cmake_force_configure': False, 'cmake_target': None, 'cmake_target_skip_unavailable': False, 'install_base': '/home/farelfebryan/finalproject_ws/install/joystick', 'merge_install': False, 'path': '/home/farelfebryan/finalproject_ws/joystick', 'symlink_install': False, 'test_result_base': None}
[0.423s] Level 5:colcon.colcon_core.verb:set package 'keliling' build argument 'cmake_args' from command line to 'None'
[0.423s] Level 5:colcon.colcon_core.verb:set package 'keliling' build argument 'cmake_target' from command line to 'None'
[0.423s] Level 5:colcon.colcon_core.verb:set package 'keliling' build argument 'cmake_target_skip_unavailable' from command line to 'False'
[0.423s] Level 5:colcon.colcon_core.verb:set package 'keliling' build argument 'cmake_clean_cache' from command line to 'False'
[0.423s] Level 5:colcon.colcon_core.verb:set package 'keliling' build argument 'cmake_clean_first' from command line to 'False'
[0.423s] Level 5:colcon.colcon_core.verb:set package 'keliling' build argument 'cmake_force_configure' from command line to 'False'
[0.423s] Level 5:colcon.colcon_core.verb:set package 'keliling' build argument 'ament_cmake_args' from command line to 'None'
[0.423s] Level 5:colcon.colcon_core.verb:set package 'keliling' build argument 'catkin_cmake_args' from command line to 'None'
[0.423s] Level 5:colcon.colcon_core.verb:set package 'keliling' build argument 'catkin_skip_building_tests' from command line to 'False'
[0.423s] DEBUG:colcon.colcon_core.verb:Building package 'keliling' with the following arguments: {'ament_cmake_args': None, 'build_base': '/home/farelfebryan/finalproject_ws/build/keliling', 'catkin_cmake_args': None, 'catkin_skip_building_tests': False, 'cmake_args': None, 'cmake_clean_cache': False, 'cmake_clean_first': False, 'cmake_force_configure': False, 'cmake_target': None, 'cmake_target_skip_unavailable': False, 'install_base': '/home/farelfebryan/finalproject_ws/install/keliling', 'merge_install': False, 'path': '/home/farelfebryan/finalproject_ws/src/keliling', 'symlink_install': False, 'test_result_base': None}
[0.423s] Level 5:colcon.colcon_core.verb:set package 'keyboard' build argument 'cmake_args' from command line to 'None'
[0.423s] Level 5:colcon.colcon_core.verb:set package 'keyboard' build argument 'cmake_target' from command line to 'None'
[0.423s] Level 5:colcon.colcon_core.verb:set package 'keyboard' build argument 'cmake_target_skip_unavailable' from command line to 'False'
[0.423s] Level 5:colcon.colcon_core.verb:set package 'keyboard' build argument 'cmake_clean_cache' from command line to 'False'
[0.423s] Level 5:colcon.colcon_core.verb:set package 'keyboard' build argument 'cmake_clean_first' from command line to 'False'
[0.423s] Level 5:colcon.colcon_core.verb:set package 'keyboard' build argument 'cmake_force_configure' from command line to 'False'
[0.423s] Level 5:colcon.colcon_core.verb:set package 'keyboard' build argument 'ament_cmake_args' from command line to 'None'
[0.424s] Level 5:colcon.colcon_core.verb:set package 'keyboard' build argument 'catkin_cmake_args' from command line to 'None'
[0.424s] Level 5:colcon.colcon_core.verb:set package 'keyboard' build argument 'catkin_skip_building_tests' from command line to 'False'
[0.424s] DEBUG:colcon.colcon_core.verb:Building package 'keyboard' with the following arguments: {'ament_cmake_args': None, 'build_base': '/home/farelfebryan/finalproject_ws/build/keyboard', 'catkin_cmake_args': None, 'catkin_skip_building_tests': False, 'cmake_args': None, 'cmake_clean_cache': False, 'cmake_clean_first': False, 'cmake_force_configure': False, 'cmake_target': None, 'cmake_target_skip_unavailable': False, 'install_base': '/home/farelfebryan/finalproject_ws/install/keyboard', 'merge_install': False, 'path': '/home/farelfebryan/finalproject_ws/src/keyboard', 'symlink_install': False, 'test_result_base': None}
[0.424s] Level 5:colcon.colcon_core.verb:set package 'pid' build argument 'cmake_args' from command line to 'None'
[0.424s] Level 5:colcon.colcon_core.verb:set package 'pid' build argument 'cmake_target' from command line to 'None'
[0.424s] Level 5:colcon.colcon_core.verb:set package 'pid' build argument 'cmake_target_skip_unavailable' from command line to 'False'
[0.424s] Level 5:colcon.colcon_core.verb:set package 'pid' build argument 'cmake_clean_cache' from command line to 'False'
[0.424s] Level 5:colcon.colcon_core.verb:set package 'pid' build argument 'cmake_clean_first' from command line to 'False'
[0.424s] Level 5:colcon.colcon_core.verb:set package 'pid' build argument 'cmake_force_configure' from command line to 'False'
[0.424s] Level 5:colcon.colcon_core.verb:set package 'pid' build argument 'ament_cmake_args' from command line to 'None'
[0.424s] Level 5:colcon.colcon_core.verb:set package 'pid' build argument 'catkin_cmake_args' from command line to 'None'
[0.424s] Level 5:colcon.colcon_core.verb:set package 'pid' build argument 'catkin_skip_building_tests' from command line to 'False'
[0.424s] DEBUG:colcon.colcon_core.verb:Building package 'pid' with the following arguments: {'ament_cmake_args': None, 'build_base': '/home/farelfebryan/finalproject_ws/build/pid', 'catkin_cmake_args': None, 'catkin_skip_building_tests': False, 'cmake_args': None, 'cmake_clean_cache': False, 'cmake_clean_first': False, 'cmake_force_configure': False, 'cmake_target': None, 'cmake_target_skip_unavailable': False, 'install_base': '/home/farelfebryan/finalproject_ws/install/pid', 'merge_install': False, 'path': '/home/farelfebryan/finalproject_ws/src/pid', 'symlink_install': False, 'test_result_base': None}
[0.424s] INFO:colcon.colcon_core.executor:Executing jobs using 'parallel' executor
[0.425s] DEBUG:colcon.colcon_parallel_executor.executor.parallel:run_until_complete
[0.426s] INFO:colcon.colcon_ros.task.ament_cmake.build:Building ROS package in '/home/farelfebryan/finalproject_ws/src/bola' with build type 'ament_cmake'
[0.426s] INFO:colcon.colcon_cmake.task.cmake.build:Building CMake package in '/home/farelfebryan/finalproject_ws/src/bola'
[0.428s] INFO:colcon.colcon_core.plugin_system:Skipping extension 'colcon_core.shell.bat': Not used on non-Windows systems
[0.429s] INFO:colcon.colcon_core.shell:Skip shell extension 'powershell' for command environment: Not usable outside of PowerShell
[0.429s] DEBUG:colcon.colcon_core.shell:Skip shell extension 'dsv' for command environment
[0.433s] INFO:colcon.colcon_ros.task.ament_cmake.build:Building ROS package in '/home/farelfebryan/finalproject_ws/src/finalproject' with build type 'ament_cmake'
[0.433s] INFO:colcon.colcon_cmake.task.cmake.build:Building CMake package in '/home/farelfebryan/finalproject_ws/src/finalproject'
[0.433s] INFO:colcon.colcon_core.shell:Skip shell extension 'powershell' for command environment: Not usable outside of PowerShell
[0.434s] DEBUG:colcon.colcon_core.shell:Skip shell extension 'dsv' for command environment
[0.437s] INFO:colcon.colcon_ros.task.ament_cmake.build:Building ROS package in '/home/farelfebryan/finalproject_ws/joystick' with build type 'ament_cmake'
[0.437s] INFO:colcon.colcon_cmake.task.cmake.build:Building CMake package in '/home/farelfebryan/finalproject_ws/joystick'
[0.438s] INFO:colcon.colcon_core.shell:Skip shell extension 'powershell' for command environment: Not usable outside of PowerShell
[0.438s] DEBUG:colcon.colcon_core.shell:Skip shell extension 'dsv' for command environment
[0.441s] INFO:colcon.colcon_ros.task.ament_cmake.build:Building ROS package in '/home/farelfebryan/finalproject_ws/src/keliling' with build type 'ament_cmake'
[0.442s] INFO:colcon.colcon_cmake.task.cmake.build:Building CMake package in '/home/farelfebryan/finalproject_ws/src/keliling'
[0.442s] INFO:colcon.colcon_core.shell:Skip shell extension 'powershell' for command environment: Not usable outside of PowerShell
[0.442s] DEBUG:colcon.colcon_core.shell:Skip shell extension 'dsv' for command environment
[0.446s] INFO:colcon.colcon_ros.task.ament_cmake.build:Building ROS package in '/home/farelfebryan/finalproject_ws/src/keyboard' with build type 'ament_cmake'
[0.446s] INFO:colcon.colcon_cmake.task.cmake.build:Building CMake package in '/home/farelfebryan/finalproject_ws/src/keyboard'
[0.447s] INFO:colcon.colcon_core.shell:Skip shell extension 'powershell' for command environment: Not usable outside of PowerShell
[0.447s] DEBUG:colcon.colcon_core.shell:Skip shell extension 'dsv' for command environment
[0.451s] INFO:colcon.colcon_ros.task.ament_cmake.build:Building ROS package in '/home/farelfebryan/finalproject_ws/src/pid' with build type 'ament_cmake'
[0.451s] INFO:colcon.colcon_cmake.task.cmake.build:Building CMake package in '/home/farelfebryan/finalproject_ws/src/pid'
[0.451s] INFO:colcon.colcon_core.shell:Skip shell extension 'powershell' for command environment: Not usable outside of PowerShell
[0.451s] DEBUG:colcon.colcon_core.shell:Skip shell extension 'dsv' for command environment
[0.462s] DEBUG:colcon.colcon_core.event_handler.log_command:Invoking command in '/home/farelfebryan/finalproject_ws/build/bola': CMAKE_PREFIX_PATH=${CMAKE_PREFIX_PATH}:/opt/ros/humble /usr/bin/cmake --build /home/farelfebryan/finalproject_ws/build/bola -- -j8 -l8
[0.465s] DEBUG:colcon.colcon_core.event_handler.log_command:Invoking command in '/home/farelfebryan/finalproject_ws/build/finalproject': CMAKE_PREFIX_PATH=${CMAKE_PREFIX_PATH}:/opt/ros/humble /usr/bin/cmake --build /home/farelfebryan/finalproject_ws/build/finalproject -- -j8 -l8
[0.469s] DEBUG:colcon.colcon_core.event_handler.log_command:Invoking command in '/home/farelfebryan/finalproject_ws/build/joystick': CMAKE_PREFIX_PATH=${CMAKE_PREFIX_PATH}:/opt/ros/humble /usr/bin/cmake --build /home/farelfebryan/finalproject_ws/build/joystick -- -j8 -l8
[0.476s] DEBUG:colcon.colcon_core.event_handler.log_command:Invoking command in '/home/farelfebryan/finalproject_ws/build/keliling': CMAKE_PREFIX_PATH=${CMAKE_PREFIX_PATH}:/opt/ros/humble /usr/bin/cmake --build /home/farelfebryan/finalproject_ws/build/keliling -- -j8 -l8
[0.479s] DEBUG:colcon.colcon_core.event_handler.log_command:Invoking command in '/home/farelfebryan/finalproject_ws/build/keyboard': CMAKE_PREFIX_PATH=${CMAKE_PREFIX_PATH}:/opt/ros/humble /usr/bin/cmake --build /home/farelfebryan/finalproject_ws/build/keyboard -- -j8 -l8
[0.487s] DEBUG:colcon.colcon_core.event_handler.log_command:Invoking command in '/home/farelfebryan/finalproject_ws/build/pid': CMAKE_PREFIX_PATH=${CMAKE_PREFIX_PATH}:/opt/ros/humble /usr/bin/cmake --build /home/farelfebryan/finalproject_ws/build/pid -- -j8 -l8
[0.522s] DEBUG:colcon.colcon_core.event_handler.log_command:Invoked command in '/home/farelfebryan/finalproject_ws/build/finalproject' returned '0': CMAKE_PREFIX_PATH=${CMAKE_PREFIX_PATH}:/opt/ros/humble /usr/bin/cmake --build /home/farelfebryan/finalproject_ws/build/finalproject -- -j8 -l8
[0.567s] DEBUG:colcon.colcon_core.event_handler.log_command:Invoking command in '/home/farelfebryan/finalproject_ws/build/finalproject': CMAKE_PREFIX_PATH=${CMAKE_PREFIX_PATH}:/opt/ros/humble /usr/bin/cmake --install /home/farelfebryan/finalproject_ws/build/finalproject
[0.570s] DEBUG:colcon.colcon_core.event_handler.log_command:Invoked command in '/home/farelfebryan/finalproject_ws/build/bola' returned '0': CMAKE_PREFIX_PATH=${CMAKE_PREFIX_PATH}:/opt/ros/humble /usr/bin/cmake --build /home/farelfebryan/finalproject_ws/build/bola -- -j8 -l8
[0.571s] DEBUG:colcon.colcon_core.event_handler.log_command:Invoked command in '/home/farelfebryan/finalproject_ws/build/joystick' returned '0': CMAKE_PREFIX_PATH=${CMAKE_PREFIX_PATH}:/opt/ros/humble /usr/bin/cmake --build /home/farelfebryan/finalproject_ws/build/joystick -- -j8 -l8
[0.573s] DEBUG:colcon.colcon_core.event_handler.log_command:Invoked command in '/home/farelfebryan/finalproject_ws/build/keyboard' returned '0': CMAKE_PREFIX_PATH=${CMAKE_PREFIX_PATH}:/opt/ros/humble /usr/bin/cmake --build /home/farelfebryan/finalproject_ws/build/keyboard -- -j8 -l8
[0.582s] DEBUG:colcon.colcon_core.event_handler.log_command:Invoked command in '/home/farelfebryan/finalproject_ws/build/pid' returned '0': CMAKE_PREFIX_PATH=${CMAKE_PREFIX_PATH}:/opt/ros/humble /usr/bin/cmake --build /home/farelfebryan/finalproject_ws/build/pid -- -j8 -l8
[0.587s] Level 1:colcon.colcon_core.environment:create_environment_scripts_only(finalproject)
[0.591s] DEBUG:colcon.colcon_core.event_handler.log_command:Invoked command in '/home/farelfebryan/finalproject_ws/build/finalproject' returned '0': CMAKE_PREFIX_PATH=${CMAKE_PREFIX_PATH}:/opt/ros/humble /usr/bin/cmake --install /home/farelfebryan/finalproject_ws/build/finalproject
[0.596s] Level 1:colcon.colcon_core.environment:checking '/home/farelfebryan/finalproject_ws/install/finalproject' for CMake module files
[0.597s] Level 1:colcon.colcon_core.environment:checking '/home/farelfebryan/finalproject_ws/install/finalproject' for CMake config files
[0.597s] Level 1:colcon.colcon_core.shell:create_environment_hook('finalproject', 'cmake_prefix_path')
[0.597s] INFO:colcon.colcon_core.shell:Creating environment hook '/home/farelfebryan/finalproject_ws/install/finalproject/share/finalproject/hook/cmake_prefix_path.ps1'
[0.598s] INFO:colcon.colcon_core.shell:Creating environment descriptor '/home/farelfebryan/finalproject_ws/install/finalproject/share/finalproject/hook/cmake_prefix_path.dsv'
[0.599s] INFO:colcon.colcon_core.shell:Creating environment hook '/home/farelfebryan/finalproject_ws/install/finalproject/share/finalproject/hook/cmake_prefix_path.sh'
[0.605s] Level 1:colcon.colcon_core.environment:checking '/home/farelfebryan/finalproject_ws/install/finalproject/bin'
[0.605s] Level 1:colcon.colcon_core.environment:checking '/home/farelfebryan/finalproject_ws/install/finalproject/lib/pkgconfig/finalproject.pc'
[0.606s] Level 1:colcon.colcon_core.environment:checking '/home/farelfebryan/finalproject_ws/install/finalproject/lib/python3.10/site-packages'
[0.606s] Level 1:colcon.colcon_core.environment:checking '/home/farelfebryan/finalproject_ws/install/finalproject/bin'
[0.607s] INFO:colcon.colcon_core.shell:Creating package script '/home/farelfebryan/finalproject_ws/install/finalproject/share/finalproject/package.ps1'
[0.608s] INFO:colcon.colcon_core.shell:Creating package descriptor '/home/farelfebryan/finalproject_ws/install/finalproject/share/finalproject/package.dsv'
[0.609s] INFO:colcon.colcon_core.shell:Creating package script '/home/farelfebryan/finalproject_ws/install/finalproject/share/finalproject/package.sh'
[0.611s] INFO:colcon.colcon_core.shell:Creating package script '/home/farelfebryan/finalproject_ws/install/finalproject/share/finalproject/package.bash'
[0.613s] INFO:colcon.colcon_core.shell:Creating package script '/home/farelfebryan/finalproject_ws/install/finalproject/share/finalproject/package.zsh'
[0.614s] Level 1:colcon.colcon_core.environment:create_file_with_runtime_dependencies(/home/farelfebryan/finalproject_ws/install/finalproject/share/colcon-core/packages/finalproject)
[0.618s] DEBUG:colcon.colcon_core.event_handler.log_command:Invoking command in '/home/farelfebryan/finalproject_ws/build/bola': CMAKE_PREFIX_PATH=${CMAKE_PREFIX_PATH}:/opt/ros/humble /usr/bin/cmake --install /home/farelfebryan/finalproject_ws/build/bola
[0.620s] DEBUG:colcon.colcon_core.event_handler.log_command:Invoking command in '/home/farelfebryan/finalproject_ws/build/joystick': CMAKE_PREFIX_PATH=${CMAKE_PREFIX_PATH}:/opt/ros/humble /usr/bin/cmake --install /home/farelfebryan/finalproject_ws/build/joystick
[0.622s] DEBUG:colcon.colcon_core.event_handler.log_command:Invoking command in '/home/farelfebryan/finalproject_ws/build/pid': CMAKE_PREFIX_PATH=${CMAKE_PREFIX_PATH}:/opt/ros/humble /usr/bin/cmake --install /home/farelfebryan/finalproject_ws/build/pid
[0.631s] DEBUG:colcon.colcon_core.event_handler.log_command:Invoking command in '/home/farelfebryan/finalproject_ws/build/keyboard': CMAKE_PREFIX_PATH=${CMAKE_PREFIX_PATH}:/opt/ros/humble /usr/bin/cmake --install /home/farelfebryan/finalproject_ws/build/keyboard
[0.633s] Level 1:colcon.colcon_core.environment:create_environment_scripts_only(bola)
[0.633s] Level 1:colcon.colcon_core.environment:checking '/home/farelfebryan/finalproject_ws/install/bola' for CMake module files
[0.638s] DEBUG:colcon.colcon_core.event_handler.log_command:Invoked command in '/home/farelfebryan/finalproject_ws/build/bola' returned '0': CMAKE_PREFIX_PATH=${CMAKE_PREFIX_PATH}:/opt/ros/humble /usr/bin/cmake --install /home/farelfebryan/finalproject_ws/build/bola
[0.639s] Level 1:colcon.colcon_core.environment:checking '/home/farelfebryan/finalproject_ws/install/bola' for CMake config files
[0.642s] Level 1:colcon.colcon_core.shell:create_environment_hook('bola', 'cmake_prefix_path')
[0.642s] INFO:colcon.colcon_core.shell:Creating environment hook '/home/farelfebryan/finalproject_ws/install/bola/share/bola/hook/cmake_prefix_path.ps1'
[0.643s] INFO:colcon.colcon_core.shell:Creating environment descriptor '/home/farelfebryan/finalproject_ws/install/bola/share/bola/hook/cmake_prefix_path.dsv'
[0.644s] INFO:colcon.colcon_core.shell:Creating environment hook '/home/farelfebryan/finalproject_ws/install/bola/share/bola/hook/cmake_prefix_path.sh'
[0.645s] Level 1:colcon.colcon_core.environment:checking '/home/farelfebryan/finalproject_ws/install/bola/lib'
[0.645s] Level 1:colcon.colcon_core.environment:checking '/home/farelfebryan/finalproject_ws/install/bola/bin'
[0.645s] Level 1:colcon.colcon_core.environment:checking '/home/farelfebryan/finalproject_ws/install/bola/lib/pkgconfig/bola.pc'
[0.646s] Level 1:colcon.colcon_core.environment:checking '/home/farelfebryan/finalproject_ws/install/bola/lib/python3.10/site-packages'
[0.646s] Level 1:colcon.colcon_core.environment:checking '/home/farelfebryan/finalproject_ws/install/bola/bin'
[0.647s] INFO:colcon.colcon_core.shell:Creating package script '/home/farelfebryan/finalproject_ws/install/bola/share/bola/package.ps1'
[0.647s] INFO:colcon.colcon_core.shell:Creating package descriptor '/home/farelfebryan/finalproject_ws/install/bola/share/bola/package.dsv'
[0.648s] INFO:colcon.colcon_core.shell:Creating package script '/home/farelfebryan/finalproject_ws/install/bola/share/bola/package.sh'
[0.648s] INFO:colcon.colcon_core.shell:Creating package script '/home/farelfebryan/finalproject_ws/install/bola/share/bola/package.bash'
[0.649s] INFO:colcon.colcon_core.shell:Creating package script '/home/farelfebryan/finalproject_ws/install/bola/share/bola/package.zsh'
[0.649s] Level 1:colcon.colcon_core.environment:create_file_with_runtime_dependencies(/home/farelfebryan/finalproject_ws/install/bola/share/colcon-core/packages/bola)
[0.651s] Level 1:colcon.colcon_core.environment:create_environment_scripts_only(pid)
[0.651s] DEBUG:colcon.colcon_core.event_handler.log_command:Invoked command in '/home/farelfebryan/finalproject_ws/build/pid' returned '0': CMAKE_PREFIX_PATH=${CMAKE_PREFIX_PATH}:/opt/ros/humble /usr/bin/cmake --install /home/farelfebryan/finalproject_ws/build/pid
[0.652s] Level 1:colcon.colcon_core.environment:checking '/home/farelfebryan/finalproject_ws/install/pid' for CMake module files
[0.652s] Level 1:colcon.colcon_core.environment:checking '/home/farelfebryan/finalproject_ws/install/pid' for CMake config files
[0.653s] Level 1:colcon.colcon_core.shell:create_environment_hook('pid', 'cmake_prefix_path')
[0.653s] INFO:colcon.colcon_core.shell:Creating environment hook '/home/farelfebryan/finalproject_ws/install/pid/share/pid/hook/cmake_prefix_path.ps1'
[0.654s] INFO:colcon.colcon_core.shell:Creating environment descriptor '/home/farelfebryan/finalproject_ws/install/pid/share/pid/hook/cmake_prefix_path.dsv'
[0.654s] INFO:colcon.colcon_core.shell:Creating environment hook '/home/farelfebryan/finalproject_ws/install/pid/share/pid/hook/cmake_prefix_path.sh'
[0.655s] Level 1:colcon.colcon_core.environment:checking '/home/farelfebryan/finalproject_ws/install/pid/lib'
[0.655s] Level 1:colcon.colcon_core.environment:checking '/home/farelfebryan/finalproject_ws/install/pid/bin'
[0.655s] Level 1:colcon.colcon_core.environment:checking '/home/farelfebryan/finalproject_ws/install/pid/lib/pkgconfig/pid.pc'
[0.655s] Level 1:colcon.colcon_core.environment:checking '/home/farelfebryan/finalproject_ws/install/pid/lib/python3.10/site-packages'
[0.656s] Level 1:colcon.colcon_core.environment:checking '/home/farelfebryan/finalproject_ws/install/pid/bin'
[0.656s] INFO:colcon.colcon_core.shell:Creating package script '/home/farelfebryan/finalproject_ws/install/pid/share/pid/package.ps1'
[0.658s] INFO:colcon.colcon_core.shell:Creating package descriptor '/home/farelfebryan/finalproject_ws/install/pid/share/pid/package.dsv'
[0.659s] INFO:colcon.colcon_core.shell:Creating package script '/home/farelfebryan/finalproject_ws/install/pid/share/pid/package.sh'
[0.659s] INFO:colcon.colcon_core.shell:Creating package script '/home/farelfebryan/finalproject_ws/install/pid/share/pid/package.bash'
[0.660s] INFO:colcon.colcon_core.shell:Creating package script '/home/farelfebryan/finalproject_ws/install/pid/share/pid/package.zsh'
[0.661s] Level 1:colcon.colcon_core.environment:create_file_with_runtime_dependencies(/home/farelfebryan/finalproject_ws/install/pid/share/colcon-core/packages/pid)
[0.662s] Level 1:colcon.colcon_core.environment:create_environment_scripts_only(joystick)
[0.662s] Level 1:colcon.colcon_core.environment:checking '/home/farelfebryan/finalproject_ws/install/joystick' for CMake module files
[0.663s] DEBUG:colcon.colcon_core.event_handler.log_command:Invoked command in '/home/farelfebryan/finalproject_ws/build/joystick' returned '0': CMAKE_PREFIX_PATH=${CMAKE_PREFIX_PATH}:/opt/ros/humble /usr/bin/cmake --install /home/farelfebryan/finalproject_ws/build/joystick
[0.664s] Level 1:colcon.colcon_core.environment:checking '/home/farelfebryan/finalproject_ws/install/joystick' for CMake config files
[0.664s] Level 1:colcon.colcon_core.shell:create_environment_hook('joystick', 'cmake_prefix_path')
[0.665s] INFO:colcon.colcon_core.shell:Creating environment hook '/home/farelfebryan/finalproject_ws/install/joystick/share/joystick/hook/cmake_prefix_path.ps1'
[0.665s] INFO:colcon.colcon_core.shell:Creating environment descriptor '/home/farelfebryan/finalproject_ws/install/joystick/share/joystick/hook/cmake_prefix_path.dsv'
[0.666s] INFO:colcon.colcon_core.shell:Creating environment hook '/home/farelfebryan/finalproject_ws/install/joystick/share/joystick/hook/cmake_prefix_path.sh'
[0.667s] Level 1:colcon.colcon_core.environment:checking '/home/farelfebryan/finalproject_ws/install/joystick/lib'
[0.667s] Level 1:colcon.colcon_core.environment:checking '/home/farelfebryan/finalproject_ws/install/joystick/bin'
[0.667s] Level 1:colcon.colcon_core.environment:checking '/home/farelfebryan/finalproject_ws/install/joystick/lib/pkgconfig/joystick.pc'
[0.667s] Level 1:colcon.colcon_core.environment:checking '/home/farelfebryan/finalproject_ws/install/joystick/lib/python3.10/site-packages'
[0.668s] Level 1:colcon.colcon_core.environment:checking '/home/farelfebryan/finalproject_ws/install/joystick/bin'
[0.668s] INFO:colcon.colcon_core.shell:Creating package script '/home/farelfebryan/finalproject_ws/install/joystick/share/joystick/package.ps1'
[0.669s] INFO:colcon.colcon_core.shell:Creating package descriptor '/home/farelfebryan/finalproject_ws/install/joystick/share/joystick/package.dsv'
[0.670s] INFO:colcon.colcon_core.shell:Creating package script '/home/farelfebryan/finalproject_ws/install/joystick/share/joystick/package.sh'
[0.670s] INFO:colcon.colcon_core.shell:Creating package script '/home/farelfebryan/finalproject_ws/install/joystick/share/joystick/package.bash'
[0.671s] INFO:colcon.colcon_core.shell:Creating package script '/home/farelfebryan/finalproject_ws/install/joystick/share/joystick/package.zsh'
[0.671s] Level 1:colcon.colcon_core.environment:create_file_with_runtime_dependencies(/home/farelfebryan/finalproject_ws/install/joystick/share/colcon-core/packages/joystick)
[0.673s] Level 1:colcon.colcon_core.environment:create_environment_scripts_only(finalproject)
[0.673s] Level 1:colcon.colcon_core.environment:checking '/home/farelfebryan/finalproject_ws/install/finalproject' for CMake module files
[0.674s] Level 1:colcon.colcon_core.environment:checking '/home/farelfebryan/finalproject_ws/install/finalproject' for CMake config files
[0.674s] Level 1:colcon.colcon_core.shell:create_environment_hook('finalproject', 'cmake_prefix_path')
[0.675s] INFO:colcon.colcon_core.shell:Creating environment hook '/home/farelfebryan/finalproject_ws/install/finalproject/share/finalproject/hook/cmake_prefix_path.ps1'
[0.675s] INFO:colcon.colcon_core.shell:Creating environment descriptor '/home/farelfebryan/finalproject_ws/install/finalproject/share/finalproject/hook/cmake_prefix_path.dsv'
[0.676s] INFO:colcon.colcon_core.shell:Creating environment hook '/home/farelfebryan/finalproject_ws/install/finalproject/share/finalproject/hook/cmake_prefix_path.sh'
[0.678s] Level 1:colcon.colcon_core.environment:checking '/home/farelfebryan/finalproject_ws/install/finalproject/bin'
[0.678s] Level 1:colcon.colcon_core.environment:checking '/home/farelfebryan/finalproject_ws/install/finalproject/lib/pkgconfig/finalproject.pc'
[0.679s] Level 1:colcon.colcon_core.environment:checking '/home/farelfebryan/finalproject_ws/install/finalproject/lib/python3.10/site-packages'
[0.679s] Level 1:colcon.colcon_core.environment:checking '/home/farelfebryan/finalproject_ws/install/finalproject/bin'
[0.680s] INFO:colcon.colcon_core.shell:Creating package script '/home/farelfebryan/finalproject_ws/install/finalproject/share/finalproject/package.ps1'
[0.682s] INFO:colcon.colcon_core.shell:Creating package descriptor '/home/farelfebryan/finalproject_ws/install/finalproject/share/finalproject/package.dsv'
[0.682s] INFO:colcon.colcon_core.shell:Creating package script '/home/farelfebryan/finalproject_ws/install/finalproject/share/finalproject/package.sh'
[0.683s] INFO:colcon.colcon_core.shell:Creating package script '/home/farelfebryan/finalproject_ws/install/finalproject/share/finalproject/package.bash'
[0.684s] INFO:colcon.colcon_core.shell:Creating package script '/home/farelfebryan/finalproject_ws/install/finalproject/share/finalproject/package.zsh'
[0.685s] Level 1:colcon.colcon_core.environment:create_file_with_runtime_dependencies(/home/farelfebryan/finalproject_ws/install/finalproject/share/colcon-core/packages/finalproject)
[0.686s] Level 1:colcon.colcon_core.environment:create_environment_scripts_only(keyboard)
[0.686s] Level 1:colcon.colcon_core.environment:checking '/home/farelfebryan/finalproject_ws/install/keyboard' for CMake module files
[0.687s] Level 1:colcon.colcon_core.environment:checking '/home/farelfebryan/finalproject_ws/install/keyboard' for CMake config files
[0.688s] DEBUG:colcon.colcon_core.event_handler.log_command:Invoked command in '/home/farelfebryan/finalproject_ws/build/keyboard' returned '0': CMAKE_PREFIX_PATH=${CMAKE_PREFIX_PATH}:/opt/ros/humble /usr/bin/cmake --install /home/farelfebryan/finalproject_ws/build/keyboard
[0.688s] Level 1:colcon.colcon_core.shell:create_environment_hook('keyboard', 'cmake_prefix_path')
[0.689s] INFO:colcon.colcon_core.shell:Creating environment hook '/home/farelfebryan/finalproject_ws/install/keyboard/share/keyboard/hook/cmake_prefix_path.ps1'
[0.689s] INFO:colcon.colcon_core.shell:Creating environment descriptor '/home/farelfebryan/finalproject_ws/install/keyboard/share/keyboard/hook/cmake_prefix_path.dsv'
[0.690s] INFO:colcon.colcon_core.shell:Creating environment hook '/home/farelfebryan/finalproject_ws/install/keyboard/share/keyboard/hook/cmake_prefix_path.sh'
[0.691s] Level 1:colcon.colcon_core.environment:checking '/home/farelfebryan/finalproject_ws/install/keyboard/lib'
[0.691s] Level 1:colcon.colcon_core.environment:checking '/home/farelfebryan/finalproject_ws/install/keyboard/bin'
[0.691s] Level 1:colcon.colcon_core.environment:checking '/home/farelfebryan/finalproject_ws/install/keyboard/lib/pkgconfig/keyboard.pc'
[0.692s] Level 1:colcon.colcon_core.environment:checking '/home/farelfebryan/finalproject_ws/install/keyboard/lib/python3.10/site-packages'
[0.692s] Level 1:colcon.colcon_core.environment:checking '/home/farelfebryan/finalproject_ws/install/keyboard/bin'
[0.692s] INFO:colcon.colcon_core.shell:Creating package script '/home/farelfebryan/finalproject_ws/install/keyboard/share/keyboard/package.ps1'
[0.693s] INFO:colcon.colcon_core.shell:Creating package descriptor '/home/farelfebryan/finalproject_ws/install/keyboard/share/keyboard/package.dsv'
[0.694s] INFO:colcon.colcon_core.shell:Creating package script '/home/farelfebryan/finalproject_ws/install/keyboard/share/keyboard/package.sh'
[0.695s] INFO:colcon.colcon_core.shell:Creating package script '/home/farelfebryan/finalproject_ws/install/keyboard/share/keyboard/package.bash'
[0.696s] INFO:colcon.colcon_core.shell:Creating package script '/home/farelfebryan/finalproject_ws/install/keyboard/share/keyboard/package.zsh'
[0.697s] Level 1:colcon.colcon_core.environment:create_file_with_runtime_dependencies(/home/farelfebryan/finalproject_ws/install/keyboard/share/colcon-core/packages/keyboard)
[0.702s] Level 1:colcon.colcon_core.environment:create_environment_scripts_only(bola)
[0.703s] Level 1:colcon.colcon_core.environment:checking '/home/farelfebryan/finalproject_ws/install/bola' for CMake module files
[0.704s] Level 1:colcon.colcon_core.environment:checking '/home/farelfebryan/finalproject_ws/install/bola' for CMake config files
[0.704s] Level 1:colcon.colcon_core.shell:create_environment_hook('bola', 'cmake_prefix_path')
[0.705s] INFO:colcon.colcon_core.shell:Creating environment hook '/home/farelfebryan/finalproject_ws/install/bola/share/bola/hook/cmake_prefix_path.ps1'
[0.706s] INFO:colcon.colcon_core.shell:Creating environment descriptor '/home/farelfebryan/finalproject_ws/install/bola/share/bola/hook/cmake_prefix_path.dsv'
[0.706s] INFO:colcon.colcon_core.shell:Creating environment hook '/home/farelfebryan/finalproject_ws/install/bola/share/bola/hook/cmake_prefix_path.sh'
[0.707s] Level 1:colcon.colcon_core.environment:checking '/home/farelfebryan/finalproject_ws/install/bola/lib'
[0.707s] Level 1:colcon.colcon_core.environment:checking '/home/farelfebryan/finalproject_ws/install/bola/bin'
[0.708s] Level 1:colcon.colcon_core.environment:checking '/home/farelfebryan/finalproject_ws/install/bola/lib/pkgconfig/bola.pc'
[0.708s] Level 1:colcon.colcon_core.environment:checking '/home/farelfebryan/finalproject_ws/install/bola/lib/python3.10/site-packages'
[0.709s] Level 1:colcon.colcon_core.environment:checking '/home/farelfebryan/finalproject_ws/install/bola/bin'
[0.709s] INFO:colcon.colcon_core.shell:Creating package script '/home/farelfebryan/finalproject_ws/install/bola/share/bola/package.ps1'
[0.710s] INFO:colcon.colcon_core.shell:Creating package descriptor '/home/farelfebryan/finalproject_ws/install/bola/share/bola/package.dsv'
[0.711s] INFO:colcon.colcon_core.shell:Creating package script '/home/farelfebryan/finalproject_ws/install/bola/share/bola/package.sh'
[0.712s] INFO:colcon.colcon_core.shell:Creating package script '/home/farelfebryan/finalproject_ws/install/bola/share/bola/package.bash'
[0.713s] INFO:colcon.colcon_core.shell:Creating package script '/home/farelfebryan/finalproject_ws/install/bola/share/bola/package.zsh'
[0.714s] Level 1:colcon.colcon_core.environment:create_file_with_runtime_dependencies(/home/farelfebryan/finalproject_ws/install/bola/share/colcon-core/packages/bola)
[0.715s] Level 1:colcon.colcon_core.environment:create_environment_scripts_only(pid)
[0.716s] Level 1:colcon.colcon_core.environment:checking '/home/farelfebryan/finalproject_ws/install/pid' for CMake module files
[0.717s] Level 1:colcon.colcon_core.environment:checking '/home/farelfebryan/finalproject_ws/install/pid' for CMake config files
[0.717s] Level 1:colcon.colcon_core.shell:create_environment_hook('pid', 'cmake_prefix_path')
[0.717s] INFO:colcon.colcon_core.shell:Creating environment hook '/home/farelfebryan/finalproject_ws/install/pid/share/pid/hook/cmake_prefix_path.ps1'
[0.718s] INFO:colcon.colcon_core.shell:Creating environment descriptor '/home/farelfebryan/finalproject_ws/install/pid/share/pid/hook/cmake_prefix_path.dsv'
[0.719s] INFO:colcon.colcon_core.shell:Creating environment hook '/home/farelfebryan/finalproject_ws/install/pid/share/pid/hook/cmake_prefix_path.sh'
[0.720s] Level 1:colcon.colcon_core.environment:checking '/home/farelfebryan/finalproject_ws/install/pid/lib'
[0.720s] Level 1:colcon.colcon_core.environment:checking '/home/farelfebryan/finalproject_ws/install/pid/bin'
[0.720s] Level 1:colcon.colcon_core.environment:checking '/home/farelfebryan/finalproject_ws/install/pid/lib/pkgconfig/pid.pc'
[0.721s] Level 1:colcon.colcon_core.environment:checking '/home/farelfebryan/finalproject_ws/install/pid/lib/python3.10/site-packages'
[0.721s] Level 1:colcon.colcon_core.environment:checking '/home/farelfebryan/finalproject_ws/install/pid/bin'
[0.722s] INFO:colcon.colcon_core.shell:Creating package script '/home/farelfebryan/finalproject_ws/install/pid/share/pid/package.ps1'
[0.723s] INFO:colcon.colcon_core.shell:Creating package descriptor '/home/farelfebryan/finalproject_ws/install/pid/share/pid/package.dsv'
[0.724s] INFO:colcon.colcon_core.shell:Creating package script '/home/farelfebryan/finalproject_ws/install/pid/share/pid/package.sh'
[0.725s] INFO:colcon.colcon_core.shell:Creating package script '/home/farelfebryan/finalproject_ws/install/pid/share/pid/package.bash'
[0.725s] INFO:colcon.colcon_core.shell:Creating package script '/home/farelfebryan/finalproject_ws/install/pid/share/pid/package.zsh'
[0.726s] Level 1:colcon.colcon_core.environment:create_file_with_runtime_dependencies(/home/farelfebryan/finalproject_ws/install/pid/share/colcon-core/packages/pid)
[0.728s] Level 1:colcon.colcon_core.environment:create_environment_scripts_only(joystick)
[0.728s] Level 1:colcon.colcon_core.environment:checking '/home/farelfebryan/finalproject_ws/install/joystick' for CMake module files
[0.731s] Level 1:colcon.colcon_core.environment:checking '/home/farelfebryan/finalproject_ws/install/joystick' for CMake config files
[0.731s] Level 1:colcon.colcon_core.shell:create_environment_hook('joystick', 'cmake_prefix_path')
[0.732s] INFO:colcon.colcon_core.shell:Creating environment hook '/home/farelfebryan/finalproject_ws/install/joystick/share/joystick/hook/cmake_prefix_path.ps1'
[0.733s] INFO:colcon.colcon_core.shell:Creating environment descriptor '/home/farelfebryan/finalproject_ws/install/joystick/share/joystick/hook/cmake_prefix_path.dsv'
[0.733s] INFO:colcon.colcon_core.shell:Creating environment hook '/home/farelfebryan/finalproject_ws/install/joystick/share/joystick/hook/cmake_prefix_path.sh'
[0.735s] Level 1:colcon.colcon_core.environment:checking '/home/farelfebryan/finalproject_ws/install/joystick/lib'
[0.735s] Level 1:colcon.colcon_core.environment:checking '/home/farelfebryan/finalproject_ws/install/joystick/bin'
[0.735s] Level 1:colcon.colcon_core.environment:checking '/home/farelfebryan/finalproject_ws/install/joystick/lib/pkgconfig/joystick.pc'
[0.736s] Level 1:colcon.colcon_core.environment:checking '/home/farelfebryan/finalproject_ws/install/joystick/lib/python3.10/site-packages'
[0.736s] Level 1:colcon.colcon_core.environment:checking '/home/farelfebryan/finalproject_ws/install/joystick/bin'
[0.737s] INFO:colcon.colcon_core.shell:Creating package script '/home/farelfebryan/finalproject_ws/install/joystick/share/joystick/package.ps1'
[0.738s] INFO:colcon.colcon_core.shell:Creating package descriptor '/home/farelfebryan/finalproject_ws/install/joystick/share/joystick/package.dsv'
[0.739s] INFO:colcon.colcon_core.shell:Creating package script '/home/farelfebryan/finalproject_ws/install/joystick/share/joystick/package.sh'
[0.740s] INFO:colcon.colcon_core.shell:Creating package script '/home/farelfebryan/finalproject_ws/install/joystick/share/joystick/package.bash'
[0.740s] INFO:colcon.colcon_core.shell:Creating package script '/home/farelfebryan/finalproject_ws/install/joystick/share/joystick/package.zsh'
[0.741s] Level 1:colcon.colcon_core.environment:create_file_with_runtime_dependencies(/home/farelfebryan/finalproject_ws/install/joystick/share/colcon-core/packages/joystick)
[0.743s] Level 1:colcon.colcon_core.environment:create_environment_scripts_only(keyboard)
[0.744s] Level 1:colcon.colcon_core.environment:checking '/home/farelfebryan/finalproject_ws/install/keyboard' for CMake module files
[0.744s] Level 1:colcon.colcon_core.environment:checking '/home/farelfebryan/finalproject_ws/install/keyboard' for CMake config files
[0.745s] Level 1:colcon.colcon_core.shell:create_environment_hook('keyboard', 'cmake_prefix_path')
[0.745s] INFO:colcon.colcon_core.shell:Creating environment hook '/home/farelfebryan/finalproject_ws/install/keyboard/share/keyboard/hook/cmake_prefix_path.ps1'
[0.746s] INFO:colcon.colcon_core.shell:Creating environment descriptor '/home/farelfebryan/finalproject_ws/install/keyboard/share/keyboard/hook/cmake_prefix_path.dsv'
[0.747s] INFO:colcon.colcon_core.shell:Creating environment hook '/home/farelfebryan/finalproject_ws/install/keyboard/share/keyboard/hook/cmake_prefix_path.sh'
[0.747s] Level 1:colcon.colcon_core.environment:checking '/home/farelfebryan/finalproject_ws/install/keyboard/lib'
[0.748s] Level 1:colcon.colcon_core.environment:checking '/home/farelfebryan/finalproject_ws/install/keyboard/bin'
[0.748s] Level 1:colcon.colcon_core.environment:checking '/home/farelfebryan/finalproject_ws/install/keyboard/lib/pkgconfig/keyboard.pc'
[0.748s] Level 1:colcon.colcon_core.environment:checking '/home/farelfebryan/finalproject_ws/install/keyboard/lib/python3.10/site-packages'
[0.749s] Level 1:colcon.colcon_core.environment:checking '/home/farelfebryan/finalproject_ws/install/keyboard/bin'
[0.749s] INFO:colcon.colcon_core.shell:Creating package script '/home/farelfebryan/finalproject_ws/install/keyboard/share/keyboard/package.ps1'
[0.750s] INFO:colcon.colcon_core.shell:Creating package descriptor '/home/farelfebryan/finalproject_ws/install/keyboard/share/keyboard/package.dsv'
[0.751s] INFO:colcon.colcon_core.shell:Creating package script '/home/farelfebryan/finalproject_ws/install/keyboard/share/keyboard/package.sh'
[0.752s] INFO:colcon.colcon_core.shell:Creating package script '/home/farelfebryan/finalproject_ws/install/keyboard/share/keyboard/package.bash'
[0.752s] INFO:colcon.colcon_core.shell:Creating package script '/home/farelfebryan/finalproject_ws/install/keyboard/share/keyboard/package.zsh'
[0.753s] Level 1:colcon.colcon_core.environment:create_file_with_runtime_dependencies(/home/farelfebryan/finalproject_ws/install/keyboard/share/colcon-core/packages/keyboard)
[11.036s] DEBUG:colcon.colcon_core.event_handler.log_command:Invoked command in '/home/farelfebryan/finalproject_ws/build/keliling' returned '0': CMAKE_PREFIX_PATH=${CMAKE_PREFIX_PATH}:/opt/ros/humble /usr/bin/cmake --build /home/farelfebryan/finalproject_ws/build/keliling -- -j8 -l8
[11.062s] DEBUG:colcon.colcon_core.event_handler.log_command:Invoking command in '/home/farelfebryan/finalproject_ws/build/keliling': CMAKE_PREFIX_PATH=${CMAKE_PREFIX_PATH}:/opt/ros/humble /usr/bin/cmake --install /home/farelfebryan/finalproject_ws/build/keliling
[11.078s] Level 1:colcon.colcon_core.environment:create_environment_scripts_only(keliling)
[11.079s] Level 1:colcon.colcon_core.environment:checking '/home/farelfebryan/finalproject_ws/install/keliling' for CMake module files
[11.080s] DEBUG:colcon.colcon_core.event_handler.log_command:Invoked command in '/home/farelfebryan/finalproject_ws/build/keliling' returned '0': CMAKE_PREFIX_PATH=${CMAKE_PREFIX_PATH}:/opt/ros/humble /usr/bin/cmake --install /home/farelfebryan/finalproject_ws/build/keliling
[11.080s] Level 1:colcon.colcon_core.environment:checking '/home/farelfebryan/finalproject_ws/install/keliling' for CMake config files
[11.080s] Level 1:colcon.colcon_core.shell:create_environment_hook('keliling', 'cmake_prefix_path')
[11.081s] INFO:colcon.colcon_core.shell:Creating environment hook '/home/farelfebryan/finalproject_ws/install/keliling/share/keliling/hook/cmake_prefix_path.ps1'
[11.081s] INFO:colcon.colcon_core.shell:Creating environment descriptor '/home/farelfebryan/finalproject_ws/install/keliling/share/keliling/hook/cmake_prefix_path.dsv'
[11.082s] INFO:colcon.colcon_core.shell:Creating environment hook '/home/farelfebryan/finalproject_ws/install/keliling/share/keliling/hook/cmake_prefix_path.sh'
[11.083s] Level 1:colcon.colcon_core.environment:checking '/home/farelfebryan/finalproject_ws/install/keliling/lib'
[11.083s] Level 1:colcon.colcon_core.environment:checking '/home/farelfebryan/finalproject_ws/install/keliling/bin'
[11.083s] Level 1:colcon.colcon_core.environment:checking '/home/farelfebryan/finalproject_ws/install/keliling/lib/pkgconfig/keliling.pc'
[11.083s] Level 1:colcon.colcon_core.environment:checking '/home/farelfebryan/finalproject_ws/install/keliling/lib/python3.10/site-packages'
[11.083s] Level 1:colcon.colcon_core.environment:checking '/home/farelfebryan/finalproject_ws/install/keliling/bin'
[11.084s] INFO:colcon.colcon_core.shell:Creating package script '/home/farelfebryan/finalproject_ws/install/keliling/share/keliling/package.ps1'
[11.084s] INFO:colcon.colcon_core.shell:Creating package descriptor '/home/farelfebryan/finalproject_ws/install/keliling/share/keliling/package.dsv'
[11.085s] INFO:colcon.colcon_core.shell:Creating package script '/home/farelfebryan/finalproject_ws/install/keliling/share/keliling/package.sh'
[11.085s] INFO:colcon.colcon_core.shell:Creating package script '/home/farelfebryan/finalproject_ws/install/keliling/share/keliling/package.bash'
[11.086s] INFO:colcon.colcon_core.shell:Creating package script '/home/farelfebryan/finalproject_ws/install/keliling/share/keliling/package.zsh'
[11.086s] Level 1:colcon.colcon_core.environment:create_file_with_runtime_dependencies(/home/farelfebryan/finalproject_ws/install/keliling/share/colcon-core/packages/keliling)
[11.110s] Level 1:colcon.colcon_core.environment:create_environment_scripts_only(keliling)
[11.110s] Level 1:colcon.colcon_core.environment:checking '/home/farelfebryan/finalproject_ws/install/keliling' for CMake module files
[11.111s] Level 1:colcon.colcon_core.environment:checking '/home/farelfebryan/finalproject_ws/install/keliling' for CMake config files
[11.111s] Level 1:colcon.colcon_core.shell:create_environment_hook('keliling', 'cmake_prefix_path')
[11.111s] INFO:colcon.colcon_core.shell:Creating environment hook '/home/farelfebryan/finalproject_ws/install/keliling/share/keliling/hook/cmake_prefix_path.ps1'
[11.112s] INFO:colcon.colcon_core.shell:Creating environment descriptor '/home/farelfebryan/finalproject_ws/install/keliling/share/keliling/hook/cmake_prefix_path.dsv'
[11.112s] INFO:colcon.colcon_core.shell:Creating environment hook '/home/farelfebryan/finalproject_ws/install/keliling/share/keliling/hook/cmake_prefix_path.sh'
[11.113s] Level 1:colcon.colcon_core.environment:checking '/home/farelfebryan/finalproject_ws/install/keliling/lib'
[11.113s] Level 1:colcon.colcon_core.environment:checking '/home/farelfebryan/finalproject_ws/install/keliling/bin'
[11.113s] Level 1:colcon.colcon_core.environment:checking '/home/farelfebryan/finalproject_ws/install/keliling/lib/pkgconfig/keliling.pc'
[11.113s] Level 1:colcon.colcon_core.environment:checking '/home/farelfebryan/finalproject_ws/install/keliling/lib/python3.10/site-packages'
[11.113s] Level 1:colcon.colcon_core.environment:checking '/home/farelfebryan/finalproject_ws/install/keliling/bin'
[11.114s] INFO:colcon.colcon_core.shell:Creating package script '/home/farelfebryan/finalproject_ws/install/keliling/share/keliling/package.ps1'
[11.114s] INFO:colcon.colcon_core.shell:Creating package descriptor '/home/farelfebryan/finalproject_ws/install/keliling/share/keliling/package.dsv'
[11.114s] INFO:colcon.colcon_core.shell:Creating package script '/home/farelfebryan/finalproject_ws/install/keliling/share/keliling/package.sh'
[11.115s] INFO:colcon.colcon_core.shell:Creating package script '/home/farelfebryan/finalproject_ws/install/keliling/share/keliling/package.bash'
[11.115s] INFO:colcon.colcon_core.shell:Creating package script '/home/farelfebryan/finalproject_ws/install/keliling/share/keliling/package.zsh'
[11.116s] Level 1:colcon.colcon_core.environment:create_file_with_runtime_dependencies(/home/farelfebryan/finalproject_ws/install/keliling/share/colcon-core/packages/keliling)
[11.116s] DEBUG:colcon.colcon_parallel_executor.executor.parallel:closing loop
[11.117s] DEBUG:colcon.colcon_parallel_executor.executor.parallel:loop closed
[11.117s] DEBUG:colcon.colcon_parallel_executor.executor.parallel:run_until_complete finished with '0'
[11.117s] DEBUG:colcon.colcon_core.event_reactor:joining thread
[11.124s] INFO:colcon.colcon_core.plugin_system:Skipping extension 'colcon_notification.desktop_notification.terminal_notifier': Not used on non-Darwin systems
[11.124s] INFO:colcon.colcon_core.plugin_system:Skipping extension 'colcon_notification.desktop_notification.win32': Not used on non-Windows systems
[11.124s] INFO:colcon.colcon_notification.desktop_notification:Sending desktop notification using 'notify2'
[11.135s] DEBUG:colcon.colcon_core.event_reactor:joined thread
[11.135s] INFO:colcon.colcon_core.shell:Creating prefix script '/home/farelfebryan/finalproject_ws/install/local_setup.ps1'
[11.137s] INFO:colcon.colcon_core.shell:Creating prefix util module '/home/farelfebryan/finalproject_ws/install/_local_setup_util_ps1.py'
[11.138s] INFO:colcon.colcon_core.shell:Creating prefix chain script '/home/farelfebryan/finalproject_ws/install/setup.ps1'
[11.140s] INFO:colcon.colcon_core.shell:Creating prefix script '/home/farelfebryan/finalproject_ws/install/local_setup.sh'
[11.141s] INFO:colcon.colcon_core.shell:Creating prefix util module '/home/farelfebryan/finalproject_ws/install/_local_setup_util_sh.py'
[11.142s] INFO:colcon.colcon_core.shell:Creating prefix chain script '/home/farelfebryan/finalproject_ws/install/setup.sh'
[11.143s] INFO:colcon.colcon_core.shell:Creating prefix script '/home/farelfebryan/finalproject_ws/install/local_setup.bash'
[11.144s] INFO:colcon.colcon_core.shell:Creating prefix chain script '/home/farelfebryan/finalproject_ws/install/setup.bash'
[11.145s] INFO:colcon.colcon_core.shell:Creating prefix script '/home/farelfebryan/finalproject_ws/install/local_setup.zsh'
[11.146s] INFO:colcon.colcon_core.shell:Creating prefix chain script '/home/farelfebryan/finalproject_ws/install/setup.zsh'
