[0.031s] Invoking command in '/home/farelfebryan/finalproject_ws/build/pid': CMAKE_PREFIX_PATH=${CMAKE_PREFIX_PATH}:/opt/ros/humble /usr/bin/cmake --build /home/farelfebryan/finalproject_ws/build/pid -- -j8 -l8
[0.096s] [100%] Built target move_target
[0.128s] Invoked command in '/home/farelfebryan/finalproject_ws/build/pid' returned '0': CMAKE_PREFIX_PATH=${CMAKE_PREFIX_PATH}:/opt/ros/humble /usr/bin/cmake --build /home/farelfebryan/finalproject_ws/build/pid -- -j8 -l8
[0.168s] Invoking command in '/home/farelfebryan/finalproject_ws/build/pid': CMAKE_PREFIX_PATH=${CMAKE_PREFIX_PATH}:/opt/ros/humble /usr/bin/cmake --install /home/farelfebryan/finalproject_ws/build/pid
[0.189s] -- Install configuration: ""
[0.189s] -- Up-to-date: /home/farelfebryan/finalproject_ws/install/pid/lib/pid/move_target
[0.189s] -- Up-to-date: /home/farelfebryan/finalproject_ws/install/pid/share/ament_index/resource_index/package_run_dependencies/pid
[0.189s] -- Up-to-date: /home/farelfebryan/finalproject_ws/install/pid/share/ament_index/resource_index/parent_prefix_path/pid
[0.189s] -- Up-to-date: /home/farelfebryan/finalproject_ws/install/pid/share/pid/environment/ament_prefix_path.sh
[0.189s] -- Up-to-date: /home/farelfebryan/finalproject_ws/install/pid/share/pid/environment/ament_prefix_path.dsv
[0.190s] -- Up-to-date: /home/farelfebryan/finalproject_ws/install/pid/share/pid/environment/path.sh
[0.190s] -- Up-to-date: /home/farelfebryan/finalproject_ws/install/pid/share/pid/environment/path.dsv
[0.190s] -- Up-to-date: /home/farelfebryan/finalproject_ws/install/pid/share/pid/local_setup.bash
[0.190s] -- Up-to-date: /home/farelfebryan/finalproject_ws/install/pid/share/pid/local_setup.sh
[0.190s] -- Up-to-date: /home/farelfebryan/finalproject_ws/install/pid/share/pid/local_setup.zsh
[0.190s] -- Up-to-date: /home/farelfebryan/finalproject_ws/install/pid/share/pid/local_setup.dsv
[0.190s] -- Installing: /home/farelfebryan/finalproject_ws/install/pid/share/pid/package.dsv
[0.190s] -- Up-to-date: /home/farelfebryan/finalproject_ws/install/pid/share/ament_index/resource_index/packages/pid
[0.190s] -- Up-to-date: /home/farelfebryan/finalproject_ws/install/pid/share/pid/cmake/pidConfig.cmake
[0.190s] -- Up-to-date: /home/farelfebryan/finalproject_ws/install/pid/share/pid/cmake/pidConfig-version.cmake
[0.190s] -- Up-to-date: /home/farelfebryan/finalproject_ws/install/pid/share/pid/package.xml
[0.200s] Invoked command in '/home/farelfebryan/finalproject_ws/build/pid' returned '0': CMAKE_PREFIX_PATH=${CMAKE_PREFIX_PATH}:/opt/ros/humble /usr/bin/cmake --install /home/farelfebryan/finalproject_ws/build/pid
