[0.029s] Invoking command in '/home/farelfebryan/finalproject_ws/build/finalproject': CMAKE_PREFIX_PATH=${CMAKE_PREFIX_PATH}:/opt/ros/humble /usr/bin/cmake --build /home/farelfebryan/finalproject_ws/build/finalproject -- -j8 -l8
[0.117s] Invoked command in '/home/farelfebryan/finalproject_ws/build/finalproject' returned '0': CMAKE_PREFIX_PATH=${CMAKE_PREFIX_PATH}:/opt/ros/humble /usr/bin/cmake --build /home/farelfebryan/finalproject_ws/build/finalproject -- -j8 -l8
[0.165s] Invoking command in '/home/farelfebryan/finalproject_ws/build/finalproject': CMAKE_PREFIX_PATH=${CMAKE_PREFIX_PATH}:/opt/ros/humble /usr/bin/cmake --install /home/farelfebryan/finalproject_ws/build/finalproject
[0.175s] -- Install configuration: ""
[0.176s] -- Up-to-date: /home/farelfebryan/finalproject_ws/install/finalproject/share/finalproject/launch
[0.176s] -- Up-to-date: /home/farelfebryan/finalproject_ws/install/finalproject/share/finalproject/launch/display.launch.py
[0.180s] -- Up-to-date: /home/farelfebryan/finalproject_ws/install/finalproject/share/finalproject/rviz
[0.180s] -- Up-to-date: /home/farelfebryan/finalproject_ws/install/finalproject/share/finalproject/rviz/navigation.rviz
[0.180s] -- Up-to-date: /home/farelfebryan/finalproject_ws/install/finalproject/share/finalproject/rviz/urdf_config.rviz
[0.181s] -- Up-to-date: /home/farelfebryan/finalproject_ws/install/finalproject/share/finalproject/config
[0.181s] -- Up-to-date: /home/farelfebryan/finalproject_ws/install/finalproject/share/finalproject/config/teleop.yaml
[0.181s] -- Up-to-date: /home/farelfebryan/finalproject_ws/install/finalproject/share/finalproject/config/localization
[0.181s] -- Up-to-date: /home/farelfebryan/finalproject_ws/install/finalproject/share/finalproject/config/localization/online_async_slam.yaml
[0.181s] -- Up-to-date: /home/farelfebryan/finalproject_ws/install/finalproject/share/finalproject/config/localization/ekf.yaml
[0.181s] -- Up-to-date: /home/farelfebryan/finalproject_ws/install/finalproject/share/finalproject/config/nav2_params.yaml
[0.181s] -- Up-to-date: /home/farelfebryan/finalproject_ws/install/finalproject/share/finalproject/worlds
[0.181s] -- Up-to-date: /home/farelfebryan/finalproject_ws/install/finalproject/share/finalproject/worlds/my_world.sdf
[0.181s] -- Up-to-date: /home/farelfebryan/finalproject_ws/install/finalproject/share/finalproject/models
[0.181s] -- Up-to-date: /home/farelfebryan/finalproject_ws/install/finalproject/share/finalproject/models/lapangan
[0.182s] -- Up-to-date: /home/farelfebryan/finalproject_ws/install/finalproject/share/finalproject/models/lapangan/lapangan.sdf
[0.182s] -- Up-to-date: /home/farelfebryan/finalproject_ws/install/finalproject/share/finalproject/models/lapangan/model.config
[0.182s] -- Up-to-date: /home/farelfebryan/finalproject_ws/install/finalproject/share/finalproject/models/lapangan/meshes
[0.183s] -- Up-to-date: /home/farelfebryan/finalproject_ws/install/finalproject/share/finalproject/models/lapangan/meshes/lapangan.dae
[0.183s] -- Up-to-date: /home/farelfebryan/finalproject_ws/install/finalproject/share/finalproject/description
[0.183s] -- Up-to-date: /home/farelfebryan/finalproject_ws/install/finalproject/share/finalproject/description/diff_drive_description.urdf
[0.184s] -- Up-to-date: /home/farelfebryan/finalproject_ws/install/finalproject/share/finalproject/maps
[0.184s] -- Up-to-date: /home/farelfebryan/finalproject_ws/install/finalproject/share/finalproject/maps/mapku.posegraph
[0.184s] -- Up-to-date: /home/farelfebryan/finalproject_ws/install/finalproject/share/finalproject/maps/mapkuh.yaml
[0.184s] -- Up-to-date: /home/farelfebryan/finalproject_ws/install/finalproject/share/finalproject/maps/mapku.data
[0.184s] -- Up-to-date: /home/farelfebryan/finalproject_ws/install/finalproject/share/finalproject/maps/mapkuh.pgm
[0.185s] -- Up-to-date: /home/farelfebryan/finalproject_ws/install/finalproject/share/finalproject/environment/finalproject.dsv
[0.185s] -- Up-to-date: /home/farelfebryan/finalproject_ws/install/finalproject/share/finalproject/environment/finalproject.sh
[0.185s] -- Up-to-date: /home/farelfebryan/finalproject_ws/install/finalproject/share/ament_index/resource_index/package_run_dependencies/finalproject
[0.185s] -- Up-to-date: /home/farelfebryan/finalproject_ws/install/finalproject/share/ament_index/resource_index/parent_prefix_path/finalproject
[0.185s] -- Up-to-date: /home/farelfebryan/finalproject_ws/install/finalproject/share/finalproject/environment/ament_prefix_path.sh
[0.185s] -- Up-to-date: /home/farelfebryan/finalproject_ws/install/finalproject/share/finalproject/environment/ament_prefix_path.dsv
[0.185s] -- Up-to-date: /home/farelfebryan/finalproject_ws/install/finalproject/share/finalproject/environment/path.sh
[0.185s] -- Up-to-date: /home/farelfebryan/finalproject_ws/install/finalproject/share/finalproject/environment/path.dsv
[0.185s] -- Up-to-date: /home/farelfebryan/finalproject_ws/install/finalproject/share/finalproject/local_setup.bash
[0.185s] -- Up-to-date: /home/farelfebryan/finalproject_ws/install/finalproject/share/finalproject/local_setup.sh
[0.186s] -- Up-to-date: /home/farelfebryan/finalproject_ws/install/finalproject/share/finalproject/local_setup.zsh
[0.186s] -- Up-to-date: /home/farelfebryan/finalproject_ws/install/finalproject/share/finalproject/local_setup.dsv
[0.186s] -- Installing: /home/farelfebryan/finalproject_ws/install/finalproject/share/finalproject/package.dsv
[0.186s] -- Up-to-date: /home/farelfebryan/finalproject_ws/install/finalproject/share/ament_index/resource_index/packages/finalproject
[0.186s] -- Up-to-date: /home/farelfebryan/finalproject_ws/install/finalproject/share/finalproject/cmake/finalprojectConfig.cmake
[0.186s] -- Up-to-date: /home/farelfebryan/finalproject_ws/install/finalproject/share/finalproject/cmake/finalprojectConfig-version.cmake
[0.186s] -- Up-to-date: /home/farelfebryan/finalproject_ws/install/finalproject/share/finalproject/package.xml
[0.189s] Invoked command in '/home/farelfebryan/finalproject_ws/build/finalproject' returned '0': CMAKE_PREFIX_PATH=${CMAKE_PREFIX_PATH}:/opt/ros/humble /usr/bin/cmake --install /home/farelfebryan/finalproject_ws/build/finalproject
