[0.035s] Invoking command in '/home/farelfebryan/finalproject_ws/build/joystick': CMAKE_PREFIX_PATH=${CMAKE_PREFIX_PATH}:/opt/ros/humble /usr/bin/cmake --build /home/farelfebryan/finalproject_ws/build/joystick -- -j8 -l8
[0.102s] [35m[1mConsolidate compiler generated dependencies of target joystick[0m
[0.129s] [100%] Built target joystick
[0.150s] Invoked command in '/home/farelfebryan/finalproject_ws/build/joystick' returned '0': CMAKE_PREFIX_PATH=${CMAKE_PREFIX_PATH}:/opt/ros/humble /usr/bin/cmake --build /home/farelfebryan/finalproject_ws/build/joystick -- -j8 -l8
[0.223s] Invoking command in '/home/farelfebryan/finalproject_ws/build/joystick': CMAKE_PREFIX_PATH=${CMAKE_PREFIX_PATH}:/opt/ros/humble /usr/bin/cmake --install /home/farelfebryan/finalproject_ws/build/joystick
[0.243s] -- Install configuration: ""
[0.243s] -- Up-to-date: /home/farelfebryan/finalproject_ws/install/joystick/lib/joystick/joystick
[0.243s] -- Up-to-date: /home/farelfebryan/finalproject_ws/install/joystick/share/ament_index/resource_index/package_run_dependencies/joystick
[0.243s] -- Up-to-date: /home/farelfebryan/finalproject_ws/install/joystick/share/ament_index/resource_index/parent_prefix_path/joystick
[0.243s] -- Up-to-date: /home/farelfebryan/finalproject_ws/install/joystick/share/joystick/environment/ament_prefix_path.sh
[0.244s] -- Up-to-date: /home/farelfebryan/finalproject_ws/install/joystick/share/joystick/environment/ament_prefix_path.dsv
[0.244s] -- Up-to-date: /home/farelfebryan/finalproject_ws/install/joystick/share/joystick/environment/path.sh
[0.244s] -- Up-to-date: /home/farelfebryan/finalproject_ws/install/joystick/share/joystick/environment/path.dsv
[0.244s] -- Up-to-date: /home/farelfebryan/finalproject_ws/install/joystick/share/joystick/local_setup.bash
[0.244s] -- Up-to-date: /home/farelfebryan/finalproject_ws/install/joystick/share/joystick/local_setup.sh
[0.244s] -- Up-to-date: /home/farelfebryan/finalproject_ws/install/joystick/share/joystick/local_setup.zsh
[0.244s] -- Up-to-date: /home/farelfebryan/finalproject_ws/install/joystick/share/joystick/local_setup.dsv
[0.244s] -- Installing: /home/farelfebryan/finalproject_ws/install/joystick/share/joystick/package.dsv
[0.245s] -- Up-to-date: /home/farelfebryan/finalproject_ws/install/joystick/share/ament_index/resource_index/packages/joystick
[0.245s] -- Up-to-date: /home/farelfebryan/finalproject_ws/install/joystick/share/joystick/cmake/joystickConfig.cmake
[0.245s] -- Up-to-date: /home/farelfebryan/finalproject_ws/install/joystick/share/joystick/cmake/joystickConfig-version.cmake
[0.245s] -- Up-to-date: /home/farelfebryan/finalproject_ws/install/joystick/share/joystick/package.xml
[0.283s] Invoked command in '/home/farelfebryan/finalproject_ws/build/joystick' returned '0': CMAKE_PREFIX_PATH=${CMAKE_PREFIX_PATH}:/opt/ros/humble /usr/bin/cmake --install /home/farelfebryan/finalproject_ws/build/joystick
