[0.029s] Invoking command in '/home/farelfebryan/finalproject_ws/build/keliling': CMAKE_PREFIX_PATH=${CMAKE_PREFIX_PATH}:/opt/ros/humble /usr/bin/cmake --build /home/farelfebryan/finalproject_ws/build/keliling -- -j8 -l8
[0.084s] [35m[1mConsolidate compiler generated dependencies of target kell_lapangan[0m
[0.110s] [ 50%] [32mBuilding CXX object CMakeFiles/kell_lapangan.dir/src/kellLapangan.cpp.o[0m
[2.657s] [01m[K/home/farelfebryan/finalproject_ws/src/keliling/src/kellLapangan.cpp:12:11:[m[K [01;31m[Kerror: [m[K‘[01m[KkellLapangan::kellLapangan[m[K’ has the same name as the class in which it is declared
[2.657s]    12 |     class [01;31m[KkellLapangan[m[K: public rclcpp::Node
[2.658s]       |           [01;31m[K^~~~~~~~~~~~[m[K
[2.702s] [01m[K/home/farelfebryan/finalproject_ws/src/keliling/src/kellLapangan.cpp:[m[K In member function ‘[01m[Kint kellLapangan::main(int, char**)[m[K’:
[2.702s] [01m[K/home/farelfebryan/finalproject_ws/src/keliling/src/kellLapangan.cpp:95:1:[m[K [01;35m[Kwarning: [m[Kno return statement in function returning non-void [[01;35m[K]8;;https://gcc.gnu.org/onlinedocs/gcc/Warning-Options.html#index-Wreturn-type-Wreturn-type]8;;[m[K]
[2.702s]    95 | [01;35m[K}[m[K
[2.702s]       | [01;35m[K^[m[K
[3.096s] In file included from [01m[K/usr/include/x86_64-linux-gnu/c++/11/bits/c++allocator.h:33[m[K,
[3.096s]                  from [01m[K/usr/include/c++/11/bits/allocator.h:46[m[K,
[3.096s]                  from [01m[K/usr/include/c++/11/memory:64[m[K,
[3.096s]                  from [01m[K/opt/ros/humble/include/rclcpp/rclcpp/rclcpp.hpp:153[m[K,
[3.097s]                  from [01m[K/home/farelfebryan/finalproject_ws/src/keliling/src/kellLapangan.cpp:1[m[K:
[3.097s] /usr/include/c++/11/ext/new_allocator.h: In instantiation of ‘[01m[Kvoid __gnu_cxx::new_allocator<_Tp>::construct(_Up*, _Args&& ...) [with _Up = kellLapangan; _Args = {}; _Tp = kellLapangan][m[K’:
[3.097s] [01m[K/usr/include/c++/11/bits/alloc_traits.h:516:17:[m[K   required from ‘[01m[Kstatic void std::allocator_traits<std::allocator<_Tp1> >::construct(std::allocator_traits<std::allocator<_Tp1> >::allocator_type&, _Up*, _Args&& ...) [with _Up = kellLapangan; _Args = {}; _Tp = kellLapangan; std::allocator_traits<std::allocator<_Tp1> >::allocator_type = std::allocator<kellLapangan>][m[K’
[3.097s] [01m[K/usr/include/c++/11/bits/shared_ptr_base.h:519:39:[m[K   required from ‘[01m[Kstd::_Sp_counted_ptr_inplace<_Tp, _Alloc, _Lp>::_Sp_counted_ptr_inplace(_Alloc, _Args&& ...) [with _Args = {}; _Tp = kellLapangan; _Alloc = std::allocator<kellLapangan>; __gnu_cxx::_Lock_policy _Lp = __gnu_cxx::_S_atomic][m[K’
[3.097s] [01m[K/usr/include/c++/11/bits/shared_ptr_base.h:650:16:[m[K   required from ‘[01m[Kstd::__shared_count<_Lp>::__shared_count(_Tp*&, std::_Sp_alloc_shared_tag<_Alloc>, _Args&& ...) [with _Tp = kellLapangan; _Alloc = std::allocator<kellLapangan>; _Args = {}; __gnu_cxx::_Lock_policy _Lp = __gnu_cxx::_S_atomic][m[K’
[3.097s] [01m[K/usr/include/c++/11/bits/shared_ptr_base.h:1342:14:[m[K   required from ‘[01m[Kstd::__shared_ptr<_Tp, _Lp>::__shared_ptr(std::_Sp_alloc_shared_tag<_Tp>, _Args&& ...) [with _Alloc = std::allocator<kellLapangan>; _Args = {}; _Tp = kellLapangan; __gnu_cxx::_Lock_policy _Lp = __gnu_cxx::_S_atomic][m[K’
[3.097s] [01m[K/usr/include/c++/11/bits/shared_ptr.h:409:59:[m[K   required from ‘[01m[Kstd::shared_ptr<_Tp>::shared_ptr(std::_Sp_alloc_shared_tag<_Tp>, _Args&& ...) [with _Alloc = std::allocator<kellLapangan>; _Args = {}; _Tp = kellLapangan][m[K’
[3.097s] [01m[K/usr/include/c++/11/bits/shared_ptr.h:862:14:[m[K   required from ‘[01m[Kstd::shared_ptr<_Tp> std::allocate_shared(const _Alloc&, _Args&& ...) [with _Tp = kellLapangan; _Alloc = std::allocator<kellLapangan>; _Args = {}][m[K’
[3.097s] [01m[K/usr/include/c++/11/bits/shared_ptr.h:878:39:[m[K   required from ‘[01m[Kstd::shared_ptr<_Tp> std::make_shared(_Args&& ...) [with _Tp = kellLapangan; _Args = {}][m[K’
[3.097s] [01m[K/home/farelfebryan/finalproject_ws/src/keliling/src/kellLapangan.cpp:93:48:[m[K   required from here
[3.097s] [01m[K/usr/include/c++/11/ext/new_allocator.h:162:11:[m[K [01;31m[Kerror: [m[Kuse of deleted function ‘[01m[KkellLapangan::kellLapangan()[m[K’
[3.097s]   162 |         { [01;31m[K::new((void *)__p) _Up(std::forward<_Args>(__args)...)[m[K; }
[3.097s]       |           [01;31m[K^~~~~~~~~~~~~~~~~~~~~~~~~~~~~~~~~~~~~~~~~~~~~~~~~~~~~~[m[K
[3.097s] [01m[K/home/farelfebryan/finalproject_ws/src/keliling/src/kellLapangan.cpp:9:7:[m[K [01;36m[Knote: [m[K‘[01m[KkellLapangan::kellLapangan()[m[K’ is implicitly deleted because the default definition would be ill-formed:
[3.097s]     9 | class [01;36m[KkellLapangan[m[K: public rclcpp::Node
[3.097s]       |       [01;36m[K^~~~~~~~~~~~[m[K
[3.097s] [01m[K/home/farelfebryan/finalproject_ws/src/keliling/src/kellLapangan.cpp:9:7:[m[K [01;31m[Kerror: [m[Kno matching function for call to ‘[01m[Krclcpp::Node::Node()[m[K’
[3.098s] In file included from [01m[K/opt/ros/humble/include/rclcpp/rclcpp/executors/single_threaded_executor.hpp:28[m[K,
[3.098s]                  from [01m[K/opt/ros/humble/include/rclcpp/rclcpp/executors.hpp:22[m[K,
[3.098s]                  from [01m[K/opt/ros/humble/include/rclcpp/rclcpp/rclcpp.hpp:155[m[K,
[3.098s]                  from [01m[K/home/farelfebryan/finalproject_ws/src/keliling/src/kellLapangan.cpp:1[m[K:
[3.098s] [01m[K/opt/ros/humble/include/rclcpp/rclcpp/node.hpp:1294:3:[m[K [01;36m[Knote: [m[Kcandidate: ‘[01m[Krclcpp::Node::Node(const rclcpp::Node&, const string&)[m[K’
[3.098s]  1294 |   [01;36m[KNode[m[K(
[3.098s]       |   [01;36m[K^~~~[m[K
[3.100s] [01m[K/opt/ros/humble/include/rclcpp/rclcpp/node.hpp:1294:3:[m[K [01;36m[Knote: [m[K  candidate expects 2 arguments, 0 provided
[3.101s] [01m[K/opt/ros/humble/include/rclcpp/rclcpp/node.hpp:101:12:[m[K [01;36m[Knote: [m[Kcandidate: ‘[01m[Krclcpp::Node::Node(const string&, const string&, const rclcpp::NodeOptions&)[m[K’
[3.101s]   101 |   explicit [01;36m[KNode[m[K(
[3.101s]       |            [01;36m[K^~~~[m[K
[3.101s] [01m[K/opt/ros/humble/include/rclcpp/rclcpp/node.hpp:101:12:[m[K [01;36m[Knote: [m[K  candidate expects 3 arguments, 0 provided
[3.101s] [01m[K/opt/ros/humble/include/rclcpp/rclcpp/node.hpp:89:12:[m[K [01;36m[Knote: [m[Kcandidate: ‘[01m[Krclcpp::Node::Node(const string&, const rclcpp::NodeOptions&)[m[K’
[3.101s]    89 |   explicit [01;36m[KNode[m[K(
[3.101s]       |            [01;36m[K^~~~[m[K
[3.101s] [01m[K/opt/ros/humble/include/rclcpp/rclcpp/node.hpp:89:12:[m[K [01;36m[Knote: [m[K  candidate expects 2 arguments, 0 provided
[3.179s] gmake[2]: *** [CMakeFiles/kell_lapangan.dir/build.make:76: CMakeFiles/kell_lapangan.dir/src/kellLapangan.cpp.o] Error 1
[3.179s] gmake[1]: *** [CMakeFiles/Makefile2:137: CMakeFiles/kell_lapangan.dir/all] Error 2
[3.179s] gmake: *** [Makefile:146: all] Error 2
[3.182s] Invoked command in '/home/farelfebryan/finalproject_ws/build/keliling' returned '2': CMAKE_PREFIX_PATH=${CMAKE_PREFIX_PATH}:/opt/ros/humble /usr/bin/cmake --build /home/farelfebryan/finalproject_ws/build/keliling -- -j8 -l8
