[0.107s] DEBUG:colcon:Command line arguments: ['/usr/bin/colcon', 'build']
[0.107s] DEBUG:colcon:Parsed command line arguments: Namespace(log_base=None, log_level=None, verb_name='build', build_base='build', install_base='install', merge_install=False, symlink_install=False, test_result_base=None, continue_on_error=False, executor='parallel', parallel_workers=8, event_handlers=None, ignore_user_meta=False, metas=['./colcon.meta'], base_paths=['.'], packages_ignore=None, packages_ignore_regex=None, paths=None, packages_up_to=None, packages_up_to_regex=None, packages_above=None, packages_above_and_dependencies=None, packages_above_depth=None, packages_select_by_dep=None, packages_skip_by_dep=None, packages_skip_up_to=None, packages_select_build_failed=False, packages_skip_build_finished=False, packages_select_test_failures=False, packages_skip_test_passed=False, packages_select=None, packages_skip=None, packages_select_regex=None, packages_skip_regex=None, packages_start=None, packages_end=None, allow_overriding=[], cmake_args=None, cmake_target=None, cmake_target_skip_unavailable=False, cmake_clean_cache=False, cmake_clean_first=False, cmake_force_configure=False, ament_cmake_args=None, catkin_cmake_args=None, catkin_skip_building_tests=False, verb_parser=<colcon_defaults.argument_parser.defaults.DefaultArgumentsDecorator object at 0x714f2243c700>, verb_extension=<colcon_core.verb.build.BuildVerb object at 0x714f225412d0>, main=<bound method BuildVerb.main of <colcon_core.verb.build.BuildVerb object at 0x714f225412d0>>)
[0.281s] Level 1:colcon.colcon_core.package_discovery:discover_packages(colcon_meta) check parameters
[0.281s] Level 1:colcon.colcon_core.package_discovery:discover_packages(recursive) check parameters
[0.281s] Level 1:colcon.colcon_core.package_discovery:discover_packages(ignore) check parameters
[0.281s] Level 1:colcon.colcon_core.package_discovery:discover_packages(path) check parameters
[0.281s] Level 1:colcon.colcon_core.package_discovery:discover_packages(colcon_meta) discover
[0.281s] Level 1:colcon.colcon_core.package_discovery:discover_packages(recursive) discover
[0.281s] INFO:colcon.colcon_core.package_discovery:Crawling recursively for packages in '/home/farelfebryan/finalproject_ws'
[0.281s] Level 1:colcon.colcon_core.package_identification:_identify(.) by extensions ['ignore', 'ignore_ament_install']
[0.281s] Level 1:colcon.colcon_core.package_identification:_identify(.) by extension 'ignore'
[0.281s] Level 1:colcon.colcon_core.package_identification:_identify(.) by extension 'ignore_ament_install'
[0.282s] Level 1:colcon.colcon_core.package_identification:_identify(.) by extensions ['colcon_pkg']
[0.282s] Level 1:colcon.colcon_core.package_identification:_identify(.) by extension 'colcon_pkg'
[0.282s] Level 1:colcon.colcon_core.package_identification:_identify(.) by extensions ['colcon_meta']
[0.282s] Level 1:colcon.colcon_core.package_identification:_identify(.) by extension 'colcon_meta'
[0.282s] Level 1:colcon.colcon_core.package_identification:_identify(.) by extensions ['ros']
[0.282s] Level 1:colcon.colcon_core.package_identification:_identify(.) by extension 'ros'
[0.293s] Level 1:colcon.colcon_core.package_identification:_identify(.) by extensions ['cmake', 'python']
[0.293s] Level 1:colcon.colcon_core.package_identification:_identify(.) by extension 'cmake'
[0.293s] Level 1:colcon.colcon_core.package_identification:_identify(.) by extension 'python'
[0.293s] Level 1:colcon.colcon_core.package_identification:_identify(.) by extensions ['python_setup_py']
[0.293s] Level 1:colcon.colcon_core.package_identification:_identify(.) by extension 'python_setup_py'
[0.293s] Level 1:colcon.colcon_core.package_identification:_identify(build) by extensions ['ignore', 'ignore_ament_install']
[0.293s] Level 1:colcon.colcon_core.package_identification:_identify(build) by extension 'ignore'
[0.293s] Level 1:colcon.colcon_core.package_identification:_identify(build) ignored
[0.293s] Level 1:colcon.colcon_core.package_identification:_identify(install) by extensions ['ignore', 'ignore_ament_install']
[0.294s] Level 1:colcon.colcon_core.package_identification:_identify(install) by extension 'ignore'
[0.294s] Level 1:colcon.colcon_core.package_identification:_identify(install) ignored
[0.294s] Level 1:colcon.colcon_core.package_identification:_identify(joystick) by extensions ['ignore', 'ignore_ament_install']
[0.294s] Level 1:colcon.colcon_core.package_identification:_identify(joystick) by extension 'ignore'
[0.294s] Level 1:colcon.colcon_core.package_identification:_identify(joystick) by extension 'ignore_ament_install'
[0.294s] Level 1:colcon.colcon_core.package_identification:_identify(joystick) by extensions ['colcon_pkg']
[0.294s] Level 1:colcon.colcon_core.package_identification:_identify(joystick) by extension 'colcon_pkg'
[0.294s] Level 1:colcon.colcon_core.package_identification:_identify(joystick) by extensions ['colcon_meta']
[0.294s] Level 1:colcon.colcon_core.package_identification:_identify(joystick) by extension 'colcon_meta'
[0.294s] Level 1:colcon.colcon_core.package_identification:_identify(joystick) by extensions ['ros']
[0.294s] Level 1:colcon.colcon_core.package_identification:_identify(joystick) by extension 'ros'
[0.296s] DEBUG:colcon.colcon_core.package_identification:Package 'joystick' with type 'ros.ament_cmake' and name 'joystick'
[0.297s] Level 1:colcon.colcon_core.package_identification:_identify(log) by extensions ['ignore', 'ignore_ament_install']
[0.297s] Level 1:colcon.colcon_core.package_identification:_identify(log) by extension 'ignore'
[0.297s] Level 1:colcon.colcon_core.package_identification:_identify(log) ignored
[0.297s] Level 1:colcon.colcon_core.package_identification:_identify(src) by extensions ['ignore', 'ignore_ament_install']
[0.297s] Level 1:colcon.colcon_core.package_identification:_identify(src) by extension 'ignore'
[0.297s] Level 1:colcon.colcon_core.package_identification:_identify(src) by extension 'ignore_ament_install'
[0.297s] Level 1:colcon.colcon_core.package_identification:_identify(src) by extensions ['colcon_pkg']
[0.297s] Level 1:colcon.colcon_core.package_identification:_identify(src) by extension 'colcon_pkg'
[0.297s] Level 1:colcon.colcon_core.package_identification:_identify(src) by extensions ['colcon_meta']
[0.297s] Level 1:colcon.colcon_core.package_identification:_identify(src) by extension 'colcon_meta'
[0.297s] Level 1:colcon.colcon_core.package_identification:_identify(src) by extensions ['ros']
[0.297s] Level 1:colcon.colcon_core.package_identification:_identify(src) by extension 'ros'
[0.297s] Level 1:colcon.colcon_core.package_identification:_identify(src) by extensions ['cmake', 'python']
[0.298s] Level 1:colcon.colcon_core.package_identification:_identify(src) by extension 'cmake'
[0.298s] Level 1:colcon.colcon_core.package_identification:_identify(src) by extension 'python'
[0.298s] Level 1:colcon.colcon_core.package_identification:_identify(src) by extensions ['python_setup_py']
[0.298s] Level 1:colcon.colcon_core.package_identification:_identify(src) by extension 'python_setup_py'
[0.298s] Level 1:colcon.colcon_core.package_identification:_identify(src/bola) by extensions ['ignore', 'ignore_ament_install']
[0.298s] Level 1:colcon.colcon_core.package_identification:_identify(src/bola) by extension 'ignore'
[0.298s] Level 1:colcon.colcon_core.package_identification:_identify(src/bola) by extension 'ignore_ament_install'
[0.298s] Level 1:colcon.colcon_core.package_identification:_identify(src/bola) by extensions ['colcon_pkg']
[0.298s] Level 1:colcon.colcon_core.package_identification:_identify(src/bola) by extension 'colcon_pkg'
[0.298s] Level 1:colcon.colcon_core.package_identification:_identify(src/bola) by extensions ['colcon_meta']
[0.298s] Level 1:colcon.colcon_core.package_identification:_identify(src/bola) by extension 'colcon_meta'
[0.298s] Level 1:colcon.colcon_core.package_identification:_identify(src/bola) by extensions ['ros']
[0.298s] Level 1:colcon.colcon_core.package_identification:_identify(src/bola) by extension 'ros'
[0.299s] DEBUG:colcon.colcon_core.package_identification:Package 'src/bola' with type 'ros.ament_cmake' and name 'bola'
[0.299s] Level 1:colcon.colcon_core.package_identification:_identify(src/finalproject) by extensions ['ignore', 'ignore_ament_install']
[0.299s] Level 1:colcon.colcon_core.package_identification:_identify(src/finalproject) by extension 'ignore'
[0.299s] Level 1:colcon.colcon_core.package_identification:_identify(src/finalproject) by extension 'ignore_ament_install'
[0.299s] Level 1:colcon.colcon_core.package_identification:_identify(src/finalproject) by extensions ['colcon_pkg']
[0.299s] Level 1:colcon.colcon_core.package_identification:_identify(src/finalproject) by extension 'colcon_pkg'
[0.299s] Level 1:colcon.colcon_core.package_identification:_identify(src/finalproject) by extensions ['colcon_meta']
[0.299s] Level 1:colcon.colcon_core.package_identification:_identify(src/finalproject) by extension 'colcon_meta'
[0.299s] Level 1:colcon.colcon_core.package_identification:_identify(src/finalproject) by extensions ['ros']
[0.299s] Level 1:colcon.colcon_core.package_identification:_identify(src/finalproject) by extension 'ros'
[0.300s] DEBUG:colcon.colcon_core.package_identification:Package 'src/finalproject' with type 'ros.ament_cmake' and name 'finalproject'
[0.300s] Level 1:colcon.colcon_core.package_identification:_identify(src/keliling) by extensions ['ignore', 'ignore_ament_install']
[0.300s] Level 1:colcon.colcon_core.package_identification:_identify(src/keliling) by extension 'ignore'
[0.300s] Level 1:colcon.colcon_core.package_identification:_identify(src/keliling) by extension 'ignore_ament_install'
[0.300s] Level 1:colcon.colcon_core.package_identification:_identify(src/keliling) by extensions ['colcon_pkg']
[0.300s] Level 1:colcon.colcon_core.package_identification:_identify(src/keliling) by extension 'colcon_pkg'
[0.300s] Level 1:colcon.colcon_core.package_identification:_identify(src/keliling) by extensions ['colcon_meta']
[0.300s] Level 1:colcon.colcon_core.package_identification:_identify(src/keliling) by extension 'colcon_meta'
[0.300s] Level 1:colcon.colcon_core.package_identification:_identify(src/keliling) by extensions ['ros']
[0.300s] Level 1:colcon.colcon_core.package_identification:_identify(src/keliling) by extension 'ros'
[0.301s] DEBUG:colcon.colcon_core.package_identification:Package 'src/keliling' with type 'ros.ament_cmake' and name 'keliling'
[0.301s] Level 1:colcon.colcon_core.package_identification:_identify(src/keyboard) by extensions ['ignore', 'ignore_ament_install']
[0.301s] Level 1:colcon.colcon_core.package_identification:_identify(src/keyboard) by extension 'ignore'
[0.301s] Level 1:colcon.colcon_core.package_identification:_identify(src/keyboard) by extension 'ignore_ament_install'
[0.301s] Level 1:colcon.colcon_core.package_identification:_identify(src/keyboard) by extensions ['colcon_pkg']
[0.301s] Level 1:colcon.colcon_core.package_identification:_identify(src/keyboard) by extension 'colcon_pkg'
[0.301s] Level 1:colcon.colcon_core.package_identification:_identify(src/keyboard) by extensions ['colcon_meta']
[0.301s] Level 1:colcon.colcon_core.package_identification:_identify(src/keyboard) by extension 'colcon_meta'
[0.301s] Level 1:colcon.colcon_core.package_identification:_identify(src/keyboard) by extensions ['ros']
[0.301s] Level 1:colcon.colcon_core.package_identification:_identify(src/keyboard) by extension 'ros'
[0.302s] DEBUG:colcon.colcon_core.package_identification:Package 'src/keyboard' with type 'ros.ament_cmake' and name 'keyboard'
[0.302s] Level 1:colcon.colcon_core.package_identification:_identify(src/pid) by extensions ['ignore', 'ignore_ament_install']
[0.302s] Level 1:colcon.colcon_core.package_identification:_identify(src/pid) by extension 'ignore'
[0.302s] Level 1:colcon.colcon_core.package_identification:_identify(src/pid) by extension 'ignore_ament_install'
[0.302s] Level 1:colcon.colcon_core.package_identification:_identify(src/pid) by extensions ['colcon_pkg']
[0.302s] Level 1:colcon.colcon_core.package_identification:_identify(src/pid) by extension 'colcon_pkg'
[0.302s] Level 1:colcon.colcon_core.package_identification:_identify(src/pid) by extensions ['colcon_meta']
[0.302s] Level 1:colcon.colcon_core.package_identification:_identify(src/pid) by extension 'colcon_meta'
[0.302s] Level 1:colcon.colcon_core.package_identification:_identify(src/pid) by extensions ['ros']
[0.302s] Level 1:colcon.colcon_core.package_identification:_identify(src/pid) by extension 'ros'
[0.303s] DEBUG:colcon.colcon_core.package_identification:Package 'src/pid' with type 'ros.ament_cmake' and name 'pid'
[0.303s] Level 1:colcon.colcon_core.package_discovery:discover_packages(recursive) using defaults
[0.303s] Level 1:colcon.colcon_core.package_discovery:discover_packages(ignore) discover
[0.303s] Level 1:colcon.colcon_core.package_discovery:discover_packages(ignore) using defaults
[0.303s] Level 1:colcon.colcon_core.package_discovery:discover_packages(path) discover
[0.303s] Level 1:colcon.colcon_core.package_discovery:discover_packages(path) using defaults
[0.336s] Level 1:colcon.colcon_core.package_discovery:discover_packages(prefix_path) check parameters
[0.336s] Level 1:colcon.colcon_core.package_discovery:discover_packages(prefix_path) discover
[0.338s] DEBUG:colcon.colcon_installed_package_information.package_discovery:Found 6 installed packages in /home/farelfebryan/finalproject_ws/install
[0.338s] DEBUG:colcon.colcon_installed_package_information.package_discovery:Found 1 installed packages in /home/farelfebryan/workspace/install
[0.339s] DEBUG:colcon.colcon_installed_package_information.package_discovery:Found 332 installed packages in /opt/ros/humble
[0.341s] Level 1:colcon.colcon_core.package_discovery:discover_packages(prefix_path) using defaults
[0.386s] Level 5:colcon.colcon_core.verb:set package 'bola' build argument 'cmake_args' from command line to 'None'
[0.387s] Level 5:colcon.colcon_core.verb:set package 'bola' build argument 'cmake_target' from command line to 'None'
[0.387s] Level 5:colcon.colcon_core.verb:set package 'bola' build argument 'cmake_target_skip_unavailable' from command line to 'False'
[0.387s] Level 5:colcon.colcon_core.verb:set package 'bola' build argument 'cmake_clean_cache' from command line to 'False'
[0.387s] Level 5:colcon.colcon_core.verb:set package 'bola' build argument 'cmake_clean_first' from command line to 'False'
[0.387s] Level 5:colcon.colcon_core.verb:set package 'bola' build argument 'cmake_force_configure' from command line to 'False'
[0.387s] Level 5:colcon.colcon_core.verb:set package 'bola' build argument 'ament_cmake_args' from command line to 'None'
[0.387s] Level 5:colcon.colcon_core.verb:set package 'bola' build argument 'catkin_cmake_args' from command line to 'None'
[0.387s] Level 5:colcon.colcon_core.verb:set package 'bola' build argument 'catkin_skip_building_tests' from command line to 'False'
[0.387s] DEBUG:colcon.colcon_core.verb:Building package 'bola' with the following arguments: {'ament_cmake_args': None, 'build_base': '/home/farelfebryan/finalproject_ws/build/bola', 'catkin_cmake_args': None, 'catkin_skip_building_tests': False, 'cmake_args': None, 'cmake_clean_cache': False, 'cmake_clean_first': False, 'cmake_force_configure': False, 'cmake_target': None, 'cmake_target_skip_unavailable': False, 'install_base': '/home/farelfebryan/finalproject_ws/install/bola', 'merge_install': False, 'path': '/home/farelfebryan/finalproject_ws/src/bola', 'symlink_install': False, 'test_result_base': None}
[0.387s] Level 5:colcon.colcon_core.verb:set package 'finalproject' build argument 'cmake_args' from command line to 'None'
[0.387s] Level 5:colcon.colcon_core.verb:set package 'finalproject' build argument 'cmake_target' from command line to 'None'
[0.387s] Level 5:colcon.colcon_core.verb:set package 'finalproject' build argument 'cmake_target_skip_unavailable' from command line to 'False'
[0.387s] Level 5:colcon.colcon_core.verb:set package 'finalproject' build argument 'cmake_clean_cache' from command line to 'False'
[0.387s] Level 5:colcon.colcon_core.verb:set package 'finalproject' build argument 'cmake_clean_first' from command line to 'False'
[0.387s] Level 5:colcon.colcon_core.verb:set package 'finalproject' build argument 'cmake_force_configure' from command line to 'False'
[0.387s] Level 5:colcon.colcon_core.verb:set package 'finalproject' build argument 'ament_cmake_args' from command line to 'None'
[0.387s] Level 5:colcon.colcon_core.verb:set package 'finalproject' build argument 'catkin_cmake_args' from command line to 'None'
[0.387s] Level 5:colcon.colcon_core.verb:set package 'finalproject' build argument 'catkin_skip_building_tests' from command line to 'False'
[0.387s] DEBUG:colcon.colcon_core.verb:Building package 'finalproject' with the following arguments: {'ament_cmake_args': None, 'build_base': '/home/farelfebryan/finalproject_ws/build/finalproject', 'catkin_cmake_args': None, 'catkin_skip_building_tests': False, 'cmake_args': None, 'cmake_clean_cache': False, 'cmake_clean_first': False, 'cmake_force_configure': False, 'cmake_target': None, 'cmake_target_skip_unavailable': False, 'install_base': '/home/farelfebryan/finalproject_ws/install/finalproject', 'merge_install': False, 'path': '/home/farelfebryan/finalproject_ws/src/finalproject', 'symlink_install': False, 'test_result_base': None}
[0.388s] Level 5:colcon.colcon_core.verb:set package 'joystick' build argument 'cmake_args' from command line to 'None'
[0.388s] Level 5:colcon.colcon_core.verb:set package 'joystick' build argument 'cmake_target' from command line to 'None'
[0.388s] Level 5:colcon.colcon_core.verb:set package 'joystick' build argument 'cmake_target_skip_unavailable' from command line to 'False'
[0.388s] Level 5:colcon.colcon_core.verb:set package 'joystick' build argument 'cmake_clean_cache' from command line to 'False'
[0.388s] Level 5:colcon.colcon_core.verb:set package 'joystick' build argument 'cmake_clean_first' from command line to 'False'
[0.388s] Level 5:colcon.colcon_core.verb:set package 'joystick' build argument 'cmake_force_configure' from command line to 'False'
[0.388s] Level 5:colcon.colcon_core.verb:set package 'joystick' build argument 'ament_cmake_args' from command line to 'None'
[0.388s] Level 5:colcon.colcon_core.verb:set package 'joystick' build argument 'catkin_cmake_args' from command line to 'None'
[0.388s] Level 5:colcon.colcon_core.verb:set package 'joystick' build argument 'catkin_skip_building_tests' from command line to 'False'
[0.388s] DEBUG:colcon.colcon_core.verb:Building package 'joystick' with the following arguments: {'ament_cmake_args': None, 'build_base': '/home/farelfebryan/finalproject_ws/build/joystick', 'catkin_cmake_args': None, 'catkin_skip_building_tests': False, 'cmake_args': None, 'cmake_clean_cache': False, 'cmake_clean_first': False, 'cmake_force_configure': False, 'cmake_target': None, 'cmake_target_skip_unavailable': False, 'install_base': '/home/farelfebryan/finalproject_ws/install/joystick', 'merge_install': False, 'path': '/home/farelfebryan/finalproject_ws/joystick', 'symlink_install': False, 'test_result_base': None}
[0.388s] Level 5:colcon.colcon_core.verb:set package 'keliling' build argument 'cmake_args' from command line to 'None'
[0.388s] Level 5:colcon.colcon_core.verb:set package 'keliling' build argument 'cmake_target' from command line to 'None'
[0.388s] Level 5:colcon.colcon_core.verb:set package 'keliling' build argument 'cmake_target_skip_unavailable' from command line to 'False'
[0.388s] Level 5:colcon.colcon_core.verb:set package 'keliling' build argument 'cmake_clean_cache' from command line to 'False'
[0.388s] Level 5:colcon.colcon_core.verb:set package 'keliling' build argument 'cmake_clean_first' from command line to 'False'
[0.389s] Level 5:colcon.colcon_core.verb:set package 'keliling' build argument 'cmake_force_configure' from command line to 'False'
[0.389s] Level 5:colcon.colcon_core.verb:set package 'keliling' build argument 'ament_cmake_args' from command line to 'None'
[0.389s] Level 5:colcon.colcon_core.verb:set package 'keliling' build argument 'catkin_cmake_args' from command line to 'None'
[0.389s] Level 5:colcon.colcon_core.verb:set package 'keliling' build argument 'catkin_skip_building_tests' from command line to 'False'
[0.389s] DEBUG:colcon.colcon_core.verb:Building package 'keliling' with the following arguments: {'ament_cmake_args': None, 'build_base': '/home/farelfebryan/finalproject_ws/build/keliling', 'catkin_cmake_args': None, 'catkin_skip_building_tests': False, 'cmake_args': None, 'cmake_clean_cache': False, 'cmake_clean_first': False, 'cmake_force_configure': False, 'cmake_target': None, 'cmake_target_skip_unavailable': False, 'install_base': '/home/farelfebryan/finalproject_ws/install/keliling', 'merge_install': False, 'path': '/home/farelfebryan/finalproject_ws/src/keliling', 'symlink_install': False, 'test_result_base': None}
[0.389s] Level 5:colcon.colcon_core.verb:set package 'keyboard' build argument 'cmake_args' from command line to 'None'
[0.389s] Level 5:colcon.colcon_core.verb:set package 'keyboard' build argument 'cmake_target' from command line to 'None'
[0.389s] Level 5:colcon.colcon_core.verb:set package 'keyboard' build argument 'cmake_target_skip_unavailable' from command line to 'False'
[0.389s] Level 5:colcon.colcon_core.verb:set package 'keyboard' build argument 'cmake_clean_cache' from command line to 'False'
[0.389s] Level 5:colcon.colcon_core.verb:set package 'keyboard' build argument 'cmake_clean_first' from command line to 'False'
[0.389s] Level 5:colcon.colcon_core.verb:set package 'keyboard' build argument 'cmake_force_configure' from command line to 'False'
[0.389s] Level 5:colcon.colcon_core.verb:set package 'keyboard' build argument 'ament_cmake_args' from command line to 'None'
[0.389s] Level 5:colcon.colcon_core.verb:set package 'keyboard' build argument 'catkin_cmake_args' from command line to 'None'
[0.389s] Level 5:colcon.colcon_core.verb:set package 'keyboard' build argument 'catkin_skip_building_tests' from command line to 'False'
[0.389s] DEBUG:colcon.colcon_core.verb:Building package 'keyboard' with the following arguments: {'ament_cmake_args': None, 'build_base': '/home/farelfebryan/finalproject_ws/build/keyboard', 'catkin_cmake_args': None, 'catkin_skip_building_tests': False, 'cmake_args': None, 'cmake_clean_cache': False, 'cmake_clean_first': False, 'cmake_force_configure': False, 'cmake_target': None, 'cmake_target_skip_unavailable': False, 'install_base': '/home/farelfebryan/finalproject_ws/install/keyboard', 'merge_install': False, 'path': '/home/farelfebryan/finalproject_ws/src/keyboard', 'symlink_install': False, 'test_result_base': None}
[0.390s] Level 5:colcon.colcon_core.verb:set package 'pid' build argument 'cmake_args' from command line to 'None'
[0.390s] Level 5:colcon.colcon_core.verb:set package 'pid' build argument 'cmake_target' from command line to 'None'
[0.390s] Level 5:colcon.colcon_core.verb:set package 'pid' build argument 'cmake_target_skip_unavailable' from command line to 'False'
[0.390s] Level 5:colcon.colcon_core.verb:set package 'pid' build argument 'cmake_clean_cache' from command line to 'False'
[0.390s] Level 5:colcon.colcon_core.verb:set package 'pid' build argument 'cmake_clean_first' from command line to 'False'
[0.390s] Level 5:colcon.colcon_core.verb:set package 'pid' build argument 'cmake_force_configure' from command line to 'False'
[0.390s] Level 5:colcon.colcon_core.verb:set package 'pid' build argument 'ament_cmake_args' from command line to 'None'
[0.390s] Level 5:colcon.colcon_core.verb:set package 'pid' build argument 'catkin_cmake_args' from command line to 'None'
[0.390s] Level 5:colcon.colcon_core.verb:set package 'pid' build argument 'catkin_skip_building_tests' from command line to 'False'
[0.390s] DEBUG:colcon.colcon_core.verb:Building package 'pid' with the following arguments: {'ament_cmake_args': None, 'build_base': '/home/farelfebryan/finalproject_ws/build/pid', 'catkin_cmake_args': None, 'catkin_skip_building_tests': False, 'cmake_args': None, 'cmake_clean_cache': False, 'cmake_clean_first': False, 'cmake_force_configure': False, 'cmake_target': None, 'cmake_target_skip_unavailable': False, 'install_base': '/home/farelfebryan/finalproject_ws/install/pid', 'merge_install': False, 'path': '/home/farelfebryan/finalproject_ws/src/pid', 'symlink_install': False, 'test_result_base': None}
[0.390s] INFO:colcon.colcon_core.executor:Executing jobs using 'parallel' executor
[0.391s] DEBUG:colcon.colcon_parallel_executor.executor.parallel:run_until_complete
[0.391s] INFO:colcon.colcon_ros.task.ament_cmake.build:Building ROS package in '/home/farelfebryan/finalproject_ws/src/bola' with build type 'ament_cmake'
[0.391s] INFO:colcon.colcon_cmake.task.cmake.build:Building CMake package in '/home/farelfebryan/finalproject_ws/src/bola'
[0.393s] INFO:colcon.colcon_core.plugin_system:Skipping extension 'colcon_core.shell.bat': Not used on non-Windows systems
[0.393s] INFO:colcon.colcon_core.shell:Skip shell extension 'powershell' for command environment: Not usable outside of PowerShell
[0.393s] DEBUG:colcon.colcon_core.shell:Skip shell extension 'dsv' for command environment
[0.397s] INFO:colcon.colcon_ros.task.ament_cmake.build:Building ROS package in '/home/farelfebryan/finalproject_ws/src/finalproject' with build type 'ament_cmake'
[0.397s] INFO:colcon.colcon_cmake.task.cmake.build:Building CMake package in '/home/farelfebryan/finalproject_ws/src/finalproject'
[0.397s] INFO:colcon.colcon_core.shell:Skip shell extension 'powershell' for command environment: Not usable outside of PowerShell
[0.398s] DEBUG:colcon.colcon_core.shell:Skip shell extension 'dsv' for command environment
[0.401s] INFO:colcon.colcon_ros.task.ament_cmake.build:Building ROS package in '/home/farelfebryan/finalproject_ws/joystick' with build type 'ament_cmake'
[0.401s] INFO:colcon.colcon_cmake.task.cmake.build:Building CMake package in '/home/farelfebryan/finalproject_ws/joystick'
[0.402s] INFO:colcon.colcon_core.shell:Skip shell extension 'powershell' for command environment: Not usable outside of PowerShell
[0.402s] DEBUG:colcon.colcon_core.shell:Skip shell extension 'dsv' for command environment
[0.405s] INFO:colcon.colcon_ros.task.ament_cmake.build:Building ROS package in '/home/farelfebryan/finalproject_ws/src/keliling' with build type 'ament_cmake'
[0.405s] INFO:colcon.colcon_cmake.task.cmake.build:Building CMake package in '/home/farelfebryan/finalproject_ws/src/keliling'
[0.406s] INFO:colcon.colcon_core.shell:Skip shell extension 'powershell' for command environment: Not usable outside of PowerShell
[0.406s] DEBUG:colcon.colcon_core.shell:Skip shell extension 'dsv' for command environment
[0.409s] INFO:colcon.colcon_ros.task.ament_cmake.build:Building ROS package in '/home/farelfebryan/finalproject_ws/src/keyboard' with build type 'ament_cmake'
[0.409s] INFO:colcon.colcon_cmake.task.cmake.build:Building CMake package in '/home/farelfebryan/finalproject_ws/src/keyboard'
[0.409s] INFO:colcon.colcon_core.shell:Skip shell extension 'powershell' for command environment: Not usable outside of PowerShell
[0.409s] DEBUG:colcon.colcon_core.shell:Skip shell extension 'dsv' for command environment
[0.413s] INFO:colcon.colcon_ros.task.ament_cmake.build:Building ROS package in '/home/farelfebryan/finalproject_ws/src/pid' with build type 'ament_cmake'
[0.413s] INFO:colcon.colcon_cmake.task.cmake.build:Building CMake package in '/home/farelfebryan/finalproject_ws/src/pid'
[0.413s] INFO:colcon.colcon_core.shell:Skip shell extension 'powershell' for command environment: Not usable outside of PowerShell
[0.413s] DEBUG:colcon.colcon_core.shell:Skip shell extension 'dsv' for command environment
[0.423s] DEBUG:colcon.colcon_core.event_handler.log_command:Invoking command in '/home/farelfebryan/finalproject_ws/build/bola': CMAKE_PREFIX_PATH=${CMAKE_PREFIX_PATH}:/opt/ros/humble /usr/bin/cmake --build /home/farelfebryan/finalproject_ws/build/bola -- -j8 -l8
[0.426s] DEBUG:colcon.colcon_core.event_handler.log_command:Invoking command in '/home/farelfebryan/finalproject_ws/build/finalproject': CMAKE_PREFIX_PATH=${CMAKE_PREFIX_PATH}:/opt/ros/humble /usr/bin/cmake --build /home/farelfebryan/finalproject_ws/build/finalproject -- -j8 -l8
[0.430s] DEBUG:colcon.colcon_core.event_handler.log_command:Invoking command in '/home/farelfebryan/finalproject_ws/build/joystick': CMAKE_PREFIX_PATH=${CMAKE_PREFIX_PATH}:/opt/ros/humble /usr/bin/cmake --build /home/farelfebryan/finalproject_ws/build/joystick -- -j8 -l8
[0.433s] DEBUG:colcon.colcon_core.event_handler.log_command:Invoking command in '/home/farelfebryan/finalproject_ws/build/keliling': CMAKE_PREFIX_PATH=${CMAKE_PREFIX_PATH}:/opt/ros/humble /usr/bin/cmake --build /home/farelfebryan/finalproject_ws/build/keliling -- -j8 -l8
[0.436s] DEBUG:colcon.colcon_core.event_handler.log_command:Invoking command in '/home/farelfebryan/finalproject_ws/build/keyboard': CMAKE_PREFIX_PATH=${CMAKE_PREFIX_PATH}:/opt/ros/humble /usr/bin/cmake --build /home/farelfebryan/finalproject_ws/build/keyboard -- -j8 -l8
[0.444s] DEBUG:colcon.colcon_core.event_handler.log_command:Invoking command in '/home/farelfebryan/finalproject_ws/build/pid': CMAKE_PREFIX_PATH=${CMAKE_PREFIX_PATH}:/opt/ros/humble /usr/bin/cmake --build /home/farelfebryan/finalproject_ws/build/pid -- -j8 -l8
[0.475s] DEBUG:colcon.colcon_core.event_handler.log_command:Invoked command in '/home/farelfebryan/finalproject_ws/build/finalproject' returned '0': CMAKE_PREFIX_PATH=${CMAKE_PREFIX_PATH}:/opt/ros/humble /usr/bin/cmake --build /home/farelfebryan/finalproject_ws/build/finalproject -- -j8 -l8
[0.513s] DEBUG:colcon.colcon_core.event_handler.log_command:Invoking command in '/home/farelfebryan/finalproject_ws/build/finalproject': CMAKE_PREFIX_PATH=${CMAKE_PREFIX_PATH}:/opt/ros/humble /usr/bin/cmake --install /home/farelfebryan/finalproject_ws/build/finalproject
[0.516s] DEBUG:colcon.colcon_core.event_handler.log_command:Invoked command in '/home/farelfebryan/finalproject_ws/build/bola' returned '0': CMAKE_PREFIX_PATH=${CMAKE_PREFIX_PATH}:/opt/ros/humble /usr/bin/cmake --build /home/farelfebryan/finalproject_ws/build/bola -- -j8 -l8
[0.520s] DEBUG:colcon.colcon_core.event_handler.log_command:Invoked command in '/home/farelfebryan/finalproject_ws/build/joystick' returned '0': CMAKE_PREFIX_PATH=${CMAKE_PREFIX_PATH}:/opt/ros/humble /usr/bin/cmake --build /home/farelfebryan/finalproject_ws/build/joystick -- -j8 -l8
[0.533s] Level 1:colcon.colcon_core.environment:create_environment_scripts_only(finalproject)
[0.537s] DEBUG:colcon.colcon_core.event_handler.log_command:Invoked command in '/home/farelfebryan/finalproject_ws/build/finalproject' returned '0': CMAKE_PREFIX_PATH=${CMAKE_PREFIX_PATH}:/opt/ros/humble /usr/bin/cmake --install /home/farelfebryan/finalproject_ws/build/finalproject
[0.540s] Level 1:colcon.colcon_core.environment:checking '/home/farelfebryan/finalproject_ws/install/finalproject' for CMake module files
[0.541s] Level 1:colcon.colcon_core.environment:checking '/home/farelfebryan/finalproject_ws/install/finalproject' for CMake config files
[0.541s] Level 1:colcon.colcon_core.shell:create_environment_hook('finalproject', 'cmake_prefix_path')
[0.542s] INFO:colcon.colcon_core.shell:Creating environment hook '/home/farelfebryan/finalproject_ws/install/finalproject/share/finalproject/hook/cmake_prefix_path.ps1'
[0.543s] INFO:colcon.colcon_core.shell:Creating environment descriptor '/home/farelfebryan/finalproject_ws/install/finalproject/share/finalproject/hook/cmake_prefix_path.dsv'
[0.543s] INFO:colcon.colcon_core.shell:Creating environment hook '/home/farelfebryan/finalproject_ws/install/finalproject/share/finalproject/hook/cmake_prefix_path.sh'
[0.545s] Level 1:colcon.colcon_core.environment:checking '/home/farelfebryan/finalproject_ws/install/finalproject/bin'
[0.545s] Level 1:colcon.colcon_core.environment:checking '/home/farelfebryan/finalproject_ws/install/finalproject/lib/pkgconfig/finalproject.pc'
[0.545s] Level 1:colcon.colcon_core.environment:checking '/home/farelfebryan/finalproject_ws/install/finalproject/lib/python3.10/site-packages'
[0.546s] Level 1:colcon.colcon_core.environment:checking '/home/farelfebryan/finalproject_ws/install/finalproject/bin'
[0.546s] INFO:colcon.colcon_core.shell:Creating package script '/home/farelfebryan/finalproject_ws/install/finalproject/share/finalproject/package.ps1'
[0.547s] INFO:colcon.colcon_core.shell:Creating package descriptor '/home/farelfebryan/finalproject_ws/install/finalproject/share/finalproject/package.dsv'
[0.548s] INFO:colcon.colcon_core.shell:Creating package script '/home/farelfebryan/finalproject_ws/install/finalproject/share/finalproject/package.sh'
[0.549s] INFO:colcon.colcon_core.shell:Creating package script '/home/farelfebryan/finalproject_ws/install/finalproject/share/finalproject/package.bash'
[0.550s] INFO:colcon.colcon_core.shell:Creating package script '/home/farelfebryan/finalproject_ws/install/finalproject/share/finalproject/package.zsh'
[0.551s] Level 1:colcon.colcon_core.environment:create_file_with_runtime_dependencies(/home/farelfebryan/finalproject_ws/install/finalproject/share/colcon-core/packages/finalproject)
[0.555s] DEBUG:colcon.colcon_core.event_handler.log_command:Invoking command in '/home/farelfebryan/finalproject_ws/build/joystick': CMAKE_PREFIX_PATH=${CMAKE_PREFIX_PATH}:/opt/ros/humble /usr/bin/cmake --install /home/farelfebryan/finalproject_ws/build/joystick
[0.557s] DEBUG:colcon.colcon_core.event_handler.log_command:Invoking command in '/home/farelfebryan/finalproject_ws/build/bola': CMAKE_PREFIX_PATH=${CMAKE_PREFIX_PATH}:/opt/ros/humble /usr/bin/cmake --install /home/farelfebryan/finalproject_ws/build/bola
[0.559s] DEBUG:colcon.colcon_core.event_handler.log_command:Invoked command in '/home/farelfebryan/finalproject_ws/build/keyboard' returned '0': CMAKE_PREFIX_PATH=${CMAKE_PREFIX_PATH}:/opt/ros/humble /usr/bin/cmake --build /home/farelfebryan/finalproject_ws/build/keyboard -- -j8 -l8
[0.561s] DEBUG:colcon.colcon_core.event_handler.log_command:Invoked command in '/home/farelfebryan/finalproject_ws/build/pid' returned '0': CMAKE_PREFIX_PATH=${CMAKE_PREFIX_PATH}:/opt/ros/humble /usr/bin/cmake --build /home/farelfebryan/finalproject_ws/build/pid -- -j8 -l8
[0.570s] Level 1:colcon.colcon_core.environment:create_environment_scripts_only(joystick)
[0.571s] Level 1:colcon.colcon_core.environment:checking '/home/farelfebryan/finalproject_ws/install/joystick' for CMake module files
[0.573s] DEBUG:colcon.colcon_core.event_handler.log_command:Invoked command in '/home/farelfebryan/finalproject_ws/build/joystick' returned '0': CMAKE_PREFIX_PATH=${CMAKE_PREFIX_PATH}:/opt/ros/humble /usr/bin/cmake --install /home/farelfebryan/finalproject_ws/build/joystick
[0.573s] Level 1:colcon.colcon_core.environment:checking '/home/farelfebryan/finalproject_ws/install/joystick' for CMake config files
[0.573s] Level 1:colcon.colcon_core.shell:create_environment_hook('joystick', 'cmake_prefix_path')
[0.574s] INFO:colcon.colcon_core.shell:Creating environment hook '/home/farelfebryan/finalproject_ws/install/joystick/share/joystick/hook/cmake_prefix_path.ps1'
[0.574s] INFO:colcon.colcon_core.shell:Creating environment descriptor '/home/farelfebryan/finalproject_ws/install/joystick/share/joystick/hook/cmake_prefix_path.dsv'
[0.575s] INFO:colcon.colcon_core.shell:Creating environment hook '/home/farelfebryan/finalproject_ws/install/joystick/share/joystick/hook/cmake_prefix_path.sh'
[0.576s] Level 1:colcon.colcon_core.environment:checking '/home/farelfebryan/finalproject_ws/install/joystick/lib'
[0.576s] Level 1:colcon.colcon_core.environment:checking '/home/farelfebryan/finalproject_ws/install/joystick/bin'
[0.576s] Level 1:colcon.colcon_core.environment:checking '/home/farelfebryan/finalproject_ws/install/joystick/lib/pkgconfig/joystick.pc'
[0.577s] Level 1:colcon.colcon_core.environment:checking '/home/farelfebryan/finalproject_ws/install/joystick/lib/python3.10/site-packages'
[0.577s] Level 1:colcon.colcon_core.environment:checking '/home/farelfebryan/finalproject_ws/install/joystick/bin'
[0.577s] INFO:colcon.colcon_core.shell:Creating package script '/home/farelfebryan/finalproject_ws/install/joystick/share/joystick/package.ps1'
[0.578s] INFO:colcon.colcon_core.shell:Creating package descriptor '/home/farelfebryan/finalproject_ws/install/joystick/share/joystick/package.dsv'
[0.579s] INFO:colcon.colcon_core.shell:Creating package script '/home/farelfebryan/finalproject_ws/install/joystick/share/joystick/package.sh'
[0.579s] INFO:colcon.colcon_core.shell:Creating package script '/home/farelfebryan/finalproject_ws/install/joystick/share/joystick/package.bash'
[0.580s] INFO:colcon.colcon_core.shell:Creating package script '/home/farelfebryan/finalproject_ws/install/joystick/share/joystick/package.zsh'
[0.580s] Level 1:colcon.colcon_core.environment:create_file_with_runtime_dependencies(/home/farelfebryan/finalproject_ws/install/joystick/share/colcon-core/packages/joystick)
[0.582s] Level 1:colcon.colcon_core.environment:create_environment_scripts_only(bola)
[0.583s] Level 1:colcon.colcon_core.environment:checking '/home/farelfebryan/finalproject_ws/install/bola' for CMake module files
[0.584s] DEBUG:colcon.colcon_core.event_handler.log_command:Invoked command in '/home/farelfebryan/finalproject_ws/build/bola' returned '0': CMAKE_PREFIX_PATH=${CMAKE_PREFIX_PATH}:/opt/ros/humble /usr/bin/cmake --install /home/farelfebryan/finalproject_ws/build/bola
[0.584s] Level 1:colcon.colcon_core.environment:checking '/home/farelfebryan/finalproject_ws/install/bola' for CMake config files
[0.585s] Level 1:colcon.colcon_core.shell:create_environment_hook('bola', 'cmake_prefix_path')
[0.585s] INFO:colcon.colcon_core.shell:Creating environment hook '/home/farelfebryan/finalproject_ws/install/bola/share/bola/hook/cmake_prefix_path.ps1'
[0.586s] INFO:colcon.colcon_core.shell:Creating environment descriptor '/home/farelfebryan/finalproject_ws/install/bola/share/bola/hook/cmake_prefix_path.dsv'
[0.586s] INFO:colcon.colcon_core.shell:Creating environment hook '/home/farelfebryan/finalproject_ws/install/bola/share/bola/hook/cmake_prefix_path.sh'
[0.587s] Level 1:colcon.colcon_core.environment:checking '/home/farelfebryan/finalproject_ws/install/bola/lib'
[0.587s] Level 1:colcon.colcon_core.environment:checking '/home/farelfebryan/finalproject_ws/install/bola/bin'
[0.587s] Level 1:colcon.colcon_core.environment:checking '/home/farelfebryan/finalproject_ws/install/bola/lib/pkgconfig/bola.pc'
[0.588s] Level 1:colcon.colcon_core.environment:checking '/home/farelfebryan/finalproject_ws/install/bola/lib/python3.10/site-packages'
[0.588s] Level 1:colcon.colcon_core.environment:checking '/home/farelfebryan/finalproject_ws/install/bola/bin'
[0.589s] INFO:colcon.colcon_core.shell:Creating package script '/home/farelfebryan/finalproject_ws/install/bola/share/bola/package.ps1'
[0.589s] INFO:colcon.colcon_core.shell:Creating package descriptor '/home/farelfebryan/finalproject_ws/install/bola/share/bola/package.dsv'
[0.590s] INFO:colcon.colcon_core.shell:Creating package script '/home/farelfebryan/finalproject_ws/install/bola/share/bola/package.sh'
[0.590s] INFO:colcon.colcon_core.shell:Creating package script '/home/farelfebryan/finalproject_ws/install/bola/share/bola/package.bash'
[0.591s] INFO:colcon.colcon_core.shell:Creating package script '/home/farelfebryan/finalproject_ws/install/bola/share/bola/package.zsh'
[0.591s] Level 1:colcon.colcon_core.environment:create_file_with_runtime_dependencies(/home/farelfebryan/finalproject_ws/install/bola/share/colcon-core/packages/bola)
[0.593s] Level 1:colcon.colcon_core.environment:create_environment_scripts_only(finalproject)
[0.594s] Level 1:colcon.colcon_core.environment:checking '/home/farelfebryan/finalproject_ws/install/finalproject' for CMake module files
[0.595s] Level 1:colcon.colcon_core.environment:checking '/home/farelfebryan/finalproject_ws/install/finalproject' for CMake config files
[0.595s] Level 1:colcon.colcon_core.shell:create_environment_hook('finalproject', 'cmake_prefix_path')
[0.595s] INFO:colcon.colcon_core.shell:Creating environment hook '/home/farelfebryan/finalproject_ws/install/finalproject/share/finalproject/hook/cmake_prefix_path.ps1'
[0.596s] INFO:colcon.colcon_core.shell:Creating environment descriptor '/home/farelfebryan/finalproject_ws/install/finalproject/share/finalproject/hook/cmake_prefix_path.dsv'
[0.597s] INFO:colcon.colcon_core.shell:Creating environment hook '/home/farelfebryan/finalproject_ws/install/finalproject/share/finalproject/hook/cmake_prefix_path.sh'
[0.598s] Level 1:colcon.colcon_core.environment:checking '/home/farelfebryan/finalproject_ws/install/finalproject/bin'
[0.598s] Level 1:colcon.colcon_core.environment:checking '/home/farelfebryan/finalproject_ws/install/finalproject/lib/pkgconfig/finalproject.pc'
[0.598s] Level 1:colcon.colcon_core.environment:checking '/home/farelfebryan/finalproject_ws/install/finalproject/lib/python3.10/site-packages'
[0.599s] Level 1:colcon.colcon_core.environment:checking '/home/farelfebryan/finalproject_ws/install/finalproject/bin'
[0.599s] INFO:colcon.colcon_core.shell:Creating package script '/home/farelfebryan/finalproject_ws/install/finalproject/share/finalproject/package.ps1'
[0.600s] INFO:colcon.colcon_core.shell:Creating package descriptor '/home/farelfebryan/finalproject_ws/install/finalproject/share/finalproject/package.dsv'
[0.601s] INFO:colcon.colcon_core.shell:Creating package script '/home/farelfebryan/finalproject_ws/install/finalproject/share/finalproject/package.sh'
[0.601s] INFO:colcon.colcon_core.shell:Creating package script '/home/farelfebryan/finalproject_ws/install/finalproject/share/finalproject/package.bash'
[0.602s] INFO:colcon.colcon_core.shell:Creating package script '/home/farelfebryan/finalproject_ws/install/finalproject/share/finalproject/package.zsh'
[0.602s] Level 1:colcon.colcon_core.environment:create_file_with_runtime_dependencies(/home/farelfebryan/finalproject_ws/install/finalproject/share/colcon-core/packages/finalproject)
[0.607s] Level 1:colcon.colcon_core.environment:create_environment_scripts_only(joystick)
[0.608s] Level 1:colcon.colcon_core.environment:checking '/home/farelfebryan/finalproject_ws/install/joystick' for CMake module files
[0.609s] DEBUG:colcon.colcon_core.event_handler.log_command:Invoking command in '/home/farelfebryan/finalproject_ws/build/keyboard': CMAKE_PREFIX_PATH=${CMAKE_PREFIX_PATH}:/opt/ros/humble /usr/bin/cmake --install /home/farelfebryan/finalproject_ws/build/keyboard
[0.609s] DEBUG:colcon.colcon_core.event_handler.log_command:Invoking command in '/home/farelfebryan/finalproject_ws/build/pid': CMAKE_PREFIX_PATH=${CMAKE_PREFIX_PATH}:/opt/ros/humble /usr/bin/cmake --install /home/farelfebryan/finalproject_ws/build/pid
[0.610s] Level 1:colcon.colcon_core.environment:checking '/home/farelfebryan/finalproject_ws/install/joystick' for CMake config files
[0.610s] Level 1:colcon.colcon_core.shell:create_environment_hook('joystick', 'cmake_prefix_path')
[0.611s] INFO:colcon.colcon_core.shell:Creating environment hook '/home/farelfebryan/finalproject_ws/install/joystick/share/joystick/hook/cmake_prefix_path.ps1'
[0.611s] INFO:colcon.colcon_core.shell:Creating environment descriptor '/home/farelfebryan/finalproject_ws/install/joystick/share/joystick/hook/cmake_prefix_path.dsv'
[0.612s] INFO:colcon.colcon_core.shell:Creating environment hook '/home/farelfebryan/finalproject_ws/install/joystick/share/joystick/hook/cmake_prefix_path.sh'
[0.613s] Level 1:colcon.colcon_core.environment:checking '/home/farelfebryan/finalproject_ws/install/joystick/lib'
[0.613s] Level 1:colcon.colcon_core.environment:checking '/home/farelfebryan/finalproject_ws/install/joystick/bin'
[0.613s] Level 1:colcon.colcon_core.environment:checking '/home/farelfebryan/finalproject_ws/install/joystick/lib/pkgconfig/joystick.pc'
[0.613s] Level 1:colcon.colcon_core.environment:checking '/home/farelfebryan/finalproject_ws/install/joystick/lib/python3.10/site-packages'
[0.614s] Level 1:colcon.colcon_core.environment:checking '/home/farelfebryan/finalproject_ws/install/joystick/bin'
[0.614s] INFO:colcon.colcon_core.shell:Creating package script '/home/farelfebryan/finalproject_ws/install/joystick/share/joystick/package.ps1'
[0.616s] INFO:colcon.colcon_core.shell:Creating package descriptor '/home/farelfebryan/finalproject_ws/install/joystick/share/joystick/package.dsv'
[0.618s] INFO:colcon.colcon_core.shell:Creating package script '/home/farelfebryan/finalproject_ws/install/joystick/share/joystick/package.sh'
[0.619s] INFO:colcon.colcon_core.shell:Creating package script '/home/farelfebryan/finalproject_ws/install/joystick/share/joystick/package.bash'
[0.620s] INFO:colcon.colcon_core.shell:Creating package script '/home/farelfebryan/finalproject_ws/install/joystick/share/joystick/package.zsh'
[0.621s] Level 1:colcon.colcon_core.environment:create_file_with_runtime_dependencies(/home/farelfebryan/finalproject_ws/install/joystick/share/colcon-core/packages/joystick)
[0.622s] Level 1:colcon.colcon_core.environment:create_environment_scripts_only(bola)
[0.623s] Level 1:colcon.colcon_core.environment:checking '/home/farelfebryan/finalproject_ws/install/bola' for CMake module files
[0.624s] Level 1:colcon.colcon_core.environment:checking '/home/farelfebryan/finalproject_ws/install/bola' for CMake config files
[0.625s] Level 1:colcon.colcon_core.shell:create_environment_hook('bola', 'cmake_prefix_path')
[0.625s] INFO:colcon.colcon_core.shell:Creating environment hook '/home/farelfebryan/finalproject_ws/install/bola/share/bola/hook/cmake_prefix_path.ps1'
[0.625s] INFO:colcon.colcon_core.shell:Creating environment descriptor '/home/farelfebryan/finalproject_ws/install/bola/share/bola/hook/cmake_prefix_path.dsv'
[0.626s] INFO:colcon.colcon_core.shell:Creating environment hook '/home/farelfebryan/finalproject_ws/install/bola/share/bola/hook/cmake_prefix_path.sh'
[0.627s] Level 1:colcon.colcon_core.environment:checking '/home/farelfebryan/finalproject_ws/install/bola/lib'
[0.627s] Level 1:colcon.colcon_core.environment:checking '/home/farelfebryan/finalproject_ws/install/bola/bin'
[0.627s] Level 1:colcon.colcon_core.environment:checking '/home/farelfebryan/finalproject_ws/install/bola/lib/pkgconfig/bola.pc'
[0.627s] Level 1:colcon.colcon_core.environment:checking '/home/farelfebryan/finalproject_ws/install/bola/lib/python3.10/site-packages'
[0.628s] Level 1:colcon.colcon_core.environment:checking '/home/farelfebryan/finalproject_ws/install/bola/bin'
[0.628s] INFO:colcon.colcon_core.shell:Creating package script '/home/farelfebryan/finalproject_ws/install/bola/share/bola/package.ps1'
[0.629s] INFO:colcon.colcon_core.shell:Creating package descriptor '/home/farelfebryan/finalproject_ws/install/bola/share/bola/package.dsv'
[0.630s] INFO:colcon.colcon_core.shell:Creating package script '/home/farelfebryan/finalproject_ws/install/bola/share/bola/package.sh'
[0.630s] INFO:colcon.colcon_core.shell:Creating package script '/home/farelfebryan/finalproject_ws/install/bola/share/bola/package.bash'
[0.631s] INFO:colcon.colcon_core.shell:Creating package script '/home/farelfebryan/finalproject_ws/install/bola/share/bola/package.zsh'
[0.632s] Level 1:colcon.colcon_core.environment:create_file_with_runtime_dependencies(/home/farelfebryan/finalproject_ws/install/bola/share/colcon-core/packages/bola)
[0.632s] Level 1:colcon.colcon_core.environment:create_environment_scripts_only(keyboard)
[0.633s] Level 1:colcon.colcon_core.environment:checking '/home/farelfebryan/finalproject_ws/install/keyboard' for CMake module files
[0.634s] DEBUG:colcon.colcon_core.event_handler.log_command:Invoked command in '/home/farelfebryan/finalproject_ws/build/keyboard' returned '0': CMAKE_PREFIX_PATH=${CMAKE_PREFIX_PATH}:/opt/ros/humble /usr/bin/cmake --install /home/farelfebryan/finalproject_ws/build/keyboard
[0.634s] Level 1:colcon.colcon_core.environment:checking '/home/farelfebryan/finalproject_ws/install/keyboard' for CMake config files
[0.634s] Level 1:colcon.colcon_core.shell:create_environment_hook('keyboard', 'cmake_prefix_path')
[0.635s] INFO:colcon.colcon_core.shell:Creating environment hook '/home/farelfebryan/finalproject_ws/install/keyboard/share/keyboard/hook/cmake_prefix_path.ps1'
[0.635s] INFO:colcon.colcon_core.shell:Creating environment descriptor '/home/farelfebryan/finalproject_ws/install/keyboard/share/keyboard/hook/cmake_prefix_path.dsv'
[0.636s] INFO:colcon.colcon_core.shell:Creating environment hook '/home/farelfebryan/finalproject_ws/install/keyboard/share/keyboard/hook/cmake_prefix_path.sh'
[0.636s] Level 1:colcon.colcon_core.environment:checking '/home/farelfebryan/finalproject_ws/install/keyboard/lib'
[0.636s] Level 1:colcon.colcon_core.environment:checking '/home/farelfebryan/finalproject_ws/install/keyboard/bin'
[0.636s] Level 1:colcon.colcon_core.environment:checking '/home/farelfebryan/finalproject_ws/install/keyboard/lib/pkgconfig/keyboard.pc'
[0.637s] Level 1:colcon.colcon_core.environment:checking '/home/farelfebryan/finalproject_ws/install/keyboard/lib/python3.10/site-packages'
[0.637s] Level 1:colcon.colcon_core.environment:checking '/home/farelfebryan/finalproject_ws/install/keyboard/bin'
[0.637s] INFO:colcon.colcon_core.shell:Creating package script '/home/farelfebryan/finalproject_ws/install/keyboard/share/keyboard/package.ps1'
[0.638s] INFO:colcon.colcon_core.shell:Creating package descriptor '/home/farelfebryan/finalproject_ws/install/keyboard/share/keyboard/package.dsv'
[0.639s] INFO:colcon.colcon_core.shell:Creating package script '/home/farelfebryan/finalproject_ws/install/keyboard/share/keyboard/package.sh'
[0.639s] INFO:colcon.colcon_core.shell:Creating package script '/home/farelfebryan/finalproject_ws/install/keyboard/share/keyboard/package.bash'
[0.639s] INFO:colcon.colcon_core.shell:Creating package script '/home/farelfebryan/finalproject_ws/install/keyboard/share/keyboard/package.zsh'
[0.640s] Level 1:colcon.colcon_core.environment:create_file_with_runtime_dependencies(/home/farelfebryan/finalproject_ws/install/keyboard/share/colcon-core/packages/keyboard)
[0.641s] Level 1:colcon.colcon_core.environment:create_environment_scripts_only(pid)
[0.641s] Level 1:colcon.colcon_core.environment:checking '/home/farelfebryan/finalproject_ws/install/pid' for CMake module files
[0.642s] DEBUG:colcon.colcon_core.event_handler.log_command:Invoked command in '/home/farelfebryan/finalproject_ws/build/pid' returned '0': CMAKE_PREFIX_PATH=${CMAKE_PREFIX_PATH}:/opt/ros/humble /usr/bin/cmake --install /home/farelfebryan/finalproject_ws/build/pid
[0.643s] Level 1:colcon.colcon_core.environment:checking '/home/farelfebryan/finalproject_ws/install/pid' for CMake config files
[0.643s] Level 1:colcon.colcon_core.shell:create_environment_hook('pid', 'cmake_prefix_path')
[0.643s] INFO:colcon.colcon_core.shell:Creating environment hook '/home/farelfebryan/finalproject_ws/install/pid/share/pid/hook/cmake_prefix_path.ps1'
[0.644s] INFO:colcon.colcon_core.shell:Creating environment descriptor '/home/farelfebryan/finalproject_ws/install/pid/share/pid/hook/cmake_prefix_path.dsv'
[0.644s] INFO:colcon.colcon_core.shell:Creating environment hook '/home/farelfebryan/finalproject_ws/install/pid/share/pid/hook/cmake_prefix_path.sh'
[0.645s] Level 1:colcon.colcon_core.environment:checking '/home/farelfebryan/finalproject_ws/install/pid/lib'
[0.645s] Level 1:colcon.colcon_core.environment:checking '/home/farelfebryan/finalproject_ws/install/pid/bin'
[0.645s] Level 1:colcon.colcon_core.environment:checking '/home/farelfebryan/finalproject_ws/install/pid/lib/pkgconfig/pid.pc'
[0.646s] Level 1:colcon.colcon_core.environment:checking '/home/farelfebryan/finalproject_ws/install/pid/lib/python3.10/site-packages'
[0.646s] Level 1:colcon.colcon_core.environment:checking '/home/farelfebryan/finalproject_ws/install/pid/bin'
[0.646s] INFO:colcon.colcon_core.shell:Creating package script '/home/farelfebryan/finalproject_ws/install/pid/share/pid/package.ps1'
[0.647s] INFO:colcon.colcon_core.shell:Creating package descriptor '/home/farelfebryan/finalproject_ws/install/pid/share/pid/package.dsv'
[0.648s] INFO:colcon.colcon_core.shell:Creating package script '/home/farelfebryan/finalproject_ws/install/pid/share/pid/package.sh'
[0.649s] INFO:colcon.colcon_core.shell:Creating package script '/home/farelfebryan/finalproject_ws/install/pid/share/pid/package.bash'
[0.650s] INFO:colcon.colcon_core.shell:Creating package script '/home/farelfebryan/finalproject_ws/install/pid/share/pid/package.zsh'
[0.650s] Level 1:colcon.colcon_core.environment:create_file_with_runtime_dependencies(/home/farelfebryan/finalproject_ws/install/pid/share/colcon-core/packages/pid)
[0.664s] Level 1:colcon.colcon_core.environment:create_environment_scripts_only(keyboard)
[0.664s] Level 1:colcon.colcon_core.environment:checking '/home/farelfebryan/finalproject_ws/install/keyboard' for CMake module files
[0.665s] Level 1:colcon.colcon_core.environment:checking '/home/farelfebryan/finalproject_ws/install/keyboard' for CMake config files
[0.666s] Level 1:colcon.colcon_core.shell:create_environment_hook('keyboard', 'cmake_prefix_path')
[0.666s] INFO:colcon.colcon_core.shell:Creating environment hook '/home/farelfebryan/finalproject_ws/install/keyboard/share/keyboard/hook/cmake_prefix_path.ps1'
[0.667s] INFO:colcon.colcon_core.shell:Creating environment descriptor '/home/farelfebryan/finalproject_ws/install/keyboard/share/keyboard/hook/cmake_prefix_path.dsv'
[0.667s] INFO:colcon.colcon_core.shell:Creating environment hook '/home/farelfebryan/finalproject_ws/install/keyboard/share/keyboard/hook/cmake_prefix_path.sh'
[0.668s] Level 1:colcon.colcon_core.environment:checking '/home/farelfebryan/finalproject_ws/install/keyboard/lib'
[0.668s] Level 1:colcon.colcon_core.environment:checking '/home/farelfebryan/finalproject_ws/install/keyboard/bin'
[0.668s] Level 1:colcon.colcon_core.environment:checking '/home/farelfebryan/finalproject_ws/install/keyboard/lib/pkgconfig/keyboard.pc'
[0.669s] Level 1:colcon.colcon_core.environment:checking '/home/farelfebryan/finalproject_ws/install/keyboard/lib/python3.10/site-packages'
[0.669s] Level 1:colcon.colcon_core.environment:checking '/home/farelfebryan/finalproject_ws/install/keyboard/bin'
[0.669s] INFO:colcon.colcon_core.shell:Creating package script '/home/farelfebryan/finalproject_ws/install/keyboard/share/keyboard/package.ps1'
[0.670s] INFO:colcon.colcon_core.shell:Creating package descriptor '/home/farelfebryan/finalproject_ws/install/keyboard/share/keyboard/package.dsv'
[0.671s] INFO:colcon.colcon_core.shell:Creating package script '/home/farelfebryan/finalproject_ws/install/keyboard/share/keyboard/package.sh'
[0.671s] INFO:colcon.colcon_core.shell:Creating package script '/home/farelfebryan/finalproject_ws/install/keyboard/share/keyboard/package.bash'
[0.672s] INFO:colcon.colcon_core.shell:Creating package script '/home/farelfebryan/finalproject_ws/install/keyboard/share/keyboard/package.zsh'
[0.672s] Level 1:colcon.colcon_core.environment:create_file_with_runtime_dependencies(/home/farelfebryan/finalproject_ws/install/keyboard/share/colcon-core/packages/keyboard)
[0.678s] Level 1:colcon.colcon_core.environment:create_environment_scripts_only(pid)
[0.678s] Level 1:colcon.colcon_core.environment:checking '/home/farelfebryan/finalproject_ws/install/pid' for CMake module files
[0.679s] Level 1:colcon.colcon_core.environment:checking '/home/farelfebryan/finalproject_ws/install/pid' for CMake config files
[0.679s] Level 1:colcon.colcon_core.shell:create_environment_hook('pid', 'cmake_prefix_path')
[0.680s] INFO:colcon.colcon_core.shell:Creating environment hook '/home/farelfebryan/finalproject_ws/install/pid/share/pid/hook/cmake_prefix_path.ps1'
[0.680s] INFO:colcon.colcon_core.shell:Creating environment descriptor '/home/farelfebryan/finalproject_ws/install/pid/share/pid/hook/cmake_prefix_path.dsv'
[0.681s] INFO:colcon.colcon_core.shell:Creating environment hook '/home/farelfebryan/finalproject_ws/install/pid/share/pid/hook/cmake_prefix_path.sh'
[0.682s] Level 1:colcon.colcon_core.environment:checking '/home/farelfebryan/finalproject_ws/install/pid/lib'
[0.682s] Level 1:colcon.colcon_core.environment:checking '/home/farelfebryan/finalproject_ws/install/pid/bin'
[0.682s] Level 1:colcon.colcon_core.environment:checking '/home/farelfebryan/finalproject_ws/install/pid/lib/pkgconfig/pid.pc'
[0.683s] Level 1:colcon.colcon_core.environment:checking '/home/farelfebryan/finalproject_ws/install/pid/lib/python3.10/site-packages'
[0.683s] Level 1:colcon.colcon_core.environment:checking '/home/farelfebryan/finalproject_ws/install/pid/bin'
[0.683s] INFO:colcon.colcon_core.shell:Creating package script '/home/farelfebryan/finalproject_ws/install/pid/share/pid/package.ps1'
[0.684s] INFO:colcon.colcon_core.shell:Creating package descriptor '/home/farelfebryan/finalproject_ws/install/pid/share/pid/package.dsv'
[0.685s] INFO:colcon.colcon_core.shell:Creating package script '/home/farelfebryan/finalproject_ws/install/pid/share/pid/package.sh'
[0.685s] INFO:colcon.colcon_core.shell:Creating package script '/home/farelfebryan/finalproject_ws/install/pid/share/pid/package.bash'
[0.686s] INFO:colcon.colcon_core.shell:Creating package script '/home/farelfebryan/finalproject_ws/install/pid/share/pid/package.zsh'
[0.686s] Level 1:colcon.colcon_core.environment:create_file_with_runtime_dependencies(/home/farelfebryan/finalproject_ws/install/pid/share/colcon-core/packages/pid)
[10.387s] DEBUG:colcon.colcon_core.event_handler.log_command:Invoked command in '/home/farelfebryan/finalproject_ws/build/keliling' returned '0': CMAKE_PREFIX_PATH=${CMAKE_PREFIX_PATH}:/opt/ros/humble /usr/bin/cmake --build /home/farelfebryan/finalproject_ws/build/keliling -- -j8 -l8
[10.409s] DEBUG:colcon.colcon_core.event_handler.log_command:Invoking command in '/home/farelfebryan/finalproject_ws/build/keliling': CMAKE_PREFIX_PATH=${CMAKE_PREFIX_PATH}:/opt/ros/humble /usr/bin/cmake --install /home/farelfebryan/finalproject_ws/build/keliling
[10.422s] Level 1:colcon.colcon_core.environment:create_environment_scripts_only(keliling)
[10.423s] Level 1:colcon.colcon_core.environment:checking '/home/farelfebryan/finalproject_ws/install/keliling' for CMake module files
[10.424s] DEBUG:colcon.colcon_core.event_handler.log_command:Invoked command in '/home/farelfebryan/finalproject_ws/build/keliling' returned '0': CMAKE_PREFIX_PATH=${CMAKE_PREFIX_PATH}:/opt/ros/humble /usr/bin/cmake --install /home/farelfebryan/finalproject_ws/build/keliling
[10.424s] Level 1:colcon.colcon_core.environment:checking '/home/farelfebryan/finalproject_ws/install/keliling' for CMake config files
[10.424s] Level 1:colcon.colcon_core.shell:create_environment_hook('keliling', 'cmake_prefix_path')
[10.424s] INFO:colcon.colcon_core.shell:Creating environment hook '/home/farelfebryan/finalproject_ws/install/keliling/share/keliling/hook/cmake_prefix_path.ps1'
[10.425s] INFO:colcon.colcon_core.shell:Creating environment descriptor '/home/farelfebryan/finalproject_ws/install/keliling/share/keliling/hook/cmake_prefix_path.dsv'
[10.425s] INFO:colcon.colcon_core.shell:Creating environment hook '/home/farelfebryan/finalproject_ws/install/keliling/share/keliling/hook/cmake_prefix_path.sh'
[10.426s] Level 1:colcon.colcon_core.environment:checking '/home/farelfebryan/finalproject_ws/install/keliling/lib'
[10.426s] Level 1:colcon.colcon_core.environment:checking '/home/farelfebryan/finalproject_ws/install/keliling/bin'
[10.426s] Level 1:colcon.colcon_core.environment:checking '/home/farelfebryan/finalproject_ws/install/keliling/lib/pkgconfig/keliling.pc'
[10.426s] Level 1:colcon.colcon_core.environment:checking '/home/farelfebryan/finalproject_ws/install/keliling/lib/python3.10/site-packages'
[10.427s] Level 1:colcon.colcon_core.environment:checking '/home/farelfebryan/finalproject_ws/install/keliling/bin'
[10.427s] INFO:colcon.colcon_core.shell:Creating package script '/home/farelfebryan/finalproject_ws/install/keliling/share/keliling/package.ps1'
[10.427s] INFO:colcon.colcon_core.shell:Creating package descriptor '/home/farelfebryan/finalproject_ws/install/keliling/share/keliling/package.dsv'
[10.428s] INFO:colcon.colcon_core.shell:Creating package script '/home/farelfebryan/finalproject_ws/install/keliling/share/keliling/package.sh'
[10.428s] INFO:colcon.colcon_core.shell:Creating package script '/home/farelfebryan/finalproject_ws/install/keliling/share/keliling/package.bash'
[10.429s] INFO:colcon.colcon_core.shell:Creating package script '/home/farelfebryan/finalproject_ws/install/keliling/share/keliling/package.zsh'
[10.429s] Level 1:colcon.colcon_core.environment:create_file_with_runtime_dependencies(/home/farelfebryan/finalproject_ws/install/keliling/share/colcon-core/packages/keliling)
[10.450s] Level 1:colcon.colcon_core.environment:create_environment_scripts_only(keliling)
[10.451s] Level 1:colcon.colcon_core.environment:checking '/home/farelfebryan/finalproject_ws/install/keliling' for CMake module files
[10.451s] Level 1:colcon.colcon_core.environment:checking '/home/farelfebryan/finalproject_ws/install/keliling' for CMake config files
[10.451s] Level 1:colcon.colcon_core.shell:create_environment_hook('keliling', 'cmake_prefix_path')
[10.452s] INFO:colcon.colcon_core.shell:Creating environment hook '/home/farelfebryan/finalproject_ws/install/keliling/share/keliling/hook/cmake_prefix_path.ps1'
[10.452s] INFO:colcon.colcon_core.shell:Creating environment descriptor '/home/farelfebryan/finalproject_ws/install/keliling/share/keliling/hook/cmake_prefix_path.dsv'
[10.453s] INFO:colcon.colcon_core.shell:Creating environment hook '/home/farelfebryan/finalproject_ws/install/keliling/share/keliling/hook/cmake_prefix_path.sh'
[10.454s] Level 1:colcon.colcon_core.environment:checking '/home/farelfebryan/finalproject_ws/install/keliling/lib'
[10.454s] Level 1:colcon.colcon_core.environment:checking '/home/farelfebryan/finalproject_ws/install/keliling/bin'
[10.454s] Level 1:colcon.colcon_core.environment:checking '/home/farelfebryan/finalproject_ws/install/keliling/lib/pkgconfig/keliling.pc'
[10.454s] Level 1:colcon.colcon_core.environment:checking '/home/farelfebryan/finalproject_ws/install/keliling/lib/python3.10/site-packages'
[10.454s] Level 1:colcon.colcon_core.environment:checking '/home/farelfebryan/finalproject_ws/install/keliling/bin'
[10.455s] INFO:colcon.colcon_core.shell:Creating package script '/home/farelfebryan/finalproject_ws/install/keliling/share/keliling/package.ps1'
[10.455s] INFO:colcon.colcon_core.shell:Creating package descriptor '/home/farelfebryan/finalproject_ws/install/keliling/share/keliling/package.dsv'
[10.456s] INFO:colcon.colcon_core.shell:Creating package script '/home/farelfebryan/finalproject_ws/install/keliling/share/keliling/package.sh'
[10.456s] INFO:colcon.colcon_core.shell:Creating package script '/home/farelfebryan/finalproject_ws/install/keliling/share/keliling/package.bash'
[10.457s] INFO:colcon.colcon_core.shell:Creating package script '/home/farelfebryan/finalproject_ws/install/keliling/share/keliling/package.zsh'
[10.457s] Level 1:colcon.colcon_core.environment:create_file_with_runtime_dependencies(/home/farelfebryan/finalproject_ws/install/keliling/share/colcon-core/packages/keliling)
[10.457s] DEBUG:colcon.colcon_parallel_executor.executor.parallel:closing loop
[10.458s] DEBUG:colcon.colcon_parallel_executor.executor.parallel:loop closed
[10.458s] DEBUG:colcon.colcon_parallel_executor.executor.parallel:run_until_complete finished with '0'
[10.458s] DEBUG:colcon.colcon_core.event_reactor:joining thread
[10.463s] INFO:colcon.colcon_core.plugin_system:Skipping extension 'colcon_notification.desktop_notification.terminal_notifier': Not used on non-Darwin systems
[10.463s] INFO:colcon.colcon_core.plugin_system:Skipping extension 'colcon_notification.desktop_notification.win32': Not used on non-Windows systems
[10.463s] INFO:colcon.colcon_notification.desktop_notification:Sending desktop notification using 'notify2'
[10.474s] DEBUG:colcon.colcon_core.event_reactor:joined thread
[10.475s] INFO:colcon.colcon_core.shell:Creating prefix script '/home/farelfebryan/finalproject_ws/install/local_setup.ps1'
[10.476s] INFO:colcon.colcon_core.shell:Creating prefix util module '/home/farelfebryan/finalproject_ws/install/_local_setup_util_ps1.py'
[10.477s] INFO:colcon.colcon_core.shell:Creating prefix chain script '/home/farelfebryan/finalproject_ws/install/setup.ps1'
[10.478s] INFO:colcon.colcon_core.shell:Creating prefix script '/home/farelfebryan/finalproject_ws/install/local_setup.sh'
[10.479s] INFO:colcon.colcon_core.shell:Creating prefix util module '/home/farelfebryan/finalproject_ws/install/_local_setup_util_sh.py'
[10.479s] INFO:colcon.colcon_core.shell:Creating prefix chain script '/home/farelfebryan/finalproject_ws/install/setup.sh'
[10.480s] INFO:colcon.colcon_core.shell:Creating prefix script '/home/farelfebryan/finalproject_ws/install/local_setup.bash'
[10.481s] INFO:colcon.colcon_core.shell:Creating prefix chain script '/home/farelfebryan/finalproject_ws/install/setup.bash'
[10.482s] INFO:colcon.colcon_core.shell:Creating prefix script '/home/farelfebryan/finalproject_ws/install/local_setup.zsh'
[10.483s] INFO:colcon.colcon_core.shell:Creating prefix chain script '/home/farelfebryan/finalproject_ws/install/setup.zsh'
