-- Install configuration: ""
-- Up-to-date: /home/farelfebryan/finalproject_ws/install/finalproject/share/finalproject/launch
-- Up-to-date: /home/farelfebryan/finalproject_ws/install/finalproject/share/finalproject/launch/display.launch.py
-- Up-to-date: /home/farelfebryan/finalproject_ws/install/finalproject/share/finalproject/rviz
-- Up-to-date: /home/farelfebryan/finalproject_ws/install/finalproject/share/finalproject/rviz/navigation.rviz
-- Up-to-date: /home/farelfebryan/finalproject_ws/install/finalproject/share/finalproject/rviz/urdf_config.rviz
-- Up-to-date: /home/farelfebryan/finalproject_ws/install/finalproject/share/finalproject/config
-- Up-to-date: /home/farelfebryan/finalproject_ws/install/finalproject/share/finalproject/config/teleop.yaml
-- Up-to-date: /home/farelfebryan/finalproject_ws/install/finalproject/share/finalproject/config/localization
-- Up-to-date: /home/farelfebryan/finalproject_ws/install/finalproject/share/finalproject/config/localization/online_async_slam.yaml
-- Up-to-date: /home/farelfebryan/finalproject_ws/install/finalproject/share/finalproject/config/localization/ekf.yaml
-- Up-to-date: /home/farelfebryan/finalproject_ws/install/finalproject/share/finalproject/config/nav2_params.yaml
-- Up-to-date: /home/farelfebryan/finalproject_ws/install/finalproject/share/finalproject/worlds
-- Up-to-date: /home/farelfebryan/finalproject_ws/install/finalproject/share/finalproject/worlds/my_world.sdf
-- Up-to-date: /home/farelfebryan/finalproject_ws/install/finalproject/share/finalproject/models
-- Up-to-date: /home/farelfebryan/finalproject_ws/install/finalproject/share/finalproject/models/lapangan
-- Up-to-date: /home/farelfebryan/finalproject_ws/install/finalproject/share/finalproject/models/lapangan/lapangan.sdf
-- Up-to-date: /home/farelfebryan/finalproject_ws/install/finalproject/share/finalproject/models/lapangan/model.config
-- Up-to-date: /home/farelfebryan/finalproject_ws/install/finalproject/share/finalproject/models/lapangan/meshes
-- Up-to-date: /home/farelfebryan/finalproject_ws/install/finalproject/share/finalproject/models/lapangan/meshes/lapangan.dae
-- Up-to-date: /home/farelfebryan/finalproject_ws/install/finalproject/share/finalproject/description
-- Up-to-date: /home/farelfebryan/finalproject_ws/install/finalproject/share/finalproject/description/diff_drive_description.urdf
-- Up-to-date: /home/farelfebryan/finalproject_ws/install/finalproject/share/finalproject/maps
-- Up-to-date: /home/farelfebryan/finalproject_ws/install/finalproject/share/finalproject/maps/mapku.posegraph
-- Up-to-date: /home/farelfebryan/finalproject_ws/install/finalproject/share/finalproject/maps/mapkuh.yaml
-- Up-to-date: /home/farelfebryan/finalproject_ws/install/finalproject/share/finalproject/maps/mapku.data
-- Up-to-date: /home/farelfebryan/finalproject_ws/install/finalproject/share/finalproject/maps/mapkuh.pgm
-- Up-to-date: /home/farelfebryan/finalproject_ws/install/finalproject/share/finalproject/environment/finalproject.dsv
-- Up-to-date: /home/farelfebryan/finalproject_ws/install/finalproject/share/finalproject/environment/finalproject.sh
-- Up-to-date: /home/farelfebryan/finalproject_ws/install/finalproject/share/ament_index/resource_index/package_run_dependencies/finalproject
-- Up-to-date: /home/farelfebryan/finalproject_ws/install/finalproject/share/ament_index/resource_index/parent_prefix_path/finalproject
-- Up-to-date: /home/farelfebryan/finalproject_ws/install/finalproject/share/finalproject/environment/ament_prefix_path.sh
-- Up-to-date: /home/farelfebryan/finalproject_ws/install/finalproject/share/finalproject/environment/ament_prefix_path.dsv
-- Up-to-date: /home/farelfebryan/finalproject_ws/install/finalproject/share/finalproject/environment/path.sh
-- Up-to-date: /home/farelfebryan/finalproject_ws/install/finalproject/share/finalproject/environment/path.dsv
-- Up-to-date: /home/farelfebryan/finalproject_ws/install/finalproject/share/finalproject/local_setup.bash
-- Up-to-date: /home/farelfebryan/finalproject_ws/install/finalproject/share/finalproject/local_setup.sh
-- Up-to-date: /home/farelfebryan/finalproject_ws/install/finalproject/share/finalproject/local_setup.zsh
-- Up-to-date: /home/farelfebryan/finalproject_ws/install/finalproject/share/finalproject/local_setup.dsv
-- Installing: /home/farelfebryan/finalproject_ws/install/finalproject/share/finalproject/package.dsv
-- Up-to-date: /home/farelfebryan/finalproject_ws/install/finalproject/share/ament_index/resource_index/packages/finalproject
-- Up-to-date: /home/farelfebryan/finalproject_ws/install/finalproject/share/finalproject/cmake/finalprojectConfig.cmake
-- Up-to-date: /home/farelfebryan/finalproject_ws/install/finalproject/share/finalproject/cmake/finalprojectConfig-version.cmake
-- Up-to-date: /home/farelfebryan/finalproject_ws/install/finalproject/share/finalproject/package.xml
