[0.022s] Invoking command in '/home/farelfebryan/finalproject_ws/build/keyboard': CMAKE_PREFIX_PATH=${CMAKE_PREFIX_PATH}:/opt/ros/humble /usr/bin/cmake /home/farelfebryan/finalproject_ws/src/keyboard -DCMAKE_INSTALL_PREFIX=/home/farelfebryan/finalproject_ws/install/keyboard
[0.093s] -- The C compiler identification is GNU 11.4.0
[0.156s] -- The CXX compiler identification is GNU 11.4.0
[0.164s] -- Detecting C compiler ABI info
[0.249s] -- Detecting C compiler ABI info - done
[0.265s] -- Check for working C compiler: /usr/bin/cc - skipped
[0.265s] -- Detecting C compile features
[0.266s] -- Detecting C compile features - done
[0.270s] -- Detecting CXX compiler ABI info
[0.375s] -- Detecting CXX compiler ABI info - done
[0.388s] -- Check for working CXX compiler: /usr/bin/c++ - skipped
[0.388s] -- Detecting CXX compile features
[0.389s] -- Detecting CXX compile features - done
[0.391s] -- Found ament_cmake: 1.3.10 (/opt/ros/humble/share/ament_cmake/cmake)
[0.609s] -- Found Python3: /usr/bin/python3 (found version "3.10.12") found components: Interpreter 
[0.723s] -- Found rclcpp: 16.0.10 (/opt/ros/humble/share/rclcpp/cmake)
[0.788s] -- Found rosidl_generator_c: 3.1.5 (/opt/ros/humble/share/rosidl_generator_c/cmake)
[0.796s] -- Found rosidl_adapter: 3.1.5 (/opt/ros/humble/share/rosidl_adapter/cmake)
[0.810s] -- Found rosidl_generator_cpp: 3.1.5 (/opt/ros/humble/share/rosidl_generator_cpp/cmake)
[0.832s] -- Using all available rosidl_typesupport_c: rosidl_typesupport_fastrtps_c;rosidl_typesupport_introspection_c
[0.860s] -- Using all available rosidl_typesupport_cpp: rosidl_typesupport_fastrtps_cpp;rosidl_typesupport_introspection_cpp
[0.936s] -- Found rmw_implementation_cmake: 6.1.2 (/opt/ros/humble/share/rmw_implementation_cmake/cmake)
[0.940s] -- Found rmw_fastrtps_cpp: 6.2.7 (/opt/ros/humble/share/rmw_fastrtps_cpp/cmake)
[1.059s] -- Found OpenSSL: /usr/lib/x86_64-linux-gnu/libcrypto.so (found version "3.0.2")  
[1.093s] -- Found FastRTPS: /opt/ros/humble/include  
[1.154s] -- Using RMW implementation 'rmw_fastrtps_cpp' as default
[1.166s] -- Looking for pthread.h
[1.252s] -- Looking for pthread.h - found
[1.252s] -- Performing Test CMAKE_HAVE_LIBC_PTHREAD
[1.357s] -- Performing Test CMAKE_HAVE_LIBC_PTHREAD - Success
[1.359s] -- Found Threads: TRUE  
[1.440s] -- Found geometry_msgs: 4.2.4 (/opt/ros/humble/share/geometry_msgs/cmake)
[1.463s] -- Found ament_lint_auto: 0.12.11 (/opt/ros/humble/share/ament_lint_auto/cmake)
[1.568s] -- Added test 'cppcheck' to perform static code analysis on C / C++ code
[1.568s] -- Configured cppcheck include dirs: 
[1.568s] -- Configured cppcheck exclude dirs and/or files: 
[1.570s] -- Added test 'lint_cmake' to check CMake code style
[1.570s] -- Added test 'uncrustify' to check C / C++ code style
[1.570s] -- Configured uncrustify additional arguments: 
[1.572s] -- Added test 'xmllint' to check XML markup files
[1.573s] -- Configuring done
[1.587s] -- Generating done
[1.589s] -- Build files have been written to: /home/farelfebryan/finalproject_ws/build/keyboard
[1.605s] Invoked command in '/home/farelfebryan/finalproject_ws/build/keyboard' returned '0': CMAKE_PREFIX_PATH=${CMAKE_PREFIX_PATH}:/opt/ros/humble /usr/bin/cmake /home/farelfebryan/finalproject_ws/src/keyboard -DCMAKE_INSTALL_PREFIX=/home/farelfebryan/finalproject_ws/install/keyboard
[1.607s] Invoking command in '/home/farelfebryan/finalproject_ws/build/keyboard': CMAKE_PREFIX_PATH=${CMAKE_PREFIX_PATH}:/opt/ros/humble /usr/bin/cmake --build /home/farelfebryan/finalproject_ws/build/keyboard -- -j8 -l8
[1.667s] [ 50%] [32mBuilding CXX object CMakeFiles/keyboard.dir/src/keyboard.cpp.o[0m
[7.294s] [100%] [32m[1mLinking CXX executable keyboard[0m
[7.554s] [100%] Built target keyboard
[7.567s] Invoked command in '/home/farelfebryan/finalproject_ws/build/keyboard' returned '0': CMAKE_PREFIX_PATH=${CMAKE_PREFIX_PATH}:/opt/ros/humble /usr/bin/cmake --build /home/farelfebryan/finalproject_ws/build/keyboard -- -j8 -l8
[7.596s] Invoking command in '/home/farelfebryan/finalproject_ws/build/keyboard': CMAKE_PREFIX_PATH=${CMAKE_PREFIX_PATH}:/opt/ros/humble /usr/bin/cmake --install /home/farelfebryan/finalproject_ws/build/keyboard
[7.605s] -- Install configuration: ""
[7.605s] -- Installing: /home/farelfebryan/finalproject_ws/install/keyboard/lib/keyboard/keyboard
[7.606s] -- Set runtime path of "/home/farelfebryan/finalproject_ws/install/keyboard/lib/keyboard/keyboard" to ""
[7.607s] -- Installing: /home/farelfebryan/finalproject_ws/install/keyboard/share/ament_index/resource_index/package_run_dependencies/keyboard
[7.607s] -- Installing: /home/farelfebryan/finalproject_ws/install/keyboard/share/ament_index/resource_index/parent_prefix_path/keyboard
[7.607s] -- Installing: /home/farelfebryan/finalproject_ws/install/keyboard/share/keyboard/environment/ament_prefix_path.sh
[7.607s] -- Installing: /home/farelfebryan/finalproject_ws/install/keyboard/share/keyboard/environment/ament_prefix_path.dsv
[7.608s] -- Installing: /home/farelfebryan/finalproject_ws/install/keyboard/share/keyboard/environment/path.sh
[7.608s] -- Installing: /home/farelfebryan/finalproject_ws/install/keyboard/share/keyboard/environment/path.dsv
[7.608s] -- Installing: /home/farelfebryan/finalproject_ws/install/keyboard/share/keyboard/local_setup.bash
[7.608s] -- Installing: /home/farelfebryan/finalproject_ws/install/keyboard/share/keyboard/local_setup.sh
[7.608s] -- Installing: /home/farelfebryan/finalproject_ws/install/keyboard/share/keyboard/local_setup.zsh
[7.609s] -- Installing: /home/farelfebryan/finalproject_ws/install/keyboard/share/keyboard/local_setup.dsv
[7.609s] -- Installing: /home/farelfebryan/finalproject_ws/install/keyboard/share/keyboard/package.dsv
[7.609s] -- Installing: /home/farelfebryan/finalproject_ws/install/keyboard/share/ament_index/resource_index/packages/keyboard
[7.609s] -- Installing: /home/farelfebryan/finalproject_ws/install/keyboard/share/keyboard/cmake/keyboardConfig.cmake
[7.610s] -- Installing: /home/farelfebryan/finalproject_ws/install/keyboard/share/keyboard/cmake/keyboardConfig-version.cmake
[7.610s] -- Installing: /home/farelfebryan/finalproject_ws/install/keyboard/share/keyboard/package.xml
[7.613s] Invoked command in '/home/farelfebryan/finalproject_ws/build/keyboard' returned '0': CMAKE_PREFIX_PATH=${CMAKE_PREFIX_PATH}:/opt/ros/humble /usr/bin/cmake --install /home/farelfebryan/finalproject_ws/build/keyboard
