[0.026s] Invoking command in '/home/farelfebryan/finalproject_ws/build/bola': CMAKE_PREFIX_PATH=${CMAKE_PREFIX_PATH}:/opt/ros/humble /usr/bin/cmake --build /home/farelfebryan/finalproject_ws/build/bola -- -j8 -l8
[0.087s] [100%] Built target ball_follower
[0.101s] Invoked command in '/home/farelfebryan/finalproject_ws/build/bola' returned '0': CMAKE_PREFIX_PATH=${CMAKE_PREFIX_PATH}:/opt/ros/humble /usr/bin/cmake --build /home/farelfebryan/finalproject_ws/build/bola -- -j8 -l8
[0.137s] Invoking command in '/home/farelfebryan/finalproject_ws/build/bola': CMAKE_PREFIX_PATH=${CMAKE_PREFIX_PATH}:/opt/ros/humble /usr/bin/cmake --install /home/farelfebryan/finalproject_ws/build/bola
[0.149s] -- Install configuration: ""
[0.149s] -- Up-to-date: /home/farelfebryan/finalproject_ws/install/bola/lib/bola/ball_follower
[0.149s] -- Up-to-date: /home/farelfebryan/finalproject_ws/install/bola/share/ament_index/resource_index/package_run_dependencies/bola
[0.149s] -- Up-to-date: /home/farelfebryan/finalproject_ws/install/bola/share/ament_index/resource_index/parent_prefix_path/bola
[0.149s] -- Up-to-date: /home/farelfebryan/finalproject_ws/install/bola/share/bola/environment/ament_prefix_path.sh
[0.149s] -- Up-to-date: /home/farelfebryan/finalproject_ws/install/bola/share/bola/environment/ament_prefix_path.dsv
[0.149s] -- Up-to-date: /home/farelfebryan/finalproject_ws/install/bola/share/bola/environment/path.sh
[0.149s] -- Up-to-date: /home/farelfebryan/finalproject_ws/install/bola/share/bola/environment/path.dsv
[0.150s] -- Up-to-date: /home/farelfebryan/finalproject_ws/install/bola/share/bola/local_setup.bash
[0.150s] -- Up-to-date: /home/farelfebryan/finalproject_ws/install/bola/share/bola/local_setup.sh
[0.150s] -- Up-to-date: /home/farelfebryan/finalproject_ws/install/bola/share/bola/local_setup.zsh
[0.150s] -- Up-to-date: /home/farelfebryan/finalproject_ws/install/bola/share/bola/local_setup.dsv
[0.151s] -- Installing: /home/farelfebryan/finalproject_ws/install/bola/share/bola/package.dsv
[0.151s] -- Up-to-date: /home/farelfebryan/finalproject_ws/install/bola/share/ament_index/resource_index/packages/bola
[0.151s] -- Up-to-date: /home/farelfebryan/finalproject_ws/install/bola/share/bola/cmake/bolaConfig.cmake
[0.151s] -- Up-to-date: /home/farelfebryan/finalproject_ws/install/bola/share/bola/cmake/bolaConfig-version.cmake
[0.151s] -- Up-to-date: /home/farelfebryan/finalproject_ws/install/bola/share/bola/package.xml
[0.156s] Invoked command in '/home/farelfebryan/finalproject_ws/build/bola' returned '0': CMAKE_PREFIX_PATH=${CMAKE_PREFIX_PATH}:/opt/ros/humble /usr/bin/cmake --install /home/farelfebryan/finalproject_ws/build/bola
